{"failedCount":1,"prefixedPath":"classpath:frame\/Put.feature","packageQualifiedName":"frame.Put","loopIndex":-1,"relativePath":"frame\/Put.feature","scenarioResults":[{"sectionIndex":0,"stepResults":[{"result":{"nanos":0,"errorMessage":">> classpath:frame\/Put.feature:3\n>> karate-config.js failed\n>> js failed:\n>>>>\n01: ()\n<<<<\norg.graalvm.polyglot.PolyglotException: SyntaxError: Unnamed:1:2 Expected => but found eof\r\n()\r\n  ^\n\n- org.graalvm.polyglot.Context.eval(Context.java:425)\n- com.intuit.karate.graal.JsEngine.evalForValue(JsEngine.java:139)\n- com.intuit.karate.graal.JsEngine.eval(JsEngine.java:135)\n- com.intuit.karate.core.ScenarioEngine.evalJs(ScenarioEngine.java:1196)\n- com.intuit.karate.core.ScenarioRuntime.evalConfigJs(ScenarioRuntime.java:296)\n- com.intuit.karate.core.ScenarioRuntime.beforeRun(ScenarioRuntime.java:372)\n- com.intuit.karate.core.ScenarioRuntime.run(ScenarioRuntime.java:391)\n\njs failed:\n>>>>\n<<<<\ncom.intuit.karate.KarateException: js failed:\n>>>>\n01: ()\n<<<<\norg.graalvm.polyglot.PolyglotException: SyntaxError: Unnamed:1:2 Expected => but found eof\r\n()\r\n  ^\n\n- org.graalvm.polyglot.Context.eval(Context.java:425)\n- com.intuit.karate.graal.JsEngine.evalForValue(JsEngine.java:139)\n- com.intuit.karate.graal.JsEngine.eval(JsEngine.java:135)\n- com.intuit.karate.core.ScenarioEngine.evalJs(ScenarioEngine.java:1196)\n- com.intuit.karate.core.ScenarioRuntime.evalConfigJs(ScenarioRuntime.java:296)\n- com.intuit.karate.core.ScenarioRuntime.beforeRun(ScenarioRuntime.java:372)\n- com.intuit.karate.core.ScenarioRuntime.run(ScenarioRuntime.java:391)\n\n- com.intuit.karate.graal.JsEngine.fromJsEvalException(JsEngine.java:224)\n- com.intuit.karate.core.ScenarioEngine.evalJs(ScenarioEngine.java:1198)\n- com.intuit.karate.core.ScenarioRuntime.evalConfigJs(ScenarioRuntime.java:296)\n- com.intuit.karate.core.ScenarioRuntime.beforeRun(ScenarioRuntime.java:372)\n- com.intuit.karate.core.ScenarioRuntime.run(ScenarioRuntime.java:391)\n- com.intuit.karate.junit5.FeatureNode.lambda$next$1(FeatureNode.java:71)\n- org.junit.jupiter.engine.descriptor.DynamicTestTestDescriptor.lambda$execute$0(DynamicTestTestDescriptor.java:53)\n\nclasspath:frame\/Put.feature:4","millis":0.0,"status":"failed"},"step":{"line":4,"prefix":"And","index":0,"text":"def  ish = read('Mah.json')"},"stepLog":"22:25:37.927 classpath:frame\/Put.feature:4\nAnd def  ish = read('Mah.json')\n>> classpath:frame\/Put.feature:3\n>> karate-config.js failed\n>> js failed:\n>>>>\n01: ()\n<<<<\norg.graalvm.polyglot.PolyglotException: SyntaxError: Unnamed:1:2 Expected => but found eof\r\n()\r\n  ^\n\n- org.graalvm.polyglot.Context.eval(Context.java:425)\n- com.intuit.karate.graal.JsEngine.evalForValue(JsEngine.java:139)\n- com.intuit.karate.graal.JsEngine.eval(JsEngine.java:135)\n- com.intuit.karate.core.ScenarioEngine.evalJs(ScenarioEngine.java:1196)\n- com.intuit.karate.core.ScenarioRuntime.evalConfigJs(ScenarioRuntime.java:296)\n- com.intuit.karate.core.ScenarioRuntime.beforeRun(ScenarioRuntime.java:372)\n- com.intuit.karate.core.ScenarioRuntime.run(ScenarioRuntime.java:391)\n\njs failed:\n>>>>\n<<<<\ncom.intuit.karate.KarateException: js failed:\n>>>>\n01: ()\n<<<<\norg.graalvm.polyglot.PolyglotException: SyntaxError: Unnamed:1:2 Expected => but found eof\r\n()\r\n  ^\n\n- org.graalvm.polyglot.Context.eval(Context.java:425)\n- com.intuit.karate.graal.JsEngine.evalForValue(JsEngine.java:139)\n- com.intuit.karate.graal.JsEngine.eval(JsEngine.java:135)\n- com.intuit.karate.core.ScenarioEngine.evalJs(ScenarioEngine.java:1196)\n- com.intuit.karate.core.ScenarioRuntime.evalConfigJs(ScenarioRuntime.java:296)\n- com.intuit.karate.core.ScenarioRuntime.beforeRun(ScenarioRuntime.java:372)\n- com.intuit.karate.core.ScenarioRuntime.run(ScenarioRuntime.java:391)\n\n- com.intuit.karate.graal.JsEngine.fromJsEvalException(JsEngine.java:224)\n- com.intuit.karate.core.ScenarioEngine.evalJs(ScenarioEngine.java:1198)\n- com.intuit.karate.core.ScenarioRuntime.evalConfigJs(ScenarioRuntime.java:296)\n- com.intuit.karate.core.ScenarioRuntime.beforeRun(ScenarioRuntime.java:372)\n- com.intuit.karate.core.ScenarioRuntime.run(ScenarioRuntime.java:391)\n- com.intuit.karate.junit5.FeatureNode.lambda$next$1(FeatureNode.java:71)\n- org.junit.jupiter.engine.descriptor.DynamicTestTestDescriptor.lambda$execute$0(DynamicTestTestDescriptor.java:53)\n\nclasspath:frame\/Put.feature:4\n"},{"result":{"nanos":0,"errorMessage":">> classpath:frame\/Put.feature:3\n>> karate-config.js failed\n>> js failed:\n>>>>\n01: ()\n<<<<\norg.graalvm.polyglot.PolyglotException: SyntaxError: Unnamed:1:2 Expected => but found eof\r\n()\r\n  ^\n\n- org.graalvm.polyglot.Context.eval(Context.java:425)\n- com.intuit.karate.graal.JsEngine.evalForValue(JsEngine.java:139)\n- com.intuit.karate.graal.JsEngine.eval(JsEngine.java:135)\n- com.intuit.karate.core.ScenarioEngine.evalJs(ScenarioEngine.java:1196)\n- com.intuit.karate.core.ScenarioRuntime.evalConfigJs(ScenarioRuntime.java:296)\n- com.intuit.karate.core.ScenarioRuntime.beforeRun(ScenarioRuntime.java:372)\n- com.intuit.karate.core.ScenarioRuntime.run(ScenarioRuntime.java:391)\n\njs failed:\n>>>>\n<<<<\ncom.intuit.karate.KarateException: js failed:\n>>>>\n01: ()\n<<<<\norg.graalvm.polyglot.PolyglotException: SyntaxError: Unnamed:1:2 Expected => but found eof\r\n()\r\n  ^\n\n- org.graalvm.polyglot.Context.eval(Context.java:425)\n- com.intuit.karate.graal.JsEngine.evalForValue(JsEngine.java:139)\n- com.intuit.karate.graal.JsEngine.eval(JsEngine.java:135)\n- com.intuit.karate.core.ScenarioEngine.evalJs(ScenarioEngine.java:1196)\n- com.intuit.karate.core.ScenarioRuntime.evalConfigJs(ScenarioRuntime.java:296)\n- com.intuit.karate.core.ScenarioRuntime.beforeRun(ScenarioRuntime.java:372)\n- com.intuit.karate.core.ScenarioRuntime.run(ScenarioRuntime.java:391)\n\n- com.intuit.karate.graal.JsEngine.fromJsEvalException(JsEngine.java:224)\n- com.intuit.karate.core.ScenarioEngine.evalJs(ScenarioEngine.java:1198)\n- com.intuit.karate.core.ScenarioRuntime.evalConfigJs(ScenarioRuntime.java:296)\n- com.intuit.karate.core.ScenarioRuntime.beforeRun(ScenarioRuntime.java:372)\n- com.intuit.karate.core.ScenarioRuntime.run(ScenarioRuntime.java:391)\n- com.intuit.karate.junit5.FeatureNode.lambda$next$1(FeatureNode.java:71)\n- org.junit.jupiter.engine.descriptor.DynamicTestTestDescriptor.lambda$execute$0(DynamicTestTestDescriptor.java:53)\n\nclasspath:frame\/Put.feature:4\nclasspath:frame\/Put.feature:5","millis":0.0,"status":"failed"},"step":{"line":5,"prefix":"Given","index":1,"text":"url 'https:\/\/reqres.in\/api\/users\/2'"},"stepLog":"22:25:37.927 classpath:frame\/Put.feature:5\nGiven url 'https:\/\/reqres.in\/api\/users\/2'\n>> classpath:frame\/Put.feature:3\n>> karate-config.js failed\n>> js failed:\n>>>>\n01: ()\n<<<<\norg.graalvm.polyglot.PolyglotException: SyntaxError: Unnamed:1:2 Expected => but found eof\r\n()\r\n  ^\n\n- org.graalvm.polyglot.Context.eval(Context.java:425)\n- com.intuit.karate.graal.JsEngine.evalForValue(JsEngine.java:139)\n- com.intuit.karate.graal.JsEngine.eval(JsEngine.java:135)\n- com.intuit.karate.core.ScenarioEngine.evalJs(ScenarioEngine.java:1196)\n- com.intuit.karate.core.ScenarioRuntime.evalConfigJs(ScenarioRuntime.java:296)\n- com.intuit.karate.core.ScenarioRuntime.beforeRun(ScenarioRuntime.java:372)\n- com.intuit.karate.core.ScenarioRuntime.run(ScenarioRuntime.java:391)\n\njs failed:\n>>>>\n<<<<\ncom.intuit.karate.KarateException: js failed:\n>>>>\n01: ()\n<<<<\norg.graalvm.polyglot.PolyglotException: SyntaxError: Unnamed:1:2 Expected => but found eof\r\n()\r\n  ^\n\n- org.graalvm.polyglot.Context.eval(Context.java:425)\n- com.intuit.karate.graal.JsEngine.evalForValue(JsEngine.java:139)\n- com.intuit.karate.graal.JsEngine.eval(JsEngine.java:135)\n- com.intuit.karate.core.ScenarioEngine.evalJs(ScenarioEngine.java:1196)\n- com.intuit.karate.core.ScenarioRuntime.evalConfigJs(ScenarioRuntime.java:296)\n- com.intuit.karate.core.ScenarioRuntime.beforeRun(ScenarioRuntime.java:372)\n- com.intuit.karate.core.ScenarioRuntime.run(ScenarioRuntime.java:391)\n\n- com.intuit.karate.graal.JsEngine.fromJsEvalException(JsEngine.java:224)\n- com.intuit.karate.core.ScenarioEngine.evalJs(ScenarioEngine.java:1198)\n- com.intuit.karate.core.ScenarioRuntime.evalConfigJs(ScenarioRuntime.java:296)\n- com.intuit.karate.core.ScenarioRuntime.beforeRun(ScenarioRuntime.java:372)\n- com.intuit.karate.core.ScenarioRuntime.run(ScenarioRuntime.java:391)\n- com.intuit.karate.junit5.FeatureNode.lambda$next$1(FeatureNode.java:71)\n- org.junit.jupiter.engine.descriptor.DynamicTestTestDescriptor.lambda$execute$0(DynamicTestTestDescriptor.java:53)\n\nclasspath:frame\/Put.feature:4\nclasspath:frame\/Put.feature:5\n"},{"result":{"nanos":0,"errorMessage":">> classpath:frame\/Put.feature:3\n>> karate-config.js failed\n>> js failed:\n>>>>\n01: ()\n<<<<\norg.graalvm.polyglot.PolyglotException: SyntaxError: Unnamed:1:2 Expected => but found eof\r\n()\r\n  ^\n\n- org.graalvm.polyglot.Context.eval(Context.java:425)\n- com.intuit.karate.graal.JsEngine.evalForValue(JsEngine.java:139)\n- com.intuit.karate.graal.JsEngine.eval(JsEngine.java:135)\n- com.intuit.karate.core.ScenarioEngine.evalJs(ScenarioEngine.java:1196)\n- com.intuit.karate.core.ScenarioRuntime.evalConfigJs(ScenarioRuntime.java:296)\n- com.intuit.karate.core.ScenarioRuntime.beforeRun(ScenarioRuntime.java:372)\n- com.intuit.karate.core.ScenarioRuntime.run(ScenarioRuntime.java:391)\n\njs failed:\n>>>>\n<<<<\ncom.intuit.karate.KarateException: js failed:\n>>>>\n01: ()\n<<<<\norg.graalvm.polyglot.PolyglotException: SyntaxError: Unnamed:1:2 Expected => but found eof\r\n()\r\n  ^\n\n- org.graalvm.polyglot.Context.eval(Context.java:425)\n- com.intuit.karate.graal.JsEngine.evalForValue(JsEngine.java:139)\n- com.intuit.karate.graal.JsEngine.eval(JsEngine.java:135)\n- com.intuit.karate.core.ScenarioEngine.evalJs(ScenarioEngine.java:1196)\n- com.intuit.karate.core.ScenarioRuntime.evalConfigJs(ScenarioRuntime.java:296)\n- com.intuit.karate.core.ScenarioRuntime.beforeRun(ScenarioRuntime.java:372)\n- com.intuit.karate.core.ScenarioRuntime.run(ScenarioRuntime.java:391)\n\n- com.intuit.karate.graal.JsEngine.fromJsEvalException(JsEngine.java:224)\n- com.intuit.karate.core.ScenarioEngine.evalJs(ScenarioEngine.java:1198)\n- com.intuit.karate.core.ScenarioRuntime.evalConfigJs(ScenarioRuntime.java:296)\n- com.intuit.karate.core.ScenarioRuntime.beforeRun(ScenarioRuntime.java:372)\n- com.intuit.karate.core.ScenarioRuntime.run(ScenarioRuntime.java:391)\n- com.intuit.karate.junit5.FeatureNode.lambda$next$1(FeatureNode.java:71)\n- org.junit.jupiter.engine.descriptor.DynamicTestTestDescriptor.lambda$execute$0(DynamicTestTestDescriptor.java:53)\n\nclasspath:frame\/Put.feature:4\nclasspath:frame\/Put.feature:5\nclasspath:frame\/Put.feature:6","millis":0.0,"status":"failed"},"step":{"line":6,"prefix":"And","index":2,"text":"request ish"},"stepLog":"22:25:37.927 classpath:frame\/Put.feature:6\nAnd request ish\n>> classpath:frame\/Put.feature:3\n>> karate-config.js failed\n>> js failed:\n>>>>\n01: ()\n<<<<\norg.graalvm.polyglot.PolyglotException: SyntaxError: Unnamed:1:2 Expected => but found eof\r\n()\r\n  ^\n\n- org.graalvm.polyglot.Context.eval(Context.java:425)\n- com.intuit.karate.graal.JsEngine.evalForValue(JsEngine.java:139)\n- com.intuit.karate.graal.JsEngine.eval(JsEngine.java:135)\n- com.intuit.karate.core.ScenarioEngine.evalJs(ScenarioEngine.java:1196)\n- com.intuit.karate.core.ScenarioRuntime.evalConfigJs(ScenarioRuntime.java:296)\n- com.intuit.karate.core.ScenarioRuntime.beforeRun(ScenarioRuntime.java:372)\n- com.intuit.karate.core.ScenarioRuntime.run(ScenarioRuntime.java:391)\n\njs failed:\n>>>>\n<<<<\ncom.intuit.karate.KarateException: js failed:\n>>>>\n01: ()\n<<<<\norg.graalvm.polyglot.PolyglotException: SyntaxError: Unnamed:1:2 Expected => but found eof\r\n()\r\n  ^\n\n- org.graalvm.polyglot.Context.eval(Context.java:425)\n- com.intuit.karate.graal.JsEngine.evalForValue(JsEngine.java:139)\n- com.intuit.karate.graal.JsEngine.eval(JsEngine.java:135)\n- com.intuit.karate.core.ScenarioEngine.evalJs(ScenarioEngine.java:1196)\n- com.intuit.karate.core.ScenarioRuntime.evalConfigJs(ScenarioRuntime.java:296)\n- com.intuit.karate.core.ScenarioRuntime.beforeRun(ScenarioRuntime.java:372)\n- com.intuit.karate.core.ScenarioRuntime.run(ScenarioRuntime.java:391)\n\n- com.intuit.karate.graal.JsEngine.fromJsEvalException(JsEngine.java:224)\n- com.intuit.karate.core.ScenarioEngine.evalJs(ScenarioEngine.java:1198)\n- com.intuit.karate.core.ScenarioRuntime.evalConfigJs(ScenarioRuntime.java:296)\n- com.intuit.karate.core.ScenarioRuntime.beforeRun(ScenarioRuntime.java:372)\n- com.intuit.karate.core.ScenarioRuntime.run(ScenarioRuntime.java:391)\n- com.intuit.karate.junit5.FeatureNode.lambda$next$1(FeatureNode.java:71)\n- org.junit.jupiter.engine.descriptor.DynamicTestTestDescriptor.lambda$execute$0(DynamicTestTestDescriptor.java:53)\n\nclasspath:frame\/Put.feature:4\nclasspath:frame\/Put.feature:5\nclasspath:frame\/Put.feature:6\n"},{"result":{"nanos":0,"errorMessage":">> classpath:frame\/Put.feature:3\n>> karate-config.js failed\n>> js failed:\n>>>>\n01: ()\n<<<<\norg.graalvm.polyglot.PolyglotException: SyntaxError: Unnamed:1:2 Expected => but found eof\r\n()\r\n  ^\n\n- org.graalvm.polyglot.Context.eval(Context.java:425)\n- com.intuit.karate.graal.JsEngine.evalForValue(JsEngine.java:139)\n- com.intuit.karate.graal.JsEngine.eval(JsEngine.java:135)\n- com.intuit.karate.core.ScenarioEngine.evalJs(ScenarioEngine.java:1196)\n- com.intuit.karate.core.ScenarioRuntime.evalConfigJs(ScenarioRuntime.java:296)\n- com.intuit.karate.core.ScenarioRuntime.beforeRun(ScenarioRuntime.java:372)\n- com.intuit.karate.core.ScenarioRuntime.run(ScenarioRuntime.java:391)\n\njs failed:\n>>>>\n<<<<\ncom.intuit.karate.KarateException: js failed:\n>>>>\n01: ()\n<<<<\norg.graalvm.polyglot.PolyglotException: SyntaxError: Unnamed:1:2 Expected => but found eof\r\n()\r\n  ^\n\n- org.graalvm.polyglot.Context.eval(Context.java:425)\n- com.intuit.karate.graal.JsEngine.evalForValue(JsEngine.java:139)\n- com.intuit.karate.graal.JsEngine.eval(JsEngine.java:135)\n- com.intuit.karate.core.ScenarioEngine.evalJs(ScenarioEngine.java:1196)\n- com.intuit.karate.core.ScenarioRuntime.evalConfigJs(ScenarioRuntime.java:296)\n- com.intuit.karate.core.ScenarioRuntime.beforeRun(ScenarioRuntime.java:372)\n- com.intuit.karate.core.ScenarioRuntime.run(ScenarioRuntime.java:391)\n\n- com.intuit.karate.graal.JsEngine.fromJsEvalException(JsEngine.java:224)\n- com.intuit.karate.core.ScenarioEngine.evalJs(ScenarioEngine.java:1198)\n- com.intuit.karate.core.ScenarioRuntime.evalConfigJs(ScenarioRuntime.java:296)\n- com.intuit.karate.core.ScenarioRuntime.beforeRun(ScenarioRuntime.java:372)\n- com.intuit.karate.core.ScenarioRuntime.run(ScenarioRuntime.java:391)\n- com.intuit.karate.junit5.FeatureNode.lambda$next$1(FeatureNode.java:71)\n- org.junit.jupiter.engine.descriptor.DynamicTestTestDescriptor.lambda$execute$0(DynamicTestTestDescriptor.java:53)\n\nclasspath:frame\/Put.feature:4\nclasspath:frame\/Put.feature:5\nclasspath:frame\/Put.feature:6\nclasspath:frame\/Put.feature:7","millis":0.0,"status":"failed"},"step":{"line":7,"prefix":"When","index":3,"text":"method PUT"},"stepLog":"22:25:37.927 classpath:frame\/Put.feature:7\nWhen method PUT\n>> classpath:frame\/Put.feature:3\n>> karate-config.js failed\n>> js failed:\n>>>>\n01: ()\n<<<<\norg.graalvm.polyglot.PolyglotException: SyntaxError: Unnamed:1:2 Expected => but found eof\r\n()\r\n  ^\n\n- org.graalvm.polyglot.Context.eval(Context.java:425)\n- com.intuit.karate.graal.JsEngine.evalForValue(JsEngine.java:139)\n- com.intuit.karate.graal.JsEngine.eval(JsEngine.java:135)\n- com.intuit.karate.core.ScenarioEngine.evalJs(ScenarioEngine.java:1196)\n- com.intuit.karate.core.ScenarioRuntime.evalConfigJs(ScenarioRuntime.java:296)\n- com.intuit.karate.core.ScenarioRuntime.beforeRun(ScenarioRuntime.java:372)\n- com.intuit.karate.core.ScenarioRuntime.run(ScenarioRuntime.java:391)\n\njs failed:\n>>>>\n<<<<\ncom.intuit.karate.KarateException: js failed:\n>>>>\n01: ()\n<<<<\norg.graalvm.polyglot.PolyglotException: SyntaxError: Unnamed:1:2 Expected => but found eof\r\n()\r\n  ^\n\n- org.graalvm.polyglot.Context.eval(Context.java:425)\n- com.intuit.karate.graal.JsEngine.evalForValue(JsEngine.java:139)\n- com.intuit.karate.graal.JsEngine.eval(JsEngine.java:135)\n- com.intuit.karate.core.ScenarioEngine.evalJs(ScenarioEngine.java:1196)\n- com.intuit.karate.core.ScenarioRuntime.evalConfigJs(ScenarioRuntime.java:296)\n- com.intuit.karate.core.ScenarioRuntime.beforeRun(ScenarioRuntime.java:372)\n- com.intuit.karate.core.ScenarioRuntime.run(ScenarioRuntime.java:391)\n\n- com.intuit.karate.graal.JsEngine.fromJsEvalException(JsEngine.java:224)\n- com.intuit.karate.core.ScenarioEngine.evalJs(ScenarioEngine.java:1198)\n- com.intuit.karate.core.ScenarioRuntime.evalConfigJs(ScenarioRuntime.java:296)\n- com.intuit.karate.core.ScenarioRuntime.beforeRun(ScenarioRuntime.java:372)\n- com.intuit.karate.core.ScenarioRuntime.run(ScenarioRuntime.java:391)\n- com.intuit.karate.junit5.FeatureNode.lambda$next$1(FeatureNode.java:71)\n- org.junit.jupiter.engine.descriptor.DynamicTestTestDescriptor.lambda$execute$0(DynamicTestTestDescriptor.java:53)\n\nclasspath:frame\/Put.feature:4\nclasspath:frame\/Put.feature:5\nclasspath:frame\/Put.feature:6\nclasspath:frame\/Put.feature:7\n"},{"result":{"nanos":0,"errorMessage":">> classpath:frame\/Put.feature:3\n>> karate-config.js failed\n>> js failed:\n>>>>\n01: ()\n<<<<\norg.graalvm.polyglot.PolyglotException: SyntaxError: Unnamed:1:2 Expected => but found eof\r\n()\r\n  ^\n\n- org.graalvm.polyglot.Context.eval(Context.java:425)\n- com.intuit.karate.graal.JsEngine.evalForValue(JsEngine.java:139)\n- com.intuit.karate.graal.JsEngine.eval(JsEngine.java:135)\n- com.intuit.karate.core.ScenarioEngine.evalJs(ScenarioEngine.java:1196)\n- com.intuit.karate.core.ScenarioRuntime.evalConfigJs(ScenarioRuntime.java:296)\n- com.intuit.karate.core.ScenarioRuntime.beforeRun(ScenarioRuntime.java:372)\n- com.intuit.karate.core.ScenarioRuntime.run(ScenarioRuntime.java:391)\n\njs failed:\n>>>>\n<<<<\ncom.intuit.karate.KarateException: js failed:\n>>>>\n01: ()\n<<<<\norg.graalvm.polyglot.PolyglotException: SyntaxError: Unnamed:1:2 Expected => but found eof\r\n()\r\n  ^\n\n- org.graalvm.polyglot.Context.eval(Context.java:425)\n- com.intuit.karate.graal.JsEngine.evalForValue(JsEngine.java:139)\n- com.intuit.karate.graal.JsEngine.eval(JsEngine.java:135)\n- com.intuit.karate.core.ScenarioEngine.evalJs(ScenarioEngine.java:1196)\n- com.intuit.karate.core.ScenarioRuntime.evalConfigJs(ScenarioRuntime.java:296)\n- com.intuit.karate.core.ScenarioRuntime.beforeRun(ScenarioRuntime.java:372)\n- com.intuit.karate.core.ScenarioRuntime.run(ScenarioRuntime.java:391)\n\n- com.intuit.karate.graal.JsEngine.fromJsEvalException(JsEngine.java:224)\n- com.intuit.karate.core.ScenarioEngine.evalJs(ScenarioEngine.java:1198)\n- com.intuit.karate.core.ScenarioRuntime.evalConfigJs(ScenarioRuntime.java:296)\n- com.intuit.karate.core.ScenarioRuntime.beforeRun(ScenarioRuntime.java:372)\n- com.intuit.karate.core.ScenarioRuntime.run(ScenarioRuntime.java:391)\n- com.intuit.karate.junit5.FeatureNode.lambda$next$1(FeatureNode.java:71)\n- org.junit.jupiter.engine.descriptor.DynamicTestTestDescriptor.lambda$execute$0(DynamicTestTestDescriptor.java:53)\n\nclasspath:frame\/Put.feature:4\nclasspath:frame\/Put.feature:5\nclasspath:frame\/Put.feature:6\nclasspath:frame\/Put.feature:7\nclasspath:frame\/Put.feature:8","millis":0.0,"status":"failed"},"step":{"line":8,"prefix":"Then","index":4,"text":"status 200"},"stepLog":"22:25:37.927 classpath:frame\/Put.feature:8\nThen status 200\n>> classpath:frame\/Put.feature:3\n>> karate-config.js failed\n>> js failed:\n>>>>\n01: ()\n<<<<\norg.graalvm.polyglot.PolyglotException: SyntaxError: Unnamed:1:2 Expected => but found eof\r\n()\r\n  ^\n\n- org.graalvm.polyglot.Context.eval(Context.java:425)\n- com.intuit.karate.graal.JsEngine.evalForValue(JsEngine.java:139)\n- com.intuit.karate.graal.JsEngine.eval(JsEngine.java:135)\n- com.intuit.karate.core.ScenarioEngine.evalJs(ScenarioEngine.java:1196)\n- com.intuit.karate.core.ScenarioRuntime.evalConfigJs(ScenarioRuntime.java:296)\n- com.intuit.karate.core.ScenarioRuntime.beforeRun(ScenarioRuntime.java:372)\n- com.intuit.karate.core.ScenarioRuntime.run(ScenarioRuntime.java:391)\n\njs failed:\n>>>>\n<<<<\ncom.intuit.karate.KarateException: js failed:\n>>>>\n01: ()\n<<<<\norg.graalvm.polyglot.PolyglotException: SyntaxError: Unnamed:1:2 Expected => but found eof\r\n()\r\n  ^\n\n- org.graalvm.polyglot.Context.eval(Context.java:425)\n- com.intuit.karate.graal.JsEngine.evalForValue(JsEngine.java:139)\n- com.intuit.karate.graal.JsEngine.eval(JsEngine.java:135)\n- com.intuit.karate.core.ScenarioEngine.evalJs(ScenarioEngine.java:1196)\n- com.intuit.karate.core.ScenarioRuntime.evalConfigJs(ScenarioRuntime.java:296)\n- com.intuit.karate.core.ScenarioRuntime.beforeRun(ScenarioRuntime.java:372)\n- com.intuit.karate.core.ScenarioRuntime.run(ScenarioRuntime.java:391)\n\n- com.intuit.karate.graal.JsEngine.fromJsEvalException(JsEngine.java:224)\n- com.intuit.karate.core.ScenarioEngine.evalJs(ScenarioEngine.java:1198)\n- com.intuit.karate.core.ScenarioRuntime.evalConfigJs(ScenarioRuntime.java:296)\n- com.intuit.karate.core.ScenarioRuntime.beforeRun(ScenarioRuntime.java:372)\n- com.intuit.karate.core.ScenarioRuntime.run(ScenarioRuntime.java:391)\n- com.intuit.karate.junit5.FeatureNode.lambda$next$1(FeatureNode.java:71)\n- org.junit.jupiter.engine.descriptor.DynamicTestTestDescriptor.lambda$execute$0(DynamicTestTestDescriptor.java:53)\n\nclasspath:frame\/Put.feature:4\nclasspath:frame\/Put.feature:5\nclasspath:frame\/Put.feature:6\nclasspath:frame\/Put.feature:7\nclasspath:frame\/Put.feature:8\n"},{"result":{"nanos":0,"errorMessage":">> classpath:frame\/Put.feature:3\n>> karate-config.js failed\n>> js failed:\n>>>>\n01: ()\n<<<<\norg.graalvm.polyglot.PolyglotException: SyntaxError: Unnamed:1:2 Expected => but found eof\r\n()\r\n  ^\n\n- org.graalvm.polyglot.Context.eval(Context.java:425)\n- com.intuit.karate.graal.JsEngine.evalForValue(JsEngine.java:139)\n- com.intuit.karate.graal.JsEngine.eval(JsEngine.java:135)\n- com.intuit.karate.core.ScenarioEngine.evalJs(ScenarioEngine.java:1196)\n- com.intuit.karate.core.ScenarioRuntime.evalConfigJs(ScenarioRuntime.java:296)\n- com.intuit.karate.core.ScenarioRuntime.beforeRun(ScenarioRuntime.java:372)\n- com.intuit.karate.core.ScenarioRuntime.run(ScenarioRuntime.java:391)\n\njs failed:\n>>>>\n<<<<\ncom.intuit.karate.KarateException: js failed:\n>>>>\n01: ()\n<<<<\norg.graalvm.polyglot.PolyglotException: SyntaxError: Unnamed:1:2 Expected => but found eof\r\n()\r\n  ^\n\n- org.graalvm.polyglot.Context.eval(Context.java:425)\n- com.intuit.karate.graal.JsEngine.evalForValue(JsEngine.java:139)\n- com.intuit.karate.graal.JsEngine.eval(JsEngine.java:135)\n- com.intuit.karate.core.ScenarioEngine.evalJs(ScenarioEngine.java:1196)\n- com.intuit.karate.core.ScenarioRuntime.evalConfigJs(ScenarioRuntime.java:296)\n- com.intuit.karate.core.ScenarioRuntime.beforeRun(ScenarioRuntime.java:372)\n- com.intuit.karate.core.ScenarioRuntime.run(ScenarioRuntime.java:391)\n\n- com.intuit.karate.graal.JsEngine.fromJsEvalException(JsEngine.java:224)\n- com.intuit.karate.core.ScenarioEngine.evalJs(ScenarioEngine.java:1198)\n- com.intuit.karate.core.ScenarioRuntime.evalConfigJs(ScenarioRuntime.java:296)\n- com.intuit.karate.core.ScenarioRuntime.beforeRun(ScenarioRuntime.java:372)\n- com.intuit.karate.core.ScenarioRuntime.run(ScenarioRuntime.java:391)\n- com.intuit.karate.junit5.FeatureNode.lambda$next$1(FeatureNode.java:71)\n- org.junit.jupiter.engine.descriptor.DynamicTestTestDescriptor.lambda$execute$0(DynamicTestTestDescriptor.java:53)\n\nclasspath:frame\/Put.feature:4\nclasspath:frame\/Put.feature:5\nclasspath:frame\/Put.feature:6\nclasspath:frame\/Put.feature:7\nclasspath:frame\/Put.feature:8\nclasspath:frame\/Put.feature:9","millis":0.0,"status":"failed"},"step":{"line":9,"prefix":"And","index":5,"text":"print response"},"stepLog":"22:25:37.927 classpath:frame\/Put.feature:9\nAnd print response\n>> classpath:frame\/Put.feature:3\n>> karate-config.js failed\n>> js failed:\n>>>>\n01: ()\n<<<<\norg.graalvm.polyglot.PolyglotException: SyntaxError: Unnamed:1:2 Expected => but found eof\r\n()\r\n  ^\n\n- org.graalvm.polyglot.Context.eval(Context.java:425)\n- com.intuit.karate.graal.JsEngine.evalForValue(JsEngine.java:139)\n- com.intuit.karate.graal.JsEngine.eval(JsEngine.java:135)\n- com.intuit.karate.core.ScenarioEngine.evalJs(ScenarioEngine.java:1196)\n- com.intuit.karate.core.ScenarioRuntime.evalConfigJs(ScenarioRuntime.java:296)\n- com.intuit.karate.core.ScenarioRuntime.beforeRun(ScenarioRuntime.java:372)\n- com.intuit.karate.core.ScenarioRuntime.run(ScenarioRuntime.java:391)\n\njs failed:\n>>>>\n<<<<\ncom.intuit.karate.KarateException: js failed:\n>>>>\n01: ()\n<<<<\norg.graalvm.polyglot.PolyglotException: SyntaxError: Unnamed:1:2 Expected => but found eof\r\n()\r\n  ^\n\n- org.graalvm.polyglot.Context.eval(Context.java:425)\n- com.intuit.karate.graal.JsEngine.evalForValue(JsEngine.java:139)\n- com.intuit.karate.graal.JsEngine.eval(JsEngine.java:135)\n- com.intuit.karate.core.ScenarioEngine.evalJs(ScenarioEngine.java:1196)\n- com.intuit.karate.core.ScenarioRuntime.evalConfigJs(ScenarioRuntime.java:296)\n- com.intuit.karate.core.ScenarioRuntime.beforeRun(ScenarioRuntime.java:372)\n- com.intuit.karate.core.ScenarioRuntime.run(ScenarioRuntime.java:391)\n\n- com.intuit.karate.graal.JsEngine.fromJsEvalException(JsEngine.java:224)\n- com.intuit.karate.core.ScenarioEngine.evalJs(ScenarioEngine.java:1198)\n- com.intuit.karate.core.ScenarioRuntime.evalConfigJs(ScenarioRuntime.java:296)\n- com.intuit.karate.core.ScenarioRuntime.beforeRun(ScenarioRuntime.java:372)\n- com.intuit.karate.core.ScenarioRuntime.run(ScenarioRuntime.java:391)\n- com.intuit.karate.junit5.FeatureNode.lambda$next$1(FeatureNode.java:71)\n- org.junit.jupiter.engine.descriptor.DynamicTestTestDescriptor.lambda$execute$0(DynamicTestTestDescriptor.java:53)\n\nclasspath:frame\/Put.feature:4\nclasspath:frame\/Put.feature:5\nclasspath:frame\/Put.feature:6\nclasspath:frame\/Put.feature:7\nclasspath:frame\/Put.feature:8\nclasspath:frame\/Put.feature:9\n"}],"line":3,"description":"","durationMillis":0.0,"failed":true,"error":">> classpath:frame\/Put.feature:3\n>> karate-config.js failed\n>> js failed:\n>>>>\n01: ()\n<<<<\norg.graalvm.polyglot.PolyglotException: SyntaxError: Unnamed:1:2 Expected => but found eof\r\n()\r\n  ^\n\n- org.graalvm.polyglot.Context.eval(Context.java:425)\n- com.intuit.karate.graal.JsEngine.evalForValue(JsEngine.java:139)\n- com.intuit.karate.graal.JsEngine.eval(JsEngine.java:135)\n- com.intuit.karate.core.ScenarioEngine.evalJs(ScenarioEngine.java:1196)\n- com.intuit.karate.core.ScenarioRuntime.evalConfigJs(ScenarioRuntime.java:296)\n- com.intuit.karate.core.ScenarioRuntime.beforeRun(ScenarioRuntime.java:372)\n- com.intuit.karate.core.ScenarioRuntime.run(ScenarioRuntime.java:391)\n\njs failed:\n>>>>\n<<<<\ncom.intuit.karate.KarateException: js failed:\n>>>>\n01: ()\n<<<<\norg.graalvm.polyglot.PolyglotException: SyntaxError: Unnamed:1:2 Expected => but found eof\r\n()\r\n  ^\n\n- org.graalvm.polyglot.Context.eval(Context.java:425)\n- com.intuit.karate.graal.JsEngine.evalForValue(JsEngine.java:139)\n- com.intuit.karate.graal.JsEngine.eval(JsEngine.java:135)\n- com.intuit.karate.core.ScenarioEngine.evalJs(ScenarioEngine.java:1196)\n- com.intuit.karate.core.ScenarioRuntime.evalConfigJs(ScenarioRuntime.java:296)\n- com.intuit.karate.core.ScenarioRuntime.beforeRun(ScenarioRuntime.java:372)\n- com.intuit.karate.core.ScenarioRuntime.run(ScenarioRuntime.java:391)\n\n- com.intuit.karate.graal.JsEngine.fromJsEvalException(JsEngine.java:224)\n- com.intuit.karate.core.ScenarioEngine.evalJs(ScenarioEngine.java:1198)\n- com.intuit.karate.core.ScenarioRuntime.evalConfigJs(ScenarioRuntime.java:296)\n- com.intuit.karate.core.ScenarioRuntime.beforeRun(ScenarioRuntime.java:372)\n- com.intuit.karate.core.ScenarioRuntime.run(ScenarioRuntime.java:391)\n- com.intuit.karate.junit5.FeatureNode.lambda$next$1(FeatureNode.java:71)\n- org.junit.jupiter.engine.descriptor.DynamicTestTestDescriptor.lambda$execute$0(DynamicTestTestDescriptor.java:53)\n\nclasspath:frame\/Put.feature:4\nclasspath:frame\/Put.feature:5\nclasspath:frame\/Put.feature:6\nclasspath:frame\/Put.feature:7\nclasspath:frame\/Put.feature:8\nclasspath:frame\/Put.feature:9","executorName":"main","name":"Put Methods","startTime":1707584137926,"refId":"[1:3]","endTime":1707584137927,"exampleIndex":-1}],"callDepth":0,"name":"test put methods","description":"","resultDate":"2024-02-10 10:25:37 pm","durationMillis":0.0,"passedCount":0}