{"failedCount":5,"prefixedPath":"classpath:frame\/Post.feature","packageQualifiedName":"frame.Post","loopIndex":-1,"relativePath":"frame\/Post.feature","scenarioResults":[{"sectionIndex":0,"stepResults":[{"result":{"nanos":0,"errorMessage":">> classpath:frame\/Post.feature:7\n>> karate-config.js failed\n>> js failed:\n>>>>\n01: ()\n<<<<\norg.graalvm.polyglot.PolyglotException: SyntaxError: Unnamed:1:2 Expected => but found eof\r\n()\r\n  ^\n\n- org.graalvm.polyglot.Context.eval(Context.java:425)\n- com.intuit.karate.graal.JsEngine.evalForValue(JsEngine.java:139)\n- com.intuit.karate.graal.JsEngine.eval(JsEngine.java:135)\n- com.intuit.karate.core.ScenarioEngine.evalJs(ScenarioEngine.java:1196)\n- com.intuit.karate.core.ScenarioRuntime.evalConfigJs(ScenarioRuntime.java:296)\n- com.intuit.karate.core.ScenarioRuntime.beforeRun(ScenarioRuntime.java:372)\n- com.intuit.karate.core.ScenarioRuntime.run(ScenarioRuntime.java:391)\n\njs failed:\n>>>>\n<<<<\ncom.intuit.karate.KarateException: js failed:\n>>>>\n01: ()\n<<<<\norg.graalvm.polyglot.PolyglotException: SyntaxError: Unnamed:1:2 Expected => but found eof\r\n()\r\n  ^\n\n- org.graalvm.polyglot.Context.eval(Context.java:425)\n- com.intuit.karate.graal.JsEngine.evalForValue(JsEngine.java:139)\n- com.intuit.karate.graal.JsEngine.eval(JsEngine.java:135)\n- com.intuit.karate.core.ScenarioEngine.evalJs(ScenarioEngine.java:1196)\n- com.intuit.karate.core.ScenarioRuntime.evalConfigJs(ScenarioRuntime.java:296)\n- com.intuit.karate.core.ScenarioRuntime.beforeRun(ScenarioRuntime.java:372)\n- com.intuit.karate.core.ScenarioRuntime.run(ScenarioRuntime.java:391)\n\n- com.intuit.karate.graal.JsEngine.fromJsEvalException(JsEngine.java:224)\n- com.intuit.karate.core.ScenarioEngine.evalJs(ScenarioEngine.java:1198)\n- com.intuit.karate.core.ScenarioRuntime.evalConfigJs(ScenarioRuntime.java:296)\n- com.intuit.karate.core.ScenarioRuntime.beforeRun(ScenarioRuntime.java:372)\n- com.intuit.karate.core.ScenarioRuntime.run(ScenarioRuntime.java:391)\n- com.intuit.karate.junit5.FeatureNode.lambda$next$1(FeatureNode.java:71)\n- org.junit.jupiter.engine.descriptor.DynamicTestTestDescriptor.lambda$execute$0(DynamicTestTestDescriptor.java:53)\n\nclasspath:frame\/Post.feature:8","millis":0.0,"status":"failed"},"step":{"line":8,"prefix":"Given","index":0,"text":"url  'https:\/\/reqres.in\/api\/users'"},"stepLog":"22:25:35.731 classpath:frame\/Post.feature:8\nGiven url  'https:\/\/reqres.in\/api\/users'\n>> classpath:frame\/Post.feature:7\n>> karate-config.js failed\n>> js failed:\n>>>>\n01: ()\n<<<<\norg.graalvm.polyglot.PolyglotException: SyntaxError: Unnamed:1:2 Expected => but found eof\r\n()\r\n  ^\n\n- org.graalvm.polyglot.Context.eval(Context.java:425)\n- com.intuit.karate.graal.JsEngine.evalForValue(JsEngine.java:139)\n- com.intuit.karate.graal.JsEngine.eval(JsEngine.java:135)\n- com.intuit.karate.core.ScenarioEngine.evalJs(ScenarioEngine.java:1196)\n- com.intuit.karate.core.ScenarioRuntime.evalConfigJs(ScenarioRuntime.java:296)\n- com.intuit.karate.core.ScenarioRuntime.beforeRun(ScenarioRuntime.java:372)\n- com.intuit.karate.core.ScenarioRuntime.run(ScenarioRuntime.java:391)\n\njs failed:\n>>>>\n<<<<\ncom.intuit.karate.KarateException: js failed:\n>>>>\n01: ()\n<<<<\norg.graalvm.polyglot.PolyglotException: SyntaxError: Unnamed:1:2 Expected => but found eof\r\n()\r\n  ^\n\n- org.graalvm.polyglot.Context.eval(Context.java:425)\n- com.intuit.karate.graal.JsEngine.evalForValue(JsEngine.java:139)\n- com.intuit.karate.graal.JsEngine.eval(JsEngine.java:135)\n- com.intuit.karate.core.ScenarioEngine.evalJs(ScenarioEngine.java:1196)\n- com.intuit.karate.core.ScenarioRuntime.evalConfigJs(ScenarioRuntime.java:296)\n- com.intuit.karate.core.ScenarioRuntime.beforeRun(ScenarioRuntime.java:372)\n- com.intuit.karate.core.ScenarioRuntime.run(ScenarioRuntime.java:391)\n\n- com.intuit.karate.graal.JsEngine.fromJsEvalException(JsEngine.java:224)\n- com.intuit.karate.core.ScenarioEngine.evalJs(ScenarioEngine.java:1198)\n- com.intuit.karate.core.ScenarioRuntime.evalConfigJs(ScenarioRuntime.java:296)\n- com.intuit.karate.core.ScenarioRuntime.beforeRun(ScenarioRuntime.java:372)\n- com.intuit.karate.core.ScenarioRuntime.run(ScenarioRuntime.java:391)\n- com.intuit.karate.junit5.FeatureNode.lambda$next$1(FeatureNode.java:71)\n- org.junit.jupiter.engine.descriptor.DynamicTestTestDescriptor.lambda$execute$0(DynamicTestTestDescriptor.java:53)\n\nclasspath:frame\/Post.feature:8\n"},{"result":{"nanos":0,"errorMessage":">> classpath:frame\/Post.feature:7\n>> karate-config.js failed\n>> js failed:\n>>>>\n01: ()\n<<<<\norg.graalvm.polyglot.PolyglotException: SyntaxError: Unnamed:1:2 Expected => but found eof\r\n()\r\n  ^\n\n- org.graalvm.polyglot.Context.eval(Context.java:425)\n- com.intuit.karate.graal.JsEngine.evalForValue(JsEngine.java:139)\n- com.intuit.karate.graal.JsEngine.eval(JsEngine.java:135)\n- com.intuit.karate.core.ScenarioEngine.evalJs(ScenarioEngine.java:1196)\n- com.intuit.karate.core.ScenarioRuntime.evalConfigJs(ScenarioRuntime.java:296)\n- com.intuit.karate.core.ScenarioRuntime.beforeRun(ScenarioRuntime.java:372)\n- com.intuit.karate.core.ScenarioRuntime.run(ScenarioRuntime.java:391)\n\njs failed:\n>>>>\n<<<<\ncom.intuit.karate.KarateException: js failed:\n>>>>\n01: ()\n<<<<\norg.graalvm.polyglot.PolyglotException: SyntaxError: Unnamed:1:2 Expected => but found eof\r\n()\r\n  ^\n\n- org.graalvm.polyglot.Context.eval(Context.java:425)\n- com.intuit.karate.graal.JsEngine.evalForValue(JsEngine.java:139)\n- com.intuit.karate.graal.JsEngine.eval(JsEngine.java:135)\n- com.intuit.karate.core.ScenarioEngine.evalJs(ScenarioEngine.java:1196)\n- com.intuit.karate.core.ScenarioRuntime.evalConfigJs(ScenarioRuntime.java:296)\n- com.intuit.karate.core.ScenarioRuntime.beforeRun(ScenarioRuntime.java:372)\n- com.intuit.karate.core.ScenarioRuntime.run(ScenarioRuntime.java:391)\n\n- com.intuit.karate.graal.JsEngine.fromJsEvalException(JsEngine.java:224)\n- com.intuit.karate.core.ScenarioEngine.evalJs(ScenarioEngine.java:1198)\n- com.intuit.karate.core.ScenarioRuntime.evalConfigJs(ScenarioRuntime.java:296)\n- com.intuit.karate.core.ScenarioRuntime.beforeRun(ScenarioRuntime.java:372)\n- com.intuit.karate.core.ScenarioRuntime.run(ScenarioRuntime.java:391)\n- com.intuit.karate.junit5.FeatureNode.lambda$next$1(FeatureNode.java:71)\n- org.junit.jupiter.engine.descriptor.DynamicTestTestDescriptor.lambda$execute$0(DynamicTestTestDescriptor.java:53)\n\nclasspath:frame\/Post.feature:8\nclasspath:frame\/Post.feature:9","millis":0.0,"status":"failed"},"step":{"line":9,"prefix":"And","index":1,"text":"request    { \"name\" : \"mahesh\", \"God\" :\"omshiva\",\"gender\" : \"male\" ,\"status\" : \"active\" }"},"stepLog":"22:25:35.731 classpath:frame\/Post.feature:9\nAnd request    { \"name\" : \"mahesh\", \"God\" :\"omshiva\",\"gender\" : \"male\" ,\"status\" : \"active\" }\n>> classpath:frame\/Post.feature:7\n>> karate-config.js failed\n>> js failed:\n>>>>\n01: ()\n<<<<\norg.graalvm.polyglot.PolyglotException: SyntaxError: Unnamed:1:2 Expected => but found eof\r\n()\r\n  ^\n\n- org.graalvm.polyglot.Context.eval(Context.java:425)\n- com.intuit.karate.graal.JsEngine.evalForValue(JsEngine.java:139)\n- com.intuit.karate.graal.JsEngine.eval(JsEngine.java:135)\n- com.intuit.karate.core.ScenarioEngine.evalJs(ScenarioEngine.java:1196)\n- com.intuit.karate.core.ScenarioRuntime.evalConfigJs(ScenarioRuntime.java:296)\n- com.intuit.karate.core.ScenarioRuntime.beforeRun(ScenarioRuntime.java:372)\n- com.intuit.karate.core.ScenarioRuntime.run(ScenarioRuntime.java:391)\n\njs failed:\n>>>>\n<<<<\ncom.intuit.karate.KarateException: js failed:\n>>>>\n01: ()\n<<<<\norg.graalvm.polyglot.PolyglotException: SyntaxError: Unnamed:1:2 Expected => but found eof\r\n()\r\n  ^\n\n- org.graalvm.polyglot.Context.eval(Context.java:425)\n- com.intuit.karate.graal.JsEngine.evalForValue(JsEngine.java:139)\n- com.intuit.karate.graal.JsEngine.eval(JsEngine.java:135)\n- com.intuit.karate.core.ScenarioEngine.evalJs(ScenarioEngine.java:1196)\n- com.intuit.karate.core.ScenarioRuntime.evalConfigJs(ScenarioRuntime.java:296)\n- com.intuit.karate.core.ScenarioRuntime.beforeRun(ScenarioRuntime.java:372)\n- com.intuit.karate.core.ScenarioRuntime.run(ScenarioRuntime.java:391)\n\n- com.intuit.karate.graal.JsEngine.fromJsEvalException(JsEngine.java:224)\n- com.intuit.karate.core.ScenarioEngine.evalJs(ScenarioEngine.java:1198)\n- com.intuit.karate.core.ScenarioRuntime.evalConfigJs(ScenarioRuntime.java:296)\n- com.intuit.karate.core.ScenarioRuntime.beforeRun(ScenarioRuntime.java:372)\n- com.intuit.karate.core.ScenarioRuntime.run(ScenarioRuntime.java:391)\n- com.intuit.karate.junit5.FeatureNode.lambda$next$1(FeatureNode.java:71)\n- org.junit.jupiter.engine.descriptor.DynamicTestTestDescriptor.lambda$execute$0(DynamicTestTestDescriptor.java:53)\n\nclasspath:frame\/Post.feature:8\nclasspath:frame\/Post.feature:9\n"},{"result":{"nanos":0,"errorMessage":">> classpath:frame\/Post.feature:7\n>> karate-config.js failed\n>> js failed:\n>>>>\n01: ()\n<<<<\norg.graalvm.polyglot.PolyglotException: SyntaxError: Unnamed:1:2 Expected => but found eof\r\n()\r\n  ^\n\n- org.graalvm.polyglot.Context.eval(Context.java:425)\n- com.intuit.karate.graal.JsEngine.evalForValue(JsEngine.java:139)\n- com.intuit.karate.graal.JsEngine.eval(JsEngine.java:135)\n- com.intuit.karate.core.ScenarioEngine.evalJs(ScenarioEngine.java:1196)\n- com.intuit.karate.core.ScenarioRuntime.evalConfigJs(ScenarioRuntime.java:296)\n- com.intuit.karate.core.ScenarioRuntime.beforeRun(ScenarioRuntime.java:372)\n- com.intuit.karate.core.ScenarioRuntime.run(ScenarioRuntime.java:391)\n\njs failed:\n>>>>\n<<<<\ncom.intuit.karate.KarateException: js failed:\n>>>>\n01: ()\n<<<<\norg.graalvm.polyglot.PolyglotException: SyntaxError: Unnamed:1:2 Expected => but found eof\r\n()\r\n  ^\n\n- org.graalvm.polyglot.Context.eval(Context.java:425)\n- com.intuit.karate.graal.JsEngine.evalForValue(JsEngine.java:139)\n- com.intuit.karate.graal.JsEngine.eval(JsEngine.java:135)\n- com.intuit.karate.core.ScenarioEngine.evalJs(ScenarioEngine.java:1196)\n- com.intuit.karate.core.ScenarioRuntime.evalConfigJs(ScenarioRuntime.java:296)\n- com.intuit.karate.core.ScenarioRuntime.beforeRun(ScenarioRuntime.java:372)\n- com.intuit.karate.core.ScenarioRuntime.run(ScenarioRuntime.java:391)\n\n- com.intuit.karate.graal.JsEngine.fromJsEvalException(JsEngine.java:224)\n- com.intuit.karate.core.ScenarioEngine.evalJs(ScenarioEngine.java:1198)\n- com.intuit.karate.core.ScenarioRuntime.evalConfigJs(ScenarioRuntime.java:296)\n- com.intuit.karate.core.ScenarioRuntime.beforeRun(ScenarioRuntime.java:372)\n- com.intuit.karate.core.ScenarioRuntime.run(ScenarioRuntime.java:391)\n- com.intuit.karate.junit5.FeatureNode.lambda$next$1(FeatureNode.java:71)\n- org.junit.jupiter.engine.descriptor.DynamicTestTestDescriptor.lambda$execute$0(DynamicTestTestDescriptor.java:53)\n\nclasspath:frame\/Post.feature:8\nclasspath:frame\/Post.feature:9\nclasspath:frame\/Post.feature:10","millis":0.0,"status":"failed"},"step":{"line":10,"prefix":"When","index":2,"text":"method POST"},"stepLog":"22:25:35.733 classpath:frame\/Post.feature:10\nWhen method POST\n>> classpath:frame\/Post.feature:7\n>> karate-config.js failed\n>> js failed:\n>>>>\n01: ()\n<<<<\norg.graalvm.polyglot.PolyglotException: SyntaxError: Unnamed:1:2 Expected => but found eof\r\n()\r\n  ^\n\n- org.graalvm.polyglot.Context.eval(Context.java:425)\n- com.intuit.karate.graal.JsEngine.evalForValue(JsEngine.java:139)\n- com.intuit.karate.graal.JsEngine.eval(JsEngine.java:135)\n- com.intuit.karate.core.ScenarioEngine.evalJs(ScenarioEngine.java:1196)\n- com.intuit.karate.core.ScenarioRuntime.evalConfigJs(ScenarioRuntime.java:296)\n- com.intuit.karate.core.ScenarioRuntime.beforeRun(ScenarioRuntime.java:372)\n- com.intuit.karate.core.ScenarioRuntime.run(ScenarioRuntime.java:391)\n\njs failed:\n>>>>\n<<<<\ncom.intuit.karate.KarateException: js failed:\n>>>>\n01: ()\n<<<<\norg.graalvm.polyglot.PolyglotException: SyntaxError: Unnamed:1:2 Expected => but found eof\r\n()\r\n  ^\n\n- org.graalvm.polyglot.Context.eval(Context.java:425)\n- com.intuit.karate.graal.JsEngine.evalForValue(JsEngine.java:139)\n- com.intuit.karate.graal.JsEngine.eval(JsEngine.java:135)\n- com.intuit.karate.core.ScenarioEngine.evalJs(ScenarioEngine.java:1196)\n- com.intuit.karate.core.ScenarioRuntime.evalConfigJs(ScenarioRuntime.java:296)\n- com.intuit.karate.core.ScenarioRuntime.beforeRun(ScenarioRuntime.java:372)\n- com.intuit.karate.core.ScenarioRuntime.run(ScenarioRuntime.java:391)\n\n- com.intuit.karate.graal.JsEngine.fromJsEvalException(JsEngine.java:224)\n- com.intuit.karate.core.ScenarioEngine.evalJs(ScenarioEngine.java:1198)\n- com.intuit.karate.core.ScenarioRuntime.evalConfigJs(ScenarioRuntime.java:296)\n- com.intuit.karate.core.ScenarioRuntime.beforeRun(ScenarioRuntime.java:372)\n- com.intuit.karate.core.ScenarioRuntime.run(ScenarioRuntime.java:391)\n- com.intuit.karate.junit5.FeatureNode.lambda$next$1(FeatureNode.java:71)\n- org.junit.jupiter.engine.descriptor.DynamicTestTestDescriptor.lambda$execute$0(DynamicTestTestDescriptor.java:53)\n\nclasspath:frame\/Post.feature:8\nclasspath:frame\/Post.feature:9\nclasspath:frame\/Post.feature:10\n"},{"result":{"nanos":0,"errorMessage":">> classpath:frame\/Post.feature:7\n>> karate-config.js failed\n>> js failed:\n>>>>\n01: ()\n<<<<\norg.graalvm.polyglot.PolyglotException: SyntaxError: Unnamed:1:2 Expected => but found eof\r\n()\r\n  ^\n\n- org.graalvm.polyglot.Context.eval(Context.java:425)\n- com.intuit.karate.graal.JsEngine.evalForValue(JsEngine.java:139)\n- com.intuit.karate.graal.JsEngine.eval(JsEngine.java:135)\n- com.intuit.karate.core.ScenarioEngine.evalJs(ScenarioEngine.java:1196)\n- com.intuit.karate.core.ScenarioRuntime.evalConfigJs(ScenarioRuntime.java:296)\n- com.intuit.karate.core.ScenarioRuntime.beforeRun(ScenarioRuntime.java:372)\n- com.intuit.karate.core.ScenarioRuntime.run(ScenarioRuntime.java:391)\n\njs failed:\n>>>>\n<<<<\ncom.intuit.karate.KarateException: js failed:\n>>>>\n01: ()\n<<<<\norg.graalvm.polyglot.PolyglotException: SyntaxError: Unnamed:1:2 Expected => but found eof\r\n()\r\n  ^\n\n- org.graalvm.polyglot.Context.eval(Context.java:425)\n- com.intuit.karate.graal.JsEngine.evalForValue(JsEngine.java:139)\n- com.intuit.karate.graal.JsEngine.eval(JsEngine.java:135)\n- com.intuit.karate.core.ScenarioEngine.evalJs(ScenarioEngine.java:1196)\n- com.intuit.karate.core.ScenarioRuntime.evalConfigJs(ScenarioRuntime.java:296)\n- com.intuit.karate.core.ScenarioRuntime.beforeRun(ScenarioRuntime.java:372)\n- com.intuit.karate.core.ScenarioRuntime.run(ScenarioRuntime.java:391)\n\n- com.intuit.karate.graal.JsEngine.fromJsEvalException(JsEngine.java:224)\n- com.intuit.karate.core.ScenarioEngine.evalJs(ScenarioEngine.java:1198)\n- com.intuit.karate.core.ScenarioRuntime.evalConfigJs(ScenarioRuntime.java:296)\n- com.intuit.karate.core.ScenarioRuntime.beforeRun(ScenarioRuntime.java:372)\n- com.intuit.karate.core.ScenarioRuntime.run(ScenarioRuntime.java:391)\n- com.intuit.karate.junit5.FeatureNode.lambda$next$1(FeatureNode.java:71)\n- org.junit.jupiter.engine.descriptor.DynamicTestTestDescriptor.lambda$execute$0(DynamicTestTestDescriptor.java:53)\n\nclasspath:frame\/Post.feature:8\nclasspath:frame\/Post.feature:9\nclasspath:frame\/Post.feature:10\nclasspath:frame\/Post.feature:11","millis":0.0,"status":"failed"},"step":{"line":11,"prefix":"Then","index":3,"text":"status 201"},"stepLog":"22:25:35.733 classpath:frame\/Post.feature:11\nThen status 201\n>> classpath:frame\/Post.feature:7\n>> karate-config.js failed\n>> js failed:\n>>>>\n01: ()\n<<<<\norg.graalvm.polyglot.PolyglotException: SyntaxError: Unnamed:1:2 Expected => but found eof\r\n()\r\n  ^\n\n- org.graalvm.polyglot.Context.eval(Context.java:425)\n- com.intuit.karate.graal.JsEngine.evalForValue(JsEngine.java:139)\n- com.intuit.karate.graal.JsEngine.eval(JsEngine.java:135)\n- com.intuit.karate.core.ScenarioEngine.evalJs(ScenarioEngine.java:1196)\n- com.intuit.karate.core.ScenarioRuntime.evalConfigJs(ScenarioRuntime.java:296)\n- com.intuit.karate.core.ScenarioRuntime.beforeRun(ScenarioRuntime.java:372)\n- com.intuit.karate.core.ScenarioRuntime.run(ScenarioRuntime.java:391)\n\njs failed:\n>>>>\n<<<<\ncom.intuit.karate.KarateException: js failed:\n>>>>\n01: ()\n<<<<\norg.graalvm.polyglot.PolyglotException: SyntaxError: Unnamed:1:2 Expected => but found eof\r\n()\r\n  ^\n\n- org.graalvm.polyglot.Context.eval(Context.java:425)\n- com.intuit.karate.graal.JsEngine.evalForValue(JsEngine.java:139)\n- com.intuit.karate.graal.JsEngine.eval(JsEngine.java:135)\n- com.intuit.karate.core.ScenarioEngine.evalJs(ScenarioEngine.java:1196)\n- com.intuit.karate.core.ScenarioRuntime.evalConfigJs(ScenarioRuntime.java:296)\n- com.intuit.karate.core.ScenarioRuntime.beforeRun(ScenarioRuntime.java:372)\n- com.intuit.karate.core.ScenarioRuntime.run(ScenarioRuntime.java:391)\n\n- com.intuit.karate.graal.JsEngine.fromJsEvalException(JsEngine.java:224)\n- com.intuit.karate.core.ScenarioEngine.evalJs(ScenarioEngine.java:1198)\n- com.intuit.karate.core.ScenarioRuntime.evalConfigJs(ScenarioRuntime.java:296)\n- com.intuit.karate.core.ScenarioRuntime.beforeRun(ScenarioRuntime.java:372)\n- com.intuit.karate.core.ScenarioRuntime.run(ScenarioRuntime.java:391)\n- com.intuit.karate.junit5.FeatureNode.lambda$next$1(FeatureNode.java:71)\n- org.junit.jupiter.engine.descriptor.DynamicTestTestDescriptor.lambda$execute$0(DynamicTestTestDescriptor.java:53)\n\nclasspath:frame\/Post.feature:8\nclasspath:frame\/Post.feature:9\nclasspath:frame\/Post.feature:10\nclasspath:frame\/Post.feature:11\n"},{"result":{"nanos":0,"errorMessage":">> classpath:frame\/Post.feature:7\n>> karate-config.js failed\n>> js failed:\n>>>>\n01: ()\n<<<<\norg.graalvm.polyglot.PolyglotException: SyntaxError: Unnamed:1:2 Expected => but found eof\r\n()\r\n  ^\n\n- org.graalvm.polyglot.Context.eval(Context.java:425)\n- com.intuit.karate.graal.JsEngine.evalForValue(JsEngine.java:139)\n- com.intuit.karate.graal.JsEngine.eval(JsEngine.java:135)\n- com.intuit.karate.core.ScenarioEngine.evalJs(ScenarioEngine.java:1196)\n- com.intuit.karate.core.ScenarioRuntime.evalConfigJs(ScenarioRuntime.java:296)\n- com.intuit.karate.core.ScenarioRuntime.beforeRun(ScenarioRuntime.java:372)\n- com.intuit.karate.core.ScenarioRuntime.run(ScenarioRuntime.java:391)\n\njs failed:\n>>>>\n<<<<\ncom.intuit.karate.KarateException: js failed:\n>>>>\n01: ()\n<<<<\norg.graalvm.polyglot.PolyglotException: SyntaxError: Unnamed:1:2 Expected => but found eof\r\n()\r\n  ^\n\n- org.graalvm.polyglot.Context.eval(Context.java:425)\n- com.intuit.karate.graal.JsEngine.evalForValue(JsEngine.java:139)\n- com.intuit.karate.graal.JsEngine.eval(JsEngine.java:135)\n- com.intuit.karate.core.ScenarioEngine.evalJs(ScenarioEngine.java:1196)\n- com.intuit.karate.core.ScenarioRuntime.evalConfigJs(ScenarioRuntime.java:296)\n- com.intuit.karate.core.ScenarioRuntime.beforeRun(ScenarioRuntime.java:372)\n- com.intuit.karate.core.ScenarioRuntime.run(ScenarioRuntime.java:391)\n\n- com.intuit.karate.graal.JsEngine.fromJsEvalException(JsEngine.java:224)\n- com.intuit.karate.core.ScenarioEngine.evalJs(ScenarioEngine.java:1198)\n- com.intuit.karate.core.ScenarioRuntime.evalConfigJs(ScenarioRuntime.java:296)\n- com.intuit.karate.core.ScenarioRuntime.beforeRun(ScenarioRuntime.java:372)\n- com.intuit.karate.core.ScenarioRuntime.run(ScenarioRuntime.java:391)\n- com.intuit.karate.junit5.FeatureNode.lambda$next$1(FeatureNode.java:71)\n- org.junit.jupiter.engine.descriptor.DynamicTestTestDescriptor.lambda$execute$0(DynamicTestTestDescriptor.java:53)\n\nclasspath:frame\/Post.feature:8\nclasspath:frame\/Post.feature:9\nclasspath:frame\/Post.feature:10\nclasspath:frame\/Post.feature:11\nclasspath:frame\/Post.feature:12","millis":0.0,"status":"failed"},"step":{"line":12,"prefix":"And","index":4,"text":"print response"},"stepLog":"22:25:35.733 classpath:frame\/Post.feature:12\nAnd print response\n>> classpath:frame\/Post.feature:7\n>> karate-config.js failed\n>> js failed:\n>>>>\n01: ()\n<<<<\norg.graalvm.polyglot.PolyglotException: SyntaxError: Unnamed:1:2 Expected => but found eof\r\n()\r\n  ^\n\n- org.graalvm.polyglot.Context.eval(Context.java:425)\n- com.intuit.karate.graal.JsEngine.evalForValue(JsEngine.java:139)\n- com.intuit.karate.graal.JsEngine.eval(JsEngine.java:135)\n- com.intuit.karate.core.ScenarioEngine.evalJs(ScenarioEngine.java:1196)\n- com.intuit.karate.core.ScenarioRuntime.evalConfigJs(ScenarioRuntime.java:296)\n- com.intuit.karate.core.ScenarioRuntime.beforeRun(ScenarioRuntime.java:372)\n- com.intuit.karate.core.ScenarioRuntime.run(ScenarioRuntime.java:391)\n\njs failed:\n>>>>\n<<<<\ncom.intuit.karate.KarateException: js failed:\n>>>>\n01: ()\n<<<<\norg.graalvm.polyglot.PolyglotException: SyntaxError: Unnamed:1:2 Expected => but found eof\r\n()\r\n  ^\n\n- org.graalvm.polyglot.Context.eval(Context.java:425)\n- com.intuit.karate.graal.JsEngine.evalForValue(JsEngine.java:139)\n- com.intuit.karate.graal.JsEngine.eval(JsEngine.java:135)\n- com.intuit.karate.core.ScenarioEngine.evalJs(ScenarioEngine.java:1196)\n- com.intuit.karate.core.ScenarioRuntime.evalConfigJs(ScenarioRuntime.java:296)\n- com.intuit.karate.core.ScenarioRuntime.beforeRun(ScenarioRuntime.java:372)\n- com.intuit.karate.core.ScenarioRuntime.run(ScenarioRuntime.java:391)\n\n- com.intuit.karate.graal.JsEngine.fromJsEvalException(JsEngine.java:224)\n- com.intuit.karate.core.ScenarioEngine.evalJs(ScenarioEngine.java:1198)\n- com.intuit.karate.core.ScenarioRuntime.evalConfigJs(ScenarioRuntime.java:296)\n- com.intuit.karate.core.ScenarioRuntime.beforeRun(ScenarioRuntime.java:372)\n- com.intuit.karate.core.ScenarioRuntime.run(ScenarioRuntime.java:391)\n- com.intuit.karate.junit5.FeatureNode.lambda$next$1(FeatureNode.java:71)\n- org.junit.jupiter.engine.descriptor.DynamicTestTestDescriptor.lambda$execute$0(DynamicTestTestDescriptor.java:53)\n\nclasspath:frame\/Post.feature:8\nclasspath:frame\/Post.feature:9\nclasspath:frame\/Post.feature:10\nclasspath:frame\/Post.feature:11\nclasspath:frame\/Post.feature:12\n"},{"result":{"nanos":0,"errorMessage":">> classpath:frame\/Post.feature:7\n>> karate-config.js failed\n>> js failed:\n>>>>\n01: ()\n<<<<\norg.graalvm.polyglot.PolyglotException: SyntaxError: Unnamed:1:2 Expected => but found eof\r\n()\r\n  ^\n\n- org.graalvm.polyglot.Context.eval(Context.java:425)\n- com.intuit.karate.graal.JsEngine.evalForValue(JsEngine.java:139)\n- com.intuit.karate.graal.JsEngine.eval(JsEngine.java:135)\n- com.intuit.karate.core.ScenarioEngine.evalJs(ScenarioEngine.java:1196)\n- com.intuit.karate.core.ScenarioRuntime.evalConfigJs(ScenarioRuntime.java:296)\n- com.intuit.karate.core.ScenarioRuntime.beforeRun(ScenarioRuntime.java:372)\n- com.intuit.karate.core.ScenarioRuntime.run(ScenarioRuntime.java:391)\n\njs failed:\n>>>>\n<<<<\ncom.intuit.karate.KarateException: js failed:\n>>>>\n01: ()\n<<<<\norg.graalvm.polyglot.PolyglotException: SyntaxError: Unnamed:1:2 Expected => but found eof\r\n()\r\n  ^\n\n- org.graalvm.polyglot.Context.eval(Context.java:425)\n- com.intuit.karate.graal.JsEngine.evalForValue(JsEngine.java:139)\n- com.intuit.karate.graal.JsEngine.eval(JsEngine.java:135)\n- com.intuit.karate.core.ScenarioEngine.evalJs(ScenarioEngine.java:1196)\n- com.intuit.karate.core.ScenarioRuntime.evalConfigJs(ScenarioRuntime.java:296)\n- com.intuit.karate.core.ScenarioRuntime.beforeRun(ScenarioRuntime.java:372)\n- com.intuit.karate.core.ScenarioRuntime.run(ScenarioRuntime.java:391)\n\n- com.intuit.karate.graal.JsEngine.fromJsEvalException(JsEngine.java:224)\n- com.intuit.karate.core.ScenarioEngine.evalJs(ScenarioEngine.java:1198)\n- com.intuit.karate.core.ScenarioRuntime.evalConfigJs(ScenarioRuntime.java:296)\n- com.intuit.karate.core.ScenarioRuntime.beforeRun(ScenarioRuntime.java:372)\n- com.intuit.karate.core.ScenarioRuntime.run(ScenarioRuntime.java:391)\n- com.intuit.karate.junit5.FeatureNode.lambda$next$1(FeatureNode.java:71)\n- org.junit.jupiter.engine.descriptor.DynamicTestTestDescriptor.lambda$execute$0(DynamicTestTestDescriptor.java:53)\n\nclasspath:frame\/Post.feature:8\nclasspath:frame\/Post.feature:9\nclasspath:frame\/Post.feature:10\nclasspath:frame\/Post.feature:11\nclasspath:frame\/Post.feature:12\nclasspath:frame\/Post.feature:13","millis":0.0,"status":"failed"},"step":{"line":13,"prefix":"And","index":5,"text":"match response.name == \"mahesh\""},"stepLog":"22:25:35.733 classpath:frame\/Post.feature:13\nAnd match response.name == \"mahesh\"\n>> classpath:frame\/Post.feature:7\n>> karate-config.js failed\n>> js failed:\n>>>>\n01: ()\n<<<<\norg.graalvm.polyglot.PolyglotException: SyntaxError: Unnamed:1:2 Expected => but found eof\r\n()\r\n  ^\n\n- org.graalvm.polyglot.Context.eval(Context.java:425)\n- com.intuit.karate.graal.JsEngine.evalForValue(JsEngine.java:139)\n- com.intuit.karate.graal.JsEngine.eval(JsEngine.java:135)\n- com.intuit.karate.core.ScenarioEngine.evalJs(ScenarioEngine.java:1196)\n- com.intuit.karate.core.ScenarioRuntime.evalConfigJs(ScenarioRuntime.java:296)\n- com.intuit.karate.core.ScenarioRuntime.beforeRun(ScenarioRuntime.java:372)\n- com.intuit.karate.core.ScenarioRuntime.run(ScenarioRuntime.java:391)\n\njs failed:\n>>>>\n<<<<\ncom.intuit.karate.KarateException: js failed:\n>>>>\n01: ()\n<<<<\norg.graalvm.polyglot.PolyglotException: SyntaxError: Unnamed:1:2 Expected => but found eof\r\n()\r\n  ^\n\n- org.graalvm.polyglot.Context.eval(Context.java:425)\n- com.intuit.karate.graal.JsEngine.evalForValue(JsEngine.java:139)\n- com.intuit.karate.graal.JsEngine.eval(JsEngine.java:135)\n- com.intuit.karate.core.ScenarioEngine.evalJs(ScenarioEngine.java:1196)\n- com.intuit.karate.core.ScenarioRuntime.evalConfigJs(ScenarioRuntime.java:296)\n- com.intuit.karate.core.ScenarioRuntime.beforeRun(ScenarioRuntime.java:372)\n- com.intuit.karate.core.ScenarioRuntime.run(ScenarioRuntime.java:391)\n\n- com.intuit.karate.graal.JsEngine.fromJsEvalException(JsEngine.java:224)\n- com.intuit.karate.core.ScenarioEngine.evalJs(ScenarioEngine.java:1198)\n- com.intuit.karate.core.ScenarioRuntime.evalConfigJs(ScenarioRuntime.java:296)\n- com.intuit.karate.core.ScenarioRuntime.beforeRun(ScenarioRuntime.java:372)\n- com.intuit.karate.core.ScenarioRuntime.run(ScenarioRuntime.java:391)\n- com.intuit.karate.junit5.FeatureNode.lambda$next$1(FeatureNode.java:71)\n- org.junit.jupiter.engine.descriptor.DynamicTestTestDescriptor.lambda$execute$0(DynamicTestTestDescriptor.java:53)\n\nclasspath:frame\/Post.feature:8\nclasspath:frame\/Post.feature:9\nclasspath:frame\/Post.feature:10\nclasspath:frame\/Post.feature:11\nclasspath:frame\/Post.feature:12\nclasspath:frame\/Post.feature:13\n"},{"result":{"nanos":0,"errorMessage":">> classpath:frame\/Post.feature:7\n>> karate-config.js failed\n>> js failed:\n>>>>\n01: ()\n<<<<\norg.graalvm.polyglot.PolyglotException: SyntaxError: Unnamed:1:2 Expected => but found eof\r\n()\r\n  ^\n\n- org.graalvm.polyglot.Context.eval(Context.java:425)\n- com.intuit.karate.graal.JsEngine.evalForValue(JsEngine.java:139)\n- com.intuit.karate.graal.JsEngine.eval(JsEngine.java:135)\n- com.intuit.karate.core.ScenarioEngine.evalJs(ScenarioEngine.java:1196)\n- com.intuit.karate.core.ScenarioRuntime.evalConfigJs(ScenarioRuntime.java:296)\n- com.intuit.karate.core.ScenarioRuntime.beforeRun(ScenarioRuntime.java:372)\n- com.intuit.karate.core.ScenarioRuntime.run(ScenarioRuntime.java:391)\n\njs failed:\n>>>>\n<<<<\ncom.intuit.karate.KarateException: js failed:\n>>>>\n01: ()\n<<<<\norg.graalvm.polyglot.PolyglotException: SyntaxError: Unnamed:1:2 Expected => but found eof\r\n()\r\n  ^\n\n- org.graalvm.polyglot.Context.eval(Context.java:425)\n- com.intuit.karate.graal.JsEngine.evalForValue(JsEngine.java:139)\n- com.intuit.karate.graal.JsEngine.eval(JsEngine.java:135)\n- com.intuit.karate.core.ScenarioEngine.evalJs(ScenarioEngine.java:1196)\n- com.intuit.karate.core.ScenarioRuntime.evalConfigJs(ScenarioRuntime.java:296)\n- com.intuit.karate.core.ScenarioRuntime.beforeRun(ScenarioRuntime.java:372)\n- com.intuit.karate.core.ScenarioRuntime.run(ScenarioRuntime.java:391)\n\n- com.intuit.karate.graal.JsEngine.fromJsEvalException(JsEngine.java:224)\n- com.intuit.karate.core.ScenarioEngine.evalJs(ScenarioEngine.java:1198)\n- com.intuit.karate.core.ScenarioRuntime.evalConfigJs(ScenarioRuntime.java:296)\n- com.intuit.karate.core.ScenarioRuntime.beforeRun(ScenarioRuntime.java:372)\n- com.intuit.karate.core.ScenarioRuntime.run(ScenarioRuntime.java:391)\n- com.intuit.karate.junit5.FeatureNode.lambda$next$1(FeatureNode.java:71)\n- org.junit.jupiter.engine.descriptor.DynamicTestTestDescriptor.lambda$execute$0(DynamicTestTestDescriptor.java:53)\n\nclasspath:frame\/Post.feature:8\nclasspath:frame\/Post.feature:9\nclasspath:frame\/Post.feature:10\nclasspath:frame\/Post.feature:11\nclasspath:frame\/Post.feature:12\nclasspath:frame\/Post.feature:13\nclasspath:frame\/Post.feature:14","millis":0.0,"status":"failed"},"step":{"line":14,"prefix":"And","index":6,"text":"match response.gender == \"male\""},"stepLog":"22:25:35.733 classpath:frame\/Post.feature:14\nAnd match response.gender == \"male\"\n>> classpath:frame\/Post.feature:7\n>> karate-config.js failed\n>> js failed:\n>>>>\n01: ()\n<<<<\norg.graalvm.polyglot.PolyglotException: SyntaxError: Unnamed:1:2 Expected => but found eof\r\n()\r\n  ^\n\n- org.graalvm.polyglot.Context.eval(Context.java:425)\n- com.intuit.karate.graal.JsEngine.evalForValue(JsEngine.java:139)\n- com.intuit.karate.graal.JsEngine.eval(JsEngine.java:135)\n- com.intuit.karate.core.ScenarioEngine.evalJs(ScenarioEngine.java:1196)\n- com.intuit.karate.core.ScenarioRuntime.evalConfigJs(ScenarioRuntime.java:296)\n- com.intuit.karate.core.ScenarioRuntime.beforeRun(ScenarioRuntime.java:372)\n- com.intuit.karate.core.ScenarioRuntime.run(ScenarioRuntime.java:391)\n\njs failed:\n>>>>\n<<<<\ncom.intuit.karate.KarateException: js failed:\n>>>>\n01: ()\n<<<<\norg.graalvm.polyglot.PolyglotException: SyntaxError: Unnamed:1:2 Expected => but found eof\r\n()\r\n  ^\n\n- org.graalvm.polyglot.Context.eval(Context.java:425)\n- com.intuit.karate.graal.JsEngine.evalForValue(JsEngine.java:139)\n- com.intuit.karate.graal.JsEngine.eval(JsEngine.java:135)\n- com.intuit.karate.core.ScenarioEngine.evalJs(ScenarioEngine.java:1196)\n- com.intuit.karate.core.ScenarioRuntime.evalConfigJs(ScenarioRuntime.java:296)\n- com.intuit.karate.core.ScenarioRuntime.beforeRun(ScenarioRuntime.java:372)\n- com.intuit.karate.core.ScenarioRuntime.run(ScenarioRuntime.java:391)\n\n- com.intuit.karate.graal.JsEngine.fromJsEvalException(JsEngine.java:224)\n- com.intuit.karate.core.ScenarioEngine.evalJs(ScenarioEngine.java:1198)\n- com.intuit.karate.core.ScenarioRuntime.evalConfigJs(ScenarioRuntime.java:296)\n- com.intuit.karate.core.ScenarioRuntime.beforeRun(ScenarioRuntime.java:372)\n- com.intuit.karate.core.ScenarioRuntime.run(ScenarioRuntime.java:391)\n- com.intuit.karate.junit5.FeatureNode.lambda$next$1(FeatureNode.java:71)\n- org.junit.jupiter.engine.descriptor.DynamicTestTestDescriptor.lambda$execute$0(DynamicTestTestDescriptor.java:53)\n\nclasspath:frame\/Post.feature:8\nclasspath:frame\/Post.feature:9\nclasspath:frame\/Post.feature:10\nclasspath:frame\/Post.feature:11\nclasspath:frame\/Post.feature:12\nclasspath:frame\/Post.feature:13\nclasspath:frame\/Post.feature:14\n"},{"result":{"nanos":0,"errorMessage":">> classpath:frame\/Post.feature:7\n>> karate-config.js failed\n>> js failed:\n>>>>\n01: ()\n<<<<\norg.graalvm.polyglot.PolyglotException: SyntaxError: Unnamed:1:2 Expected => but found eof\r\n()\r\n  ^\n\n- org.graalvm.polyglot.Context.eval(Context.java:425)\n- com.intuit.karate.graal.JsEngine.evalForValue(JsEngine.java:139)\n- com.intuit.karate.graal.JsEngine.eval(JsEngine.java:135)\n- com.intuit.karate.core.ScenarioEngine.evalJs(ScenarioEngine.java:1196)\n- com.intuit.karate.core.ScenarioRuntime.evalConfigJs(ScenarioRuntime.java:296)\n- com.intuit.karate.core.ScenarioRuntime.beforeRun(ScenarioRuntime.java:372)\n- com.intuit.karate.core.ScenarioRuntime.run(ScenarioRuntime.java:391)\n\njs failed:\n>>>>\n<<<<\ncom.intuit.karate.KarateException: js failed:\n>>>>\n01: ()\n<<<<\norg.graalvm.polyglot.PolyglotException: SyntaxError: Unnamed:1:2 Expected => but found eof\r\n()\r\n  ^\n\n- org.graalvm.polyglot.Context.eval(Context.java:425)\n- com.intuit.karate.graal.JsEngine.evalForValue(JsEngine.java:139)\n- com.intuit.karate.graal.JsEngine.eval(JsEngine.java:135)\n- com.intuit.karate.core.ScenarioEngine.evalJs(ScenarioEngine.java:1196)\n- com.intuit.karate.core.ScenarioRuntime.evalConfigJs(ScenarioRuntime.java:296)\n- com.intuit.karate.core.ScenarioRuntime.beforeRun(ScenarioRuntime.java:372)\n- com.intuit.karate.core.ScenarioRuntime.run(ScenarioRuntime.java:391)\n\n- com.intuit.karate.graal.JsEngine.fromJsEvalException(JsEngine.java:224)\n- com.intuit.karate.core.ScenarioEngine.evalJs(ScenarioEngine.java:1198)\n- com.intuit.karate.core.ScenarioRuntime.evalConfigJs(ScenarioRuntime.java:296)\n- com.intuit.karate.core.ScenarioRuntime.beforeRun(ScenarioRuntime.java:372)\n- com.intuit.karate.core.ScenarioRuntime.run(ScenarioRuntime.java:391)\n- com.intuit.karate.junit5.FeatureNode.lambda$next$1(FeatureNode.java:71)\n- org.junit.jupiter.engine.descriptor.DynamicTestTestDescriptor.lambda$execute$0(DynamicTestTestDescriptor.java:53)\n\nclasspath:frame\/Post.feature:8\nclasspath:frame\/Post.feature:9\nclasspath:frame\/Post.feature:10\nclasspath:frame\/Post.feature:11\nclasspath:frame\/Post.feature:12\nclasspath:frame\/Post.feature:13\nclasspath:frame\/Post.feature:14\nclasspath:frame\/Post.feature:15","millis":0.0,"status":"failed"},"step":{"line":15,"prefix":"And","index":7,"text":"match response.God == \"omshiva\""},"stepLog":"22:25:35.733 classpath:frame\/Post.feature:15\nAnd match response.God == \"omshiva\"\n>> classpath:frame\/Post.feature:7\n>> karate-config.js failed\n>> js failed:\n>>>>\n01: ()\n<<<<\norg.graalvm.polyglot.PolyglotException: SyntaxError: Unnamed:1:2 Expected => but found eof\r\n()\r\n  ^\n\n- org.graalvm.polyglot.Context.eval(Context.java:425)\n- com.intuit.karate.graal.JsEngine.evalForValue(JsEngine.java:139)\n- com.intuit.karate.graal.JsEngine.eval(JsEngine.java:135)\n- com.intuit.karate.core.ScenarioEngine.evalJs(ScenarioEngine.java:1196)\n- com.intuit.karate.core.ScenarioRuntime.evalConfigJs(ScenarioRuntime.java:296)\n- com.intuit.karate.core.ScenarioRuntime.beforeRun(ScenarioRuntime.java:372)\n- com.intuit.karate.core.ScenarioRuntime.run(ScenarioRuntime.java:391)\n\njs failed:\n>>>>\n<<<<\ncom.intuit.karate.KarateException: js failed:\n>>>>\n01: ()\n<<<<\norg.graalvm.polyglot.PolyglotException: SyntaxError: Unnamed:1:2 Expected => but found eof\r\n()\r\n  ^\n\n- org.graalvm.polyglot.Context.eval(Context.java:425)\n- com.intuit.karate.graal.JsEngine.evalForValue(JsEngine.java:139)\n- com.intuit.karate.graal.JsEngine.eval(JsEngine.java:135)\n- com.intuit.karate.core.ScenarioEngine.evalJs(ScenarioEngine.java:1196)\n- com.intuit.karate.core.ScenarioRuntime.evalConfigJs(ScenarioRuntime.java:296)\n- com.intuit.karate.core.ScenarioRuntime.beforeRun(ScenarioRuntime.java:372)\n- com.intuit.karate.core.ScenarioRuntime.run(ScenarioRuntime.java:391)\n\n- com.intuit.karate.graal.JsEngine.fromJsEvalException(JsEngine.java:224)\n- com.intuit.karate.core.ScenarioEngine.evalJs(ScenarioEngine.java:1198)\n- com.intuit.karate.core.ScenarioRuntime.evalConfigJs(ScenarioRuntime.java:296)\n- com.intuit.karate.core.ScenarioRuntime.beforeRun(ScenarioRuntime.java:372)\n- com.intuit.karate.core.ScenarioRuntime.run(ScenarioRuntime.java:391)\n- com.intuit.karate.junit5.FeatureNode.lambda$next$1(FeatureNode.java:71)\n- org.junit.jupiter.engine.descriptor.DynamicTestTestDescriptor.lambda$execute$0(DynamicTestTestDescriptor.java:53)\n\nclasspath:frame\/Post.feature:8\nclasspath:frame\/Post.feature:9\nclasspath:frame\/Post.feature:10\nclasspath:frame\/Post.feature:11\nclasspath:frame\/Post.feature:12\nclasspath:frame\/Post.feature:13\nclasspath:frame\/Post.feature:14\nclasspath:frame\/Post.feature:15\n"}],"line":7,"description":"","durationMillis":0.0,"failed":true,"error":">> classpath:frame\/Post.feature:7\n>> karate-config.js failed\n>> js failed:\n>>>>\n01: ()\n<<<<\norg.graalvm.polyglot.PolyglotException: SyntaxError: Unnamed:1:2 Expected => but found eof\r\n()\r\n  ^\n\n- org.graalvm.polyglot.Context.eval(Context.java:425)\n- com.intuit.karate.graal.JsEngine.evalForValue(JsEngine.java:139)\n- com.intuit.karate.graal.JsEngine.eval(JsEngine.java:135)\n- com.intuit.karate.core.ScenarioEngine.evalJs(ScenarioEngine.java:1196)\n- com.intuit.karate.core.ScenarioRuntime.evalConfigJs(ScenarioRuntime.java:296)\n- com.intuit.karate.core.ScenarioRuntime.beforeRun(ScenarioRuntime.java:372)\n- com.intuit.karate.core.ScenarioRuntime.run(ScenarioRuntime.java:391)\n\njs failed:\n>>>>\n<<<<\ncom.intuit.karate.KarateException: js failed:\n>>>>\n01: ()\n<<<<\norg.graalvm.polyglot.PolyglotException: SyntaxError: Unnamed:1:2 Expected => but found eof\r\n()\r\n  ^\n\n- org.graalvm.polyglot.Context.eval(Context.java:425)\n- com.intuit.karate.graal.JsEngine.evalForValue(JsEngine.java:139)\n- com.intuit.karate.graal.JsEngine.eval(JsEngine.java:135)\n- com.intuit.karate.core.ScenarioEngine.evalJs(ScenarioEngine.java:1196)\n- com.intuit.karate.core.ScenarioRuntime.evalConfigJs(ScenarioRuntime.java:296)\n- com.intuit.karate.core.ScenarioRuntime.beforeRun(ScenarioRuntime.java:372)\n- com.intuit.karate.core.ScenarioRuntime.run(ScenarioRuntime.java:391)\n\n- com.intuit.karate.graal.JsEngine.fromJsEvalException(JsEngine.java:224)\n- com.intuit.karate.core.ScenarioEngine.evalJs(ScenarioEngine.java:1198)\n- com.intuit.karate.core.ScenarioRuntime.evalConfigJs(ScenarioRuntime.java:296)\n- com.intuit.karate.core.ScenarioRuntime.beforeRun(ScenarioRuntime.java:372)\n- com.intuit.karate.core.ScenarioRuntime.run(ScenarioRuntime.java:391)\n- com.intuit.karate.junit5.FeatureNode.lambda$next$1(FeatureNode.java:71)\n- org.junit.jupiter.engine.descriptor.DynamicTestTestDescriptor.lambda$execute$0(DynamicTestTestDescriptor.java:53)\n\nclasspath:frame\/Post.feature:8\nclasspath:frame\/Post.feature:9\nclasspath:frame\/Post.feature:10\nclasspath:frame\/Post.feature:11\nclasspath:frame\/Post.feature:12\nclasspath:frame\/Post.feature:13\nclasspath:frame\/Post.feature:14\nclasspath:frame\/Post.feature:15","executorName":"main","name":"request post methods","startTime":1707584135649,"refId":"[1:7]","endTime":1707584135733,"exampleIndex":-1},{"sectionIndex":1,"stepResults":[{"result":{"nanos":0,"errorMessage":">> classpath:frame\/Post.feature:17\n>> karate-config.js failed\n>> js failed:\n>>>>\n01: ()\n<<<<\norg.graalvm.polyglot.PolyglotException: SyntaxError: Unnamed:1:2 Expected => but found eof\r\n()\r\n  ^\n\n- org.graalvm.polyglot.Context.eval(Context.java:425)\n- com.intuit.karate.graal.JsEngine.evalForValue(JsEngine.java:139)\n- com.intuit.karate.graal.JsEngine.eval(JsEngine.java:135)\n- com.intuit.karate.core.ScenarioEngine.evalJs(ScenarioEngine.java:1196)\n- com.intuit.karate.core.ScenarioRuntime.evalConfigJs(ScenarioRuntime.java:296)\n- com.intuit.karate.core.ScenarioRuntime.beforeRun(ScenarioRuntime.java:372)\n- com.intuit.karate.core.ScenarioRuntime.run(ScenarioRuntime.java:391)\n\njs failed:\n>>>>\n<<<<\ncom.intuit.karate.KarateException: js failed:\n>>>>\n01: ()\n<<<<\norg.graalvm.polyglot.PolyglotException: SyntaxError: Unnamed:1:2 Expected => but found eof\r\n()\r\n  ^\n\n- org.graalvm.polyglot.Context.eval(Context.java:425)\n- com.intuit.karate.graal.JsEngine.evalForValue(JsEngine.java:139)\n- com.intuit.karate.graal.JsEngine.eval(JsEngine.java:135)\n- com.intuit.karate.core.ScenarioEngine.evalJs(ScenarioEngine.java:1196)\n- com.intuit.karate.core.ScenarioRuntime.evalConfigJs(ScenarioRuntime.java:296)\n- com.intuit.karate.core.ScenarioRuntime.beforeRun(ScenarioRuntime.java:372)\n- com.intuit.karate.core.ScenarioRuntime.run(ScenarioRuntime.java:391)\n\n- com.intuit.karate.graal.JsEngine.fromJsEvalException(JsEngine.java:224)\n- com.intuit.karate.core.ScenarioEngine.evalJs(ScenarioEngine.java:1198)\n- com.intuit.karate.core.ScenarioRuntime.evalConfigJs(ScenarioRuntime.java:296)\n- com.intuit.karate.core.ScenarioRuntime.beforeRun(ScenarioRuntime.java:372)\n- com.intuit.karate.core.ScenarioRuntime.run(ScenarioRuntime.java:391)\n- com.intuit.karate.junit5.FeatureNode.lambda$next$1(FeatureNode.java:71)\n- org.junit.jupiter.engine.descriptor.DynamicTestTestDescriptor.lambda$execute$0(DynamicTestTestDescriptor.java:53)\n\nclasspath:frame\/Post.feature:18","millis":0.0,"status":"failed"},"step":{"line":18,"prefix":"Given","index":0,"text":"url  'https:\/\/reqres.in\/api\/users'"},"stepLog":"22:25:35.764 classpath:frame\/Post.feature:18\nGiven url  'https:\/\/reqres.in\/api\/users'\n>> classpath:frame\/Post.feature:17\n>> karate-config.js failed\n>> js failed:\n>>>>\n01: ()\n<<<<\norg.graalvm.polyglot.PolyglotException: SyntaxError: Unnamed:1:2 Expected => but found eof\r\n()\r\n  ^\n\n- org.graalvm.polyglot.Context.eval(Context.java:425)\n- com.intuit.karate.graal.JsEngine.evalForValue(JsEngine.java:139)\n- com.intuit.karate.graal.JsEngine.eval(JsEngine.java:135)\n- com.intuit.karate.core.ScenarioEngine.evalJs(ScenarioEngine.java:1196)\n- com.intuit.karate.core.ScenarioRuntime.evalConfigJs(ScenarioRuntime.java:296)\n- com.intuit.karate.core.ScenarioRuntime.beforeRun(ScenarioRuntime.java:372)\n- com.intuit.karate.core.ScenarioRuntime.run(ScenarioRuntime.java:391)\n\njs failed:\n>>>>\n<<<<\ncom.intuit.karate.KarateException: js failed:\n>>>>\n01: ()\n<<<<\norg.graalvm.polyglot.PolyglotException: SyntaxError: Unnamed:1:2 Expected => but found eof\r\n()\r\n  ^\n\n- org.graalvm.polyglot.Context.eval(Context.java:425)\n- com.intuit.karate.graal.JsEngine.evalForValue(JsEngine.java:139)\n- com.intuit.karate.graal.JsEngine.eval(JsEngine.java:135)\n- com.intuit.karate.core.ScenarioEngine.evalJs(ScenarioEngine.java:1196)\n- com.intuit.karate.core.ScenarioRuntime.evalConfigJs(ScenarioRuntime.java:296)\n- com.intuit.karate.core.ScenarioRuntime.beforeRun(ScenarioRuntime.java:372)\n- com.intuit.karate.core.ScenarioRuntime.run(ScenarioRuntime.java:391)\n\n- com.intuit.karate.graal.JsEngine.fromJsEvalException(JsEngine.java:224)\n- com.intuit.karate.core.ScenarioEngine.evalJs(ScenarioEngine.java:1198)\n- com.intuit.karate.core.ScenarioRuntime.evalConfigJs(ScenarioRuntime.java:296)\n- com.intuit.karate.core.ScenarioRuntime.beforeRun(ScenarioRuntime.java:372)\n- com.intuit.karate.core.ScenarioRuntime.run(ScenarioRuntime.java:391)\n- com.intuit.karate.junit5.FeatureNode.lambda$next$1(FeatureNode.java:71)\n- org.junit.jupiter.engine.descriptor.DynamicTestTestDescriptor.lambda$execute$0(DynamicTestTestDescriptor.java:53)\n\nclasspath:frame\/Post.feature:18\n"},{"result":{"nanos":0,"errorMessage":">> classpath:frame\/Post.feature:17\n>> karate-config.js failed\n>> js failed:\n>>>>\n01: ()\n<<<<\norg.graalvm.polyglot.PolyglotException: SyntaxError: Unnamed:1:2 Expected => but found eof\r\n()\r\n  ^\n\n- org.graalvm.polyglot.Context.eval(Context.java:425)\n- com.intuit.karate.graal.JsEngine.evalForValue(JsEngine.java:139)\n- com.intuit.karate.graal.JsEngine.eval(JsEngine.java:135)\n- com.intuit.karate.core.ScenarioEngine.evalJs(ScenarioEngine.java:1196)\n- com.intuit.karate.core.ScenarioRuntime.evalConfigJs(ScenarioRuntime.java:296)\n- com.intuit.karate.core.ScenarioRuntime.beforeRun(ScenarioRuntime.java:372)\n- com.intuit.karate.core.ScenarioRuntime.run(ScenarioRuntime.java:391)\n\njs failed:\n>>>>\n<<<<\ncom.intuit.karate.KarateException: js failed:\n>>>>\n01: ()\n<<<<\norg.graalvm.polyglot.PolyglotException: SyntaxError: Unnamed:1:2 Expected => but found eof\r\n()\r\n  ^\n\n- org.graalvm.polyglot.Context.eval(Context.java:425)\n- com.intuit.karate.graal.JsEngine.evalForValue(JsEngine.java:139)\n- com.intuit.karate.graal.JsEngine.eval(JsEngine.java:135)\n- com.intuit.karate.core.ScenarioEngine.evalJs(ScenarioEngine.java:1196)\n- com.intuit.karate.core.ScenarioRuntime.evalConfigJs(ScenarioRuntime.java:296)\n- com.intuit.karate.core.ScenarioRuntime.beforeRun(ScenarioRuntime.java:372)\n- com.intuit.karate.core.ScenarioRuntime.run(ScenarioRuntime.java:391)\n\n- com.intuit.karate.graal.JsEngine.fromJsEvalException(JsEngine.java:224)\n- com.intuit.karate.core.ScenarioEngine.evalJs(ScenarioEngine.java:1198)\n- com.intuit.karate.core.ScenarioRuntime.evalConfigJs(ScenarioRuntime.java:296)\n- com.intuit.karate.core.ScenarioRuntime.beforeRun(ScenarioRuntime.java:372)\n- com.intuit.karate.core.ScenarioRuntime.run(ScenarioRuntime.java:391)\n- com.intuit.karate.junit5.FeatureNode.lambda$next$1(FeatureNode.java:71)\n- org.junit.jupiter.engine.descriptor.DynamicTestTestDescriptor.lambda$execute$0(DynamicTestTestDescriptor.java:53)\n\nclasspath:frame\/Post.feature:18\nclasspath:frame\/Post.feature:19","millis":0.0,"status":"failed"},"step":{"line":19,"prefix":"And","index":1,"text":"request { \"name\": \"morpheus\",\"job\": \"leader\" }"},"stepLog":"22:25:35.764 classpath:frame\/Post.feature:19\nAnd request { \"name\": \"morpheus\",\"job\": \"leader\" }\n>> classpath:frame\/Post.feature:17\n>> karate-config.js failed\n>> js failed:\n>>>>\n01: ()\n<<<<\norg.graalvm.polyglot.PolyglotException: SyntaxError: Unnamed:1:2 Expected => but found eof\r\n()\r\n  ^\n\n- org.graalvm.polyglot.Context.eval(Context.java:425)\n- com.intuit.karate.graal.JsEngine.evalForValue(JsEngine.java:139)\n- com.intuit.karate.graal.JsEngine.eval(JsEngine.java:135)\n- com.intuit.karate.core.ScenarioEngine.evalJs(ScenarioEngine.java:1196)\n- com.intuit.karate.core.ScenarioRuntime.evalConfigJs(ScenarioRuntime.java:296)\n- com.intuit.karate.core.ScenarioRuntime.beforeRun(ScenarioRuntime.java:372)\n- com.intuit.karate.core.ScenarioRuntime.run(ScenarioRuntime.java:391)\n\njs failed:\n>>>>\n<<<<\ncom.intuit.karate.KarateException: js failed:\n>>>>\n01: ()\n<<<<\norg.graalvm.polyglot.PolyglotException: SyntaxError: Unnamed:1:2 Expected => but found eof\r\n()\r\n  ^\n\n- org.graalvm.polyglot.Context.eval(Context.java:425)\n- com.intuit.karate.graal.JsEngine.evalForValue(JsEngine.java:139)\n- com.intuit.karate.graal.JsEngine.eval(JsEngine.java:135)\n- com.intuit.karate.core.ScenarioEngine.evalJs(ScenarioEngine.java:1196)\n- com.intuit.karate.core.ScenarioRuntime.evalConfigJs(ScenarioRuntime.java:296)\n- com.intuit.karate.core.ScenarioRuntime.beforeRun(ScenarioRuntime.java:372)\n- com.intuit.karate.core.ScenarioRuntime.run(ScenarioRuntime.java:391)\n\n- com.intuit.karate.graal.JsEngine.fromJsEvalException(JsEngine.java:224)\n- com.intuit.karate.core.ScenarioEngine.evalJs(ScenarioEngine.java:1198)\n- com.intuit.karate.core.ScenarioRuntime.evalConfigJs(ScenarioRuntime.java:296)\n- com.intuit.karate.core.ScenarioRuntime.beforeRun(ScenarioRuntime.java:372)\n- com.intuit.karate.core.ScenarioRuntime.run(ScenarioRuntime.java:391)\n- com.intuit.karate.junit5.FeatureNode.lambda$next$1(FeatureNode.java:71)\n- org.junit.jupiter.engine.descriptor.DynamicTestTestDescriptor.lambda$execute$0(DynamicTestTestDescriptor.java:53)\n\nclasspath:frame\/Post.feature:18\nclasspath:frame\/Post.feature:19\n"},{"result":{"nanos":0,"errorMessage":">> classpath:frame\/Post.feature:17\n>> karate-config.js failed\n>> js failed:\n>>>>\n01: ()\n<<<<\norg.graalvm.polyglot.PolyglotException: SyntaxError: Unnamed:1:2 Expected => but found eof\r\n()\r\n  ^\n\n- org.graalvm.polyglot.Context.eval(Context.java:425)\n- com.intuit.karate.graal.JsEngine.evalForValue(JsEngine.java:139)\n- com.intuit.karate.graal.JsEngine.eval(JsEngine.java:135)\n- com.intuit.karate.core.ScenarioEngine.evalJs(ScenarioEngine.java:1196)\n- com.intuit.karate.core.ScenarioRuntime.evalConfigJs(ScenarioRuntime.java:296)\n- com.intuit.karate.core.ScenarioRuntime.beforeRun(ScenarioRuntime.java:372)\n- com.intuit.karate.core.ScenarioRuntime.run(ScenarioRuntime.java:391)\n\njs failed:\n>>>>\n<<<<\ncom.intuit.karate.KarateException: js failed:\n>>>>\n01: ()\n<<<<\norg.graalvm.polyglot.PolyglotException: SyntaxError: Unnamed:1:2 Expected => but found eof\r\n()\r\n  ^\n\n- org.graalvm.polyglot.Context.eval(Context.java:425)\n- com.intuit.karate.graal.JsEngine.evalForValue(JsEngine.java:139)\n- com.intuit.karate.graal.JsEngine.eval(JsEngine.java:135)\n- com.intuit.karate.core.ScenarioEngine.evalJs(ScenarioEngine.java:1196)\n- com.intuit.karate.core.ScenarioRuntime.evalConfigJs(ScenarioRuntime.java:296)\n- com.intuit.karate.core.ScenarioRuntime.beforeRun(ScenarioRuntime.java:372)\n- com.intuit.karate.core.ScenarioRuntime.run(ScenarioRuntime.java:391)\n\n- com.intuit.karate.graal.JsEngine.fromJsEvalException(JsEngine.java:224)\n- com.intuit.karate.core.ScenarioEngine.evalJs(ScenarioEngine.java:1198)\n- com.intuit.karate.core.ScenarioRuntime.evalConfigJs(ScenarioRuntime.java:296)\n- com.intuit.karate.core.ScenarioRuntime.beforeRun(ScenarioRuntime.java:372)\n- com.intuit.karate.core.ScenarioRuntime.run(ScenarioRuntime.java:391)\n- com.intuit.karate.junit5.FeatureNode.lambda$next$1(FeatureNode.java:71)\n- org.junit.jupiter.engine.descriptor.DynamicTestTestDescriptor.lambda$execute$0(DynamicTestTestDescriptor.java:53)\n\nclasspath:frame\/Post.feature:18\nclasspath:frame\/Post.feature:19\nclasspath:frame\/Post.feature:20","millis":0.0,"status":"failed"},"step":{"line":20,"prefix":"When","index":2,"text":"method POST"},"stepLog":"22:25:35.764 classpath:frame\/Post.feature:20\nWhen method POST\n>> classpath:frame\/Post.feature:17\n>> karate-config.js failed\n>> js failed:\n>>>>\n01: ()\n<<<<\norg.graalvm.polyglot.PolyglotException: SyntaxError: Unnamed:1:2 Expected => but found eof\r\n()\r\n  ^\n\n- org.graalvm.polyglot.Context.eval(Context.java:425)\n- com.intuit.karate.graal.JsEngine.evalForValue(JsEngine.java:139)\n- com.intuit.karate.graal.JsEngine.eval(JsEngine.java:135)\n- com.intuit.karate.core.ScenarioEngine.evalJs(ScenarioEngine.java:1196)\n- com.intuit.karate.core.ScenarioRuntime.evalConfigJs(ScenarioRuntime.java:296)\n- com.intuit.karate.core.ScenarioRuntime.beforeRun(ScenarioRuntime.java:372)\n- com.intuit.karate.core.ScenarioRuntime.run(ScenarioRuntime.java:391)\n\njs failed:\n>>>>\n<<<<\ncom.intuit.karate.KarateException: js failed:\n>>>>\n01: ()\n<<<<\norg.graalvm.polyglot.PolyglotException: SyntaxError: Unnamed:1:2 Expected => but found eof\r\n()\r\n  ^\n\n- org.graalvm.polyglot.Context.eval(Context.java:425)\n- com.intuit.karate.graal.JsEngine.evalForValue(JsEngine.java:139)\n- com.intuit.karate.graal.JsEngine.eval(JsEngine.java:135)\n- com.intuit.karate.core.ScenarioEngine.evalJs(ScenarioEngine.java:1196)\n- com.intuit.karate.core.ScenarioRuntime.evalConfigJs(ScenarioRuntime.java:296)\n- com.intuit.karate.core.ScenarioRuntime.beforeRun(ScenarioRuntime.java:372)\n- com.intuit.karate.core.ScenarioRuntime.run(ScenarioRuntime.java:391)\n\n- com.intuit.karate.graal.JsEngine.fromJsEvalException(JsEngine.java:224)\n- com.intuit.karate.core.ScenarioEngine.evalJs(ScenarioEngine.java:1198)\n- com.intuit.karate.core.ScenarioRuntime.evalConfigJs(ScenarioRuntime.java:296)\n- com.intuit.karate.core.ScenarioRuntime.beforeRun(ScenarioRuntime.java:372)\n- com.intuit.karate.core.ScenarioRuntime.run(ScenarioRuntime.java:391)\n- com.intuit.karate.junit5.FeatureNode.lambda$next$1(FeatureNode.java:71)\n- org.junit.jupiter.engine.descriptor.DynamicTestTestDescriptor.lambda$execute$0(DynamicTestTestDescriptor.java:53)\n\nclasspath:frame\/Post.feature:18\nclasspath:frame\/Post.feature:19\nclasspath:frame\/Post.feature:20\n"},{"result":{"nanos":0,"errorMessage":">> classpath:frame\/Post.feature:17\n>> karate-config.js failed\n>> js failed:\n>>>>\n01: ()\n<<<<\norg.graalvm.polyglot.PolyglotException: SyntaxError: Unnamed:1:2 Expected => but found eof\r\n()\r\n  ^\n\n- org.graalvm.polyglot.Context.eval(Context.java:425)\n- com.intuit.karate.graal.JsEngine.evalForValue(JsEngine.java:139)\n- com.intuit.karate.graal.JsEngine.eval(JsEngine.java:135)\n- com.intuit.karate.core.ScenarioEngine.evalJs(ScenarioEngine.java:1196)\n- com.intuit.karate.core.ScenarioRuntime.evalConfigJs(ScenarioRuntime.java:296)\n- com.intuit.karate.core.ScenarioRuntime.beforeRun(ScenarioRuntime.java:372)\n- com.intuit.karate.core.ScenarioRuntime.run(ScenarioRuntime.java:391)\n\njs failed:\n>>>>\n<<<<\ncom.intuit.karate.KarateException: js failed:\n>>>>\n01: ()\n<<<<\norg.graalvm.polyglot.PolyglotException: SyntaxError: Unnamed:1:2 Expected => but found eof\r\n()\r\n  ^\n\n- org.graalvm.polyglot.Context.eval(Context.java:425)\n- com.intuit.karate.graal.JsEngine.evalForValue(JsEngine.java:139)\n- com.intuit.karate.graal.JsEngine.eval(JsEngine.java:135)\n- com.intuit.karate.core.ScenarioEngine.evalJs(ScenarioEngine.java:1196)\n- com.intuit.karate.core.ScenarioRuntime.evalConfigJs(ScenarioRuntime.java:296)\n- com.intuit.karate.core.ScenarioRuntime.beforeRun(ScenarioRuntime.java:372)\n- com.intuit.karate.core.ScenarioRuntime.run(ScenarioRuntime.java:391)\n\n- com.intuit.karate.graal.JsEngine.fromJsEvalException(JsEngine.java:224)\n- com.intuit.karate.core.ScenarioEngine.evalJs(ScenarioEngine.java:1198)\n- com.intuit.karate.core.ScenarioRuntime.evalConfigJs(ScenarioRuntime.java:296)\n- com.intuit.karate.core.ScenarioRuntime.beforeRun(ScenarioRuntime.java:372)\n- com.intuit.karate.core.ScenarioRuntime.run(ScenarioRuntime.java:391)\n- com.intuit.karate.junit5.FeatureNode.lambda$next$1(FeatureNode.java:71)\n- org.junit.jupiter.engine.descriptor.DynamicTestTestDescriptor.lambda$execute$0(DynamicTestTestDescriptor.java:53)\n\nclasspath:frame\/Post.feature:18\nclasspath:frame\/Post.feature:19\nclasspath:frame\/Post.feature:20\nclasspath:frame\/Post.feature:21","millis":0.0,"status":"failed"},"step":{"line":21,"prefix":"Then","index":3,"text":"status 201"},"stepLog":"22:25:35.764 classpath:frame\/Post.feature:21\nThen status 201\n>> classpath:frame\/Post.feature:17\n>> karate-config.js failed\n>> js failed:\n>>>>\n01: ()\n<<<<\norg.graalvm.polyglot.PolyglotException: SyntaxError: Unnamed:1:2 Expected => but found eof\r\n()\r\n  ^\n\n- org.graalvm.polyglot.Context.eval(Context.java:425)\n- com.intuit.karate.graal.JsEngine.evalForValue(JsEngine.java:139)\n- com.intuit.karate.graal.JsEngine.eval(JsEngine.java:135)\n- com.intuit.karate.core.ScenarioEngine.evalJs(ScenarioEngine.java:1196)\n- com.intuit.karate.core.ScenarioRuntime.evalConfigJs(ScenarioRuntime.java:296)\n- com.intuit.karate.core.ScenarioRuntime.beforeRun(ScenarioRuntime.java:372)\n- com.intuit.karate.core.ScenarioRuntime.run(ScenarioRuntime.java:391)\n\njs failed:\n>>>>\n<<<<\ncom.intuit.karate.KarateException: js failed:\n>>>>\n01: ()\n<<<<\norg.graalvm.polyglot.PolyglotException: SyntaxError: Unnamed:1:2 Expected => but found eof\r\n()\r\n  ^\n\n- org.graalvm.polyglot.Context.eval(Context.java:425)\n- com.intuit.karate.graal.JsEngine.evalForValue(JsEngine.java:139)\n- com.intuit.karate.graal.JsEngine.eval(JsEngine.java:135)\n- com.intuit.karate.core.ScenarioEngine.evalJs(ScenarioEngine.java:1196)\n- com.intuit.karate.core.ScenarioRuntime.evalConfigJs(ScenarioRuntime.java:296)\n- com.intuit.karate.core.ScenarioRuntime.beforeRun(ScenarioRuntime.java:372)\n- com.intuit.karate.core.ScenarioRuntime.run(ScenarioRuntime.java:391)\n\n- com.intuit.karate.graal.JsEngine.fromJsEvalException(JsEngine.java:224)\n- com.intuit.karate.core.ScenarioEngine.evalJs(ScenarioEngine.java:1198)\n- com.intuit.karate.core.ScenarioRuntime.evalConfigJs(ScenarioRuntime.java:296)\n- com.intuit.karate.core.ScenarioRuntime.beforeRun(ScenarioRuntime.java:372)\n- com.intuit.karate.core.ScenarioRuntime.run(ScenarioRuntime.java:391)\n- com.intuit.karate.junit5.FeatureNode.lambda$next$1(FeatureNode.java:71)\n- org.junit.jupiter.engine.descriptor.DynamicTestTestDescriptor.lambda$execute$0(DynamicTestTestDescriptor.java:53)\n\nclasspath:frame\/Post.feature:18\nclasspath:frame\/Post.feature:19\nclasspath:frame\/Post.feature:20\nclasspath:frame\/Post.feature:21\n"},{"result":{"nanos":0,"errorMessage":">> classpath:frame\/Post.feature:17\n>> karate-config.js failed\n>> js failed:\n>>>>\n01: ()\n<<<<\norg.graalvm.polyglot.PolyglotException: SyntaxError: Unnamed:1:2 Expected => but found eof\r\n()\r\n  ^\n\n- org.graalvm.polyglot.Context.eval(Context.java:425)\n- com.intuit.karate.graal.JsEngine.evalForValue(JsEngine.java:139)\n- com.intuit.karate.graal.JsEngine.eval(JsEngine.java:135)\n- com.intuit.karate.core.ScenarioEngine.evalJs(ScenarioEngine.java:1196)\n- com.intuit.karate.core.ScenarioRuntime.evalConfigJs(ScenarioRuntime.java:296)\n- com.intuit.karate.core.ScenarioRuntime.beforeRun(ScenarioRuntime.java:372)\n- com.intuit.karate.core.ScenarioRuntime.run(ScenarioRuntime.java:391)\n\njs failed:\n>>>>\n<<<<\ncom.intuit.karate.KarateException: js failed:\n>>>>\n01: ()\n<<<<\norg.graalvm.polyglot.PolyglotException: SyntaxError: Unnamed:1:2 Expected => but found eof\r\n()\r\n  ^\n\n- org.graalvm.polyglot.Context.eval(Context.java:425)\n- com.intuit.karate.graal.JsEngine.evalForValue(JsEngine.java:139)\n- com.intuit.karate.graal.JsEngine.eval(JsEngine.java:135)\n- com.intuit.karate.core.ScenarioEngine.evalJs(ScenarioEngine.java:1196)\n- com.intuit.karate.core.ScenarioRuntime.evalConfigJs(ScenarioRuntime.java:296)\n- com.intuit.karate.core.ScenarioRuntime.beforeRun(ScenarioRuntime.java:372)\n- com.intuit.karate.core.ScenarioRuntime.run(ScenarioRuntime.java:391)\n\n- com.intuit.karate.graal.JsEngine.fromJsEvalException(JsEngine.java:224)\n- com.intuit.karate.core.ScenarioEngine.evalJs(ScenarioEngine.java:1198)\n- com.intuit.karate.core.ScenarioRuntime.evalConfigJs(ScenarioRuntime.java:296)\n- com.intuit.karate.core.ScenarioRuntime.beforeRun(ScenarioRuntime.java:372)\n- com.intuit.karate.core.ScenarioRuntime.run(ScenarioRuntime.java:391)\n- com.intuit.karate.junit5.FeatureNode.lambda$next$1(FeatureNode.java:71)\n- org.junit.jupiter.engine.descriptor.DynamicTestTestDescriptor.lambda$execute$0(DynamicTestTestDescriptor.java:53)\n\nclasspath:frame\/Post.feature:18\nclasspath:frame\/Post.feature:19\nclasspath:frame\/Post.feature:20\nclasspath:frame\/Post.feature:21\nclasspath:frame\/Post.feature:22","millis":0.0,"status":"failed"},"step":{"line":22,"prefix":"And","index":4,"text":"print response"},"stepLog":"22:25:35.764 classpath:frame\/Post.feature:22\nAnd print response\n>> classpath:frame\/Post.feature:17\n>> karate-config.js failed\n>> js failed:\n>>>>\n01: ()\n<<<<\norg.graalvm.polyglot.PolyglotException: SyntaxError: Unnamed:1:2 Expected => but found eof\r\n()\r\n  ^\n\n- org.graalvm.polyglot.Context.eval(Context.java:425)\n- com.intuit.karate.graal.JsEngine.evalForValue(JsEngine.java:139)\n- com.intuit.karate.graal.JsEngine.eval(JsEngine.java:135)\n- com.intuit.karate.core.ScenarioEngine.evalJs(ScenarioEngine.java:1196)\n- com.intuit.karate.core.ScenarioRuntime.evalConfigJs(ScenarioRuntime.java:296)\n- com.intuit.karate.core.ScenarioRuntime.beforeRun(ScenarioRuntime.java:372)\n- com.intuit.karate.core.ScenarioRuntime.run(ScenarioRuntime.java:391)\n\njs failed:\n>>>>\n<<<<\ncom.intuit.karate.KarateException: js failed:\n>>>>\n01: ()\n<<<<\norg.graalvm.polyglot.PolyglotException: SyntaxError: Unnamed:1:2 Expected => but found eof\r\n()\r\n  ^\n\n- org.graalvm.polyglot.Context.eval(Context.java:425)\n- com.intuit.karate.graal.JsEngine.evalForValue(JsEngine.java:139)\n- com.intuit.karate.graal.JsEngine.eval(JsEngine.java:135)\n- com.intuit.karate.core.ScenarioEngine.evalJs(ScenarioEngine.java:1196)\n- com.intuit.karate.core.ScenarioRuntime.evalConfigJs(ScenarioRuntime.java:296)\n- com.intuit.karate.core.ScenarioRuntime.beforeRun(ScenarioRuntime.java:372)\n- com.intuit.karate.core.ScenarioRuntime.run(ScenarioRuntime.java:391)\n\n- com.intuit.karate.graal.JsEngine.fromJsEvalException(JsEngine.java:224)\n- com.intuit.karate.core.ScenarioEngine.evalJs(ScenarioEngine.java:1198)\n- com.intuit.karate.core.ScenarioRuntime.evalConfigJs(ScenarioRuntime.java:296)\n- com.intuit.karate.core.ScenarioRuntime.beforeRun(ScenarioRuntime.java:372)\n- com.intuit.karate.core.ScenarioRuntime.run(ScenarioRuntime.java:391)\n- com.intuit.karate.junit5.FeatureNode.lambda$next$1(FeatureNode.java:71)\n- org.junit.jupiter.engine.descriptor.DynamicTestTestDescriptor.lambda$execute$0(DynamicTestTestDescriptor.java:53)\n\nclasspath:frame\/Post.feature:18\nclasspath:frame\/Post.feature:19\nclasspath:frame\/Post.feature:20\nclasspath:frame\/Post.feature:21\nclasspath:frame\/Post.feature:22\n"},{"result":{"nanos":0,"errorMessage":">> classpath:frame\/Post.feature:17\n>> karate-config.js failed\n>> js failed:\n>>>>\n01: ()\n<<<<\norg.graalvm.polyglot.PolyglotException: SyntaxError: Unnamed:1:2 Expected => but found eof\r\n()\r\n  ^\n\n- org.graalvm.polyglot.Context.eval(Context.java:425)\n- com.intuit.karate.graal.JsEngine.evalForValue(JsEngine.java:139)\n- com.intuit.karate.graal.JsEngine.eval(JsEngine.java:135)\n- com.intuit.karate.core.ScenarioEngine.evalJs(ScenarioEngine.java:1196)\n- com.intuit.karate.core.ScenarioRuntime.evalConfigJs(ScenarioRuntime.java:296)\n- com.intuit.karate.core.ScenarioRuntime.beforeRun(ScenarioRuntime.java:372)\n- com.intuit.karate.core.ScenarioRuntime.run(ScenarioRuntime.java:391)\n\njs failed:\n>>>>\n<<<<\ncom.intuit.karate.KarateException: js failed:\n>>>>\n01: ()\n<<<<\norg.graalvm.polyglot.PolyglotException: SyntaxError: Unnamed:1:2 Expected => but found eof\r\n()\r\n  ^\n\n- org.graalvm.polyglot.Context.eval(Context.java:425)\n- com.intuit.karate.graal.JsEngine.evalForValue(JsEngine.java:139)\n- com.intuit.karate.graal.JsEngine.eval(JsEngine.java:135)\n- com.intuit.karate.core.ScenarioEngine.evalJs(ScenarioEngine.java:1196)\n- com.intuit.karate.core.ScenarioRuntime.evalConfigJs(ScenarioRuntime.java:296)\n- com.intuit.karate.core.ScenarioRuntime.beforeRun(ScenarioRuntime.java:372)\n- com.intuit.karate.core.ScenarioRuntime.run(ScenarioRuntime.java:391)\n\n- com.intuit.karate.graal.JsEngine.fromJsEvalException(JsEngine.java:224)\n- com.intuit.karate.core.ScenarioEngine.evalJs(ScenarioEngine.java:1198)\n- com.intuit.karate.core.ScenarioRuntime.evalConfigJs(ScenarioRuntime.java:296)\n- com.intuit.karate.core.ScenarioRuntime.beforeRun(ScenarioRuntime.java:372)\n- com.intuit.karate.core.ScenarioRuntime.run(ScenarioRuntime.java:391)\n- com.intuit.karate.junit5.FeatureNode.lambda$next$1(FeatureNode.java:71)\n- org.junit.jupiter.engine.descriptor.DynamicTestTestDescriptor.lambda$execute$0(DynamicTestTestDescriptor.java:53)\n\nclasspath:frame\/Post.feature:18\nclasspath:frame\/Post.feature:19\nclasspath:frame\/Post.feature:20\nclasspath:frame\/Post.feature:21\nclasspath:frame\/Post.feature:22\nclasspath:frame\/Post.feature:23","millis":0.0,"status":"failed"},"step":{"line":23,"prefix":"And","index":5,"text":"match response == { \"name\": \"morpheus\",\"job\": \"leader\",\"id\": \"#string\",\"createdAt\": \"#ignore\"}"},"stepLog":"22:25:35.764 classpath:frame\/Post.feature:23\nAnd match response == { \"name\": \"morpheus\",\"job\": \"leader\",\"id\": \"#string\",\"createdAt\": \"#ignore\"}\n>> classpath:frame\/Post.feature:17\n>> karate-config.js failed\n>> js failed:\n>>>>\n01: ()\n<<<<\norg.graalvm.polyglot.PolyglotException: SyntaxError: Unnamed:1:2 Expected => but found eof\r\n()\r\n  ^\n\n- org.graalvm.polyglot.Context.eval(Context.java:425)\n- com.intuit.karate.graal.JsEngine.evalForValue(JsEngine.java:139)\n- com.intuit.karate.graal.JsEngine.eval(JsEngine.java:135)\n- com.intuit.karate.core.ScenarioEngine.evalJs(ScenarioEngine.java:1196)\n- com.intuit.karate.core.ScenarioRuntime.evalConfigJs(ScenarioRuntime.java:296)\n- com.intuit.karate.core.ScenarioRuntime.beforeRun(ScenarioRuntime.java:372)\n- com.intuit.karate.core.ScenarioRuntime.run(ScenarioRuntime.java:391)\n\njs failed:\n>>>>\n<<<<\ncom.intuit.karate.KarateException: js failed:\n>>>>\n01: ()\n<<<<\norg.graalvm.polyglot.PolyglotException: SyntaxError: Unnamed:1:2 Expected => but found eof\r\n()\r\n  ^\n\n- org.graalvm.polyglot.Context.eval(Context.java:425)\n- com.intuit.karate.graal.JsEngine.evalForValue(JsEngine.java:139)\n- com.intuit.karate.graal.JsEngine.eval(JsEngine.java:135)\n- com.intuit.karate.core.ScenarioEngine.evalJs(ScenarioEngine.java:1196)\n- com.intuit.karate.core.ScenarioRuntime.evalConfigJs(ScenarioRuntime.java:296)\n- com.intuit.karate.core.ScenarioRuntime.beforeRun(ScenarioRuntime.java:372)\n- com.intuit.karate.core.ScenarioRuntime.run(ScenarioRuntime.java:391)\n\n- com.intuit.karate.graal.JsEngine.fromJsEvalException(JsEngine.java:224)\n- com.intuit.karate.core.ScenarioEngine.evalJs(ScenarioEngine.java:1198)\n- com.intuit.karate.core.ScenarioRuntime.evalConfigJs(ScenarioRuntime.java:296)\n- com.intuit.karate.core.ScenarioRuntime.beforeRun(ScenarioRuntime.java:372)\n- com.intuit.karate.core.ScenarioRuntime.run(ScenarioRuntime.java:391)\n- com.intuit.karate.junit5.FeatureNode.lambda$next$1(FeatureNode.java:71)\n- org.junit.jupiter.engine.descriptor.DynamicTestTestDescriptor.lambda$execute$0(DynamicTestTestDescriptor.java:53)\n\nclasspath:frame\/Post.feature:18\nclasspath:frame\/Post.feature:19\nclasspath:frame\/Post.feature:20\nclasspath:frame\/Post.feature:21\nclasspath:frame\/Post.feature:22\nclasspath:frame\/Post.feature:23\n"}],"line":17,"description":"","durationMillis":0.0,"failed":true,"error":">> classpath:frame\/Post.feature:17\n>> karate-config.js failed\n>> js failed:\n>>>>\n01: ()\n<<<<\norg.graalvm.polyglot.PolyglotException: SyntaxError: Unnamed:1:2 Expected => but found eof\r\n()\r\n  ^\n\n- org.graalvm.polyglot.Context.eval(Context.java:425)\n- com.intuit.karate.graal.JsEngine.evalForValue(JsEngine.java:139)\n- com.intuit.karate.graal.JsEngine.eval(JsEngine.java:135)\n- com.intuit.karate.core.ScenarioEngine.evalJs(ScenarioEngine.java:1196)\n- com.intuit.karate.core.ScenarioRuntime.evalConfigJs(ScenarioRuntime.java:296)\n- com.intuit.karate.core.ScenarioRuntime.beforeRun(ScenarioRuntime.java:372)\n- com.intuit.karate.core.ScenarioRuntime.run(ScenarioRuntime.java:391)\n\njs failed:\n>>>>\n<<<<\ncom.intuit.karate.KarateException: js failed:\n>>>>\n01: ()\n<<<<\norg.graalvm.polyglot.PolyglotException: SyntaxError: Unnamed:1:2 Expected => but found eof\r\n()\r\n  ^\n\n- org.graalvm.polyglot.Context.eval(Context.java:425)\n- com.intuit.karate.graal.JsEngine.evalForValue(JsEngine.java:139)\n- com.intuit.karate.graal.JsEngine.eval(JsEngine.java:135)\n- com.intuit.karate.core.ScenarioEngine.evalJs(ScenarioEngine.java:1196)\n- com.intuit.karate.core.ScenarioRuntime.evalConfigJs(ScenarioRuntime.java:296)\n- com.intuit.karate.core.ScenarioRuntime.beforeRun(ScenarioRuntime.java:372)\n- com.intuit.karate.core.ScenarioRuntime.run(ScenarioRuntime.java:391)\n\n- com.intuit.karate.graal.JsEngine.fromJsEvalException(JsEngine.java:224)\n- com.intuit.karate.core.ScenarioEngine.evalJs(ScenarioEngine.java:1198)\n- com.intuit.karate.core.ScenarioRuntime.evalConfigJs(ScenarioRuntime.java:296)\n- com.intuit.karate.core.ScenarioRuntime.beforeRun(ScenarioRuntime.java:372)\n- com.intuit.karate.core.ScenarioRuntime.run(ScenarioRuntime.java:391)\n- com.intuit.karate.junit5.FeatureNode.lambda$next$1(FeatureNode.java:71)\n- org.junit.jupiter.engine.descriptor.DynamicTestTestDescriptor.lambda$execute$0(DynamicTestTestDescriptor.java:53)\n\nclasspath:frame\/Post.feature:18\nclasspath:frame\/Post.feature:19\nclasspath:frame\/Post.feature:20\nclasspath:frame\/Post.feature:21\nclasspath:frame\/Post.feature:22\nclasspath:frame\/Post.feature:23","executorName":"main","name":"DEMO 2","startTime":1707584135762,"refId":"[2:17]","endTime":1707584135764,"exampleIndex":-1},{"sectionIndex":2,"stepResults":[{"result":{"nanos":0,"errorMessage":">> classpath:frame\/Post.feature:25\n>> karate-config.js failed\n>> js failed:\n>>>>\n01: ()\n<<<<\norg.graalvm.polyglot.PolyglotException: SyntaxError: Unnamed:1:2 Expected => but found eof\r\n()\r\n  ^\n\n- org.graalvm.polyglot.Context.eval(Context.java:425)\n- com.intuit.karate.graal.JsEngine.evalForValue(JsEngine.java:139)\n- com.intuit.karate.graal.JsEngine.eval(JsEngine.java:135)\n- com.intuit.karate.core.ScenarioEngine.evalJs(ScenarioEngine.java:1196)\n- com.intuit.karate.core.ScenarioRuntime.evalConfigJs(ScenarioRuntime.java:296)\n- com.intuit.karate.core.ScenarioRuntime.beforeRun(ScenarioRuntime.java:372)\n- com.intuit.karate.core.ScenarioRuntime.run(ScenarioRuntime.java:391)\n\njs failed:\n>>>>\n<<<<\ncom.intuit.karate.KarateException: js failed:\n>>>>\n01: ()\n<<<<\norg.graalvm.polyglot.PolyglotException: SyntaxError: Unnamed:1:2 Expected => but found eof\r\n()\r\n  ^\n\n- org.graalvm.polyglot.Context.eval(Context.java:425)\n- com.intuit.karate.graal.JsEngine.evalForValue(JsEngine.java:139)\n- com.intuit.karate.graal.JsEngine.eval(JsEngine.java:135)\n- com.intuit.karate.core.ScenarioEngine.evalJs(ScenarioEngine.java:1196)\n- com.intuit.karate.core.ScenarioRuntime.evalConfigJs(ScenarioRuntime.java:296)\n- com.intuit.karate.core.ScenarioRuntime.beforeRun(ScenarioRuntime.java:372)\n- com.intuit.karate.core.ScenarioRuntime.run(ScenarioRuntime.java:391)\n\n- com.intuit.karate.graal.JsEngine.fromJsEvalException(JsEngine.java:224)\n- com.intuit.karate.core.ScenarioEngine.evalJs(ScenarioEngine.java:1198)\n- com.intuit.karate.core.ScenarioRuntime.evalConfigJs(ScenarioRuntime.java:296)\n- com.intuit.karate.core.ScenarioRuntime.beforeRun(ScenarioRuntime.java:372)\n- com.intuit.karate.core.ScenarioRuntime.run(ScenarioRuntime.java:391)\n- com.intuit.karate.junit5.FeatureNode.lambda$next$1(FeatureNode.java:71)\n- org.junit.jupiter.engine.descriptor.DynamicTestTestDescriptor.lambda$execute$0(DynamicTestTestDescriptor.java:53)\n\nclasspath:frame\/Post.feature:26","millis":0.0,"status":"failed"},"step":{"line":26,"prefix":"Given","index":0,"text":"url  'https:\/\/reqres.in\/api\/users'"},"stepLog":"22:25:35.777 classpath:frame\/Post.feature:26\nGiven url  'https:\/\/reqres.in\/api\/users'\n>> classpath:frame\/Post.feature:25\n>> karate-config.js failed\n>> js failed:\n>>>>\n01: ()\n<<<<\norg.graalvm.polyglot.PolyglotException: SyntaxError: Unnamed:1:2 Expected => but found eof\r\n()\r\n  ^\n\n- org.graalvm.polyglot.Context.eval(Context.java:425)\n- com.intuit.karate.graal.JsEngine.evalForValue(JsEngine.java:139)\n- com.intuit.karate.graal.JsEngine.eval(JsEngine.java:135)\n- com.intuit.karate.core.ScenarioEngine.evalJs(ScenarioEngine.java:1196)\n- com.intuit.karate.core.ScenarioRuntime.evalConfigJs(ScenarioRuntime.java:296)\n- com.intuit.karate.core.ScenarioRuntime.beforeRun(ScenarioRuntime.java:372)\n- com.intuit.karate.core.ScenarioRuntime.run(ScenarioRuntime.java:391)\n\njs failed:\n>>>>\n<<<<\ncom.intuit.karate.KarateException: js failed:\n>>>>\n01: ()\n<<<<\norg.graalvm.polyglot.PolyglotException: SyntaxError: Unnamed:1:2 Expected => but found eof\r\n()\r\n  ^\n\n- org.graalvm.polyglot.Context.eval(Context.java:425)\n- com.intuit.karate.graal.JsEngine.evalForValue(JsEngine.java:139)\n- com.intuit.karate.graal.JsEngine.eval(JsEngine.java:135)\n- com.intuit.karate.core.ScenarioEngine.evalJs(ScenarioEngine.java:1196)\n- com.intuit.karate.core.ScenarioRuntime.evalConfigJs(ScenarioRuntime.java:296)\n- com.intuit.karate.core.ScenarioRuntime.beforeRun(ScenarioRuntime.java:372)\n- com.intuit.karate.core.ScenarioRuntime.run(ScenarioRuntime.java:391)\n\n- com.intuit.karate.graal.JsEngine.fromJsEvalException(JsEngine.java:224)\n- com.intuit.karate.core.ScenarioEngine.evalJs(ScenarioEngine.java:1198)\n- com.intuit.karate.core.ScenarioRuntime.evalConfigJs(ScenarioRuntime.java:296)\n- com.intuit.karate.core.ScenarioRuntime.beforeRun(ScenarioRuntime.java:372)\n- com.intuit.karate.core.ScenarioRuntime.run(ScenarioRuntime.java:391)\n- com.intuit.karate.junit5.FeatureNode.lambda$next$1(FeatureNode.java:71)\n- org.junit.jupiter.engine.descriptor.DynamicTestTestDescriptor.lambda$execute$0(DynamicTestTestDescriptor.java:53)\n\nclasspath:frame\/Post.feature:26\n"},{"result":{"nanos":0,"errorMessage":">> classpath:frame\/Post.feature:25\n>> karate-config.js failed\n>> js failed:\n>>>>\n01: ()\n<<<<\norg.graalvm.polyglot.PolyglotException: SyntaxError: Unnamed:1:2 Expected => but found eof\r\n()\r\n  ^\n\n- org.graalvm.polyglot.Context.eval(Context.java:425)\n- com.intuit.karate.graal.JsEngine.evalForValue(JsEngine.java:139)\n- com.intuit.karate.graal.JsEngine.eval(JsEngine.java:135)\n- com.intuit.karate.core.ScenarioEngine.evalJs(ScenarioEngine.java:1196)\n- com.intuit.karate.core.ScenarioRuntime.evalConfigJs(ScenarioRuntime.java:296)\n- com.intuit.karate.core.ScenarioRuntime.beforeRun(ScenarioRuntime.java:372)\n- com.intuit.karate.core.ScenarioRuntime.run(ScenarioRuntime.java:391)\n\njs failed:\n>>>>\n<<<<\ncom.intuit.karate.KarateException: js failed:\n>>>>\n01: ()\n<<<<\norg.graalvm.polyglot.PolyglotException: SyntaxError: Unnamed:1:2 Expected => but found eof\r\n()\r\n  ^\n\n- org.graalvm.polyglot.Context.eval(Context.java:425)\n- com.intuit.karate.graal.JsEngine.evalForValue(JsEngine.java:139)\n- com.intuit.karate.graal.JsEngine.eval(JsEngine.java:135)\n- com.intuit.karate.core.ScenarioEngine.evalJs(ScenarioEngine.java:1196)\n- com.intuit.karate.core.ScenarioRuntime.evalConfigJs(ScenarioRuntime.java:296)\n- com.intuit.karate.core.ScenarioRuntime.beforeRun(ScenarioRuntime.java:372)\n- com.intuit.karate.core.ScenarioRuntime.run(ScenarioRuntime.java:391)\n\n- com.intuit.karate.graal.JsEngine.fromJsEvalException(JsEngine.java:224)\n- com.intuit.karate.core.ScenarioEngine.evalJs(ScenarioEngine.java:1198)\n- com.intuit.karate.core.ScenarioRuntime.evalConfigJs(ScenarioRuntime.java:296)\n- com.intuit.karate.core.ScenarioRuntime.beforeRun(ScenarioRuntime.java:372)\n- com.intuit.karate.core.ScenarioRuntime.run(ScenarioRuntime.java:391)\n- com.intuit.karate.junit5.FeatureNode.lambda$next$1(FeatureNode.java:71)\n- org.junit.jupiter.engine.descriptor.DynamicTestTestDescriptor.lambda$execute$0(DynamicTestTestDescriptor.java:53)\n\nclasspath:frame\/Post.feature:26\nclasspath:frame\/Post.feature:27","millis":0.0,"status":"failed"},"step":{"line":27,"prefix":"And","index":1,"text":"def  body = read(\"file.json\")"},"stepLog":"22:25:35.778 classpath:frame\/Post.feature:27\nAnd def  body = read(\"file.json\")\n>> classpath:frame\/Post.feature:25\n>> karate-config.js failed\n>> js failed:\n>>>>\n01: ()\n<<<<\norg.graalvm.polyglot.PolyglotException: SyntaxError: Unnamed:1:2 Expected => but found eof\r\n()\r\n  ^\n\n- org.graalvm.polyglot.Context.eval(Context.java:425)\n- com.intuit.karate.graal.JsEngine.evalForValue(JsEngine.java:139)\n- com.intuit.karate.graal.JsEngine.eval(JsEngine.java:135)\n- com.intuit.karate.core.ScenarioEngine.evalJs(ScenarioEngine.java:1196)\n- com.intuit.karate.core.ScenarioRuntime.evalConfigJs(ScenarioRuntime.java:296)\n- com.intuit.karate.core.ScenarioRuntime.beforeRun(ScenarioRuntime.java:372)\n- com.intuit.karate.core.ScenarioRuntime.run(ScenarioRuntime.java:391)\n\njs failed:\n>>>>\n<<<<\ncom.intuit.karate.KarateException: js failed:\n>>>>\n01: ()\n<<<<\norg.graalvm.polyglot.PolyglotException: SyntaxError: Unnamed:1:2 Expected => but found eof\r\n()\r\n  ^\n\n- org.graalvm.polyglot.Context.eval(Context.java:425)\n- com.intuit.karate.graal.JsEngine.evalForValue(JsEngine.java:139)\n- com.intuit.karate.graal.JsEngine.eval(JsEngine.java:135)\n- com.intuit.karate.core.ScenarioEngine.evalJs(ScenarioEngine.java:1196)\n- com.intuit.karate.core.ScenarioRuntime.evalConfigJs(ScenarioRuntime.java:296)\n- com.intuit.karate.core.ScenarioRuntime.beforeRun(ScenarioRuntime.java:372)\n- com.intuit.karate.core.ScenarioRuntime.run(ScenarioRuntime.java:391)\n\n- com.intuit.karate.graal.JsEngine.fromJsEvalException(JsEngine.java:224)\n- com.intuit.karate.core.ScenarioEngine.evalJs(ScenarioEngine.java:1198)\n- com.intuit.karate.core.ScenarioRuntime.evalConfigJs(ScenarioRuntime.java:296)\n- com.intuit.karate.core.ScenarioRuntime.beforeRun(ScenarioRuntime.java:372)\n- com.intuit.karate.core.ScenarioRuntime.run(ScenarioRuntime.java:391)\n- com.intuit.karate.junit5.FeatureNode.lambda$next$1(FeatureNode.java:71)\n- org.junit.jupiter.engine.descriptor.DynamicTestTestDescriptor.lambda$execute$0(DynamicTestTestDescriptor.java:53)\n\nclasspath:frame\/Post.feature:26\nclasspath:frame\/Post.feature:27\n"},{"result":{"nanos":0,"errorMessage":">> classpath:frame\/Post.feature:25\n>> karate-config.js failed\n>> js failed:\n>>>>\n01: ()\n<<<<\norg.graalvm.polyglot.PolyglotException: SyntaxError: Unnamed:1:2 Expected => but found eof\r\n()\r\n  ^\n\n- org.graalvm.polyglot.Context.eval(Context.java:425)\n- com.intuit.karate.graal.JsEngine.evalForValue(JsEngine.java:139)\n- com.intuit.karate.graal.JsEngine.eval(JsEngine.java:135)\n- com.intuit.karate.core.ScenarioEngine.evalJs(ScenarioEngine.java:1196)\n- com.intuit.karate.core.ScenarioRuntime.evalConfigJs(ScenarioRuntime.java:296)\n- com.intuit.karate.core.ScenarioRuntime.beforeRun(ScenarioRuntime.java:372)\n- com.intuit.karate.core.ScenarioRuntime.run(ScenarioRuntime.java:391)\n\njs failed:\n>>>>\n<<<<\ncom.intuit.karate.KarateException: js failed:\n>>>>\n01: ()\n<<<<\norg.graalvm.polyglot.PolyglotException: SyntaxError: Unnamed:1:2 Expected => but found eof\r\n()\r\n  ^\n\n- org.graalvm.polyglot.Context.eval(Context.java:425)\n- com.intuit.karate.graal.JsEngine.evalForValue(JsEngine.java:139)\n- com.intuit.karate.graal.JsEngine.eval(JsEngine.java:135)\n- com.intuit.karate.core.ScenarioEngine.evalJs(ScenarioEngine.java:1196)\n- com.intuit.karate.core.ScenarioRuntime.evalConfigJs(ScenarioRuntime.java:296)\n- com.intuit.karate.core.ScenarioRuntime.beforeRun(ScenarioRuntime.java:372)\n- com.intuit.karate.core.ScenarioRuntime.run(ScenarioRuntime.java:391)\n\n- com.intuit.karate.graal.JsEngine.fromJsEvalException(JsEngine.java:224)\n- com.intuit.karate.core.ScenarioEngine.evalJs(ScenarioEngine.java:1198)\n- com.intuit.karate.core.ScenarioRuntime.evalConfigJs(ScenarioRuntime.java:296)\n- com.intuit.karate.core.ScenarioRuntime.beforeRun(ScenarioRuntime.java:372)\n- com.intuit.karate.core.ScenarioRuntime.run(ScenarioRuntime.java:391)\n- com.intuit.karate.junit5.FeatureNode.lambda$next$1(FeatureNode.java:71)\n- org.junit.jupiter.engine.descriptor.DynamicTestTestDescriptor.lambda$execute$0(DynamicTestTestDescriptor.java:53)\n\nclasspath:frame\/Post.feature:26\nclasspath:frame\/Post.feature:27\nclasspath:frame\/Post.feature:28","millis":0.0,"status":"failed"},"step":{"line":28,"prefix":"And","index":2,"text":"request body"},"stepLog":"22:25:35.778 classpath:frame\/Post.feature:28\nAnd request body\n>> classpath:frame\/Post.feature:25\n>> karate-config.js failed\n>> js failed:\n>>>>\n01: ()\n<<<<\norg.graalvm.polyglot.PolyglotException: SyntaxError: Unnamed:1:2 Expected => but found eof\r\n()\r\n  ^\n\n- org.graalvm.polyglot.Context.eval(Context.java:425)\n- com.intuit.karate.graal.JsEngine.evalForValue(JsEngine.java:139)\n- com.intuit.karate.graal.JsEngine.eval(JsEngine.java:135)\n- com.intuit.karate.core.ScenarioEngine.evalJs(ScenarioEngine.java:1196)\n- com.intuit.karate.core.ScenarioRuntime.evalConfigJs(ScenarioRuntime.java:296)\n- com.intuit.karate.core.ScenarioRuntime.beforeRun(ScenarioRuntime.java:372)\n- com.intuit.karate.core.ScenarioRuntime.run(ScenarioRuntime.java:391)\n\njs failed:\n>>>>\n<<<<\ncom.intuit.karate.KarateException: js failed:\n>>>>\n01: ()\n<<<<\norg.graalvm.polyglot.PolyglotException: SyntaxError: Unnamed:1:2 Expected => but found eof\r\n()\r\n  ^\n\n- org.graalvm.polyglot.Context.eval(Context.java:425)\n- com.intuit.karate.graal.JsEngine.evalForValue(JsEngine.java:139)\n- com.intuit.karate.graal.JsEngine.eval(JsEngine.java:135)\n- com.intuit.karate.core.ScenarioEngine.evalJs(ScenarioEngine.java:1196)\n- com.intuit.karate.core.ScenarioRuntime.evalConfigJs(ScenarioRuntime.java:296)\n- com.intuit.karate.core.ScenarioRuntime.beforeRun(ScenarioRuntime.java:372)\n- com.intuit.karate.core.ScenarioRuntime.run(ScenarioRuntime.java:391)\n\n- com.intuit.karate.graal.JsEngine.fromJsEvalException(JsEngine.java:224)\n- com.intuit.karate.core.ScenarioEngine.evalJs(ScenarioEngine.java:1198)\n- com.intuit.karate.core.ScenarioRuntime.evalConfigJs(ScenarioRuntime.java:296)\n- com.intuit.karate.core.ScenarioRuntime.beforeRun(ScenarioRuntime.java:372)\n- com.intuit.karate.core.ScenarioRuntime.run(ScenarioRuntime.java:391)\n- com.intuit.karate.junit5.FeatureNode.lambda$next$1(FeatureNode.java:71)\n- org.junit.jupiter.engine.descriptor.DynamicTestTestDescriptor.lambda$execute$0(DynamicTestTestDescriptor.java:53)\n\nclasspath:frame\/Post.feature:26\nclasspath:frame\/Post.feature:27\nclasspath:frame\/Post.feature:28\n"},{"result":{"nanos":0,"errorMessage":">> classpath:frame\/Post.feature:25\n>> karate-config.js failed\n>> js failed:\n>>>>\n01: ()\n<<<<\norg.graalvm.polyglot.PolyglotException: SyntaxError: Unnamed:1:2 Expected => but found eof\r\n()\r\n  ^\n\n- org.graalvm.polyglot.Context.eval(Context.java:425)\n- com.intuit.karate.graal.JsEngine.evalForValue(JsEngine.java:139)\n- com.intuit.karate.graal.JsEngine.eval(JsEngine.java:135)\n- com.intuit.karate.core.ScenarioEngine.evalJs(ScenarioEngine.java:1196)\n- com.intuit.karate.core.ScenarioRuntime.evalConfigJs(ScenarioRuntime.java:296)\n- com.intuit.karate.core.ScenarioRuntime.beforeRun(ScenarioRuntime.java:372)\n- com.intuit.karate.core.ScenarioRuntime.run(ScenarioRuntime.java:391)\n\njs failed:\n>>>>\n<<<<\ncom.intuit.karate.KarateException: js failed:\n>>>>\n01: ()\n<<<<\norg.graalvm.polyglot.PolyglotException: SyntaxError: Unnamed:1:2 Expected => but found eof\r\n()\r\n  ^\n\n- org.graalvm.polyglot.Context.eval(Context.java:425)\n- com.intuit.karate.graal.JsEngine.evalForValue(JsEngine.java:139)\n- com.intuit.karate.graal.JsEngine.eval(JsEngine.java:135)\n- com.intuit.karate.core.ScenarioEngine.evalJs(ScenarioEngine.java:1196)\n- com.intuit.karate.core.ScenarioRuntime.evalConfigJs(ScenarioRuntime.java:296)\n- com.intuit.karate.core.ScenarioRuntime.beforeRun(ScenarioRuntime.java:372)\n- com.intuit.karate.core.ScenarioRuntime.run(ScenarioRuntime.java:391)\n\n- com.intuit.karate.graal.JsEngine.fromJsEvalException(JsEngine.java:224)\n- com.intuit.karate.core.ScenarioEngine.evalJs(ScenarioEngine.java:1198)\n- com.intuit.karate.core.ScenarioRuntime.evalConfigJs(ScenarioRuntime.java:296)\n- com.intuit.karate.core.ScenarioRuntime.beforeRun(ScenarioRuntime.java:372)\n- com.intuit.karate.core.ScenarioRuntime.run(ScenarioRuntime.java:391)\n- com.intuit.karate.junit5.FeatureNode.lambda$next$1(FeatureNode.java:71)\n- org.junit.jupiter.engine.descriptor.DynamicTestTestDescriptor.lambda$execute$0(DynamicTestTestDescriptor.java:53)\n\nclasspath:frame\/Post.feature:26\nclasspath:frame\/Post.feature:27\nclasspath:frame\/Post.feature:28\nclasspath:frame\/Post.feature:29","millis":0.0,"status":"failed"},"step":{"line":29,"prefix":"When","index":3,"text":"method POST"},"stepLog":"22:25:35.778 classpath:frame\/Post.feature:29\nWhen method POST\n>> classpath:frame\/Post.feature:25\n>> karate-config.js failed\n>> js failed:\n>>>>\n01: ()\n<<<<\norg.graalvm.polyglot.PolyglotException: SyntaxError: Unnamed:1:2 Expected => but found eof\r\n()\r\n  ^\n\n- org.graalvm.polyglot.Context.eval(Context.java:425)\n- com.intuit.karate.graal.JsEngine.evalForValue(JsEngine.java:139)\n- com.intuit.karate.graal.JsEngine.eval(JsEngine.java:135)\n- com.intuit.karate.core.ScenarioEngine.evalJs(ScenarioEngine.java:1196)\n- com.intuit.karate.core.ScenarioRuntime.evalConfigJs(ScenarioRuntime.java:296)\n- com.intuit.karate.core.ScenarioRuntime.beforeRun(ScenarioRuntime.java:372)\n- com.intuit.karate.core.ScenarioRuntime.run(ScenarioRuntime.java:391)\n\njs failed:\n>>>>\n<<<<\ncom.intuit.karate.KarateException: js failed:\n>>>>\n01: ()\n<<<<\norg.graalvm.polyglot.PolyglotException: SyntaxError: Unnamed:1:2 Expected => but found eof\r\n()\r\n  ^\n\n- org.graalvm.polyglot.Context.eval(Context.java:425)\n- com.intuit.karate.graal.JsEngine.evalForValue(JsEngine.java:139)\n- com.intuit.karate.graal.JsEngine.eval(JsEngine.java:135)\n- com.intuit.karate.core.ScenarioEngine.evalJs(ScenarioEngine.java:1196)\n- com.intuit.karate.core.ScenarioRuntime.evalConfigJs(ScenarioRuntime.java:296)\n- com.intuit.karate.core.ScenarioRuntime.beforeRun(ScenarioRuntime.java:372)\n- com.intuit.karate.core.ScenarioRuntime.run(ScenarioRuntime.java:391)\n\n- com.intuit.karate.graal.JsEngine.fromJsEvalException(JsEngine.java:224)\n- com.intuit.karate.core.ScenarioEngine.evalJs(ScenarioEngine.java:1198)\n- com.intuit.karate.core.ScenarioRuntime.evalConfigJs(ScenarioRuntime.java:296)\n- com.intuit.karate.core.ScenarioRuntime.beforeRun(ScenarioRuntime.java:372)\n- com.intuit.karate.core.ScenarioRuntime.run(ScenarioRuntime.java:391)\n- com.intuit.karate.junit5.FeatureNode.lambda$next$1(FeatureNode.java:71)\n- org.junit.jupiter.engine.descriptor.DynamicTestTestDescriptor.lambda$execute$0(DynamicTestTestDescriptor.java:53)\n\nclasspath:frame\/Post.feature:26\nclasspath:frame\/Post.feature:27\nclasspath:frame\/Post.feature:28\nclasspath:frame\/Post.feature:29\n"},{"result":{"nanos":0,"errorMessage":">> classpath:frame\/Post.feature:25\n>> karate-config.js failed\n>> js failed:\n>>>>\n01: ()\n<<<<\norg.graalvm.polyglot.PolyglotException: SyntaxError: Unnamed:1:2 Expected => but found eof\r\n()\r\n  ^\n\n- org.graalvm.polyglot.Context.eval(Context.java:425)\n- com.intuit.karate.graal.JsEngine.evalForValue(JsEngine.java:139)\n- com.intuit.karate.graal.JsEngine.eval(JsEngine.java:135)\n- com.intuit.karate.core.ScenarioEngine.evalJs(ScenarioEngine.java:1196)\n- com.intuit.karate.core.ScenarioRuntime.evalConfigJs(ScenarioRuntime.java:296)\n- com.intuit.karate.core.ScenarioRuntime.beforeRun(ScenarioRuntime.java:372)\n- com.intuit.karate.core.ScenarioRuntime.run(ScenarioRuntime.java:391)\n\njs failed:\n>>>>\n<<<<\ncom.intuit.karate.KarateException: js failed:\n>>>>\n01: ()\n<<<<\norg.graalvm.polyglot.PolyglotException: SyntaxError: Unnamed:1:2 Expected => but found eof\r\n()\r\n  ^\n\n- org.graalvm.polyglot.Context.eval(Context.java:425)\n- com.intuit.karate.graal.JsEngine.evalForValue(JsEngine.java:139)\n- com.intuit.karate.graal.JsEngine.eval(JsEngine.java:135)\n- com.intuit.karate.core.ScenarioEngine.evalJs(ScenarioEngine.java:1196)\n- com.intuit.karate.core.ScenarioRuntime.evalConfigJs(ScenarioRuntime.java:296)\n- com.intuit.karate.core.ScenarioRuntime.beforeRun(ScenarioRuntime.java:372)\n- com.intuit.karate.core.ScenarioRuntime.run(ScenarioRuntime.java:391)\n\n- com.intuit.karate.graal.JsEngine.fromJsEvalException(JsEngine.java:224)\n- com.intuit.karate.core.ScenarioEngine.evalJs(ScenarioEngine.java:1198)\n- com.intuit.karate.core.ScenarioRuntime.evalConfigJs(ScenarioRuntime.java:296)\n- com.intuit.karate.core.ScenarioRuntime.beforeRun(ScenarioRuntime.java:372)\n- com.intuit.karate.core.ScenarioRuntime.run(ScenarioRuntime.java:391)\n- com.intuit.karate.junit5.FeatureNode.lambda$next$1(FeatureNode.java:71)\n- org.junit.jupiter.engine.descriptor.DynamicTestTestDescriptor.lambda$execute$0(DynamicTestTestDescriptor.java:53)\n\nclasspath:frame\/Post.feature:26\nclasspath:frame\/Post.feature:27\nclasspath:frame\/Post.feature:28\nclasspath:frame\/Post.feature:29\nclasspath:frame\/Post.feature:30","millis":0.0,"status":"failed"},"step":{"line":30,"prefix":"Then","index":4,"text":"status 201"},"stepLog":"22:25:35.778 classpath:frame\/Post.feature:30\nThen status 201\n>> classpath:frame\/Post.feature:25\n>> karate-config.js failed\n>> js failed:\n>>>>\n01: ()\n<<<<\norg.graalvm.polyglot.PolyglotException: SyntaxError: Unnamed:1:2 Expected => but found eof\r\n()\r\n  ^\n\n- org.graalvm.polyglot.Context.eval(Context.java:425)\n- com.intuit.karate.graal.JsEngine.evalForValue(JsEngine.java:139)\n- com.intuit.karate.graal.JsEngine.eval(JsEngine.java:135)\n- com.intuit.karate.core.ScenarioEngine.evalJs(ScenarioEngine.java:1196)\n- com.intuit.karate.core.ScenarioRuntime.evalConfigJs(ScenarioRuntime.java:296)\n- com.intuit.karate.core.ScenarioRuntime.beforeRun(ScenarioRuntime.java:372)\n- com.intuit.karate.core.ScenarioRuntime.run(ScenarioRuntime.java:391)\n\njs failed:\n>>>>\n<<<<\ncom.intuit.karate.KarateException: js failed:\n>>>>\n01: ()\n<<<<\norg.graalvm.polyglot.PolyglotException: SyntaxError: Unnamed:1:2 Expected => but found eof\r\n()\r\n  ^\n\n- org.graalvm.polyglot.Context.eval(Context.java:425)\n- com.intuit.karate.graal.JsEngine.evalForValue(JsEngine.java:139)\n- com.intuit.karate.graal.JsEngine.eval(JsEngine.java:135)\n- com.intuit.karate.core.ScenarioEngine.evalJs(ScenarioEngine.java:1196)\n- com.intuit.karate.core.ScenarioRuntime.evalConfigJs(ScenarioRuntime.java:296)\n- com.intuit.karate.core.ScenarioRuntime.beforeRun(ScenarioRuntime.java:372)\n- com.intuit.karate.core.ScenarioRuntime.run(ScenarioRuntime.java:391)\n\n- com.intuit.karate.graal.JsEngine.fromJsEvalException(JsEngine.java:224)\n- com.intuit.karate.core.ScenarioEngine.evalJs(ScenarioEngine.java:1198)\n- com.intuit.karate.core.ScenarioRuntime.evalConfigJs(ScenarioRuntime.java:296)\n- com.intuit.karate.core.ScenarioRuntime.beforeRun(ScenarioRuntime.java:372)\n- com.intuit.karate.core.ScenarioRuntime.run(ScenarioRuntime.java:391)\n- com.intuit.karate.junit5.FeatureNode.lambda$next$1(FeatureNode.java:71)\n- org.junit.jupiter.engine.descriptor.DynamicTestTestDescriptor.lambda$execute$0(DynamicTestTestDescriptor.java:53)\n\nclasspath:frame\/Post.feature:26\nclasspath:frame\/Post.feature:27\nclasspath:frame\/Post.feature:28\nclasspath:frame\/Post.feature:29\nclasspath:frame\/Post.feature:30\n"},{"result":{"nanos":0,"errorMessage":">> classpath:frame\/Post.feature:25\n>> karate-config.js failed\n>> js failed:\n>>>>\n01: ()\n<<<<\norg.graalvm.polyglot.PolyglotException: SyntaxError: Unnamed:1:2 Expected => but found eof\r\n()\r\n  ^\n\n- org.graalvm.polyglot.Context.eval(Context.java:425)\n- com.intuit.karate.graal.JsEngine.evalForValue(JsEngine.java:139)\n- com.intuit.karate.graal.JsEngine.eval(JsEngine.java:135)\n- com.intuit.karate.core.ScenarioEngine.evalJs(ScenarioEngine.java:1196)\n- com.intuit.karate.core.ScenarioRuntime.evalConfigJs(ScenarioRuntime.java:296)\n- com.intuit.karate.core.ScenarioRuntime.beforeRun(ScenarioRuntime.java:372)\n- com.intuit.karate.core.ScenarioRuntime.run(ScenarioRuntime.java:391)\n\njs failed:\n>>>>\n<<<<\ncom.intuit.karate.KarateException: js failed:\n>>>>\n01: ()\n<<<<\norg.graalvm.polyglot.PolyglotException: SyntaxError: Unnamed:1:2 Expected => but found eof\r\n()\r\n  ^\n\n- org.graalvm.polyglot.Context.eval(Context.java:425)\n- com.intuit.karate.graal.JsEngine.evalForValue(JsEngine.java:139)\n- com.intuit.karate.graal.JsEngine.eval(JsEngine.java:135)\n- com.intuit.karate.core.ScenarioEngine.evalJs(ScenarioEngine.java:1196)\n- com.intuit.karate.core.ScenarioRuntime.evalConfigJs(ScenarioRuntime.java:296)\n- com.intuit.karate.core.ScenarioRuntime.beforeRun(ScenarioRuntime.java:372)\n- com.intuit.karate.core.ScenarioRuntime.run(ScenarioRuntime.java:391)\n\n- com.intuit.karate.graal.JsEngine.fromJsEvalException(JsEngine.java:224)\n- com.intuit.karate.core.ScenarioEngine.evalJs(ScenarioEngine.java:1198)\n- com.intuit.karate.core.ScenarioRuntime.evalConfigJs(ScenarioRuntime.java:296)\n- com.intuit.karate.core.ScenarioRuntime.beforeRun(ScenarioRuntime.java:372)\n- com.intuit.karate.core.ScenarioRuntime.run(ScenarioRuntime.java:391)\n- com.intuit.karate.junit5.FeatureNode.lambda$next$1(FeatureNode.java:71)\n- org.junit.jupiter.engine.descriptor.DynamicTestTestDescriptor.lambda$execute$0(DynamicTestTestDescriptor.java:53)\n\nclasspath:frame\/Post.feature:26\nclasspath:frame\/Post.feature:27\nclasspath:frame\/Post.feature:28\nclasspath:frame\/Post.feature:29\nclasspath:frame\/Post.feature:30\nclasspath:frame\/Post.feature:31","millis":0.0,"status":"failed"},"step":{"line":31,"prefix":"And","index":5,"text":"print response"},"stepLog":"22:25:35.778 classpath:frame\/Post.feature:31\nAnd print response\n>> classpath:frame\/Post.feature:25\n>> karate-config.js failed\n>> js failed:\n>>>>\n01: ()\n<<<<\norg.graalvm.polyglot.PolyglotException: SyntaxError: Unnamed:1:2 Expected => but found eof\r\n()\r\n  ^\n\n- org.graalvm.polyglot.Context.eval(Context.java:425)\n- com.intuit.karate.graal.JsEngine.evalForValue(JsEngine.java:139)\n- com.intuit.karate.graal.JsEngine.eval(JsEngine.java:135)\n- com.intuit.karate.core.ScenarioEngine.evalJs(ScenarioEngine.java:1196)\n- com.intuit.karate.core.ScenarioRuntime.evalConfigJs(ScenarioRuntime.java:296)\n- com.intuit.karate.core.ScenarioRuntime.beforeRun(ScenarioRuntime.java:372)\n- com.intuit.karate.core.ScenarioRuntime.run(ScenarioRuntime.java:391)\n\njs failed:\n>>>>\n<<<<\ncom.intuit.karate.KarateException: js failed:\n>>>>\n01: ()\n<<<<\norg.graalvm.polyglot.PolyglotException: SyntaxError: Unnamed:1:2 Expected => but found eof\r\n()\r\n  ^\n\n- org.graalvm.polyglot.Context.eval(Context.java:425)\n- com.intuit.karate.graal.JsEngine.evalForValue(JsEngine.java:139)\n- com.intuit.karate.graal.JsEngine.eval(JsEngine.java:135)\n- com.intuit.karate.core.ScenarioEngine.evalJs(ScenarioEngine.java:1196)\n- com.intuit.karate.core.ScenarioRuntime.evalConfigJs(ScenarioRuntime.java:296)\n- com.intuit.karate.core.ScenarioRuntime.beforeRun(ScenarioRuntime.java:372)\n- com.intuit.karate.core.ScenarioRuntime.run(ScenarioRuntime.java:391)\n\n- com.intuit.karate.graal.JsEngine.fromJsEvalException(JsEngine.java:224)\n- com.intuit.karate.core.ScenarioEngine.evalJs(ScenarioEngine.java:1198)\n- com.intuit.karate.core.ScenarioRuntime.evalConfigJs(ScenarioRuntime.java:296)\n- com.intuit.karate.core.ScenarioRuntime.beforeRun(ScenarioRuntime.java:372)\n- com.intuit.karate.core.ScenarioRuntime.run(ScenarioRuntime.java:391)\n- com.intuit.karate.junit5.FeatureNode.lambda$next$1(FeatureNode.java:71)\n- org.junit.jupiter.engine.descriptor.DynamicTestTestDescriptor.lambda$execute$0(DynamicTestTestDescriptor.java:53)\n\nclasspath:frame\/Post.feature:26\nclasspath:frame\/Post.feature:27\nclasspath:frame\/Post.feature:28\nclasspath:frame\/Post.feature:29\nclasspath:frame\/Post.feature:30\nclasspath:frame\/Post.feature:31\n"},{"result":{"nanos":0,"errorMessage":">> classpath:frame\/Post.feature:25\n>> karate-config.js failed\n>> js failed:\n>>>>\n01: ()\n<<<<\norg.graalvm.polyglot.PolyglotException: SyntaxError: Unnamed:1:2 Expected => but found eof\r\n()\r\n  ^\n\n- org.graalvm.polyglot.Context.eval(Context.java:425)\n- com.intuit.karate.graal.JsEngine.evalForValue(JsEngine.java:139)\n- com.intuit.karate.graal.JsEngine.eval(JsEngine.java:135)\n- com.intuit.karate.core.ScenarioEngine.evalJs(ScenarioEngine.java:1196)\n- com.intuit.karate.core.ScenarioRuntime.evalConfigJs(ScenarioRuntime.java:296)\n- com.intuit.karate.core.ScenarioRuntime.beforeRun(ScenarioRuntime.java:372)\n- com.intuit.karate.core.ScenarioRuntime.run(ScenarioRuntime.java:391)\n\njs failed:\n>>>>\n<<<<\ncom.intuit.karate.KarateException: js failed:\n>>>>\n01: ()\n<<<<\norg.graalvm.polyglot.PolyglotException: SyntaxError: Unnamed:1:2 Expected => but found eof\r\n()\r\n  ^\n\n- org.graalvm.polyglot.Context.eval(Context.java:425)\n- com.intuit.karate.graal.JsEngine.evalForValue(JsEngine.java:139)\n- com.intuit.karate.graal.JsEngine.eval(JsEngine.java:135)\n- com.intuit.karate.core.ScenarioEngine.evalJs(ScenarioEngine.java:1196)\n- com.intuit.karate.core.ScenarioRuntime.evalConfigJs(ScenarioRuntime.java:296)\n- com.intuit.karate.core.ScenarioRuntime.beforeRun(ScenarioRuntime.java:372)\n- com.intuit.karate.core.ScenarioRuntime.run(ScenarioRuntime.java:391)\n\n- com.intuit.karate.graal.JsEngine.fromJsEvalException(JsEngine.java:224)\n- com.intuit.karate.core.ScenarioEngine.evalJs(ScenarioEngine.java:1198)\n- com.intuit.karate.core.ScenarioRuntime.evalConfigJs(ScenarioRuntime.java:296)\n- com.intuit.karate.core.ScenarioRuntime.beforeRun(ScenarioRuntime.java:372)\n- com.intuit.karate.core.ScenarioRuntime.run(ScenarioRuntime.java:391)\n- com.intuit.karate.junit5.FeatureNode.lambda$next$1(FeatureNode.java:71)\n- org.junit.jupiter.engine.descriptor.DynamicTestTestDescriptor.lambda$execute$0(DynamicTestTestDescriptor.java:53)\n\nclasspath:frame\/Post.feature:26\nclasspath:frame\/Post.feature:27\nclasspath:frame\/Post.feature:28\nclasspath:frame\/Post.feature:29\nclasspath:frame\/Post.feature:30\nclasspath:frame\/Post.feature:31\nclasspath:frame\/Post.feature:32","millis":0.0,"status":"failed"},"step":{"line":32,"prefix":"And","index":6,"text":"match response.name == \"morpheus\""},"stepLog":"22:25:35.779 classpath:frame\/Post.feature:32\nAnd match response.name == \"morpheus\"\n>> classpath:frame\/Post.feature:25\n>> karate-config.js failed\n>> js failed:\n>>>>\n01: ()\n<<<<\norg.graalvm.polyglot.PolyglotException: SyntaxError: Unnamed:1:2 Expected => but found eof\r\n()\r\n  ^\n\n- org.graalvm.polyglot.Context.eval(Context.java:425)\n- com.intuit.karate.graal.JsEngine.evalForValue(JsEngine.java:139)\n- com.intuit.karate.graal.JsEngine.eval(JsEngine.java:135)\n- com.intuit.karate.core.ScenarioEngine.evalJs(ScenarioEngine.java:1196)\n- com.intuit.karate.core.ScenarioRuntime.evalConfigJs(ScenarioRuntime.java:296)\n- com.intuit.karate.core.ScenarioRuntime.beforeRun(ScenarioRuntime.java:372)\n- com.intuit.karate.core.ScenarioRuntime.run(ScenarioRuntime.java:391)\n\njs failed:\n>>>>\n<<<<\ncom.intuit.karate.KarateException: js failed:\n>>>>\n01: ()\n<<<<\norg.graalvm.polyglot.PolyglotException: SyntaxError: Unnamed:1:2 Expected => but found eof\r\n()\r\n  ^\n\n- org.graalvm.polyglot.Context.eval(Context.java:425)\n- com.intuit.karate.graal.JsEngine.evalForValue(JsEngine.java:139)\n- com.intuit.karate.graal.JsEngine.eval(JsEngine.java:135)\n- com.intuit.karate.core.ScenarioEngine.evalJs(ScenarioEngine.java:1196)\n- com.intuit.karate.core.ScenarioRuntime.evalConfigJs(ScenarioRuntime.java:296)\n- com.intuit.karate.core.ScenarioRuntime.beforeRun(ScenarioRuntime.java:372)\n- com.intuit.karate.core.ScenarioRuntime.run(ScenarioRuntime.java:391)\n\n- com.intuit.karate.graal.JsEngine.fromJsEvalException(JsEngine.java:224)\n- com.intuit.karate.core.ScenarioEngine.evalJs(ScenarioEngine.java:1198)\n- com.intuit.karate.core.ScenarioRuntime.evalConfigJs(ScenarioRuntime.java:296)\n- com.intuit.karate.core.ScenarioRuntime.beforeRun(ScenarioRuntime.java:372)\n- com.intuit.karate.core.ScenarioRuntime.run(ScenarioRuntime.java:391)\n- com.intuit.karate.junit5.FeatureNode.lambda$next$1(FeatureNode.java:71)\n- org.junit.jupiter.engine.descriptor.DynamicTestTestDescriptor.lambda$execute$0(DynamicTestTestDescriptor.java:53)\n\nclasspath:frame\/Post.feature:26\nclasspath:frame\/Post.feature:27\nclasspath:frame\/Post.feature:28\nclasspath:frame\/Post.feature:29\nclasspath:frame\/Post.feature:30\nclasspath:frame\/Post.feature:31\nclasspath:frame\/Post.feature:32\n"}],"line":25,"description":"","durationMillis":0.0,"failed":true,"error":">> classpath:frame\/Post.feature:25\n>> karate-config.js failed\n>> js failed:\n>>>>\n01: ()\n<<<<\norg.graalvm.polyglot.PolyglotException: SyntaxError: Unnamed:1:2 Expected => but found eof\r\n()\r\n  ^\n\n- org.graalvm.polyglot.Context.eval(Context.java:425)\n- com.intuit.karate.graal.JsEngine.evalForValue(JsEngine.java:139)\n- com.intuit.karate.graal.JsEngine.eval(JsEngine.java:135)\n- com.intuit.karate.core.ScenarioEngine.evalJs(ScenarioEngine.java:1196)\n- com.intuit.karate.core.ScenarioRuntime.evalConfigJs(ScenarioRuntime.java:296)\n- com.intuit.karate.core.ScenarioRuntime.beforeRun(ScenarioRuntime.java:372)\n- com.intuit.karate.core.ScenarioRuntime.run(ScenarioRuntime.java:391)\n\njs failed:\n>>>>\n<<<<\ncom.intuit.karate.KarateException: js failed:\n>>>>\n01: ()\n<<<<\norg.graalvm.polyglot.PolyglotException: SyntaxError: Unnamed:1:2 Expected => but found eof\r\n()\r\n  ^\n\n- org.graalvm.polyglot.Context.eval(Context.java:425)\n- com.intuit.karate.graal.JsEngine.evalForValue(JsEngine.java:139)\n- com.intuit.karate.graal.JsEngine.eval(JsEngine.java:135)\n- com.intuit.karate.core.ScenarioEngine.evalJs(ScenarioEngine.java:1196)\n- com.intuit.karate.core.ScenarioRuntime.evalConfigJs(ScenarioRuntime.java:296)\n- com.intuit.karate.core.ScenarioRuntime.beforeRun(ScenarioRuntime.java:372)\n- com.intuit.karate.core.ScenarioRuntime.run(ScenarioRuntime.java:391)\n\n- com.intuit.karate.graal.JsEngine.fromJsEvalException(JsEngine.java:224)\n- com.intuit.karate.core.ScenarioEngine.evalJs(ScenarioEngine.java:1198)\n- com.intuit.karate.core.ScenarioRuntime.evalConfigJs(ScenarioRuntime.java:296)\n- com.intuit.karate.core.ScenarioRuntime.beforeRun(ScenarioRuntime.java:372)\n- com.intuit.karate.core.ScenarioRuntime.run(ScenarioRuntime.java:391)\n- com.intuit.karate.junit5.FeatureNode.lambda$next$1(FeatureNode.java:71)\n- org.junit.jupiter.engine.descriptor.DynamicTestTestDescriptor.lambda$execute$0(DynamicTestTestDescriptor.java:53)\n\nclasspath:frame\/Post.feature:26\nclasspath:frame\/Post.feature:27\nclasspath:frame\/Post.feature:28\nclasspath:frame\/Post.feature:29\nclasspath:frame\/Post.feature:30\nclasspath:frame\/Post.feature:31\nclasspath:frame\/Post.feature:32","executorName":"main","name":"DEMO 3","startTime":1707584135775,"refId":"[3:25]","endTime":1707584135779,"exampleIndex":-1},{"sectionIndex":3,"stepResults":[{"result":{"nanos":0,"errorMessage":">> classpath:frame\/Post.feature:34\n>> karate-config.js failed\n>> js failed:\n>>>>\n01: ()\n<<<<\norg.graalvm.polyglot.PolyglotException: SyntaxError: Unnamed:1:2 Expected => but found eof\r\n()\r\n  ^\n\n- org.graalvm.polyglot.Context.eval(Context.java:425)\n- com.intuit.karate.graal.JsEngine.evalForValue(JsEngine.java:139)\n- com.intuit.karate.graal.JsEngine.eval(JsEngine.java:135)\n- com.intuit.karate.core.ScenarioEngine.evalJs(ScenarioEngine.java:1196)\n- com.intuit.karate.core.ScenarioRuntime.evalConfigJs(ScenarioRuntime.java:296)\n- com.intuit.karate.core.ScenarioRuntime.beforeRun(ScenarioRuntime.java:372)\n- com.intuit.karate.core.ScenarioRuntime.run(ScenarioRuntime.java:391)\n\njs failed:\n>>>>\n<<<<\ncom.intuit.karate.KarateException: js failed:\n>>>>\n01: ()\n<<<<\norg.graalvm.polyglot.PolyglotException: SyntaxError: Unnamed:1:2 Expected => but found eof\r\n()\r\n  ^\n\n- org.graalvm.polyglot.Context.eval(Context.java:425)\n- com.intuit.karate.graal.JsEngine.evalForValue(JsEngine.java:139)\n- com.intuit.karate.graal.JsEngine.eval(JsEngine.java:135)\n- com.intuit.karate.core.ScenarioEngine.evalJs(ScenarioEngine.java:1196)\n- com.intuit.karate.core.ScenarioRuntime.evalConfigJs(ScenarioRuntime.java:296)\n- com.intuit.karate.core.ScenarioRuntime.beforeRun(ScenarioRuntime.java:372)\n- com.intuit.karate.core.ScenarioRuntime.run(ScenarioRuntime.java:391)\n\n- com.intuit.karate.graal.JsEngine.fromJsEvalException(JsEngine.java:224)\n- com.intuit.karate.core.ScenarioEngine.evalJs(ScenarioEngine.java:1198)\n- com.intuit.karate.core.ScenarioRuntime.evalConfigJs(ScenarioRuntime.java:296)\n- com.intuit.karate.core.ScenarioRuntime.beforeRun(ScenarioRuntime.java:372)\n- com.intuit.karate.core.ScenarioRuntime.run(ScenarioRuntime.java:391)\n- com.intuit.karate.junit5.FeatureNode.lambda$next$1(FeatureNode.java:71)\n- org.junit.jupiter.engine.descriptor.DynamicTestTestDescriptor.lambda$execute$0(DynamicTestTestDescriptor.java:53)\n\nclasspath:frame\/Post.feature:35","millis":0.0,"status":"failed"},"step":{"line":35,"prefix":"*","index":0,"text":"def rew=read('Mah.json')"},"stepLog":"22:25:35.793 classpath:frame\/Post.feature:35\n* def rew=read('Mah.json')\n>> classpath:frame\/Post.feature:34\n>> karate-config.js failed\n>> js failed:\n>>>>\n01: ()\n<<<<\norg.graalvm.polyglot.PolyglotException: SyntaxError: Unnamed:1:2 Expected => but found eof\r\n()\r\n  ^\n\n- org.graalvm.polyglot.Context.eval(Context.java:425)\n- com.intuit.karate.graal.JsEngine.evalForValue(JsEngine.java:139)\n- com.intuit.karate.graal.JsEngine.eval(JsEngine.java:135)\n- com.intuit.karate.core.ScenarioEngine.evalJs(ScenarioEngine.java:1196)\n- com.intuit.karate.core.ScenarioRuntime.evalConfigJs(ScenarioRuntime.java:296)\n- com.intuit.karate.core.ScenarioRuntime.beforeRun(ScenarioRuntime.java:372)\n- com.intuit.karate.core.ScenarioRuntime.run(ScenarioRuntime.java:391)\n\njs failed:\n>>>>\n<<<<\ncom.intuit.karate.KarateException: js failed:\n>>>>\n01: ()\n<<<<\norg.graalvm.polyglot.PolyglotException: SyntaxError: Unnamed:1:2 Expected => but found eof\r\n()\r\n  ^\n\n- org.graalvm.polyglot.Context.eval(Context.java:425)\n- com.intuit.karate.graal.JsEngine.evalForValue(JsEngine.java:139)\n- com.intuit.karate.graal.JsEngine.eval(JsEngine.java:135)\n- com.intuit.karate.core.ScenarioEngine.evalJs(ScenarioEngine.java:1196)\n- com.intuit.karate.core.ScenarioRuntime.evalConfigJs(ScenarioRuntime.java:296)\n- com.intuit.karate.core.ScenarioRuntime.beforeRun(ScenarioRuntime.java:372)\n- com.intuit.karate.core.ScenarioRuntime.run(ScenarioRuntime.java:391)\n\n- com.intuit.karate.graal.JsEngine.fromJsEvalException(JsEngine.java:224)\n- com.intuit.karate.core.ScenarioEngine.evalJs(ScenarioEngine.java:1198)\n- com.intuit.karate.core.ScenarioRuntime.evalConfigJs(ScenarioRuntime.java:296)\n- com.intuit.karate.core.ScenarioRuntime.beforeRun(ScenarioRuntime.java:372)\n- com.intuit.karate.core.ScenarioRuntime.run(ScenarioRuntime.java:391)\n- com.intuit.karate.junit5.FeatureNode.lambda$next$1(FeatureNode.java:71)\n- org.junit.jupiter.engine.descriptor.DynamicTestTestDescriptor.lambda$execute$0(DynamicTestTestDescriptor.java:53)\n\nclasspath:frame\/Post.feature:35\n"},{"result":{"nanos":0,"errorMessage":">> classpath:frame\/Post.feature:34\n>> karate-config.js failed\n>> js failed:\n>>>>\n01: ()\n<<<<\norg.graalvm.polyglot.PolyglotException: SyntaxError: Unnamed:1:2 Expected => but found eof\r\n()\r\n  ^\n\n- org.graalvm.polyglot.Context.eval(Context.java:425)\n- com.intuit.karate.graal.JsEngine.evalForValue(JsEngine.java:139)\n- com.intuit.karate.graal.JsEngine.eval(JsEngine.java:135)\n- com.intuit.karate.core.ScenarioEngine.evalJs(ScenarioEngine.java:1196)\n- com.intuit.karate.core.ScenarioRuntime.evalConfigJs(ScenarioRuntime.java:296)\n- com.intuit.karate.core.ScenarioRuntime.beforeRun(ScenarioRuntime.java:372)\n- com.intuit.karate.core.ScenarioRuntime.run(ScenarioRuntime.java:391)\n\njs failed:\n>>>>\n<<<<\ncom.intuit.karate.KarateException: js failed:\n>>>>\n01: ()\n<<<<\norg.graalvm.polyglot.PolyglotException: SyntaxError: Unnamed:1:2 Expected => but found eof\r\n()\r\n  ^\n\n- org.graalvm.polyglot.Context.eval(Context.java:425)\n- com.intuit.karate.graal.JsEngine.evalForValue(JsEngine.java:139)\n- com.intuit.karate.graal.JsEngine.eval(JsEngine.java:135)\n- com.intuit.karate.core.ScenarioEngine.evalJs(ScenarioEngine.java:1196)\n- com.intuit.karate.core.ScenarioRuntime.evalConfigJs(ScenarioRuntime.java:296)\n- com.intuit.karate.core.ScenarioRuntime.beforeRun(ScenarioRuntime.java:372)\n- com.intuit.karate.core.ScenarioRuntime.run(ScenarioRuntime.java:391)\n\n- com.intuit.karate.graal.JsEngine.fromJsEvalException(JsEngine.java:224)\n- com.intuit.karate.core.ScenarioEngine.evalJs(ScenarioEngine.java:1198)\n- com.intuit.karate.core.ScenarioRuntime.evalConfigJs(ScenarioRuntime.java:296)\n- com.intuit.karate.core.ScenarioRuntime.beforeRun(ScenarioRuntime.java:372)\n- com.intuit.karate.core.ScenarioRuntime.run(ScenarioRuntime.java:391)\n- com.intuit.karate.junit5.FeatureNode.lambda$next$1(FeatureNode.java:71)\n- org.junit.jupiter.engine.descriptor.DynamicTestTestDescriptor.lambda$execute$0(DynamicTestTestDescriptor.java:53)\n\nclasspath:frame\/Post.feature:35\nclasspath:frame\/Post.feature:36","millis":0.0,"status":"failed"},"step":{"line":36,"prefix":"Given","index":1,"text":"url  'https:\/\/reqres.in\/api\/users'"},"stepLog":"22:25:35.793 classpath:frame\/Post.feature:36\nGiven url  'https:\/\/reqres.in\/api\/users'\n>> classpath:frame\/Post.feature:34\n>> karate-config.js failed\n>> js failed:\n>>>>\n01: ()\n<<<<\norg.graalvm.polyglot.PolyglotException: SyntaxError: Unnamed:1:2 Expected => but found eof\r\n()\r\n  ^\n\n- org.graalvm.polyglot.Context.eval(Context.java:425)\n- com.intuit.karate.graal.JsEngine.evalForValue(JsEngine.java:139)\n- com.intuit.karate.graal.JsEngine.eval(JsEngine.java:135)\n- com.intuit.karate.core.ScenarioEngine.evalJs(ScenarioEngine.java:1196)\n- com.intuit.karate.core.ScenarioRuntime.evalConfigJs(ScenarioRuntime.java:296)\n- com.intuit.karate.core.ScenarioRuntime.beforeRun(ScenarioRuntime.java:372)\n- com.intuit.karate.core.ScenarioRuntime.run(ScenarioRuntime.java:391)\n\njs failed:\n>>>>\n<<<<\ncom.intuit.karate.KarateException: js failed:\n>>>>\n01: ()\n<<<<\norg.graalvm.polyglot.PolyglotException: SyntaxError: Unnamed:1:2 Expected => but found eof\r\n()\r\n  ^\n\n- org.graalvm.polyglot.Context.eval(Context.java:425)\n- com.intuit.karate.graal.JsEngine.evalForValue(JsEngine.java:139)\n- com.intuit.karate.graal.JsEngine.eval(JsEngine.java:135)\n- com.intuit.karate.core.ScenarioEngine.evalJs(ScenarioEngine.java:1196)\n- com.intuit.karate.core.ScenarioRuntime.evalConfigJs(ScenarioRuntime.java:296)\n- com.intuit.karate.core.ScenarioRuntime.beforeRun(ScenarioRuntime.java:372)\n- com.intuit.karate.core.ScenarioRuntime.run(ScenarioRuntime.java:391)\n\n- com.intuit.karate.graal.JsEngine.fromJsEvalException(JsEngine.java:224)\n- com.intuit.karate.core.ScenarioEngine.evalJs(ScenarioEngine.java:1198)\n- com.intuit.karate.core.ScenarioRuntime.evalConfigJs(ScenarioRuntime.java:296)\n- com.intuit.karate.core.ScenarioRuntime.beforeRun(ScenarioRuntime.java:372)\n- com.intuit.karate.core.ScenarioRuntime.run(ScenarioRuntime.java:391)\n- com.intuit.karate.junit5.FeatureNode.lambda$next$1(FeatureNode.java:71)\n- org.junit.jupiter.engine.descriptor.DynamicTestTestDescriptor.lambda$execute$0(DynamicTestTestDescriptor.java:53)\n\nclasspath:frame\/Post.feature:35\nclasspath:frame\/Post.feature:36\n"},{"result":{"nanos":0,"errorMessage":">> classpath:frame\/Post.feature:34\n>> karate-config.js failed\n>> js failed:\n>>>>\n01: ()\n<<<<\norg.graalvm.polyglot.PolyglotException: SyntaxError: Unnamed:1:2 Expected => but found eof\r\n()\r\n  ^\n\n- org.graalvm.polyglot.Context.eval(Context.java:425)\n- com.intuit.karate.graal.JsEngine.evalForValue(JsEngine.java:139)\n- com.intuit.karate.graal.JsEngine.eval(JsEngine.java:135)\n- com.intuit.karate.core.ScenarioEngine.evalJs(ScenarioEngine.java:1196)\n- com.intuit.karate.core.ScenarioRuntime.evalConfigJs(ScenarioRuntime.java:296)\n- com.intuit.karate.core.ScenarioRuntime.beforeRun(ScenarioRuntime.java:372)\n- com.intuit.karate.core.ScenarioRuntime.run(ScenarioRuntime.java:391)\n\njs failed:\n>>>>\n<<<<\ncom.intuit.karate.KarateException: js failed:\n>>>>\n01: ()\n<<<<\norg.graalvm.polyglot.PolyglotException: SyntaxError: Unnamed:1:2 Expected => but found eof\r\n()\r\n  ^\n\n- org.graalvm.polyglot.Context.eval(Context.java:425)\n- com.intuit.karate.graal.JsEngine.evalForValue(JsEngine.java:139)\n- com.intuit.karate.graal.JsEngine.eval(JsEngine.java:135)\n- com.intuit.karate.core.ScenarioEngine.evalJs(ScenarioEngine.java:1196)\n- com.intuit.karate.core.ScenarioRuntime.evalConfigJs(ScenarioRuntime.java:296)\n- com.intuit.karate.core.ScenarioRuntime.beforeRun(ScenarioRuntime.java:372)\n- com.intuit.karate.core.ScenarioRuntime.run(ScenarioRuntime.java:391)\n\n- com.intuit.karate.graal.JsEngine.fromJsEvalException(JsEngine.java:224)\n- com.intuit.karate.core.ScenarioEngine.evalJs(ScenarioEngine.java:1198)\n- com.intuit.karate.core.ScenarioRuntime.evalConfigJs(ScenarioRuntime.java:296)\n- com.intuit.karate.core.ScenarioRuntime.beforeRun(ScenarioRuntime.java:372)\n- com.intuit.karate.core.ScenarioRuntime.run(ScenarioRuntime.java:391)\n- com.intuit.karate.junit5.FeatureNode.lambda$next$1(FeatureNode.java:71)\n- org.junit.jupiter.engine.descriptor.DynamicTestTestDescriptor.lambda$execute$0(DynamicTestTestDescriptor.java:53)\n\nclasspath:frame\/Post.feature:35\nclasspath:frame\/Post.feature:36\nclasspath:frame\/Post.feature:37","millis":0.0,"status":"failed"},"step":{"line":37,"prefix":"And","index":2,"text":"request { \"name\": \"morpheus\",\"job\": \"leader\" }"},"stepLog":"22:25:35.793 classpath:frame\/Post.feature:37\nAnd request { \"name\": \"morpheus\",\"job\": \"leader\" }\n>> classpath:frame\/Post.feature:34\n>> karate-config.js failed\n>> js failed:\n>>>>\n01: ()\n<<<<\norg.graalvm.polyglot.PolyglotException: SyntaxError: Unnamed:1:2 Expected => but found eof\r\n()\r\n  ^\n\n- org.graalvm.polyglot.Context.eval(Context.java:425)\n- com.intuit.karate.graal.JsEngine.evalForValue(JsEngine.java:139)\n- com.intuit.karate.graal.JsEngine.eval(JsEngine.java:135)\n- com.intuit.karate.core.ScenarioEngine.evalJs(ScenarioEngine.java:1196)\n- com.intuit.karate.core.ScenarioRuntime.evalConfigJs(ScenarioRuntime.java:296)\n- com.intuit.karate.core.ScenarioRuntime.beforeRun(ScenarioRuntime.java:372)\n- com.intuit.karate.core.ScenarioRuntime.run(ScenarioRuntime.java:391)\n\njs failed:\n>>>>\n<<<<\ncom.intuit.karate.KarateException: js failed:\n>>>>\n01: ()\n<<<<\norg.graalvm.polyglot.PolyglotException: SyntaxError: Unnamed:1:2 Expected => but found eof\r\n()\r\n  ^\n\n- org.graalvm.polyglot.Context.eval(Context.java:425)\n- com.intuit.karate.graal.JsEngine.evalForValue(JsEngine.java:139)\n- com.intuit.karate.graal.JsEngine.eval(JsEngine.java:135)\n- com.intuit.karate.core.ScenarioEngine.evalJs(ScenarioEngine.java:1196)\n- com.intuit.karate.core.ScenarioRuntime.evalConfigJs(ScenarioRuntime.java:296)\n- com.intuit.karate.core.ScenarioRuntime.beforeRun(ScenarioRuntime.java:372)\n- com.intuit.karate.core.ScenarioRuntime.run(ScenarioRuntime.java:391)\n\n- com.intuit.karate.graal.JsEngine.fromJsEvalException(JsEngine.java:224)\n- com.intuit.karate.core.ScenarioEngine.evalJs(ScenarioEngine.java:1198)\n- com.intuit.karate.core.ScenarioRuntime.evalConfigJs(ScenarioRuntime.java:296)\n- com.intuit.karate.core.ScenarioRuntime.beforeRun(ScenarioRuntime.java:372)\n- com.intuit.karate.core.ScenarioRuntime.run(ScenarioRuntime.java:391)\n- com.intuit.karate.junit5.FeatureNode.lambda$next$1(FeatureNode.java:71)\n- org.junit.jupiter.engine.descriptor.DynamicTestTestDescriptor.lambda$execute$0(DynamicTestTestDescriptor.java:53)\n\nclasspath:frame\/Post.feature:35\nclasspath:frame\/Post.feature:36\nclasspath:frame\/Post.feature:37\n"},{"result":{"nanos":0,"errorMessage":">> classpath:frame\/Post.feature:34\n>> karate-config.js failed\n>> js failed:\n>>>>\n01: ()\n<<<<\norg.graalvm.polyglot.PolyglotException: SyntaxError: Unnamed:1:2 Expected => but found eof\r\n()\r\n  ^\n\n- org.graalvm.polyglot.Context.eval(Context.java:425)\n- com.intuit.karate.graal.JsEngine.evalForValue(JsEngine.java:139)\n- com.intuit.karate.graal.JsEngine.eval(JsEngine.java:135)\n- com.intuit.karate.core.ScenarioEngine.evalJs(ScenarioEngine.java:1196)\n- com.intuit.karate.core.ScenarioRuntime.evalConfigJs(ScenarioRuntime.java:296)\n- com.intuit.karate.core.ScenarioRuntime.beforeRun(ScenarioRuntime.java:372)\n- com.intuit.karate.core.ScenarioRuntime.run(ScenarioRuntime.java:391)\n\njs failed:\n>>>>\n<<<<\ncom.intuit.karate.KarateException: js failed:\n>>>>\n01: ()\n<<<<\norg.graalvm.polyglot.PolyglotException: SyntaxError: Unnamed:1:2 Expected => but found eof\r\n()\r\n  ^\n\n- org.graalvm.polyglot.Context.eval(Context.java:425)\n- com.intuit.karate.graal.JsEngine.evalForValue(JsEngine.java:139)\n- com.intuit.karate.graal.JsEngine.eval(JsEngine.java:135)\n- com.intuit.karate.core.ScenarioEngine.evalJs(ScenarioEngine.java:1196)\n- com.intuit.karate.core.ScenarioRuntime.evalConfigJs(ScenarioRuntime.java:296)\n- com.intuit.karate.core.ScenarioRuntime.beforeRun(ScenarioRuntime.java:372)\n- com.intuit.karate.core.ScenarioRuntime.run(ScenarioRuntime.java:391)\n\n- com.intuit.karate.graal.JsEngine.fromJsEvalException(JsEngine.java:224)\n- com.intuit.karate.core.ScenarioEngine.evalJs(ScenarioEngine.java:1198)\n- com.intuit.karate.core.ScenarioRuntime.evalConfigJs(ScenarioRuntime.java:296)\n- com.intuit.karate.core.ScenarioRuntime.beforeRun(ScenarioRuntime.java:372)\n- com.intuit.karate.core.ScenarioRuntime.run(ScenarioRuntime.java:391)\n- com.intuit.karate.junit5.FeatureNode.lambda$next$1(FeatureNode.java:71)\n- org.junit.jupiter.engine.descriptor.DynamicTestTestDescriptor.lambda$execute$0(DynamicTestTestDescriptor.java:53)\n\nclasspath:frame\/Post.feature:35\nclasspath:frame\/Post.feature:36\nclasspath:frame\/Post.feature:37\nclasspath:frame\/Post.feature:38","millis":0.0,"status":"failed"},"step":{"line":38,"prefix":"When","index":3,"text":"method POST"},"stepLog":"22:25:35.794 classpath:frame\/Post.feature:38\nWhen method POST\n>> classpath:frame\/Post.feature:34\n>> karate-config.js failed\n>> js failed:\n>>>>\n01: ()\n<<<<\norg.graalvm.polyglot.PolyglotException: SyntaxError: Unnamed:1:2 Expected => but found eof\r\n()\r\n  ^\n\n- org.graalvm.polyglot.Context.eval(Context.java:425)\n- com.intuit.karate.graal.JsEngine.evalForValue(JsEngine.java:139)\n- com.intuit.karate.graal.JsEngine.eval(JsEngine.java:135)\n- com.intuit.karate.core.ScenarioEngine.evalJs(ScenarioEngine.java:1196)\n- com.intuit.karate.core.ScenarioRuntime.evalConfigJs(ScenarioRuntime.java:296)\n- com.intuit.karate.core.ScenarioRuntime.beforeRun(ScenarioRuntime.java:372)\n- com.intuit.karate.core.ScenarioRuntime.run(ScenarioRuntime.java:391)\n\njs failed:\n>>>>\n<<<<\ncom.intuit.karate.KarateException: js failed:\n>>>>\n01: ()\n<<<<\norg.graalvm.polyglot.PolyglotException: SyntaxError: Unnamed:1:2 Expected => but found eof\r\n()\r\n  ^\n\n- org.graalvm.polyglot.Context.eval(Context.java:425)\n- com.intuit.karate.graal.JsEngine.evalForValue(JsEngine.java:139)\n- com.intuit.karate.graal.JsEngine.eval(JsEngine.java:135)\n- com.intuit.karate.core.ScenarioEngine.evalJs(ScenarioEngine.java:1196)\n- com.intuit.karate.core.ScenarioRuntime.evalConfigJs(ScenarioRuntime.java:296)\n- com.intuit.karate.core.ScenarioRuntime.beforeRun(ScenarioRuntime.java:372)\n- com.intuit.karate.core.ScenarioRuntime.run(ScenarioRuntime.java:391)\n\n- com.intuit.karate.graal.JsEngine.fromJsEvalException(JsEngine.java:224)\n- com.intuit.karate.core.ScenarioEngine.evalJs(ScenarioEngine.java:1198)\n- com.intuit.karate.core.ScenarioRuntime.evalConfigJs(ScenarioRuntime.java:296)\n- com.intuit.karate.core.ScenarioRuntime.beforeRun(ScenarioRuntime.java:372)\n- com.intuit.karate.core.ScenarioRuntime.run(ScenarioRuntime.java:391)\n- com.intuit.karate.junit5.FeatureNode.lambda$next$1(FeatureNode.java:71)\n- org.junit.jupiter.engine.descriptor.DynamicTestTestDescriptor.lambda$execute$0(DynamicTestTestDescriptor.java:53)\n\nclasspath:frame\/Post.feature:35\nclasspath:frame\/Post.feature:36\nclasspath:frame\/Post.feature:37\nclasspath:frame\/Post.feature:38\n"},{"result":{"nanos":0,"errorMessage":">> classpath:frame\/Post.feature:34\n>> karate-config.js failed\n>> js failed:\n>>>>\n01: ()\n<<<<\norg.graalvm.polyglot.PolyglotException: SyntaxError: Unnamed:1:2 Expected => but found eof\r\n()\r\n  ^\n\n- org.graalvm.polyglot.Context.eval(Context.java:425)\n- com.intuit.karate.graal.JsEngine.evalForValue(JsEngine.java:139)\n- com.intuit.karate.graal.JsEngine.eval(JsEngine.java:135)\n- com.intuit.karate.core.ScenarioEngine.evalJs(ScenarioEngine.java:1196)\n- com.intuit.karate.core.ScenarioRuntime.evalConfigJs(ScenarioRuntime.java:296)\n- com.intuit.karate.core.ScenarioRuntime.beforeRun(ScenarioRuntime.java:372)\n- com.intuit.karate.core.ScenarioRuntime.run(ScenarioRuntime.java:391)\n\njs failed:\n>>>>\n<<<<\ncom.intuit.karate.KarateException: js failed:\n>>>>\n01: ()\n<<<<\norg.graalvm.polyglot.PolyglotException: SyntaxError: Unnamed:1:2 Expected => but found eof\r\n()\r\n  ^\n\n- org.graalvm.polyglot.Context.eval(Context.java:425)\n- com.intuit.karate.graal.JsEngine.evalForValue(JsEngine.java:139)\n- com.intuit.karate.graal.JsEngine.eval(JsEngine.java:135)\n- com.intuit.karate.core.ScenarioEngine.evalJs(ScenarioEngine.java:1196)\n- com.intuit.karate.core.ScenarioRuntime.evalConfigJs(ScenarioRuntime.java:296)\n- com.intuit.karate.core.ScenarioRuntime.beforeRun(ScenarioRuntime.java:372)\n- com.intuit.karate.core.ScenarioRuntime.run(ScenarioRuntime.java:391)\n\n- com.intuit.karate.graal.JsEngine.fromJsEvalException(JsEngine.java:224)\n- com.intuit.karate.core.ScenarioEngine.evalJs(ScenarioEngine.java:1198)\n- com.intuit.karate.core.ScenarioRuntime.evalConfigJs(ScenarioRuntime.java:296)\n- com.intuit.karate.core.ScenarioRuntime.beforeRun(ScenarioRuntime.java:372)\n- com.intuit.karate.core.ScenarioRuntime.run(ScenarioRuntime.java:391)\n- com.intuit.karate.junit5.FeatureNode.lambda$next$1(FeatureNode.java:71)\n- org.junit.jupiter.engine.descriptor.DynamicTestTestDescriptor.lambda$execute$0(DynamicTestTestDescriptor.java:53)\n\nclasspath:frame\/Post.feature:35\nclasspath:frame\/Post.feature:36\nclasspath:frame\/Post.feature:37\nclasspath:frame\/Post.feature:38\nclasspath:frame\/Post.feature:39","millis":0.0,"status":"failed"},"step":{"line":39,"prefix":"Then","index":4,"text":"status 201"},"stepLog":"22:25:35.794 classpath:frame\/Post.feature:39\nThen status 201\n>> classpath:frame\/Post.feature:34\n>> karate-config.js failed\n>> js failed:\n>>>>\n01: ()\n<<<<\norg.graalvm.polyglot.PolyglotException: SyntaxError: Unnamed:1:2 Expected => but found eof\r\n()\r\n  ^\n\n- org.graalvm.polyglot.Context.eval(Context.java:425)\n- com.intuit.karate.graal.JsEngine.evalForValue(JsEngine.java:139)\n- com.intuit.karate.graal.JsEngine.eval(JsEngine.java:135)\n- com.intuit.karate.core.ScenarioEngine.evalJs(ScenarioEngine.java:1196)\n- com.intuit.karate.core.ScenarioRuntime.evalConfigJs(ScenarioRuntime.java:296)\n- com.intuit.karate.core.ScenarioRuntime.beforeRun(ScenarioRuntime.java:372)\n- com.intuit.karate.core.ScenarioRuntime.run(ScenarioRuntime.java:391)\n\njs failed:\n>>>>\n<<<<\ncom.intuit.karate.KarateException: js failed:\n>>>>\n01: ()\n<<<<\norg.graalvm.polyglot.PolyglotException: SyntaxError: Unnamed:1:2 Expected => but found eof\r\n()\r\n  ^\n\n- org.graalvm.polyglot.Context.eval(Context.java:425)\n- com.intuit.karate.graal.JsEngine.evalForValue(JsEngine.java:139)\n- com.intuit.karate.graal.JsEngine.eval(JsEngine.java:135)\n- com.intuit.karate.core.ScenarioEngine.evalJs(ScenarioEngine.java:1196)\n- com.intuit.karate.core.ScenarioRuntime.evalConfigJs(ScenarioRuntime.java:296)\n- com.intuit.karate.core.ScenarioRuntime.beforeRun(ScenarioRuntime.java:372)\n- com.intuit.karate.core.ScenarioRuntime.run(ScenarioRuntime.java:391)\n\n- com.intuit.karate.graal.JsEngine.fromJsEvalException(JsEngine.java:224)\n- com.intuit.karate.core.ScenarioEngine.evalJs(ScenarioEngine.java:1198)\n- com.intuit.karate.core.ScenarioRuntime.evalConfigJs(ScenarioRuntime.java:296)\n- com.intuit.karate.core.ScenarioRuntime.beforeRun(ScenarioRuntime.java:372)\n- com.intuit.karate.core.ScenarioRuntime.run(ScenarioRuntime.java:391)\n- com.intuit.karate.junit5.FeatureNode.lambda$next$1(FeatureNode.java:71)\n- org.junit.jupiter.engine.descriptor.DynamicTestTestDescriptor.lambda$execute$0(DynamicTestTestDescriptor.java:53)\n\nclasspath:frame\/Post.feature:35\nclasspath:frame\/Post.feature:36\nclasspath:frame\/Post.feature:37\nclasspath:frame\/Post.feature:38\nclasspath:frame\/Post.feature:39\n"},{"result":{"nanos":0,"errorMessage":">> classpath:frame\/Post.feature:34\n>> karate-config.js failed\n>> js failed:\n>>>>\n01: ()\n<<<<\norg.graalvm.polyglot.PolyglotException: SyntaxError: Unnamed:1:2 Expected => but found eof\r\n()\r\n  ^\n\n- org.graalvm.polyglot.Context.eval(Context.java:425)\n- com.intuit.karate.graal.JsEngine.evalForValue(JsEngine.java:139)\n- com.intuit.karate.graal.JsEngine.eval(JsEngine.java:135)\n- com.intuit.karate.core.ScenarioEngine.evalJs(ScenarioEngine.java:1196)\n- com.intuit.karate.core.ScenarioRuntime.evalConfigJs(ScenarioRuntime.java:296)\n- com.intuit.karate.core.ScenarioRuntime.beforeRun(ScenarioRuntime.java:372)\n- com.intuit.karate.core.ScenarioRuntime.run(ScenarioRuntime.java:391)\n\njs failed:\n>>>>\n<<<<\ncom.intuit.karate.KarateException: js failed:\n>>>>\n01: ()\n<<<<\norg.graalvm.polyglot.PolyglotException: SyntaxError: Unnamed:1:2 Expected => but found eof\r\n()\r\n  ^\n\n- org.graalvm.polyglot.Context.eval(Context.java:425)\n- com.intuit.karate.graal.JsEngine.evalForValue(JsEngine.java:139)\n- com.intuit.karate.graal.JsEngine.eval(JsEngine.java:135)\n- com.intuit.karate.core.ScenarioEngine.evalJs(ScenarioEngine.java:1196)\n- com.intuit.karate.core.ScenarioRuntime.evalConfigJs(ScenarioRuntime.java:296)\n- com.intuit.karate.core.ScenarioRuntime.beforeRun(ScenarioRuntime.java:372)\n- com.intuit.karate.core.ScenarioRuntime.run(ScenarioRuntime.java:391)\n\n- com.intuit.karate.graal.JsEngine.fromJsEvalException(JsEngine.java:224)\n- com.intuit.karate.core.ScenarioEngine.evalJs(ScenarioEngine.java:1198)\n- com.intuit.karate.core.ScenarioRuntime.evalConfigJs(ScenarioRuntime.java:296)\n- com.intuit.karate.core.ScenarioRuntime.beforeRun(ScenarioRuntime.java:372)\n- com.intuit.karate.core.ScenarioRuntime.run(ScenarioRuntime.java:391)\n- com.intuit.karate.junit5.FeatureNode.lambda$next$1(FeatureNode.java:71)\n- org.junit.jupiter.engine.descriptor.DynamicTestTestDescriptor.lambda$execute$0(DynamicTestTestDescriptor.java:53)\n\nclasspath:frame\/Post.feature:35\nclasspath:frame\/Post.feature:36\nclasspath:frame\/Post.feature:37\nclasspath:frame\/Post.feature:38\nclasspath:frame\/Post.feature:39\nclasspath:frame\/Post.feature:40","millis":0.0,"status":"failed"},"step":{"line":40,"prefix":"And","index":5,"text":"print response"},"stepLog":"22:25:35.794 classpath:frame\/Post.feature:40\nAnd print response\n>> classpath:frame\/Post.feature:34\n>> karate-config.js failed\n>> js failed:\n>>>>\n01: ()\n<<<<\norg.graalvm.polyglot.PolyglotException: SyntaxError: Unnamed:1:2 Expected => but found eof\r\n()\r\n  ^\n\n- org.graalvm.polyglot.Context.eval(Context.java:425)\n- com.intuit.karate.graal.JsEngine.evalForValue(JsEngine.java:139)\n- com.intuit.karate.graal.JsEngine.eval(JsEngine.java:135)\n- com.intuit.karate.core.ScenarioEngine.evalJs(ScenarioEngine.java:1196)\n- com.intuit.karate.core.ScenarioRuntime.evalConfigJs(ScenarioRuntime.java:296)\n- com.intuit.karate.core.ScenarioRuntime.beforeRun(ScenarioRuntime.java:372)\n- com.intuit.karate.core.ScenarioRuntime.run(ScenarioRuntime.java:391)\n\njs failed:\n>>>>\n<<<<\ncom.intuit.karate.KarateException: js failed:\n>>>>\n01: ()\n<<<<\norg.graalvm.polyglot.PolyglotException: SyntaxError: Unnamed:1:2 Expected => but found eof\r\n()\r\n  ^\n\n- org.graalvm.polyglot.Context.eval(Context.java:425)\n- com.intuit.karate.graal.JsEngine.evalForValue(JsEngine.java:139)\n- com.intuit.karate.graal.JsEngine.eval(JsEngine.java:135)\n- com.intuit.karate.core.ScenarioEngine.evalJs(ScenarioEngine.java:1196)\n- com.intuit.karate.core.ScenarioRuntime.evalConfigJs(ScenarioRuntime.java:296)\n- com.intuit.karate.core.ScenarioRuntime.beforeRun(ScenarioRuntime.java:372)\n- com.intuit.karate.core.ScenarioRuntime.run(ScenarioRuntime.java:391)\n\n- com.intuit.karate.graal.JsEngine.fromJsEvalException(JsEngine.java:224)\n- com.intuit.karate.core.ScenarioEngine.evalJs(ScenarioEngine.java:1198)\n- com.intuit.karate.core.ScenarioRuntime.evalConfigJs(ScenarioRuntime.java:296)\n- com.intuit.karate.core.ScenarioRuntime.beforeRun(ScenarioRuntime.java:372)\n- com.intuit.karate.core.ScenarioRuntime.run(ScenarioRuntime.java:391)\n- com.intuit.karate.junit5.FeatureNode.lambda$next$1(FeatureNode.java:71)\n- org.junit.jupiter.engine.descriptor.DynamicTestTestDescriptor.lambda$execute$0(DynamicTestTestDescriptor.java:53)\n\nclasspath:frame\/Post.feature:35\nclasspath:frame\/Post.feature:36\nclasspath:frame\/Post.feature:37\nclasspath:frame\/Post.feature:38\nclasspath:frame\/Post.feature:39\nclasspath:frame\/Post.feature:40\n"},{"result":{"nanos":0,"errorMessage":">> classpath:frame\/Post.feature:34\n>> karate-config.js failed\n>> js failed:\n>>>>\n01: ()\n<<<<\norg.graalvm.polyglot.PolyglotException: SyntaxError: Unnamed:1:2 Expected => but found eof\r\n()\r\n  ^\n\n- org.graalvm.polyglot.Context.eval(Context.java:425)\n- com.intuit.karate.graal.JsEngine.evalForValue(JsEngine.java:139)\n- com.intuit.karate.graal.JsEngine.eval(JsEngine.java:135)\n- com.intuit.karate.core.ScenarioEngine.evalJs(ScenarioEngine.java:1196)\n- com.intuit.karate.core.ScenarioRuntime.evalConfigJs(ScenarioRuntime.java:296)\n- com.intuit.karate.core.ScenarioRuntime.beforeRun(ScenarioRuntime.java:372)\n- com.intuit.karate.core.ScenarioRuntime.run(ScenarioRuntime.java:391)\n\njs failed:\n>>>>\n<<<<\ncom.intuit.karate.KarateException: js failed:\n>>>>\n01: ()\n<<<<\norg.graalvm.polyglot.PolyglotException: SyntaxError: Unnamed:1:2 Expected => but found eof\r\n()\r\n  ^\n\n- org.graalvm.polyglot.Context.eval(Context.java:425)\n- com.intuit.karate.graal.JsEngine.evalForValue(JsEngine.java:139)\n- com.intuit.karate.graal.JsEngine.eval(JsEngine.java:135)\n- com.intuit.karate.core.ScenarioEngine.evalJs(ScenarioEngine.java:1196)\n- com.intuit.karate.core.ScenarioRuntime.evalConfigJs(ScenarioRuntime.java:296)\n- com.intuit.karate.core.ScenarioRuntime.beforeRun(ScenarioRuntime.java:372)\n- com.intuit.karate.core.ScenarioRuntime.run(ScenarioRuntime.java:391)\n\n- com.intuit.karate.graal.JsEngine.fromJsEvalException(JsEngine.java:224)\n- com.intuit.karate.core.ScenarioEngine.evalJs(ScenarioEngine.java:1198)\n- com.intuit.karate.core.ScenarioRuntime.evalConfigJs(ScenarioRuntime.java:296)\n- com.intuit.karate.core.ScenarioRuntime.beforeRun(ScenarioRuntime.java:372)\n- com.intuit.karate.core.ScenarioRuntime.run(ScenarioRuntime.java:391)\n- com.intuit.karate.junit5.FeatureNode.lambda$next$1(FeatureNode.java:71)\n- org.junit.jupiter.engine.descriptor.DynamicTestTestDescriptor.lambda$execute$0(DynamicTestTestDescriptor.java:53)\n\nclasspath:frame\/Post.feature:35\nclasspath:frame\/Post.feature:36\nclasspath:frame\/Post.feature:37\nclasspath:frame\/Post.feature:38\nclasspath:frame\/Post.feature:39\nclasspath:frame\/Post.feature:40\nclasspath:frame\/Post.feature:41","millis":0.0,"status":"failed"},"step":{"line":41,"prefix":"And","index":6,"text":"match response == rew"},"stepLog":"22:25:35.794 classpath:frame\/Post.feature:41\nAnd match response == rew\n>> classpath:frame\/Post.feature:34\n>> karate-config.js failed\n>> js failed:\n>>>>\n01: ()\n<<<<\norg.graalvm.polyglot.PolyglotException: SyntaxError: Unnamed:1:2 Expected => but found eof\r\n()\r\n  ^\n\n- org.graalvm.polyglot.Context.eval(Context.java:425)\n- com.intuit.karate.graal.JsEngine.evalForValue(JsEngine.java:139)\n- com.intuit.karate.graal.JsEngine.eval(JsEngine.java:135)\n- com.intuit.karate.core.ScenarioEngine.evalJs(ScenarioEngine.java:1196)\n- com.intuit.karate.core.ScenarioRuntime.evalConfigJs(ScenarioRuntime.java:296)\n- com.intuit.karate.core.ScenarioRuntime.beforeRun(ScenarioRuntime.java:372)\n- com.intuit.karate.core.ScenarioRuntime.run(ScenarioRuntime.java:391)\n\njs failed:\n>>>>\n<<<<\ncom.intuit.karate.KarateException: js failed:\n>>>>\n01: ()\n<<<<\norg.graalvm.polyglot.PolyglotException: SyntaxError: Unnamed:1:2 Expected => but found eof\r\n()\r\n  ^\n\n- org.graalvm.polyglot.Context.eval(Context.java:425)\n- com.intuit.karate.graal.JsEngine.evalForValue(JsEngine.java:139)\n- com.intuit.karate.graal.JsEngine.eval(JsEngine.java:135)\n- com.intuit.karate.core.ScenarioEngine.evalJs(ScenarioEngine.java:1196)\n- com.intuit.karate.core.ScenarioRuntime.evalConfigJs(ScenarioRuntime.java:296)\n- com.intuit.karate.core.ScenarioRuntime.beforeRun(ScenarioRuntime.java:372)\n- com.intuit.karate.core.ScenarioRuntime.run(ScenarioRuntime.java:391)\n\n- com.intuit.karate.graal.JsEngine.fromJsEvalException(JsEngine.java:224)\n- com.intuit.karate.core.ScenarioEngine.evalJs(ScenarioEngine.java:1198)\n- com.intuit.karate.core.ScenarioRuntime.evalConfigJs(ScenarioRuntime.java:296)\n- com.intuit.karate.core.ScenarioRuntime.beforeRun(ScenarioRuntime.java:372)\n- com.intuit.karate.core.ScenarioRuntime.run(ScenarioRuntime.java:391)\n- com.intuit.karate.junit5.FeatureNode.lambda$next$1(FeatureNode.java:71)\n- org.junit.jupiter.engine.descriptor.DynamicTestTestDescriptor.lambda$execute$0(DynamicTestTestDescriptor.java:53)\n\nclasspath:frame\/Post.feature:35\nclasspath:frame\/Post.feature:36\nclasspath:frame\/Post.feature:37\nclasspath:frame\/Post.feature:38\nclasspath:frame\/Post.feature:39\nclasspath:frame\/Post.feature:40\nclasspath:frame\/Post.feature:41\n"},{"result":{"nanos":0,"errorMessage":">> classpath:frame\/Post.feature:34\n>> karate-config.js failed\n>> js failed:\n>>>>\n01: ()\n<<<<\norg.graalvm.polyglot.PolyglotException: SyntaxError: Unnamed:1:2 Expected => but found eof\r\n()\r\n  ^\n\n- org.graalvm.polyglot.Context.eval(Context.java:425)\n- com.intuit.karate.graal.JsEngine.evalForValue(JsEngine.java:139)\n- com.intuit.karate.graal.JsEngine.eval(JsEngine.java:135)\n- com.intuit.karate.core.ScenarioEngine.evalJs(ScenarioEngine.java:1196)\n- com.intuit.karate.core.ScenarioRuntime.evalConfigJs(ScenarioRuntime.java:296)\n- com.intuit.karate.core.ScenarioRuntime.beforeRun(ScenarioRuntime.java:372)\n- com.intuit.karate.core.ScenarioRuntime.run(ScenarioRuntime.java:391)\n\njs failed:\n>>>>\n<<<<\ncom.intuit.karate.KarateException: js failed:\n>>>>\n01: ()\n<<<<\norg.graalvm.polyglot.PolyglotException: SyntaxError: Unnamed:1:2 Expected => but found eof\r\n()\r\n  ^\n\n- org.graalvm.polyglot.Context.eval(Context.java:425)\n- com.intuit.karate.graal.JsEngine.evalForValue(JsEngine.java:139)\n- com.intuit.karate.graal.JsEngine.eval(JsEngine.java:135)\n- com.intuit.karate.core.ScenarioEngine.evalJs(ScenarioEngine.java:1196)\n- com.intuit.karate.core.ScenarioRuntime.evalConfigJs(ScenarioRuntime.java:296)\n- com.intuit.karate.core.ScenarioRuntime.beforeRun(ScenarioRuntime.java:372)\n- com.intuit.karate.core.ScenarioRuntime.run(ScenarioRuntime.java:391)\n\n- com.intuit.karate.graal.JsEngine.fromJsEvalException(JsEngine.java:224)\n- com.intuit.karate.core.ScenarioEngine.evalJs(ScenarioEngine.java:1198)\n- com.intuit.karate.core.ScenarioRuntime.evalConfigJs(ScenarioRuntime.java:296)\n- com.intuit.karate.core.ScenarioRuntime.beforeRun(ScenarioRuntime.java:372)\n- com.intuit.karate.core.ScenarioRuntime.run(ScenarioRuntime.java:391)\n- com.intuit.karate.junit5.FeatureNode.lambda$next$1(FeatureNode.java:71)\n- org.junit.jupiter.engine.descriptor.DynamicTestTestDescriptor.lambda$execute$0(DynamicTestTestDescriptor.java:53)\n\nclasspath:frame\/Post.feature:35\nclasspath:frame\/Post.feature:36\nclasspath:frame\/Post.feature:37\nclasspath:frame\/Post.feature:38\nclasspath:frame\/Post.feature:39\nclasspath:frame\/Post.feature:40\nclasspath:frame\/Post.feature:41\nclasspath:frame\/Post.feature:42","millis":0.0,"status":"failed"},"step":{"line":42,"prefix":"And","index":7,"text":"match response.name == \"morpheus\""},"stepLog":"22:25:35.794 classpath:frame\/Post.feature:42\nAnd match response.name == \"morpheus\"\n>> classpath:frame\/Post.feature:34\n>> karate-config.js failed\n>> js failed:\n>>>>\n01: ()\n<<<<\norg.graalvm.polyglot.PolyglotException: SyntaxError: Unnamed:1:2 Expected => but found eof\r\n()\r\n  ^\n\n- org.graalvm.polyglot.Context.eval(Context.java:425)\n- com.intuit.karate.graal.JsEngine.evalForValue(JsEngine.java:139)\n- com.intuit.karate.graal.JsEngine.eval(JsEngine.java:135)\n- com.intuit.karate.core.ScenarioEngine.evalJs(ScenarioEngine.java:1196)\n- com.intuit.karate.core.ScenarioRuntime.evalConfigJs(ScenarioRuntime.java:296)\n- com.intuit.karate.core.ScenarioRuntime.beforeRun(ScenarioRuntime.java:372)\n- com.intuit.karate.core.ScenarioRuntime.run(ScenarioRuntime.java:391)\n\njs failed:\n>>>>\n<<<<\ncom.intuit.karate.KarateException: js failed:\n>>>>\n01: ()\n<<<<\norg.graalvm.polyglot.PolyglotException: SyntaxError: Unnamed:1:2 Expected => but found eof\r\n()\r\n  ^\n\n- org.graalvm.polyglot.Context.eval(Context.java:425)\n- com.intuit.karate.graal.JsEngine.evalForValue(JsEngine.java:139)\n- com.intuit.karate.graal.JsEngine.eval(JsEngine.java:135)\n- com.intuit.karate.core.ScenarioEngine.evalJs(ScenarioEngine.java:1196)\n- com.intuit.karate.core.ScenarioRuntime.evalConfigJs(ScenarioRuntime.java:296)\n- com.intuit.karate.core.ScenarioRuntime.beforeRun(ScenarioRuntime.java:372)\n- com.intuit.karate.core.ScenarioRuntime.run(ScenarioRuntime.java:391)\n\n- com.intuit.karate.graal.JsEngine.fromJsEvalException(JsEngine.java:224)\n- com.intuit.karate.core.ScenarioEngine.evalJs(ScenarioEngine.java:1198)\n- com.intuit.karate.core.ScenarioRuntime.evalConfigJs(ScenarioRuntime.java:296)\n- com.intuit.karate.core.ScenarioRuntime.beforeRun(ScenarioRuntime.java:372)\n- com.intuit.karate.core.ScenarioRuntime.run(ScenarioRuntime.java:391)\n- com.intuit.karate.junit5.FeatureNode.lambda$next$1(FeatureNode.java:71)\n- org.junit.jupiter.engine.descriptor.DynamicTestTestDescriptor.lambda$execute$0(DynamicTestTestDescriptor.java:53)\n\nclasspath:frame\/Post.feature:35\nclasspath:frame\/Post.feature:36\nclasspath:frame\/Post.feature:37\nclasspath:frame\/Post.feature:38\nclasspath:frame\/Post.feature:39\nclasspath:frame\/Post.feature:40\nclasspath:frame\/Post.feature:41\nclasspath:frame\/Post.feature:42\n"}],"line":34,"description":"","durationMillis":0.0,"failed":true,"error":">> classpath:frame\/Post.feature:34\n>> karate-config.js failed\n>> js failed:\n>>>>\n01: ()\n<<<<\norg.graalvm.polyglot.PolyglotException: SyntaxError: Unnamed:1:2 Expected => but found eof\r\n()\r\n  ^\n\n- org.graalvm.polyglot.Context.eval(Context.java:425)\n- com.intuit.karate.graal.JsEngine.evalForValue(JsEngine.java:139)\n- com.intuit.karate.graal.JsEngine.eval(JsEngine.java:135)\n- com.intuit.karate.core.ScenarioEngine.evalJs(ScenarioEngine.java:1196)\n- com.intuit.karate.core.ScenarioRuntime.evalConfigJs(ScenarioRuntime.java:296)\n- com.intuit.karate.core.ScenarioRuntime.beforeRun(ScenarioRuntime.java:372)\n- com.intuit.karate.core.ScenarioRuntime.run(ScenarioRuntime.java:391)\n\njs failed:\n>>>>\n<<<<\ncom.intuit.karate.KarateException: js failed:\n>>>>\n01: ()\n<<<<\norg.graalvm.polyglot.PolyglotException: SyntaxError: Unnamed:1:2 Expected => but found eof\r\n()\r\n  ^\n\n- org.graalvm.polyglot.Context.eval(Context.java:425)\n- com.intuit.karate.graal.JsEngine.evalForValue(JsEngine.java:139)\n- com.intuit.karate.graal.JsEngine.eval(JsEngine.java:135)\n- com.intuit.karate.core.ScenarioEngine.evalJs(ScenarioEngine.java:1196)\n- com.intuit.karate.core.ScenarioRuntime.evalConfigJs(ScenarioRuntime.java:296)\n- com.intuit.karate.core.ScenarioRuntime.beforeRun(ScenarioRuntime.java:372)\n- com.intuit.karate.core.ScenarioRuntime.run(ScenarioRuntime.java:391)\n\n- com.intuit.karate.graal.JsEngine.fromJsEvalException(JsEngine.java:224)\n- com.intuit.karate.core.ScenarioEngine.evalJs(ScenarioEngine.java:1198)\n- com.intuit.karate.core.ScenarioRuntime.evalConfigJs(ScenarioRuntime.java:296)\n- com.intuit.karate.core.ScenarioRuntime.beforeRun(ScenarioRuntime.java:372)\n- com.intuit.karate.core.ScenarioRuntime.run(ScenarioRuntime.java:391)\n- com.intuit.karate.junit5.FeatureNode.lambda$next$1(FeatureNode.java:71)\n- org.junit.jupiter.engine.descriptor.DynamicTestTestDescriptor.lambda$execute$0(DynamicTestTestDescriptor.java:53)\n\nclasspath:frame\/Post.feature:35\nclasspath:frame\/Post.feature:36\nclasspath:frame\/Post.feature:37\nclasspath:frame\/Post.feature:38\nclasspath:frame\/Post.feature:39\nclasspath:frame\/Post.feature:40\nclasspath:frame\/Post.feature:41\nclasspath:frame\/Post.feature:42","executorName":"main","name":"DEMO 4","startTime":1707584135791,"refId":"[4:34]","endTime":1707584135794,"exampleIndex":-1},{"sectionIndex":4,"stepResults":[{"result":{"nanos":0,"errorMessage":">> classpath:frame\/Post.feature:44\n>> karate-config.js failed\n>> js failed:\n>>>>\n01: ()\n<<<<\norg.graalvm.polyglot.PolyglotException: SyntaxError: Unnamed:1:2 Expected => but found eof\r\n()\r\n  ^\n\n- org.graalvm.polyglot.Context.eval(Context.java:425)\n- com.intuit.karate.graal.JsEngine.evalForValue(JsEngine.java:139)\n- com.intuit.karate.graal.JsEngine.eval(JsEngine.java:135)\n- com.intuit.karate.core.ScenarioEngine.evalJs(ScenarioEngine.java:1196)\n- com.intuit.karate.core.ScenarioRuntime.evalConfigJs(ScenarioRuntime.java:296)\n- com.intuit.karate.core.ScenarioRuntime.beforeRun(ScenarioRuntime.java:372)\n- com.intuit.karate.core.ScenarioRuntime.run(ScenarioRuntime.java:391)\n\njs failed:\n>>>>\n<<<<\ncom.intuit.karate.KarateException: js failed:\n>>>>\n01: ()\n<<<<\norg.graalvm.polyglot.PolyglotException: SyntaxError: Unnamed:1:2 Expected => but found eof\r\n()\r\n  ^\n\n- org.graalvm.polyglot.Context.eval(Context.java:425)\n- com.intuit.karate.graal.JsEngine.evalForValue(JsEngine.java:139)\n- com.intuit.karate.graal.JsEngine.eval(JsEngine.java:135)\n- com.intuit.karate.core.ScenarioEngine.evalJs(ScenarioEngine.java:1196)\n- com.intuit.karate.core.ScenarioRuntime.evalConfigJs(ScenarioRuntime.java:296)\n- com.intuit.karate.core.ScenarioRuntime.beforeRun(ScenarioRuntime.java:372)\n- com.intuit.karate.core.ScenarioRuntime.run(ScenarioRuntime.java:391)\n\n- com.intuit.karate.graal.JsEngine.fromJsEvalException(JsEngine.java:224)\n- com.intuit.karate.core.ScenarioEngine.evalJs(ScenarioEngine.java:1198)\n- com.intuit.karate.core.ScenarioRuntime.evalConfigJs(ScenarioRuntime.java:296)\n- com.intuit.karate.core.ScenarioRuntime.beforeRun(ScenarioRuntime.java:372)\n- com.intuit.karate.core.ScenarioRuntime.run(ScenarioRuntime.java:391)\n- com.intuit.karate.junit5.FeatureNode.lambda$next$1(FeatureNode.java:71)\n- org.junit.jupiter.engine.descriptor.DynamicTestTestDescriptor.lambda$execute$0(DynamicTestTestDescriptor.java:53)\n\nclasspath:frame\/Post.feature:45","millis":0.0,"status":"failed"},"step":{"line":45,"prefix":"Given","index":0,"text":"url  'https:\/\/reqres.in\/api\/users'"},"stepLog":"22:25:35.808 classpath:frame\/Post.feature:45\nGiven url  'https:\/\/reqres.in\/api\/users'\n>> classpath:frame\/Post.feature:44\n>> karate-config.js failed\n>> js failed:\n>>>>\n01: ()\n<<<<\norg.graalvm.polyglot.PolyglotException: SyntaxError: Unnamed:1:2 Expected => but found eof\r\n()\r\n  ^\n\n- org.graalvm.polyglot.Context.eval(Context.java:425)\n- com.intuit.karate.graal.JsEngine.evalForValue(JsEngine.java:139)\n- com.intuit.karate.graal.JsEngine.eval(JsEngine.java:135)\n- com.intuit.karate.core.ScenarioEngine.evalJs(ScenarioEngine.java:1196)\n- com.intuit.karate.core.ScenarioRuntime.evalConfigJs(ScenarioRuntime.java:296)\n- com.intuit.karate.core.ScenarioRuntime.beforeRun(ScenarioRuntime.java:372)\n- com.intuit.karate.core.ScenarioRuntime.run(ScenarioRuntime.java:391)\n\njs failed:\n>>>>\n<<<<\ncom.intuit.karate.KarateException: js failed:\n>>>>\n01: ()\n<<<<\norg.graalvm.polyglot.PolyglotException: SyntaxError: Unnamed:1:2 Expected => but found eof\r\n()\r\n  ^\n\n- org.graalvm.polyglot.Context.eval(Context.java:425)\n- com.intuit.karate.graal.JsEngine.evalForValue(JsEngine.java:139)\n- com.intuit.karate.graal.JsEngine.eval(JsEngine.java:135)\n- com.intuit.karate.core.ScenarioEngine.evalJs(ScenarioEngine.java:1196)\n- com.intuit.karate.core.ScenarioRuntime.evalConfigJs(ScenarioRuntime.java:296)\n- com.intuit.karate.core.ScenarioRuntime.beforeRun(ScenarioRuntime.java:372)\n- com.intuit.karate.core.ScenarioRuntime.run(ScenarioRuntime.java:391)\n\n- com.intuit.karate.graal.JsEngine.fromJsEvalException(JsEngine.java:224)\n- com.intuit.karate.core.ScenarioEngine.evalJs(ScenarioEngine.java:1198)\n- com.intuit.karate.core.ScenarioRuntime.evalConfigJs(ScenarioRuntime.java:296)\n- com.intuit.karate.core.ScenarioRuntime.beforeRun(ScenarioRuntime.java:372)\n- com.intuit.karate.core.ScenarioRuntime.run(ScenarioRuntime.java:391)\n- com.intuit.karate.junit5.FeatureNode.lambda$next$1(FeatureNode.java:71)\n- org.junit.jupiter.engine.descriptor.DynamicTestTestDescriptor.lambda$execute$0(DynamicTestTestDescriptor.java:53)\n\nclasspath:frame\/Post.feature:45\n"},{"result":{"nanos":0,"errorMessage":">> classpath:frame\/Post.feature:44\n>> karate-config.js failed\n>> js failed:\n>>>>\n01: ()\n<<<<\norg.graalvm.polyglot.PolyglotException: SyntaxError: Unnamed:1:2 Expected => but found eof\r\n()\r\n  ^\n\n- org.graalvm.polyglot.Context.eval(Context.java:425)\n- com.intuit.karate.graal.JsEngine.evalForValue(JsEngine.java:139)\n- com.intuit.karate.graal.JsEngine.eval(JsEngine.java:135)\n- com.intuit.karate.core.ScenarioEngine.evalJs(ScenarioEngine.java:1196)\n- com.intuit.karate.core.ScenarioRuntime.evalConfigJs(ScenarioRuntime.java:296)\n- com.intuit.karate.core.ScenarioRuntime.beforeRun(ScenarioRuntime.java:372)\n- com.intuit.karate.core.ScenarioRuntime.run(ScenarioRuntime.java:391)\n\njs failed:\n>>>>\n<<<<\ncom.intuit.karate.KarateException: js failed:\n>>>>\n01: ()\n<<<<\norg.graalvm.polyglot.PolyglotException: SyntaxError: Unnamed:1:2 Expected => but found eof\r\n()\r\n  ^\n\n- org.graalvm.polyglot.Context.eval(Context.java:425)\n- com.intuit.karate.graal.JsEngine.evalForValue(JsEngine.java:139)\n- com.intuit.karate.graal.JsEngine.eval(JsEngine.java:135)\n- com.intuit.karate.core.ScenarioEngine.evalJs(ScenarioEngine.java:1196)\n- com.intuit.karate.core.ScenarioRuntime.evalConfigJs(ScenarioRuntime.java:296)\n- com.intuit.karate.core.ScenarioRuntime.beforeRun(ScenarioRuntime.java:372)\n- com.intuit.karate.core.ScenarioRuntime.run(ScenarioRuntime.java:391)\n\n- com.intuit.karate.graal.JsEngine.fromJsEvalException(JsEngine.java:224)\n- com.intuit.karate.core.ScenarioEngine.evalJs(ScenarioEngine.java:1198)\n- com.intuit.karate.core.ScenarioRuntime.evalConfigJs(ScenarioRuntime.java:296)\n- com.intuit.karate.core.ScenarioRuntime.beforeRun(ScenarioRuntime.java:372)\n- com.intuit.karate.core.ScenarioRuntime.run(ScenarioRuntime.java:391)\n- com.intuit.karate.junit5.FeatureNode.lambda$next$1(FeatureNode.java:71)\n- org.junit.jupiter.engine.descriptor.DynamicTestTestDescriptor.lambda$execute$0(DynamicTestTestDescriptor.java:53)\n\nclasspath:frame\/Post.feature:45\nclasspath:frame\/Post.feature:46","millis":0.0,"status":"failed"},"step":{"line":46,"prefix":"And","index":1,"text":"def  body = read(\"file.json\")"},"stepLog":"22:25:35.808 classpath:frame\/Post.feature:46\nAnd def  body = read(\"file.json\")\n>> classpath:frame\/Post.feature:44\n>> karate-config.js failed\n>> js failed:\n>>>>\n01: ()\n<<<<\norg.graalvm.polyglot.PolyglotException: SyntaxError: Unnamed:1:2 Expected => but found eof\r\n()\r\n  ^\n\n- org.graalvm.polyglot.Context.eval(Context.java:425)\n- com.intuit.karate.graal.JsEngine.evalForValue(JsEngine.java:139)\n- com.intuit.karate.graal.JsEngine.eval(JsEngine.java:135)\n- com.intuit.karate.core.ScenarioEngine.evalJs(ScenarioEngine.java:1196)\n- com.intuit.karate.core.ScenarioRuntime.evalConfigJs(ScenarioRuntime.java:296)\n- com.intuit.karate.core.ScenarioRuntime.beforeRun(ScenarioRuntime.java:372)\n- com.intuit.karate.core.ScenarioRuntime.run(ScenarioRuntime.java:391)\n\njs failed:\n>>>>\n<<<<\ncom.intuit.karate.KarateException: js failed:\n>>>>\n01: ()\n<<<<\norg.graalvm.polyglot.PolyglotException: SyntaxError: Unnamed:1:2 Expected => but found eof\r\n()\r\n  ^\n\n- org.graalvm.polyglot.Context.eval(Context.java:425)\n- com.intuit.karate.graal.JsEngine.evalForValue(JsEngine.java:139)\n- com.intuit.karate.graal.JsEngine.eval(JsEngine.java:135)\n- com.intuit.karate.core.ScenarioEngine.evalJs(ScenarioEngine.java:1196)\n- com.intuit.karate.core.ScenarioRuntime.evalConfigJs(ScenarioRuntime.java:296)\n- com.intuit.karate.core.ScenarioRuntime.beforeRun(ScenarioRuntime.java:372)\n- com.intuit.karate.core.ScenarioRuntime.run(ScenarioRuntime.java:391)\n\n- com.intuit.karate.graal.JsEngine.fromJsEvalException(JsEngine.java:224)\n- com.intuit.karate.core.ScenarioEngine.evalJs(ScenarioEngine.java:1198)\n- com.intuit.karate.core.ScenarioRuntime.evalConfigJs(ScenarioRuntime.java:296)\n- com.intuit.karate.core.ScenarioRuntime.beforeRun(ScenarioRuntime.java:372)\n- com.intuit.karate.core.ScenarioRuntime.run(ScenarioRuntime.java:391)\n- com.intuit.karate.junit5.FeatureNode.lambda$next$1(FeatureNode.java:71)\n- org.junit.jupiter.engine.descriptor.DynamicTestTestDescriptor.lambda$execute$0(DynamicTestTestDescriptor.java:53)\n\nclasspath:frame\/Post.feature:45\nclasspath:frame\/Post.feature:46\n"},{"result":{"nanos":0,"errorMessage":">> classpath:frame\/Post.feature:44\n>> karate-config.js failed\n>> js failed:\n>>>>\n01: ()\n<<<<\norg.graalvm.polyglot.PolyglotException: SyntaxError: Unnamed:1:2 Expected => but found eof\r\n()\r\n  ^\n\n- org.graalvm.polyglot.Context.eval(Context.java:425)\n- com.intuit.karate.graal.JsEngine.evalForValue(JsEngine.java:139)\n- com.intuit.karate.graal.JsEngine.eval(JsEngine.java:135)\n- com.intuit.karate.core.ScenarioEngine.evalJs(ScenarioEngine.java:1196)\n- com.intuit.karate.core.ScenarioRuntime.evalConfigJs(ScenarioRuntime.java:296)\n- com.intuit.karate.core.ScenarioRuntime.beforeRun(ScenarioRuntime.java:372)\n- com.intuit.karate.core.ScenarioRuntime.run(ScenarioRuntime.java:391)\n\njs failed:\n>>>>\n<<<<\ncom.intuit.karate.KarateException: js failed:\n>>>>\n01: ()\n<<<<\norg.graalvm.polyglot.PolyglotException: SyntaxError: Unnamed:1:2 Expected => but found eof\r\n()\r\n  ^\n\n- org.graalvm.polyglot.Context.eval(Context.java:425)\n- com.intuit.karate.graal.JsEngine.evalForValue(JsEngine.java:139)\n- com.intuit.karate.graal.JsEngine.eval(JsEngine.java:135)\n- com.intuit.karate.core.ScenarioEngine.evalJs(ScenarioEngine.java:1196)\n- com.intuit.karate.core.ScenarioRuntime.evalConfigJs(ScenarioRuntime.java:296)\n- com.intuit.karate.core.ScenarioRuntime.beforeRun(ScenarioRuntime.java:372)\n- com.intuit.karate.core.ScenarioRuntime.run(ScenarioRuntime.java:391)\n\n- com.intuit.karate.graal.JsEngine.fromJsEvalException(JsEngine.java:224)\n- com.intuit.karate.core.ScenarioEngine.evalJs(ScenarioEngine.java:1198)\n- com.intuit.karate.core.ScenarioRuntime.evalConfigJs(ScenarioRuntime.java:296)\n- com.intuit.karate.core.ScenarioRuntime.beforeRun(ScenarioRuntime.java:372)\n- com.intuit.karate.core.ScenarioRuntime.run(ScenarioRuntime.java:391)\n- com.intuit.karate.junit5.FeatureNode.lambda$next$1(FeatureNode.java:71)\n- org.junit.jupiter.engine.descriptor.DynamicTestTestDescriptor.lambda$execute$0(DynamicTestTestDescriptor.java:53)\n\nclasspath:frame\/Post.feature:45\nclasspath:frame\/Post.feature:46\nclasspath:frame\/Post.feature:47","millis":0.0,"status":"failed"},"step":{"line":47,"prefix":"And","index":2,"text":"set body.name = \"Mahesh\""},"stepLog":"22:25:35.808 classpath:frame\/Post.feature:47\nAnd set body.name = \"Mahesh\"\n>> classpath:frame\/Post.feature:44\n>> karate-config.js failed\n>> js failed:\n>>>>\n01: ()\n<<<<\norg.graalvm.polyglot.PolyglotException: SyntaxError: Unnamed:1:2 Expected => but found eof\r\n()\r\n  ^\n\n- org.graalvm.polyglot.Context.eval(Context.java:425)\n- com.intuit.karate.graal.JsEngine.evalForValue(JsEngine.java:139)\n- com.intuit.karate.graal.JsEngine.eval(JsEngine.java:135)\n- com.intuit.karate.core.ScenarioEngine.evalJs(ScenarioEngine.java:1196)\n- com.intuit.karate.core.ScenarioRuntime.evalConfigJs(ScenarioRuntime.java:296)\n- com.intuit.karate.core.ScenarioRuntime.beforeRun(ScenarioRuntime.java:372)\n- com.intuit.karate.core.ScenarioRuntime.run(ScenarioRuntime.java:391)\n\njs failed:\n>>>>\n<<<<\ncom.intuit.karate.KarateException: js failed:\n>>>>\n01: ()\n<<<<\norg.graalvm.polyglot.PolyglotException: SyntaxError: Unnamed:1:2 Expected => but found eof\r\n()\r\n  ^\n\n- org.graalvm.polyglot.Context.eval(Context.java:425)\n- com.intuit.karate.graal.JsEngine.evalForValue(JsEngine.java:139)\n- com.intuit.karate.graal.JsEngine.eval(JsEngine.java:135)\n- com.intuit.karate.core.ScenarioEngine.evalJs(ScenarioEngine.java:1196)\n- com.intuit.karate.core.ScenarioRuntime.evalConfigJs(ScenarioRuntime.java:296)\n- com.intuit.karate.core.ScenarioRuntime.beforeRun(ScenarioRuntime.java:372)\n- com.intuit.karate.core.ScenarioRuntime.run(ScenarioRuntime.java:391)\n\n- com.intuit.karate.graal.JsEngine.fromJsEvalException(JsEngine.java:224)\n- com.intuit.karate.core.ScenarioEngine.evalJs(ScenarioEngine.java:1198)\n- com.intuit.karate.core.ScenarioRuntime.evalConfigJs(ScenarioRuntime.java:296)\n- com.intuit.karate.core.ScenarioRuntime.beforeRun(ScenarioRuntime.java:372)\n- com.intuit.karate.core.ScenarioRuntime.run(ScenarioRuntime.java:391)\n- com.intuit.karate.junit5.FeatureNode.lambda$next$1(FeatureNode.java:71)\n- org.junit.jupiter.engine.descriptor.DynamicTestTestDescriptor.lambda$execute$0(DynamicTestTestDescriptor.java:53)\n\nclasspath:frame\/Post.feature:45\nclasspath:frame\/Post.feature:46\nclasspath:frame\/Post.feature:47\n"},{"result":{"nanos":0,"errorMessage":">> classpath:frame\/Post.feature:44\n>> karate-config.js failed\n>> js failed:\n>>>>\n01: ()\n<<<<\norg.graalvm.polyglot.PolyglotException: SyntaxError: Unnamed:1:2 Expected => but found eof\r\n()\r\n  ^\n\n- org.graalvm.polyglot.Context.eval(Context.java:425)\n- com.intuit.karate.graal.JsEngine.evalForValue(JsEngine.java:139)\n- com.intuit.karate.graal.JsEngine.eval(JsEngine.java:135)\n- com.intuit.karate.core.ScenarioEngine.evalJs(ScenarioEngine.java:1196)\n- com.intuit.karate.core.ScenarioRuntime.evalConfigJs(ScenarioRuntime.java:296)\n- com.intuit.karate.core.ScenarioRuntime.beforeRun(ScenarioRuntime.java:372)\n- com.intuit.karate.core.ScenarioRuntime.run(ScenarioRuntime.java:391)\n\njs failed:\n>>>>\n<<<<\ncom.intuit.karate.KarateException: js failed:\n>>>>\n01: ()\n<<<<\norg.graalvm.polyglot.PolyglotException: SyntaxError: Unnamed:1:2 Expected => but found eof\r\n()\r\n  ^\n\n- org.graalvm.polyglot.Context.eval(Context.java:425)\n- com.intuit.karate.graal.JsEngine.evalForValue(JsEngine.java:139)\n- com.intuit.karate.graal.JsEngine.eval(JsEngine.java:135)\n- com.intuit.karate.core.ScenarioEngine.evalJs(ScenarioEngine.java:1196)\n- com.intuit.karate.core.ScenarioRuntime.evalConfigJs(ScenarioRuntime.java:296)\n- com.intuit.karate.core.ScenarioRuntime.beforeRun(ScenarioRuntime.java:372)\n- com.intuit.karate.core.ScenarioRuntime.run(ScenarioRuntime.java:391)\n\n- com.intuit.karate.graal.JsEngine.fromJsEvalException(JsEngine.java:224)\n- com.intuit.karate.core.ScenarioEngine.evalJs(ScenarioEngine.java:1198)\n- com.intuit.karate.core.ScenarioRuntime.evalConfigJs(ScenarioRuntime.java:296)\n- com.intuit.karate.core.ScenarioRuntime.beforeRun(ScenarioRuntime.java:372)\n- com.intuit.karate.core.ScenarioRuntime.run(ScenarioRuntime.java:391)\n- com.intuit.karate.junit5.FeatureNode.lambda$next$1(FeatureNode.java:71)\n- org.junit.jupiter.engine.descriptor.DynamicTestTestDescriptor.lambda$execute$0(DynamicTestTestDescriptor.java:53)\n\nclasspath:frame\/Post.feature:45\nclasspath:frame\/Post.feature:46\nclasspath:frame\/Post.feature:47\nclasspath:frame\/Post.feature:48","millis":0.0,"status":"failed"},"step":{"line":48,"prefix":"And","index":3,"text":"request body"},"stepLog":"22:25:35.808 classpath:frame\/Post.feature:48\nAnd request body\n>> classpath:frame\/Post.feature:44\n>> karate-config.js failed\n>> js failed:\n>>>>\n01: ()\n<<<<\norg.graalvm.polyglot.PolyglotException: SyntaxError: Unnamed:1:2 Expected => but found eof\r\n()\r\n  ^\n\n- org.graalvm.polyglot.Context.eval(Context.java:425)\n- com.intuit.karate.graal.JsEngine.evalForValue(JsEngine.java:139)\n- com.intuit.karate.graal.JsEngine.eval(JsEngine.java:135)\n- com.intuit.karate.core.ScenarioEngine.evalJs(ScenarioEngine.java:1196)\n- com.intuit.karate.core.ScenarioRuntime.evalConfigJs(ScenarioRuntime.java:296)\n- com.intuit.karate.core.ScenarioRuntime.beforeRun(ScenarioRuntime.java:372)\n- com.intuit.karate.core.ScenarioRuntime.run(ScenarioRuntime.java:391)\n\njs failed:\n>>>>\n<<<<\ncom.intuit.karate.KarateException: js failed:\n>>>>\n01: ()\n<<<<\norg.graalvm.polyglot.PolyglotException: SyntaxError: Unnamed:1:2 Expected => but found eof\r\n()\r\n  ^\n\n- org.graalvm.polyglot.Context.eval(Context.java:425)\n- com.intuit.karate.graal.JsEngine.evalForValue(JsEngine.java:139)\n- com.intuit.karate.graal.JsEngine.eval(JsEngine.java:135)\n- com.intuit.karate.core.ScenarioEngine.evalJs(ScenarioEngine.java:1196)\n- com.intuit.karate.core.ScenarioRuntime.evalConfigJs(ScenarioRuntime.java:296)\n- com.intuit.karate.core.ScenarioRuntime.beforeRun(ScenarioRuntime.java:372)\n- com.intuit.karate.core.ScenarioRuntime.run(ScenarioRuntime.java:391)\n\n- com.intuit.karate.graal.JsEngine.fromJsEvalException(JsEngine.java:224)\n- com.intuit.karate.core.ScenarioEngine.evalJs(ScenarioEngine.java:1198)\n- com.intuit.karate.core.ScenarioRuntime.evalConfigJs(ScenarioRuntime.java:296)\n- com.intuit.karate.core.ScenarioRuntime.beforeRun(ScenarioRuntime.java:372)\n- com.intuit.karate.core.ScenarioRuntime.run(ScenarioRuntime.java:391)\n- com.intuit.karate.junit5.FeatureNode.lambda$next$1(FeatureNode.java:71)\n- org.junit.jupiter.engine.descriptor.DynamicTestTestDescriptor.lambda$execute$0(DynamicTestTestDescriptor.java:53)\n\nclasspath:frame\/Post.feature:45\nclasspath:frame\/Post.feature:46\nclasspath:frame\/Post.feature:47\nclasspath:frame\/Post.feature:48\n"},{"result":{"nanos":0,"errorMessage":">> classpath:frame\/Post.feature:44\n>> karate-config.js failed\n>> js failed:\n>>>>\n01: ()\n<<<<\norg.graalvm.polyglot.PolyglotException: SyntaxError: Unnamed:1:2 Expected => but found eof\r\n()\r\n  ^\n\n- org.graalvm.polyglot.Context.eval(Context.java:425)\n- com.intuit.karate.graal.JsEngine.evalForValue(JsEngine.java:139)\n- com.intuit.karate.graal.JsEngine.eval(JsEngine.java:135)\n- com.intuit.karate.core.ScenarioEngine.evalJs(ScenarioEngine.java:1196)\n- com.intuit.karate.core.ScenarioRuntime.evalConfigJs(ScenarioRuntime.java:296)\n- com.intuit.karate.core.ScenarioRuntime.beforeRun(ScenarioRuntime.java:372)\n- com.intuit.karate.core.ScenarioRuntime.run(ScenarioRuntime.java:391)\n\njs failed:\n>>>>\n<<<<\ncom.intuit.karate.KarateException: js failed:\n>>>>\n01: ()\n<<<<\norg.graalvm.polyglot.PolyglotException: SyntaxError: Unnamed:1:2 Expected => but found eof\r\n()\r\n  ^\n\n- org.graalvm.polyglot.Context.eval(Context.java:425)\n- com.intuit.karate.graal.JsEngine.evalForValue(JsEngine.java:139)\n- com.intuit.karate.graal.JsEngine.eval(JsEngine.java:135)\n- com.intuit.karate.core.ScenarioEngine.evalJs(ScenarioEngine.java:1196)\n- com.intuit.karate.core.ScenarioRuntime.evalConfigJs(ScenarioRuntime.java:296)\n- com.intuit.karate.core.ScenarioRuntime.beforeRun(ScenarioRuntime.java:372)\n- com.intuit.karate.core.ScenarioRuntime.run(ScenarioRuntime.java:391)\n\n- com.intuit.karate.graal.JsEngine.fromJsEvalException(JsEngine.java:224)\n- com.intuit.karate.core.ScenarioEngine.evalJs(ScenarioEngine.java:1198)\n- com.intuit.karate.core.ScenarioRuntime.evalConfigJs(ScenarioRuntime.java:296)\n- com.intuit.karate.core.ScenarioRuntime.beforeRun(ScenarioRuntime.java:372)\n- com.intuit.karate.core.ScenarioRuntime.run(ScenarioRuntime.java:391)\n- com.intuit.karate.junit5.FeatureNode.lambda$next$1(FeatureNode.java:71)\n- org.junit.jupiter.engine.descriptor.DynamicTestTestDescriptor.lambda$execute$0(DynamicTestTestDescriptor.java:53)\n\nclasspath:frame\/Post.feature:45\nclasspath:frame\/Post.feature:46\nclasspath:frame\/Post.feature:47\nclasspath:frame\/Post.feature:48\nclasspath:frame\/Post.feature:49","millis":0.0,"status":"failed"},"step":{"line":49,"prefix":"When","index":4,"text":"method POST"},"stepLog":"22:25:35.809 classpath:frame\/Post.feature:49\nWhen method POST\n>> classpath:frame\/Post.feature:44\n>> karate-config.js failed\n>> js failed:\n>>>>\n01: ()\n<<<<\norg.graalvm.polyglot.PolyglotException: SyntaxError: Unnamed:1:2 Expected => but found eof\r\n()\r\n  ^\n\n- org.graalvm.polyglot.Context.eval(Context.java:425)\n- com.intuit.karate.graal.JsEngine.evalForValue(JsEngine.java:139)\n- com.intuit.karate.graal.JsEngine.eval(JsEngine.java:135)\n- com.intuit.karate.core.ScenarioEngine.evalJs(ScenarioEngine.java:1196)\n- com.intuit.karate.core.ScenarioRuntime.evalConfigJs(ScenarioRuntime.java:296)\n- com.intuit.karate.core.ScenarioRuntime.beforeRun(ScenarioRuntime.java:372)\n- com.intuit.karate.core.ScenarioRuntime.run(ScenarioRuntime.java:391)\n\njs failed:\n>>>>\n<<<<\ncom.intuit.karate.KarateException: js failed:\n>>>>\n01: ()\n<<<<\norg.graalvm.polyglot.PolyglotException: SyntaxError: Unnamed:1:2 Expected => but found eof\r\n()\r\n  ^\n\n- org.graalvm.polyglot.Context.eval(Context.java:425)\n- com.intuit.karate.graal.JsEngine.evalForValue(JsEngine.java:139)\n- com.intuit.karate.graal.JsEngine.eval(JsEngine.java:135)\n- com.intuit.karate.core.ScenarioEngine.evalJs(ScenarioEngine.java:1196)\n- com.intuit.karate.core.ScenarioRuntime.evalConfigJs(ScenarioRuntime.java:296)\n- com.intuit.karate.core.ScenarioRuntime.beforeRun(ScenarioRuntime.java:372)\n- com.intuit.karate.core.ScenarioRuntime.run(ScenarioRuntime.java:391)\n\n- com.intuit.karate.graal.JsEngine.fromJsEvalException(JsEngine.java:224)\n- com.intuit.karate.core.ScenarioEngine.evalJs(ScenarioEngine.java:1198)\n- com.intuit.karate.core.ScenarioRuntime.evalConfigJs(ScenarioRuntime.java:296)\n- com.intuit.karate.core.ScenarioRuntime.beforeRun(ScenarioRuntime.java:372)\n- com.intuit.karate.core.ScenarioRuntime.run(ScenarioRuntime.java:391)\n- com.intuit.karate.junit5.FeatureNode.lambda$next$1(FeatureNode.java:71)\n- org.junit.jupiter.engine.descriptor.DynamicTestTestDescriptor.lambda$execute$0(DynamicTestTestDescriptor.java:53)\n\nclasspath:frame\/Post.feature:45\nclasspath:frame\/Post.feature:46\nclasspath:frame\/Post.feature:47\nclasspath:frame\/Post.feature:48\nclasspath:frame\/Post.feature:49\n"},{"result":{"nanos":0,"errorMessage":">> classpath:frame\/Post.feature:44\n>> karate-config.js failed\n>> js failed:\n>>>>\n01: ()\n<<<<\norg.graalvm.polyglot.PolyglotException: SyntaxError: Unnamed:1:2 Expected => but found eof\r\n()\r\n  ^\n\n- org.graalvm.polyglot.Context.eval(Context.java:425)\n- com.intuit.karate.graal.JsEngine.evalForValue(JsEngine.java:139)\n- com.intuit.karate.graal.JsEngine.eval(JsEngine.java:135)\n- com.intuit.karate.core.ScenarioEngine.evalJs(ScenarioEngine.java:1196)\n- com.intuit.karate.core.ScenarioRuntime.evalConfigJs(ScenarioRuntime.java:296)\n- com.intuit.karate.core.ScenarioRuntime.beforeRun(ScenarioRuntime.java:372)\n- com.intuit.karate.core.ScenarioRuntime.run(ScenarioRuntime.java:391)\n\njs failed:\n>>>>\n<<<<\ncom.intuit.karate.KarateException: js failed:\n>>>>\n01: ()\n<<<<\norg.graalvm.polyglot.PolyglotException: SyntaxError: Unnamed:1:2 Expected => but found eof\r\n()\r\n  ^\n\n- org.graalvm.polyglot.Context.eval(Context.java:425)\n- com.intuit.karate.graal.JsEngine.evalForValue(JsEngine.java:139)\n- com.intuit.karate.graal.JsEngine.eval(JsEngine.java:135)\n- com.intuit.karate.core.ScenarioEngine.evalJs(ScenarioEngine.java:1196)\n- com.intuit.karate.core.ScenarioRuntime.evalConfigJs(ScenarioRuntime.java:296)\n- com.intuit.karate.core.ScenarioRuntime.beforeRun(ScenarioRuntime.java:372)\n- com.intuit.karate.core.ScenarioRuntime.run(ScenarioRuntime.java:391)\n\n- com.intuit.karate.graal.JsEngine.fromJsEvalException(JsEngine.java:224)\n- com.intuit.karate.core.ScenarioEngine.evalJs(ScenarioEngine.java:1198)\n- com.intuit.karate.core.ScenarioRuntime.evalConfigJs(ScenarioRuntime.java:296)\n- com.intuit.karate.core.ScenarioRuntime.beforeRun(ScenarioRuntime.java:372)\n- com.intuit.karate.core.ScenarioRuntime.run(ScenarioRuntime.java:391)\n- com.intuit.karate.junit5.FeatureNode.lambda$next$1(FeatureNode.java:71)\n- org.junit.jupiter.engine.descriptor.DynamicTestTestDescriptor.lambda$execute$0(DynamicTestTestDescriptor.java:53)\n\nclasspath:frame\/Post.feature:45\nclasspath:frame\/Post.feature:46\nclasspath:frame\/Post.feature:47\nclasspath:frame\/Post.feature:48\nclasspath:frame\/Post.feature:49\nclasspath:frame\/Post.feature:50","millis":0.0,"status":"failed"},"step":{"line":50,"prefix":"Then","index":5,"text":"status 201"},"stepLog":"22:25:35.809 classpath:frame\/Post.feature:50\nThen status 201\n>> classpath:frame\/Post.feature:44\n>> karate-config.js failed\n>> js failed:\n>>>>\n01: ()\n<<<<\norg.graalvm.polyglot.PolyglotException: SyntaxError: Unnamed:1:2 Expected => but found eof\r\n()\r\n  ^\n\n- org.graalvm.polyglot.Context.eval(Context.java:425)\n- com.intuit.karate.graal.JsEngine.evalForValue(JsEngine.java:139)\n- com.intuit.karate.graal.JsEngine.eval(JsEngine.java:135)\n- com.intuit.karate.core.ScenarioEngine.evalJs(ScenarioEngine.java:1196)\n- com.intuit.karate.core.ScenarioRuntime.evalConfigJs(ScenarioRuntime.java:296)\n- com.intuit.karate.core.ScenarioRuntime.beforeRun(ScenarioRuntime.java:372)\n- com.intuit.karate.core.ScenarioRuntime.run(ScenarioRuntime.java:391)\n\njs failed:\n>>>>\n<<<<\ncom.intuit.karate.KarateException: js failed:\n>>>>\n01: ()\n<<<<\norg.graalvm.polyglot.PolyglotException: SyntaxError: Unnamed:1:2 Expected => but found eof\r\n()\r\n  ^\n\n- org.graalvm.polyglot.Context.eval(Context.java:425)\n- com.intuit.karate.graal.JsEngine.evalForValue(JsEngine.java:139)\n- com.intuit.karate.graal.JsEngine.eval(JsEngine.java:135)\n- com.intuit.karate.core.ScenarioEngine.evalJs(ScenarioEngine.java:1196)\n- com.intuit.karate.core.ScenarioRuntime.evalConfigJs(ScenarioRuntime.java:296)\n- com.intuit.karate.core.ScenarioRuntime.beforeRun(ScenarioRuntime.java:372)\n- com.intuit.karate.core.ScenarioRuntime.run(ScenarioRuntime.java:391)\n\n- com.intuit.karate.graal.JsEngine.fromJsEvalException(JsEngine.java:224)\n- com.intuit.karate.core.ScenarioEngine.evalJs(ScenarioEngine.java:1198)\n- com.intuit.karate.core.ScenarioRuntime.evalConfigJs(ScenarioRuntime.java:296)\n- com.intuit.karate.core.ScenarioRuntime.beforeRun(ScenarioRuntime.java:372)\n- com.intuit.karate.core.ScenarioRuntime.run(ScenarioRuntime.java:391)\n- com.intuit.karate.junit5.FeatureNode.lambda$next$1(FeatureNode.java:71)\n- org.junit.jupiter.engine.descriptor.DynamicTestTestDescriptor.lambda$execute$0(DynamicTestTestDescriptor.java:53)\n\nclasspath:frame\/Post.feature:45\nclasspath:frame\/Post.feature:46\nclasspath:frame\/Post.feature:47\nclasspath:frame\/Post.feature:48\nclasspath:frame\/Post.feature:49\nclasspath:frame\/Post.feature:50\n"},{"result":{"nanos":0,"errorMessage":">> classpath:frame\/Post.feature:44\n>> karate-config.js failed\n>> js failed:\n>>>>\n01: ()\n<<<<\norg.graalvm.polyglot.PolyglotException: SyntaxError: Unnamed:1:2 Expected => but found eof\r\n()\r\n  ^\n\n- org.graalvm.polyglot.Context.eval(Context.java:425)\n- com.intuit.karate.graal.JsEngine.evalForValue(JsEngine.java:139)\n- com.intuit.karate.graal.JsEngine.eval(JsEngine.java:135)\n- com.intuit.karate.core.ScenarioEngine.evalJs(ScenarioEngine.java:1196)\n- com.intuit.karate.core.ScenarioRuntime.evalConfigJs(ScenarioRuntime.java:296)\n- com.intuit.karate.core.ScenarioRuntime.beforeRun(ScenarioRuntime.java:372)\n- com.intuit.karate.core.ScenarioRuntime.run(ScenarioRuntime.java:391)\n\njs failed:\n>>>>\n<<<<\ncom.intuit.karate.KarateException: js failed:\n>>>>\n01: ()\n<<<<\norg.graalvm.polyglot.PolyglotException: SyntaxError: Unnamed:1:2 Expected => but found eof\r\n()\r\n  ^\n\n- org.graalvm.polyglot.Context.eval(Context.java:425)\n- com.intuit.karate.graal.JsEngine.evalForValue(JsEngine.java:139)\n- com.intuit.karate.graal.JsEngine.eval(JsEngine.java:135)\n- com.intuit.karate.core.ScenarioEngine.evalJs(ScenarioEngine.java:1196)\n- com.intuit.karate.core.ScenarioRuntime.evalConfigJs(ScenarioRuntime.java:296)\n- com.intuit.karate.core.ScenarioRuntime.beforeRun(ScenarioRuntime.java:372)\n- com.intuit.karate.core.ScenarioRuntime.run(ScenarioRuntime.java:391)\n\n- com.intuit.karate.graal.JsEngine.fromJsEvalException(JsEngine.java:224)\n- com.intuit.karate.core.ScenarioEngine.evalJs(ScenarioEngine.java:1198)\n- com.intuit.karate.core.ScenarioRuntime.evalConfigJs(ScenarioRuntime.java:296)\n- com.intuit.karate.core.ScenarioRuntime.beforeRun(ScenarioRuntime.java:372)\n- com.intuit.karate.core.ScenarioRuntime.run(ScenarioRuntime.java:391)\n- com.intuit.karate.junit5.FeatureNode.lambda$next$1(FeatureNode.java:71)\n- org.junit.jupiter.engine.descriptor.DynamicTestTestDescriptor.lambda$execute$0(DynamicTestTestDescriptor.java:53)\n\nclasspath:frame\/Post.feature:45\nclasspath:frame\/Post.feature:46\nclasspath:frame\/Post.feature:47\nclasspath:frame\/Post.feature:48\nclasspath:frame\/Post.feature:49\nclasspath:frame\/Post.feature:50\nclasspath:frame\/Post.feature:51","millis":0.0,"status":"failed"},"step":{"line":51,"prefix":"And","index":6,"text":"set body.name = \"Mahesh\""},"stepLog":"22:25:35.809 classpath:frame\/Post.feature:51\nAnd set body.name = \"Mahesh\"\n>> classpath:frame\/Post.feature:44\n>> karate-config.js failed\n>> js failed:\n>>>>\n01: ()\n<<<<\norg.graalvm.polyglot.PolyglotException: SyntaxError: Unnamed:1:2 Expected => but found eof\r\n()\r\n  ^\n\n- org.graalvm.polyglot.Context.eval(Context.java:425)\n- com.intuit.karate.graal.JsEngine.evalForValue(JsEngine.java:139)\n- com.intuit.karate.graal.JsEngine.eval(JsEngine.java:135)\n- com.intuit.karate.core.ScenarioEngine.evalJs(ScenarioEngine.java:1196)\n- com.intuit.karate.core.ScenarioRuntime.evalConfigJs(ScenarioRuntime.java:296)\n- com.intuit.karate.core.ScenarioRuntime.beforeRun(ScenarioRuntime.java:372)\n- com.intuit.karate.core.ScenarioRuntime.run(ScenarioRuntime.java:391)\n\njs failed:\n>>>>\n<<<<\ncom.intuit.karate.KarateException: js failed:\n>>>>\n01: ()\n<<<<\norg.graalvm.polyglot.PolyglotException: SyntaxError: Unnamed:1:2 Expected => but found eof\r\n()\r\n  ^\n\n- org.graalvm.polyglot.Context.eval(Context.java:425)\n- com.intuit.karate.graal.JsEngine.evalForValue(JsEngine.java:139)\n- com.intuit.karate.graal.JsEngine.eval(JsEngine.java:135)\n- com.intuit.karate.core.ScenarioEngine.evalJs(ScenarioEngine.java:1196)\n- com.intuit.karate.core.ScenarioRuntime.evalConfigJs(ScenarioRuntime.java:296)\n- com.intuit.karate.core.ScenarioRuntime.beforeRun(ScenarioRuntime.java:372)\n- com.intuit.karate.core.ScenarioRuntime.run(ScenarioRuntime.java:391)\n\n- com.intuit.karate.graal.JsEngine.fromJsEvalException(JsEngine.java:224)\n- com.intuit.karate.core.ScenarioEngine.evalJs(ScenarioEngine.java:1198)\n- com.intuit.karate.core.ScenarioRuntime.evalConfigJs(ScenarioRuntime.java:296)\n- com.intuit.karate.core.ScenarioRuntime.beforeRun(ScenarioRuntime.java:372)\n- com.intuit.karate.core.ScenarioRuntime.run(ScenarioRuntime.java:391)\n- com.intuit.karate.junit5.FeatureNode.lambda$next$1(FeatureNode.java:71)\n- org.junit.jupiter.engine.descriptor.DynamicTestTestDescriptor.lambda$execute$0(DynamicTestTestDescriptor.java:53)\n\nclasspath:frame\/Post.feature:45\nclasspath:frame\/Post.feature:46\nclasspath:frame\/Post.feature:47\nclasspath:frame\/Post.feature:48\nclasspath:frame\/Post.feature:49\nclasspath:frame\/Post.feature:50\nclasspath:frame\/Post.feature:51\n"},{"result":{"nanos":0,"errorMessage":">> classpath:frame\/Post.feature:44\n>> karate-config.js failed\n>> js failed:\n>>>>\n01: ()\n<<<<\norg.graalvm.polyglot.PolyglotException: SyntaxError: Unnamed:1:2 Expected => but found eof\r\n()\r\n  ^\n\n- org.graalvm.polyglot.Context.eval(Context.java:425)\n- com.intuit.karate.graal.JsEngine.evalForValue(JsEngine.java:139)\n- com.intuit.karate.graal.JsEngine.eval(JsEngine.java:135)\n- com.intuit.karate.core.ScenarioEngine.evalJs(ScenarioEngine.java:1196)\n- com.intuit.karate.core.ScenarioRuntime.evalConfigJs(ScenarioRuntime.java:296)\n- com.intuit.karate.core.ScenarioRuntime.beforeRun(ScenarioRuntime.java:372)\n- com.intuit.karate.core.ScenarioRuntime.run(ScenarioRuntime.java:391)\n\njs failed:\n>>>>\n<<<<\ncom.intuit.karate.KarateException: js failed:\n>>>>\n01: ()\n<<<<\norg.graalvm.polyglot.PolyglotException: SyntaxError: Unnamed:1:2 Expected => but found eof\r\n()\r\n  ^\n\n- org.graalvm.polyglot.Context.eval(Context.java:425)\n- com.intuit.karate.graal.JsEngine.evalForValue(JsEngine.java:139)\n- com.intuit.karate.graal.JsEngine.eval(JsEngine.java:135)\n- com.intuit.karate.core.ScenarioEngine.evalJs(ScenarioEngine.java:1196)\n- com.intuit.karate.core.ScenarioRuntime.evalConfigJs(ScenarioRuntime.java:296)\n- com.intuit.karate.core.ScenarioRuntime.beforeRun(ScenarioRuntime.java:372)\n- com.intuit.karate.core.ScenarioRuntime.run(ScenarioRuntime.java:391)\n\n- com.intuit.karate.graal.JsEngine.fromJsEvalException(JsEngine.java:224)\n- com.intuit.karate.core.ScenarioEngine.evalJs(ScenarioEngine.java:1198)\n- com.intuit.karate.core.ScenarioRuntime.evalConfigJs(ScenarioRuntime.java:296)\n- com.intuit.karate.core.ScenarioRuntime.beforeRun(ScenarioRuntime.java:372)\n- com.intuit.karate.core.ScenarioRuntime.run(ScenarioRuntime.java:391)\n- com.intuit.karate.junit5.FeatureNode.lambda$next$1(FeatureNode.java:71)\n- org.junit.jupiter.engine.descriptor.DynamicTestTestDescriptor.lambda$execute$0(DynamicTestTestDescriptor.java:53)\n\nclasspath:frame\/Post.feature:45\nclasspath:frame\/Post.feature:46\nclasspath:frame\/Post.feature:47\nclasspath:frame\/Post.feature:48\nclasspath:frame\/Post.feature:49\nclasspath:frame\/Post.feature:50\nclasspath:frame\/Post.feature:51\nclasspath:frame\/Post.feature:52","millis":0.0,"status":"failed"},"step":{"line":52,"prefix":"And","index":7,"text":"print response"},"stepLog":"22:25:35.809 classpath:frame\/Post.feature:52\nAnd print response\n>> classpath:frame\/Post.feature:44\n>> karate-config.js failed\n>> js failed:\n>>>>\n01: ()\n<<<<\norg.graalvm.polyglot.PolyglotException: SyntaxError: Unnamed:1:2 Expected => but found eof\r\n()\r\n  ^\n\n- org.graalvm.polyglot.Context.eval(Context.java:425)\n- com.intuit.karate.graal.JsEngine.evalForValue(JsEngine.java:139)\n- com.intuit.karate.graal.JsEngine.eval(JsEngine.java:135)\n- com.intuit.karate.core.ScenarioEngine.evalJs(ScenarioEngine.java:1196)\n- com.intuit.karate.core.ScenarioRuntime.evalConfigJs(ScenarioRuntime.java:296)\n- com.intuit.karate.core.ScenarioRuntime.beforeRun(ScenarioRuntime.java:372)\n- com.intuit.karate.core.ScenarioRuntime.run(ScenarioRuntime.java:391)\n\njs failed:\n>>>>\n<<<<\ncom.intuit.karate.KarateException: js failed:\n>>>>\n01: ()\n<<<<\norg.graalvm.polyglot.PolyglotException: SyntaxError: Unnamed:1:2 Expected => but found eof\r\n()\r\n  ^\n\n- org.graalvm.polyglot.Context.eval(Context.java:425)\n- com.intuit.karate.graal.JsEngine.evalForValue(JsEngine.java:139)\n- com.intuit.karate.graal.JsEngine.eval(JsEngine.java:135)\n- com.intuit.karate.core.ScenarioEngine.evalJs(ScenarioEngine.java:1196)\n- com.intuit.karate.core.ScenarioRuntime.evalConfigJs(ScenarioRuntime.java:296)\n- com.intuit.karate.core.ScenarioRuntime.beforeRun(ScenarioRuntime.java:372)\n- com.intuit.karate.core.ScenarioRuntime.run(ScenarioRuntime.java:391)\n\n- com.intuit.karate.graal.JsEngine.fromJsEvalException(JsEngine.java:224)\n- com.intuit.karate.core.ScenarioEngine.evalJs(ScenarioEngine.java:1198)\n- com.intuit.karate.core.ScenarioRuntime.evalConfigJs(ScenarioRuntime.java:296)\n- com.intuit.karate.core.ScenarioRuntime.beforeRun(ScenarioRuntime.java:372)\n- com.intuit.karate.core.ScenarioRuntime.run(ScenarioRuntime.java:391)\n- com.intuit.karate.junit5.FeatureNode.lambda$next$1(FeatureNode.java:71)\n- org.junit.jupiter.engine.descriptor.DynamicTestTestDescriptor.lambda$execute$0(DynamicTestTestDescriptor.java:53)\n\nclasspath:frame\/Post.feature:45\nclasspath:frame\/Post.feature:46\nclasspath:frame\/Post.feature:47\nclasspath:frame\/Post.feature:48\nclasspath:frame\/Post.feature:49\nclasspath:frame\/Post.feature:50\nclasspath:frame\/Post.feature:51\nclasspath:frame\/Post.feature:52\n"},{"result":{"nanos":0,"errorMessage":">> classpath:frame\/Post.feature:44\n>> karate-config.js failed\n>> js failed:\n>>>>\n01: ()\n<<<<\norg.graalvm.polyglot.PolyglotException: SyntaxError: Unnamed:1:2 Expected => but found eof\r\n()\r\n  ^\n\n- org.graalvm.polyglot.Context.eval(Context.java:425)\n- com.intuit.karate.graal.JsEngine.evalForValue(JsEngine.java:139)\n- com.intuit.karate.graal.JsEngine.eval(JsEngine.java:135)\n- com.intuit.karate.core.ScenarioEngine.evalJs(ScenarioEngine.java:1196)\n- com.intuit.karate.core.ScenarioRuntime.evalConfigJs(ScenarioRuntime.java:296)\n- com.intuit.karate.core.ScenarioRuntime.beforeRun(ScenarioRuntime.java:372)\n- com.intuit.karate.core.ScenarioRuntime.run(ScenarioRuntime.java:391)\n\njs failed:\n>>>>\n<<<<\ncom.intuit.karate.KarateException: js failed:\n>>>>\n01: ()\n<<<<\norg.graalvm.polyglot.PolyglotException: SyntaxError: Unnamed:1:2 Expected => but found eof\r\n()\r\n  ^\n\n- org.graalvm.polyglot.Context.eval(Context.java:425)\n- com.intuit.karate.graal.JsEngine.evalForValue(JsEngine.java:139)\n- com.intuit.karate.graal.JsEngine.eval(JsEngine.java:135)\n- com.intuit.karate.core.ScenarioEngine.evalJs(ScenarioEngine.java:1196)\n- com.intuit.karate.core.ScenarioRuntime.evalConfigJs(ScenarioRuntime.java:296)\n- com.intuit.karate.core.ScenarioRuntime.beforeRun(ScenarioRuntime.java:372)\n- com.intuit.karate.core.ScenarioRuntime.run(ScenarioRuntime.java:391)\n\n- com.intuit.karate.graal.JsEngine.fromJsEvalException(JsEngine.java:224)\n- com.intuit.karate.core.ScenarioEngine.evalJs(ScenarioEngine.java:1198)\n- com.intuit.karate.core.ScenarioRuntime.evalConfigJs(ScenarioRuntime.java:296)\n- com.intuit.karate.core.ScenarioRuntime.beforeRun(ScenarioRuntime.java:372)\n- com.intuit.karate.core.ScenarioRuntime.run(ScenarioRuntime.java:391)\n- com.intuit.karate.junit5.FeatureNode.lambda$next$1(FeatureNode.java:71)\n- org.junit.jupiter.engine.descriptor.DynamicTestTestDescriptor.lambda$execute$0(DynamicTestTestDescriptor.java:53)\n\nclasspath:frame\/Post.feature:45\nclasspath:frame\/Post.feature:46\nclasspath:frame\/Post.feature:47\nclasspath:frame\/Post.feature:48\nclasspath:frame\/Post.feature:49\nclasspath:frame\/Post.feature:50\nclasspath:frame\/Post.feature:51\nclasspath:frame\/Post.feature:52\nclasspath:frame\/Post.feature:53","millis":0.0,"status":"failed"},"step":{"line":53,"prefix":"And","index":8,"text":"match response.name == \"Mahesh\""},"stepLog":"22:25:35.809 classpath:frame\/Post.feature:53\nAnd match response.name == \"Mahesh\"\n>> classpath:frame\/Post.feature:44\n>> karate-config.js failed\n>> js failed:\n>>>>\n01: ()\n<<<<\norg.graalvm.polyglot.PolyglotException: SyntaxError: Unnamed:1:2 Expected => but found eof\r\n()\r\n  ^\n\n- org.graalvm.polyglot.Context.eval(Context.java:425)\n- com.intuit.karate.graal.JsEngine.evalForValue(JsEngine.java:139)\n- com.intuit.karate.graal.JsEngine.eval(JsEngine.java:135)\n- com.intuit.karate.core.ScenarioEngine.evalJs(ScenarioEngine.java:1196)\n- com.intuit.karate.core.ScenarioRuntime.evalConfigJs(ScenarioRuntime.java:296)\n- com.intuit.karate.core.ScenarioRuntime.beforeRun(ScenarioRuntime.java:372)\n- com.intuit.karate.core.ScenarioRuntime.run(ScenarioRuntime.java:391)\n\njs failed:\n>>>>\n<<<<\ncom.intuit.karate.KarateException: js failed:\n>>>>\n01: ()\n<<<<\norg.graalvm.polyglot.PolyglotException: SyntaxError: Unnamed:1:2 Expected => but found eof\r\n()\r\n  ^\n\n- org.graalvm.polyglot.Context.eval(Context.java:425)\n- com.intuit.karate.graal.JsEngine.evalForValue(JsEngine.java:139)\n- com.intuit.karate.graal.JsEngine.eval(JsEngine.java:135)\n- com.intuit.karate.core.ScenarioEngine.evalJs(ScenarioEngine.java:1196)\n- com.intuit.karate.core.ScenarioRuntime.evalConfigJs(ScenarioRuntime.java:296)\n- com.intuit.karate.core.ScenarioRuntime.beforeRun(ScenarioRuntime.java:372)\n- com.intuit.karate.core.ScenarioRuntime.run(ScenarioRuntime.java:391)\n\n- com.intuit.karate.graal.JsEngine.fromJsEvalException(JsEngine.java:224)\n- com.intuit.karate.core.ScenarioEngine.evalJs(ScenarioEngine.java:1198)\n- com.intuit.karate.core.ScenarioRuntime.evalConfigJs(ScenarioRuntime.java:296)\n- com.intuit.karate.core.ScenarioRuntime.beforeRun(ScenarioRuntime.java:372)\n- com.intuit.karate.core.ScenarioRuntime.run(ScenarioRuntime.java:391)\n- com.intuit.karate.junit5.FeatureNode.lambda$next$1(FeatureNode.java:71)\n- org.junit.jupiter.engine.descriptor.DynamicTestTestDescriptor.lambda$execute$0(DynamicTestTestDescriptor.java:53)\n\nclasspath:frame\/Post.feature:45\nclasspath:frame\/Post.feature:46\nclasspath:frame\/Post.feature:47\nclasspath:frame\/Post.feature:48\nclasspath:frame\/Post.feature:49\nclasspath:frame\/Post.feature:50\nclasspath:frame\/Post.feature:51\nclasspath:frame\/Post.feature:52\nclasspath:frame\/Post.feature:53\n"}],"line":44,"description":"","durationMillis":0.0,"failed":true,"error":">> classpath:frame\/Post.feature:44\n>> karate-config.js failed\n>> js failed:\n>>>>\n01: ()\n<<<<\norg.graalvm.polyglot.PolyglotException: SyntaxError: Unnamed:1:2 Expected => but found eof\r\n()\r\n  ^\n\n- org.graalvm.polyglot.Context.eval(Context.java:425)\n- com.intuit.karate.graal.JsEngine.evalForValue(JsEngine.java:139)\n- com.intuit.karate.graal.JsEngine.eval(JsEngine.java:135)\n- com.intuit.karate.core.ScenarioEngine.evalJs(ScenarioEngine.java:1196)\n- com.intuit.karate.core.ScenarioRuntime.evalConfigJs(ScenarioRuntime.java:296)\n- com.intuit.karate.core.ScenarioRuntime.beforeRun(ScenarioRuntime.java:372)\n- com.intuit.karate.core.ScenarioRuntime.run(ScenarioRuntime.java:391)\n\njs failed:\n>>>>\n<<<<\ncom.intuit.karate.KarateException: js failed:\n>>>>\n01: ()\n<<<<\norg.graalvm.polyglot.PolyglotException: SyntaxError: Unnamed:1:2 Expected => but found eof\r\n()\r\n  ^\n\n- org.graalvm.polyglot.Context.eval(Context.java:425)\n- com.intuit.karate.graal.JsEngine.evalForValue(JsEngine.java:139)\n- com.intuit.karate.graal.JsEngine.eval(JsEngine.java:135)\n- com.intuit.karate.core.ScenarioEngine.evalJs(ScenarioEngine.java:1196)\n- com.intuit.karate.core.ScenarioRuntime.evalConfigJs(ScenarioRuntime.java:296)\n- com.intuit.karate.core.ScenarioRuntime.beforeRun(ScenarioRuntime.java:372)\n- com.intuit.karate.core.ScenarioRuntime.run(ScenarioRuntime.java:391)\n\n- com.intuit.karate.graal.JsEngine.fromJsEvalException(JsEngine.java:224)\n- com.intuit.karate.core.ScenarioEngine.evalJs(ScenarioEngine.java:1198)\n- com.intuit.karate.core.ScenarioRuntime.evalConfigJs(ScenarioRuntime.java:296)\n- com.intuit.karate.core.ScenarioRuntime.beforeRun(ScenarioRuntime.java:372)\n- com.intuit.karate.core.ScenarioRuntime.run(ScenarioRuntime.java:391)\n- com.intuit.karate.junit5.FeatureNode.lambda$next$1(FeatureNode.java:71)\n- org.junit.jupiter.engine.descriptor.DynamicTestTestDescriptor.lambda$execute$0(DynamicTestTestDescriptor.java:53)\n\nclasspath:frame\/Post.feature:45\nclasspath:frame\/Post.feature:46\nclasspath:frame\/Post.feature:47\nclasspath:frame\/Post.feature:48\nclasspath:frame\/Post.feature:49\nclasspath:frame\/Post.feature:50\nclasspath:frame\/Post.feature:51\nclasspath:frame\/Post.feature:52\nclasspath:frame\/Post.feature:53","executorName":"main","name":"DEMO 5","startTime":1707584135806,"refId":"[5:44]","endTime":1707584135809,"exampleIndex":-1}],"callDepth":0,"name":"test post menthods","description":"","resultDate":"2024-02-10 10:25:35 pm","durationMillis":0.0,"passedCount":0}