<!DOCTYPE html>
<html lang="en">
  <head>
    <meta charset="utf-8"/>
    <meta name="viewport" content="width=device-width, initial-scale=1, shrink-to-fit=no"/>
    <link rel="stylesheet" href="res/bootstrap.min.css" type="text/css"/>
    <link rel="stylesheet" href="res/karate-report.css" type="text/css"/>
    <link rel="shortcut icon" href="favicon.ico"/>
    <script type="text/javascript" src="res/jquery.min.js"></script>
    <script type="text/javascript" src="res/jquery.tablesorter.min.js"></script>
    <script type="text/javascript" src="res/jquery-ui.min.js"></script>
    <script type="text/javascript" src="res/bootstrap.min.js"></script>
    <script type="text/javascript" src="res/karate-report.js"></script>
    <script type="text/javascript" src="res/Resemble.js"></script>
    <script>
!function(t,e){var o,n,p,r;e.__SV||(window.posthog=e,e._i=[],e.init=function(i,s,a){function g(t,e){var o=e.split(".");2==o.length&&(t=t[o[0]],e=o[1]),t[e]=function(){t.push([e].concat(Array.prototype.slice.call(arguments,0)))}}(p=t.createElement("script")).type="text/javascript",p.async=!0,p.src=s.api_host+"/static/array.js",(r=t.getElementsByTagName("script")[0]).parentNode.insertBefore(p,r);var u=e;for(void 0!==a?u=e[a]=[]:a="posthog",u.people=u.people||[],u.toString=function(t){var e="posthog";return"posthog"!==a&&(e+="."+a),t||(e+=" (stub)"),e},u.people.toString=function(){return u.toString(1)+".people (stub)"},o="capture identify alias people.set people.set_once set_config register register_once unregister opt_out_capturing has_opted_out_capturing opt_in_capturing reset isFeatureEnabled onFeatureFlags".split(" "),n=0;n<o.length;n++)g(u,o[n]);e._i.push([i,s,a])},e.__SV=1)}(document,window.posthog||[]);
posthog.init('phc_M6fKk3dSX9HjglkqPSybauGas45NINb7EgsPGU8N9g1',{
  api_host:'https://app.posthog.com',
  persistence:'localStorage',
  autocapture:false,
  capture_pageview:false,
  api_transport:'sendBeacon',
  loaded: function(posthog) { 
    posthog.identify("31484baf-b2a7-4dee-bf8f-51df658e6bab",{name:"pc"});
    posthog.capture("report_feature",{karate_version:"1.4.0.RC3",karate_meta:null});
  }
});
</script>

    <title>frame.Post</title>
  </head>
  <body>
    <div id="root-container">
      <div id="leftnav">
        
        <div>
  <div class="nav-logo">
    <a href="https://karatelabs.io">
      <img src="karate-labs-logo-ring.svg" alt="Karate Labs"/>
    </a>
    <div class="nav-count">
      <div id="nav-pass" class="bg-success">0</div>
      <div id="nav-fail" class="bg-danger">5</div>
    </div>
  </div>
  <div id="nav-env">
    <div></div>
  </div>
  <div id="nav-type">
    <div>Scenarios</div>
  </div>
  <div id="nav-date">
    <div>2024-02-10 10:25:35 pm</div>
  </div>
</div>

        <div class="nav-container">
          <div class="nav-item failed">
            <a href="#[1:7]"><span>[1:7]</span> <span>request post methods</span></a>
          </div>
          <div class="nav-item failed">
            <a href="#[2:17]"><span>[2:17]</span> <span>DEMO 2</span></a>
          </div>
          <div class="nav-item failed">
            <a href="#[3:25]"><span>[3:25]</span> <span>DEMO 3</span></a>
          </div>
          <div class="nav-item failed">
            <a href="#[4:34]"><span>[4:34]</span> <span>DEMO 4</span></a>
          </div>
          <div class="nav-item failed">
            <a href="#[5:44]"><span>[5:44]</span> <span>DEMO 5</span></a>
          </div>
        </div>
      </div>
      <div id="content">
        <div class="page-heading alert alert-primary">
          <a href="karate-summary.html">Summary</a><span class="feature-label">|</span>
          <a href="karate-tags.html">Tags</a><span class="feature-label">|</span>
          <span class="feature-label">Feature:</span>
          <span class="feature-path">frame/Post.feature</span><span class="feature-label">|</span>
          <span class="feature-name">test post menthods</span>
          <span class="feature-description"></span>
        </div>
        <div class="scenario">
          <div class="scenario-heading" id="[1:7]">
            <div class="heading-container">
              <div class="scenario-tags">
                
              </div>
              <div class="scenario-keyword">
                Scenario: <span>[1:7]</span>
                <span class="scenario-name">request post methods</span>
                <span></span>
              </div>
            </div>
            <div class="scenario-time failed">
              <span>ms:</span>&nbsp;<span>0</span>
            </div>
          </div>
          
          <div><div>
  

  

  <div class="step-row">
    <div class="step-container" id="0.8">
      <div class="step-ref failed">8</div>
      
      <div class="step-cell failed">
        <span>Given</span>&nbsp;<span>url  &#39;https://reqres.in/api/users&#39;</span>
      </div>
    </div>
    <div class="time-cell failed">0</div>
  </div>

   
  
  

  

  <div class="preformatted" data-parent="0.8">22:25:35.731 classpath:frame/Post.feature:8
Given url  &#39;https://reqres.in/api/users&#39;
&gt;&gt; classpath:frame/Post.feature:7
&gt;&gt; karate-config.js failed
&gt;&gt; js failed:
&gt;&gt;&gt;&gt;
01: ()
&lt;&lt;&lt;&lt;
org.graalvm.polyglot.PolyglotException: SyntaxError: Unnamed:1:2 Expected =&gt; but found eof
()
  ^

- org.graalvm.polyglot.Context.eval(Context.java:425)
- com.intuit.karate.graal.JsEngine.evalForValue(JsEngine.java:139)
- com.intuit.karate.graal.JsEngine.eval(JsEngine.java:135)
- com.intuit.karate.core.ScenarioEngine.evalJs(ScenarioEngine.java:1196)
- com.intuit.karate.core.ScenarioRuntime.evalConfigJs(ScenarioRuntime.java:296)
- com.intuit.karate.core.ScenarioRuntime.beforeRun(ScenarioRuntime.java:372)
- com.intuit.karate.core.ScenarioRuntime.run(ScenarioRuntime.java:391)

js failed:
&gt;&gt;&gt;&gt;
&lt;&lt;&lt;&lt;
com.intuit.karate.KarateException: js failed:
&gt;&gt;&gt;&gt;
01: ()
&lt;&lt;&lt;&lt;
org.graalvm.polyglot.PolyglotException: SyntaxError: Unnamed:1:2 Expected =&gt; but found eof
()
  ^

- org.graalvm.polyglot.Context.eval(Context.java:425)
- com.intuit.karate.graal.JsEngine.evalForValue(JsEngine.java:139)
- com.intuit.karate.graal.JsEngine.eval(JsEngine.java:135)
- com.intuit.karate.core.ScenarioEngine.evalJs(ScenarioEngine.java:1196)
- com.intuit.karate.core.ScenarioRuntime.evalConfigJs(ScenarioRuntime.java:296)
- com.intuit.karate.core.ScenarioRuntime.beforeRun(ScenarioRuntime.java:372)
- com.intuit.karate.core.ScenarioRuntime.run(ScenarioRuntime.java:391)

- com.intuit.karate.graal.JsEngine.fromJsEvalException(JsEngine.java:224)
- com.intuit.karate.core.ScenarioEngine.evalJs(ScenarioEngine.java:1198)
- com.intuit.karate.core.ScenarioRuntime.evalConfigJs(ScenarioRuntime.java:296)
- com.intuit.karate.core.ScenarioRuntime.beforeRun(ScenarioRuntime.java:372)
- com.intuit.karate.core.ScenarioRuntime.run(ScenarioRuntime.java:391)
- com.intuit.karate.junit5.FeatureNode.lambda$next$1(FeatureNode.java:71)
- org.junit.jupiter.engine.descriptor.DynamicTestTestDescriptor.lambda$execute$0(DynamicTestTestDescriptor.java:53)

classpath:frame/Post.feature:8
</div>   

  

</div>
</div>
          <div><div>
  

  

  <div class="step-row">
    <div class="step-container" id="0.9">
      <div class="step-ref failed">9</div>
      
      <div class="step-cell failed">
        <span>And</span>&nbsp;<span>request    { &quot;name&quot; : &quot;mahesh&quot;, &quot;God&quot; :&quot;omshiva&quot;,&quot;gender&quot; : &quot;male&quot; ,&quot;status&quot; : &quot;active&quot; }</span>
      </div>
    </div>
    <div class="time-cell failed">0</div>
  </div>

   
  
  

  

  <div class="preformatted" data-parent="0.9">22:25:35.731 classpath:frame/Post.feature:9
And request    { &quot;name&quot; : &quot;mahesh&quot;, &quot;God&quot; :&quot;omshiva&quot;,&quot;gender&quot; : &quot;male&quot; ,&quot;status&quot; : &quot;active&quot; }
&gt;&gt; classpath:frame/Post.feature:7
&gt;&gt; karate-config.js failed
&gt;&gt; js failed:
&gt;&gt;&gt;&gt;
01: ()
&lt;&lt;&lt;&lt;
org.graalvm.polyglot.PolyglotException: SyntaxError: Unnamed:1:2 Expected =&gt; but found eof
()
  ^

- org.graalvm.polyglot.Context.eval(Context.java:425)
- com.intuit.karate.graal.JsEngine.evalForValue(JsEngine.java:139)
- com.intuit.karate.graal.JsEngine.eval(JsEngine.java:135)
- com.intuit.karate.core.ScenarioEngine.evalJs(ScenarioEngine.java:1196)
- com.intuit.karate.core.ScenarioRuntime.evalConfigJs(ScenarioRuntime.java:296)
- com.intuit.karate.core.ScenarioRuntime.beforeRun(ScenarioRuntime.java:372)
- com.intuit.karate.core.ScenarioRuntime.run(ScenarioRuntime.java:391)

js failed:
&gt;&gt;&gt;&gt;
&lt;&lt;&lt;&lt;
com.intuit.karate.KarateException: js failed:
&gt;&gt;&gt;&gt;
01: ()
&lt;&lt;&lt;&lt;
org.graalvm.polyglot.PolyglotException: SyntaxError: Unnamed:1:2 Expected =&gt; but found eof
()
  ^

- org.graalvm.polyglot.Context.eval(Context.java:425)
- com.intuit.karate.graal.JsEngine.evalForValue(JsEngine.java:139)
- com.intuit.karate.graal.JsEngine.eval(JsEngine.java:135)
- com.intuit.karate.core.ScenarioEngine.evalJs(ScenarioEngine.java:1196)
- com.intuit.karate.core.ScenarioRuntime.evalConfigJs(ScenarioRuntime.java:296)
- com.intuit.karate.core.ScenarioRuntime.beforeRun(ScenarioRuntime.java:372)
- com.intuit.karate.core.ScenarioRuntime.run(ScenarioRuntime.java:391)

- com.intuit.karate.graal.JsEngine.fromJsEvalException(JsEngine.java:224)
- com.intuit.karate.core.ScenarioEngine.evalJs(ScenarioEngine.java:1198)
- com.intuit.karate.core.ScenarioRuntime.evalConfigJs(ScenarioRuntime.java:296)
- com.intuit.karate.core.ScenarioRuntime.beforeRun(ScenarioRuntime.java:372)
- com.intuit.karate.core.ScenarioRuntime.run(ScenarioRuntime.java:391)
- com.intuit.karate.junit5.FeatureNode.lambda$next$1(FeatureNode.java:71)
- org.junit.jupiter.engine.descriptor.DynamicTestTestDescriptor.lambda$execute$0(DynamicTestTestDescriptor.java:53)

classpath:frame/Post.feature:8
classpath:frame/Post.feature:9
</div>   

  

</div>
</div>
          <div><div>
  

  

  <div class="step-row">
    <div class="step-container" id="0.10">
      <div class="step-ref failed">10</div>
      
      <div class="step-cell failed">
        <span>When</span>&nbsp;<span>method POST</span>
      </div>
    </div>
    <div class="time-cell failed">0</div>
  </div>

   
  
  

  

  <div class="preformatted" data-parent="0.10">22:25:35.733 classpath:frame/Post.feature:10
When method POST
&gt;&gt; classpath:frame/Post.feature:7
&gt;&gt; karate-config.js failed
&gt;&gt; js failed:
&gt;&gt;&gt;&gt;
01: ()
&lt;&lt;&lt;&lt;
org.graalvm.polyglot.PolyglotException: SyntaxError: Unnamed:1:2 Expected =&gt; but found eof
()
  ^

- org.graalvm.polyglot.Context.eval(Context.java:425)
- com.intuit.karate.graal.JsEngine.evalForValue(JsEngine.java:139)
- com.intuit.karate.graal.JsEngine.eval(JsEngine.java:135)
- com.intuit.karate.core.ScenarioEngine.evalJs(ScenarioEngine.java:1196)
- com.intuit.karate.core.ScenarioRuntime.evalConfigJs(ScenarioRuntime.java:296)
- com.intuit.karate.core.ScenarioRuntime.beforeRun(ScenarioRuntime.java:372)
- com.intuit.karate.core.ScenarioRuntime.run(ScenarioRuntime.java:391)

js failed:
&gt;&gt;&gt;&gt;
&lt;&lt;&lt;&lt;
com.intuit.karate.KarateException: js failed:
&gt;&gt;&gt;&gt;
01: ()
&lt;&lt;&lt;&lt;
org.graalvm.polyglot.PolyglotException: SyntaxError: Unnamed:1:2 Expected =&gt; but found eof
()
  ^

- org.graalvm.polyglot.Context.eval(Context.java:425)
- com.intuit.karate.graal.JsEngine.evalForValue(JsEngine.java:139)
- com.intuit.karate.graal.JsEngine.eval(JsEngine.java:135)
- com.intuit.karate.core.ScenarioEngine.evalJs(ScenarioEngine.java:1196)
- com.intuit.karate.core.ScenarioRuntime.evalConfigJs(ScenarioRuntime.java:296)
- com.intuit.karate.core.ScenarioRuntime.beforeRun(ScenarioRuntime.java:372)
- com.intuit.karate.core.ScenarioRuntime.run(ScenarioRuntime.java:391)

- com.intuit.karate.graal.JsEngine.fromJsEvalException(JsEngine.java:224)
- com.intuit.karate.core.ScenarioEngine.evalJs(ScenarioEngine.java:1198)
- com.intuit.karate.core.ScenarioRuntime.evalConfigJs(ScenarioRuntime.java:296)
- com.intuit.karate.core.ScenarioRuntime.beforeRun(ScenarioRuntime.java:372)
- com.intuit.karate.core.ScenarioRuntime.run(ScenarioRuntime.java:391)
- com.intuit.karate.junit5.FeatureNode.lambda$next$1(FeatureNode.java:71)
- org.junit.jupiter.engine.descriptor.DynamicTestTestDescriptor.lambda$execute$0(DynamicTestTestDescriptor.java:53)

classpath:frame/Post.feature:8
classpath:frame/Post.feature:9
classpath:frame/Post.feature:10
</div>   

  

</div>
</div>
          <div><div>
  

  

  <div class="step-row">
    <div class="step-container" id="0.11">
      <div class="step-ref failed">11</div>
      
      <div class="step-cell failed">
        <span>Then</span>&nbsp;<span>status 201</span>
      </div>
    </div>
    <div class="time-cell failed">0</div>
  </div>

   
  
  

  

  <div class="preformatted" data-parent="0.11">22:25:35.733 classpath:frame/Post.feature:11
Then status 201
&gt;&gt; classpath:frame/Post.feature:7
&gt;&gt; karate-config.js failed
&gt;&gt; js failed:
&gt;&gt;&gt;&gt;
01: ()
&lt;&lt;&lt;&lt;
org.graalvm.polyglot.PolyglotException: SyntaxError: Unnamed:1:2 Expected =&gt; but found eof
()
  ^

- org.graalvm.polyglot.Context.eval(Context.java:425)
- com.intuit.karate.graal.JsEngine.evalForValue(JsEngine.java:139)
- com.intuit.karate.graal.JsEngine.eval(JsEngine.java:135)
- com.intuit.karate.core.ScenarioEngine.evalJs(ScenarioEngine.java:1196)
- com.intuit.karate.core.ScenarioRuntime.evalConfigJs(ScenarioRuntime.java:296)
- com.intuit.karate.core.ScenarioRuntime.beforeRun(ScenarioRuntime.java:372)
- com.intuit.karate.core.ScenarioRuntime.run(ScenarioRuntime.java:391)

js failed:
&gt;&gt;&gt;&gt;
&lt;&lt;&lt;&lt;
com.intuit.karate.KarateException: js failed:
&gt;&gt;&gt;&gt;
01: ()
&lt;&lt;&lt;&lt;
org.graalvm.polyglot.PolyglotException: SyntaxError: Unnamed:1:2 Expected =&gt; but found eof
()
  ^

- org.graalvm.polyglot.Context.eval(Context.java:425)
- com.intuit.karate.graal.JsEngine.evalForValue(JsEngine.java:139)
- com.intuit.karate.graal.JsEngine.eval(JsEngine.java:135)
- com.intuit.karate.core.ScenarioEngine.evalJs(ScenarioEngine.java:1196)
- com.intuit.karate.core.ScenarioRuntime.evalConfigJs(ScenarioRuntime.java:296)
- com.intuit.karate.core.ScenarioRuntime.beforeRun(ScenarioRuntime.java:372)
- com.intuit.karate.core.ScenarioRuntime.run(ScenarioRuntime.java:391)

- com.intuit.karate.graal.JsEngine.fromJsEvalException(JsEngine.java:224)
- com.intuit.karate.core.ScenarioEngine.evalJs(ScenarioEngine.java:1198)
- com.intuit.karate.core.ScenarioRuntime.evalConfigJs(ScenarioRuntime.java:296)
- com.intuit.karate.core.ScenarioRuntime.beforeRun(ScenarioRuntime.java:372)
- com.intuit.karate.core.ScenarioRuntime.run(ScenarioRuntime.java:391)
- com.intuit.karate.junit5.FeatureNode.lambda$next$1(FeatureNode.java:71)
- org.junit.jupiter.engine.descriptor.DynamicTestTestDescriptor.lambda$execute$0(DynamicTestTestDescriptor.java:53)

classpath:frame/Post.feature:8
classpath:frame/Post.feature:9
classpath:frame/Post.feature:10
classpath:frame/Post.feature:11
</div>   

  

</div>
</div>
          <div><div>
  

  

  <div class="step-row">
    <div class="step-container" id="0.12">
      <div class="step-ref failed">12</div>
      
      <div class="step-cell failed">
        <span>And</span>&nbsp;<span>print response</span>
      </div>
    </div>
    <div class="time-cell failed">0</div>
  </div>

   
  
  

  

  <div class="preformatted" data-parent="0.12">22:25:35.733 classpath:frame/Post.feature:12
And print response
&gt;&gt; classpath:frame/Post.feature:7
&gt;&gt; karate-config.js failed
&gt;&gt; js failed:
&gt;&gt;&gt;&gt;
01: ()
&lt;&lt;&lt;&lt;
org.graalvm.polyglot.PolyglotException: SyntaxError: Unnamed:1:2 Expected =&gt; but found eof
()
  ^

- org.graalvm.polyglot.Context.eval(Context.java:425)
- com.intuit.karate.graal.JsEngine.evalForValue(JsEngine.java:139)
- com.intuit.karate.graal.JsEngine.eval(JsEngine.java:135)
- com.intuit.karate.core.ScenarioEngine.evalJs(ScenarioEngine.java:1196)
- com.intuit.karate.core.ScenarioRuntime.evalConfigJs(ScenarioRuntime.java:296)
- com.intuit.karate.core.ScenarioRuntime.beforeRun(ScenarioRuntime.java:372)
- com.intuit.karate.core.ScenarioRuntime.run(ScenarioRuntime.java:391)

js failed:
&gt;&gt;&gt;&gt;
&lt;&lt;&lt;&lt;
com.intuit.karate.KarateException: js failed:
&gt;&gt;&gt;&gt;
01: ()
&lt;&lt;&lt;&lt;
org.graalvm.polyglot.PolyglotException: SyntaxError: Unnamed:1:2 Expected =&gt; but found eof
()
  ^

- org.graalvm.polyglot.Context.eval(Context.java:425)
- com.intuit.karate.graal.JsEngine.evalForValue(JsEngine.java:139)
- com.intuit.karate.graal.JsEngine.eval(JsEngine.java:135)
- com.intuit.karate.core.ScenarioEngine.evalJs(ScenarioEngine.java:1196)
- com.intuit.karate.core.ScenarioRuntime.evalConfigJs(ScenarioRuntime.java:296)
- com.intuit.karate.core.ScenarioRuntime.beforeRun(ScenarioRuntime.java:372)
- com.intuit.karate.core.ScenarioRuntime.run(ScenarioRuntime.java:391)

- com.intuit.karate.graal.JsEngine.fromJsEvalException(JsEngine.java:224)
- com.intuit.karate.core.ScenarioEngine.evalJs(ScenarioEngine.java:1198)
- com.intuit.karate.core.ScenarioRuntime.evalConfigJs(ScenarioRuntime.java:296)
- com.intuit.karate.core.ScenarioRuntime.beforeRun(ScenarioRuntime.java:372)
- com.intuit.karate.core.ScenarioRuntime.run(ScenarioRuntime.java:391)
- com.intuit.karate.junit5.FeatureNode.lambda$next$1(FeatureNode.java:71)
- org.junit.jupiter.engine.descriptor.DynamicTestTestDescriptor.lambda$execute$0(DynamicTestTestDescriptor.java:53)

classpath:frame/Post.feature:8
classpath:frame/Post.feature:9
classpath:frame/Post.feature:10
classpath:frame/Post.feature:11
classpath:frame/Post.feature:12
</div>   

  

</div>
</div>
          <div><div>
  

  

  <div class="step-row">
    <div class="step-container" id="0.13">
      <div class="step-ref failed">13</div>
      
      <div class="step-cell failed">
        <span>And</span>&nbsp;<span>match response.name == &quot;mahesh&quot;</span>
      </div>
    </div>
    <div class="time-cell failed">0</div>
  </div>

   
  
  

  

  <div class="preformatted" data-parent="0.13">22:25:35.733 classpath:frame/Post.feature:13
And match response.name == &quot;mahesh&quot;
&gt;&gt; classpath:frame/Post.feature:7
&gt;&gt; karate-config.js failed
&gt;&gt; js failed:
&gt;&gt;&gt;&gt;
01: ()
&lt;&lt;&lt;&lt;
org.graalvm.polyglot.PolyglotException: SyntaxError: Unnamed:1:2 Expected =&gt; but found eof
()
  ^

- org.graalvm.polyglot.Context.eval(Context.java:425)
- com.intuit.karate.graal.JsEngine.evalForValue(JsEngine.java:139)
- com.intuit.karate.graal.JsEngine.eval(JsEngine.java:135)
- com.intuit.karate.core.ScenarioEngine.evalJs(ScenarioEngine.java:1196)
- com.intuit.karate.core.ScenarioRuntime.evalConfigJs(ScenarioRuntime.java:296)
- com.intuit.karate.core.ScenarioRuntime.beforeRun(ScenarioRuntime.java:372)
- com.intuit.karate.core.ScenarioRuntime.run(ScenarioRuntime.java:391)

js failed:
&gt;&gt;&gt;&gt;
&lt;&lt;&lt;&lt;
com.intuit.karate.KarateException: js failed:
&gt;&gt;&gt;&gt;
01: ()
&lt;&lt;&lt;&lt;
org.graalvm.polyglot.PolyglotException: SyntaxError: Unnamed:1:2 Expected =&gt; but found eof
()
  ^

- org.graalvm.polyglot.Context.eval(Context.java:425)
- com.intuit.karate.graal.JsEngine.evalForValue(JsEngine.java:139)
- com.intuit.karate.graal.JsEngine.eval(JsEngine.java:135)
- com.intuit.karate.core.ScenarioEngine.evalJs(ScenarioEngine.java:1196)
- com.intuit.karate.core.ScenarioRuntime.evalConfigJs(ScenarioRuntime.java:296)
- com.intuit.karate.core.ScenarioRuntime.beforeRun(ScenarioRuntime.java:372)
- com.intuit.karate.core.ScenarioRuntime.run(ScenarioRuntime.java:391)

- com.intuit.karate.graal.JsEngine.fromJsEvalException(JsEngine.java:224)
- com.intuit.karate.core.ScenarioEngine.evalJs(ScenarioEngine.java:1198)
- com.intuit.karate.core.ScenarioRuntime.evalConfigJs(ScenarioRuntime.java:296)
- com.intuit.karate.core.ScenarioRuntime.beforeRun(ScenarioRuntime.java:372)
- com.intuit.karate.core.ScenarioRuntime.run(ScenarioRuntime.java:391)
- com.intuit.karate.junit5.FeatureNode.lambda$next$1(FeatureNode.java:71)
- org.junit.jupiter.engine.descriptor.DynamicTestTestDescriptor.lambda$execute$0(DynamicTestTestDescriptor.java:53)

classpath:frame/Post.feature:8
classpath:frame/Post.feature:9
classpath:frame/Post.feature:10
classpath:frame/Post.feature:11
classpath:frame/Post.feature:12
classpath:frame/Post.feature:13
</div>   

  

</div>
</div>
          <div><div>
  

  

  <div class="step-row">
    <div class="step-container" id="0.14">
      <div class="step-ref failed">14</div>
      
      <div class="step-cell failed">
        <span>And</span>&nbsp;<span>match response.gender == &quot;male&quot;</span>
      </div>
    </div>
    <div class="time-cell failed">0</div>
  </div>

   
  
  

  

  <div class="preformatted" data-parent="0.14">22:25:35.733 classpath:frame/Post.feature:14
And match response.gender == &quot;male&quot;
&gt;&gt; classpath:frame/Post.feature:7
&gt;&gt; karate-config.js failed
&gt;&gt; js failed:
&gt;&gt;&gt;&gt;
01: ()
&lt;&lt;&lt;&lt;
org.graalvm.polyglot.PolyglotException: SyntaxError: Unnamed:1:2 Expected =&gt; but found eof
()
  ^

- org.graalvm.polyglot.Context.eval(Context.java:425)
- com.intuit.karate.graal.JsEngine.evalForValue(JsEngine.java:139)
- com.intuit.karate.graal.JsEngine.eval(JsEngine.java:135)
- com.intuit.karate.core.ScenarioEngine.evalJs(ScenarioEngine.java:1196)
- com.intuit.karate.core.ScenarioRuntime.evalConfigJs(ScenarioRuntime.java:296)
- com.intuit.karate.core.ScenarioRuntime.beforeRun(ScenarioRuntime.java:372)
- com.intuit.karate.core.ScenarioRuntime.run(ScenarioRuntime.java:391)

js failed:
&gt;&gt;&gt;&gt;
&lt;&lt;&lt;&lt;
com.intuit.karate.KarateException: js failed:
&gt;&gt;&gt;&gt;
01: ()
&lt;&lt;&lt;&lt;
org.graalvm.polyglot.PolyglotException: SyntaxError: Unnamed:1:2 Expected =&gt; but found eof
()
  ^

- org.graalvm.polyglot.Context.eval(Context.java:425)
- com.intuit.karate.graal.JsEngine.evalForValue(JsEngine.java:139)
- com.intuit.karate.graal.JsEngine.eval(JsEngine.java:135)
- com.intuit.karate.core.ScenarioEngine.evalJs(ScenarioEngine.java:1196)
- com.intuit.karate.core.ScenarioRuntime.evalConfigJs(ScenarioRuntime.java:296)
- com.intuit.karate.core.ScenarioRuntime.beforeRun(ScenarioRuntime.java:372)
- com.intuit.karate.core.ScenarioRuntime.run(ScenarioRuntime.java:391)

- com.intuit.karate.graal.JsEngine.fromJsEvalException(JsEngine.java:224)
- com.intuit.karate.core.ScenarioEngine.evalJs(ScenarioEngine.java:1198)
- com.intuit.karate.core.ScenarioRuntime.evalConfigJs(ScenarioRuntime.java:296)
- com.intuit.karate.core.ScenarioRuntime.beforeRun(ScenarioRuntime.java:372)
- com.intuit.karate.core.ScenarioRuntime.run(ScenarioRuntime.java:391)
- com.intuit.karate.junit5.FeatureNode.lambda$next$1(FeatureNode.java:71)
- org.junit.jupiter.engine.descriptor.DynamicTestTestDescriptor.lambda$execute$0(DynamicTestTestDescriptor.java:53)

classpath:frame/Post.feature:8
classpath:frame/Post.feature:9
classpath:frame/Post.feature:10
classpath:frame/Post.feature:11
classpath:frame/Post.feature:12
classpath:frame/Post.feature:13
classpath:frame/Post.feature:14
</div>   

  

</div>
</div>
          <div><div>
  

  

  <div class="step-row">
    <div class="step-container" id="0.15">
      <div class="step-ref failed">15</div>
      
      <div class="step-cell failed">
        <span>And</span>&nbsp;<span>match response.God == &quot;omshiva&quot;</span>
      </div>
    </div>
    <div class="time-cell failed">0</div>
  </div>

   
  
  

  

  <div class="preformatted" data-parent="0.15">22:25:35.733 classpath:frame/Post.feature:15
And match response.God == &quot;omshiva&quot;
&gt;&gt; classpath:frame/Post.feature:7
&gt;&gt; karate-config.js failed
&gt;&gt; js failed:
&gt;&gt;&gt;&gt;
01: ()
&lt;&lt;&lt;&lt;
org.graalvm.polyglot.PolyglotException: SyntaxError: Unnamed:1:2 Expected =&gt; but found eof
()
  ^

- org.graalvm.polyglot.Context.eval(Context.java:425)
- com.intuit.karate.graal.JsEngine.evalForValue(JsEngine.java:139)
- com.intuit.karate.graal.JsEngine.eval(JsEngine.java:135)
- com.intuit.karate.core.ScenarioEngine.evalJs(ScenarioEngine.java:1196)
- com.intuit.karate.core.ScenarioRuntime.evalConfigJs(ScenarioRuntime.java:296)
- com.intuit.karate.core.ScenarioRuntime.beforeRun(ScenarioRuntime.java:372)
- com.intuit.karate.core.ScenarioRuntime.run(ScenarioRuntime.java:391)

js failed:
&gt;&gt;&gt;&gt;
&lt;&lt;&lt;&lt;
com.intuit.karate.KarateException: js failed:
&gt;&gt;&gt;&gt;
01: ()
&lt;&lt;&lt;&lt;
org.graalvm.polyglot.PolyglotException: SyntaxError: Unnamed:1:2 Expected =&gt; but found eof
()
  ^

- org.graalvm.polyglot.Context.eval(Context.java:425)
- com.intuit.karate.graal.JsEngine.evalForValue(JsEngine.java:139)
- com.intuit.karate.graal.JsEngine.eval(JsEngine.java:135)
- com.intuit.karate.core.ScenarioEngine.evalJs(ScenarioEngine.java:1196)
- com.intuit.karate.core.ScenarioRuntime.evalConfigJs(ScenarioRuntime.java:296)
- com.intuit.karate.core.ScenarioRuntime.beforeRun(ScenarioRuntime.java:372)
- com.intuit.karate.core.ScenarioRuntime.run(ScenarioRuntime.java:391)

- com.intuit.karate.graal.JsEngine.fromJsEvalException(JsEngine.java:224)
- com.intuit.karate.core.ScenarioEngine.evalJs(ScenarioEngine.java:1198)
- com.intuit.karate.core.ScenarioRuntime.evalConfigJs(ScenarioRuntime.java:296)
- com.intuit.karate.core.ScenarioRuntime.beforeRun(ScenarioRuntime.java:372)
- com.intuit.karate.core.ScenarioRuntime.run(ScenarioRuntime.java:391)
- com.intuit.karate.junit5.FeatureNode.lambda$next$1(FeatureNode.java:71)
- org.junit.jupiter.engine.descriptor.DynamicTestTestDescriptor.lambda$execute$0(DynamicTestTestDescriptor.java:53)

classpath:frame/Post.feature:8
classpath:frame/Post.feature:9
classpath:frame/Post.feature:10
classpath:frame/Post.feature:11
classpath:frame/Post.feature:12
classpath:frame/Post.feature:13
classpath:frame/Post.feature:14
classpath:frame/Post.feature:15
</div>   

  

</div>
</div>
        </div>
        <div class="scenario">
          <div class="scenario-heading" id="[2:17]">
            <div class="heading-container">
              <div class="scenario-tags">
                
              </div>
              <div class="scenario-keyword">
                Scenario: <span>[2:17]</span>
                <span class="scenario-name">DEMO 2</span>
                <span></span>
              </div>
            </div>
            <div class="scenario-time failed">
              <span>ms:</span>&nbsp;<span>0</span>
            </div>
          </div>
          
          <div><div>
  

  

  <div class="step-row">
    <div class="step-container" id="0.18">
      <div class="step-ref failed">18</div>
      
      <div class="step-cell failed">
        <span>Given</span>&nbsp;<span>url  &#39;https://reqres.in/api/users&#39;</span>
      </div>
    </div>
    <div class="time-cell failed">0</div>
  </div>

   
  
  

  

  <div class="preformatted" data-parent="0.18">22:25:35.764 classpath:frame/Post.feature:18
Given url  &#39;https://reqres.in/api/users&#39;
&gt;&gt; classpath:frame/Post.feature:17
&gt;&gt; karate-config.js failed
&gt;&gt; js failed:
&gt;&gt;&gt;&gt;
01: ()
&lt;&lt;&lt;&lt;
org.graalvm.polyglot.PolyglotException: SyntaxError: Unnamed:1:2 Expected =&gt; but found eof
()
  ^

- org.graalvm.polyglot.Context.eval(Context.java:425)
- com.intuit.karate.graal.JsEngine.evalForValue(JsEngine.java:139)
- com.intuit.karate.graal.JsEngine.eval(JsEngine.java:135)
- com.intuit.karate.core.ScenarioEngine.evalJs(ScenarioEngine.java:1196)
- com.intuit.karate.core.ScenarioRuntime.evalConfigJs(ScenarioRuntime.java:296)
- com.intuit.karate.core.ScenarioRuntime.beforeRun(ScenarioRuntime.java:372)
- com.intuit.karate.core.ScenarioRuntime.run(ScenarioRuntime.java:391)

js failed:
&gt;&gt;&gt;&gt;
&lt;&lt;&lt;&lt;
com.intuit.karate.KarateException: js failed:
&gt;&gt;&gt;&gt;
01: ()
&lt;&lt;&lt;&lt;
org.graalvm.polyglot.PolyglotException: SyntaxError: Unnamed:1:2 Expected =&gt; but found eof
()
  ^

- org.graalvm.polyglot.Context.eval(Context.java:425)
- com.intuit.karate.graal.JsEngine.evalForValue(JsEngine.java:139)
- com.intuit.karate.graal.JsEngine.eval(JsEngine.java:135)
- com.intuit.karate.core.ScenarioEngine.evalJs(ScenarioEngine.java:1196)
- com.intuit.karate.core.ScenarioRuntime.evalConfigJs(ScenarioRuntime.java:296)
- com.intuit.karate.core.ScenarioRuntime.beforeRun(ScenarioRuntime.java:372)
- com.intuit.karate.core.ScenarioRuntime.run(ScenarioRuntime.java:391)

- com.intuit.karate.graal.JsEngine.fromJsEvalException(JsEngine.java:224)
- com.intuit.karate.core.ScenarioEngine.evalJs(ScenarioEngine.java:1198)
- com.intuit.karate.core.ScenarioRuntime.evalConfigJs(ScenarioRuntime.java:296)
- com.intuit.karate.core.ScenarioRuntime.beforeRun(ScenarioRuntime.java:372)
- com.intuit.karate.core.ScenarioRuntime.run(ScenarioRuntime.java:391)
- com.intuit.karate.junit5.FeatureNode.lambda$next$1(FeatureNode.java:71)
- org.junit.jupiter.engine.descriptor.DynamicTestTestDescriptor.lambda$execute$0(DynamicTestTestDescriptor.java:53)

classpath:frame/Post.feature:18
</div>   

  

</div>
</div>
          <div><div>
  

  

  <div class="step-row">
    <div class="step-container" id="0.19">
      <div class="step-ref failed">19</div>
      
      <div class="step-cell failed">
        <span>And</span>&nbsp;<span>request { &quot;name&quot;: &quot;morpheus&quot;,&quot;job&quot;: &quot;leader&quot; }</span>
      </div>
    </div>
    <div class="time-cell failed">0</div>
  </div>

   
  
  

  

  <div class="preformatted" data-parent="0.19">22:25:35.764 classpath:frame/Post.feature:19
And request { &quot;name&quot;: &quot;morpheus&quot;,&quot;job&quot;: &quot;leader&quot; }
&gt;&gt; classpath:frame/Post.feature:17
&gt;&gt; karate-config.js failed
&gt;&gt; js failed:
&gt;&gt;&gt;&gt;
01: ()
&lt;&lt;&lt;&lt;
org.graalvm.polyglot.PolyglotException: SyntaxError: Unnamed:1:2 Expected =&gt; but found eof
()
  ^

- org.graalvm.polyglot.Context.eval(Context.java:425)
- com.intuit.karate.graal.JsEngine.evalForValue(JsEngine.java:139)
- com.intuit.karate.graal.JsEngine.eval(JsEngine.java:135)
- com.intuit.karate.core.ScenarioEngine.evalJs(ScenarioEngine.java:1196)
- com.intuit.karate.core.ScenarioRuntime.evalConfigJs(ScenarioRuntime.java:296)
- com.intuit.karate.core.ScenarioRuntime.beforeRun(ScenarioRuntime.java:372)
- com.intuit.karate.core.ScenarioRuntime.run(ScenarioRuntime.java:391)

js failed:
&gt;&gt;&gt;&gt;
&lt;&lt;&lt;&lt;
com.intuit.karate.KarateException: js failed:
&gt;&gt;&gt;&gt;
01: ()
&lt;&lt;&lt;&lt;
org.graalvm.polyglot.PolyglotException: SyntaxError: Unnamed:1:2 Expected =&gt; but found eof
()
  ^

- org.graalvm.polyglot.Context.eval(Context.java:425)
- com.intuit.karate.graal.JsEngine.evalForValue(JsEngine.java:139)
- com.intuit.karate.graal.JsEngine.eval(JsEngine.java:135)
- com.intuit.karate.core.ScenarioEngine.evalJs(ScenarioEngine.java:1196)
- com.intuit.karate.core.ScenarioRuntime.evalConfigJs(ScenarioRuntime.java:296)
- com.intuit.karate.core.ScenarioRuntime.beforeRun(ScenarioRuntime.java:372)
- com.intuit.karate.core.ScenarioRuntime.run(ScenarioRuntime.java:391)

- com.intuit.karate.graal.JsEngine.fromJsEvalException(JsEngine.java:224)
- com.intuit.karate.core.ScenarioEngine.evalJs(ScenarioEngine.java:1198)
- com.intuit.karate.core.ScenarioRuntime.evalConfigJs(ScenarioRuntime.java:296)
- com.intuit.karate.core.ScenarioRuntime.beforeRun(ScenarioRuntime.java:372)
- com.intuit.karate.core.ScenarioRuntime.run(ScenarioRuntime.java:391)
- com.intuit.karate.junit5.FeatureNode.lambda$next$1(FeatureNode.java:71)
- org.junit.jupiter.engine.descriptor.DynamicTestTestDescriptor.lambda$execute$0(DynamicTestTestDescriptor.java:53)

classpath:frame/Post.feature:18
classpath:frame/Post.feature:19
</div>   

  

</div>
</div>
          <div><div>
  

  

  <div class="step-row">
    <div class="step-container" id="0.20">
      <div class="step-ref failed">20</div>
      
      <div class="step-cell failed">
        <span>When</span>&nbsp;<span>method POST</span>
      </div>
    </div>
    <div class="time-cell failed">0</div>
  </div>

   
  
  

  

  <div class="preformatted" data-parent="0.20">22:25:35.764 classpath:frame/Post.feature:20
When method POST
&gt;&gt; classpath:frame/Post.feature:17
&gt;&gt; karate-config.js failed
&gt;&gt; js failed:
&gt;&gt;&gt;&gt;
01: ()
&lt;&lt;&lt;&lt;
org.graalvm.polyglot.PolyglotException: SyntaxError: Unnamed:1:2 Expected =&gt; but found eof
()
  ^

- org.graalvm.polyglot.Context.eval(Context.java:425)
- com.intuit.karate.graal.JsEngine.evalForValue(JsEngine.java:139)
- com.intuit.karate.graal.JsEngine.eval(JsEngine.java:135)
- com.intuit.karate.core.ScenarioEngine.evalJs(ScenarioEngine.java:1196)
- com.intuit.karate.core.ScenarioRuntime.evalConfigJs(ScenarioRuntime.java:296)
- com.intuit.karate.core.ScenarioRuntime.beforeRun(ScenarioRuntime.java:372)
- com.intuit.karate.core.ScenarioRuntime.run(ScenarioRuntime.java:391)

js failed:
&gt;&gt;&gt;&gt;
&lt;&lt;&lt;&lt;
com.intuit.karate.KarateException: js failed:
&gt;&gt;&gt;&gt;
01: ()
&lt;&lt;&lt;&lt;
org.graalvm.polyglot.PolyglotException: SyntaxError: Unnamed:1:2 Expected =&gt; but found eof
()
  ^

- org.graalvm.polyglot.Context.eval(Context.java:425)
- com.intuit.karate.graal.JsEngine.evalForValue(JsEngine.java:139)
- com.intuit.karate.graal.JsEngine.eval(JsEngine.java:135)
- com.intuit.karate.core.ScenarioEngine.evalJs(ScenarioEngine.java:1196)
- com.intuit.karate.core.ScenarioRuntime.evalConfigJs(ScenarioRuntime.java:296)
- com.intuit.karate.core.ScenarioRuntime.beforeRun(ScenarioRuntime.java:372)
- com.intuit.karate.core.ScenarioRuntime.run(ScenarioRuntime.java:391)

- com.intuit.karate.graal.JsEngine.fromJsEvalException(JsEngine.java:224)
- com.intuit.karate.core.ScenarioEngine.evalJs(ScenarioEngine.java:1198)
- com.intuit.karate.core.ScenarioRuntime.evalConfigJs(ScenarioRuntime.java:296)
- com.intuit.karate.core.ScenarioRuntime.beforeRun(ScenarioRuntime.java:372)
- com.intuit.karate.core.ScenarioRuntime.run(ScenarioRuntime.java:391)
- com.intuit.karate.junit5.FeatureNode.lambda$next$1(FeatureNode.java:71)
- org.junit.jupiter.engine.descriptor.DynamicTestTestDescriptor.lambda$execute$0(DynamicTestTestDescriptor.java:53)

classpath:frame/Post.feature:18
classpath:frame/Post.feature:19
classpath:frame/Post.feature:20
</div>   

  

</div>
</div>
          <div><div>
  

  

  <div class="step-row">
    <div class="step-container" id="0.21">
      <div class="step-ref failed">21</div>
      
      <div class="step-cell failed">
        <span>Then</span>&nbsp;<span>status 201</span>
      </div>
    </div>
    <div class="time-cell failed">0</div>
  </div>

   
  
  

  

  <div class="preformatted" data-parent="0.21">22:25:35.764 classpath:frame/Post.feature:21
Then status 201
&gt;&gt; classpath:frame/Post.feature:17
&gt;&gt; karate-config.js failed
&gt;&gt; js failed:
&gt;&gt;&gt;&gt;
01: ()
&lt;&lt;&lt;&lt;
org.graalvm.polyglot.PolyglotException: SyntaxError: Unnamed:1:2 Expected =&gt; but found eof
()
  ^

- org.graalvm.polyglot.Context.eval(Context.java:425)
- com.intuit.karate.graal.JsEngine.evalForValue(JsEngine.java:139)
- com.intuit.karate.graal.JsEngine.eval(JsEngine.java:135)
- com.intuit.karate.core.ScenarioEngine.evalJs(ScenarioEngine.java:1196)
- com.intuit.karate.core.ScenarioRuntime.evalConfigJs(ScenarioRuntime.java:296)
- com.intuit.karate.core.ScenarioRuntime.beforeRun(ScenarioRuntime.java:372)
- com.intuit.karate.core.ScenarioRuntime.run(ScenarioRuntime.java:391)

js failed:
&gt;&gt;&gt;&gt;
&lt;&lt;&lt;&lt;
com.intuit.karate.KarateException: js failed:
&gt;&gt;&gt;&gt;
01: ()
&lt;&lt;&lt;&lt;
org.graalvm.polyglot.PolyglotException: SyntaxError: Unnamed:1:2 Expected =&gt; but found eof
()
  ^

- org.graalvm.polyglot.Context.eval(Context.java:425)
- com.intuit.karate.graal.JsEngine.evalForValue(JsEngine.java:139)
- com.intuit.karate.graal.JsEngine.eval(JsEngine.java:135)
- com.intuit.karate.core.ScenarioEngine.evalJs(ScenarioEngine.java:1196)
- com.intuit.karate.core.ScenarioRuntime.evalConfigJs(ScenarioRuntime.java:296)
- com.intuit.karate.core.ScenarioRuntime.beforeRun(ScenarioRuntime.java:372)
- com.intuit.karate.core.ScenarioRuntime.run(ScenarioRuntime.java:391)

- com.intuit.karate.graal.JsEngine.fromJsEvalException(JsEngine.java:224)
- com.intuit.karate.core.ScenarioEngine.evalJs(ScenarioEngine.java:1198)
- com.intuit.karate.core.ScenarioRuntime.evalConfigJs(ScenarioRuntime.java:296)
- com.intuit.karate.core.ScenarioRuntime.beforeRun(ScenarioRuntime.java:372)
- com.intuit.karate.core.ScenarioRuntime.run(ScenarioRuntime.java:391)
- com.intuit.karate.junit5.FeatureNode.lambda$next$1(FeatureNode.java:71)
- org.junit.jupiter.engine.descriptor.DynamicTestTestDescriptor.lambda$execute$0(DynamicTestTestDescriptor.java:53)

classpath:frame/Post.feature:18
classpath:frame/Post.feature:19
classpath:frame/Post.feature:20
classpath:frame/Post.feature:21
</div>   

  

</div>
</div>
          <div><div>
  

  

  <div class="step-row">
    <div class="step-container" id="0.22">
      <div class="step-ref failed">22</div>
      
      <div class="step-cell failed">
        <span>And</span>&nbsp;<span>print response</span>
      </div>
    </div>
    <div class="time-cell failed">0</div>
  </div>

   
  
  

  

  <div class="preformatted" data-parent="0.22">22:25:35.764 classpath:frame/Post.feature:22
And print response
&gt;&gt; classpath:frame/Post.feature:17
&gt;&gt; karate-config.js failed
&gt;&gt; js failed:
&gt;&gt;&gt;&gt;
01: ()
&lt;&lt;&lt;&lt;
org.graalvm.polyglot.PolyglotException: SyntaxError: Unnamed:1:2 Expected =&gt; but found eof
()
  ^

- org.graalvm.polyglot.Context.eval(Context.java:425)
- com.intuit.karate.graal.JsEngine.evalForValue(JsEngine.java:139)
- com.intuit.karate.graal.JsEngine.eval(JsEngine.java:135)
- com.intuit.karate.core.ScenarioEngine.evalJs(ScenarioEngine.java:1196)
- com.intuit.karate.core.ScenarioRuntime.evalConfigJs(ScenarioRuntime.java:296)
- com.intuit.karate.core.ScenarioRuntime.beforeRun(ScenarioRuntime.java:372)
- com.intuit.karate.core.ScenarioRuntime.run(ScenarioRuntime.java:391)

js failed:
&gt;&gt;&gt;&gt;
&lt;&lt;&lt;&lt;
com.intuit.karate.KarateException: js failed:
&gt;&gt;&gt;&gt;
01: ()
&lt;&lt;&lt;&lt;
org.graalvm.polyglot.PolyglotException: SyntaxError: Unnamed:1:2 Expected =&gt; but found eof
()
  ^

- org.graalvm.polyglot.Context.eval(Context.java:425)
- com.intuit.karate.graal.JsEngine.evalForValue(JsEngine.java:139)
- com.intuit.karate.graal.JsEngine.eval(JsEngine.java:135)
- com.intuit.karate.core.ScenarioEngine.evalJs(ScenarioEngine.java:1196)
- com.intuit.karate.core.ScenarioRuntime.evalConfigJs(ScenarioRuntime.java:296)
- com.intuit.karate.core.ScenarioRuntime.beforeRun(ScenarioRuntime.java:372)
- com.intuit.karate.core.ScenarioRuntime.run(ScenarioRuntime.java:391)

- com.intuit.karate.graal.JsEngine.fromJsEvalException(JsEngine.java:224)
- com.intuit.karate.core.ScenarioEngine.evalJs(ScenarioEngine.java:1198)
- com.intuit.karate.core.ScenarioRuntime.evalConfigJs(ScenarioRuntime.java:296)
- com.intuit.karate.core.ScenarioRuntime.beforeRun(ScenarioRuntime.java:372)
- com.intuit.karate.core.ScenarioRuntime.run(ScenarioRuntime.java:391)
- com.intuit.karate.junit5.FeatureNode.lambda$next$1(FeatureNode.java:71)
- org.junit.jupiter.engine.descriptor.DynamicTestTestDescriptor.lambda$execute$0(DynamicTestTestDescriptor.java:53)

classpath:frame/Post.feature:18
classpath:frame/Post.feature:19
classpath:frame/Post.feature:20
classpath:frame/Post.feature:21
classpath:frame/Post.feature:22
</div>   

  

</div>
</div>
          <div><div>
  

  

  <div class="step-row">
    <div class="step-container" id="0.23">
      <div class="step-ref failed">23</div>
      
      <div class="step-cell failed">
        <span>And</span>&nbsp;<span>match response == { &quot;name&quot;: &quot;morpheus&quot;,&quot;job&quot;: &quot;leader&quot;,&quot;id&quot;: &quot;#string&quot;,&quot;createdAt&quot;: &quot;#ignore&quot;}</span>
      </div>
    </div>
    <div class="time-cell failed">0</div>
  </div>

   
  
  

  

  <div class="preformatted" data-parent="0.23">22:25:35.764 classpath:frame/Post.feature:23
And match response == { &quot;name&quot;: &quot;morpheus&quot;,&quot;job&quot;: &quot;leader&quot;,&quot;id&quot;: &quot;#string&quot;,&quot;createdAt&quot;: &quot;#ignore&quot;}
&gt;&gt; classpath:frame/Post.feature:17
&gt;&gt; karate-config.js failed
&gt;&gt; js failed:
&gt;&gt;&gt;&gt;
01: ()
&lt;&lt;&lt;&lt;
org.graalvm.polyglot.PolyglotException: SyntaxError: Unnamed:1:2 Expected =&gt; but found eof
()
  ^

- org.graalvm.polyglot.Context.eval(Context.java:425)
- com.intuit.karate.graal.JsEngine.evalForValue(JsEngine.java:139)
- com.intuit.karate.graal.JsEngine.eval(JsEngine.java:135)
- com.intuit.karate.core.ScenarioEngine.evalJs(ScenarioEngine.java:1196)
- com.intuit.karate.core.ScenarioRuntime.evalConfigJs(ScenarioRuntime.java:296)
- com.intuit.karate.core.ScenarioRuntime.beforeRun(ScenarioRuntime.java:372)
- com.intuit.karate.core.ScenarioRuntime.run(ScenarioRuntime.java:391)

js failed:
&gt;&gt;&gt;&gt;
&lt;&lt;&lt;&lt;
com.intuit.karate.KarateException: js failed:
&gt;&gt;&gt;&gt;
01: ()
&lt;&lt;&lt;&lt;
org.graalvm.polyglot.PolyglotException: SyntaxError: Unnamed:1:2 Expected =&gt; but found eof
()
  ^

- org.graalvm.polyglot.Context.eval(Context.java:425)
- com.intuit.karate.graal.JsEngine.evalForValue(JsEngine.java:139)
- com.intuit.karate.graal.JsEngine.eval(JsEngine.java:135)
- com.intuit.karate.core.ScenarioEngine.evalJs(ScenarioEngine.java:1196)
- com.intuit.karate.core.ScenarioRuntime.evalConfigJs(ScenarioRuntime.java:296)
- com.intuit.karate.core.ScenarioRuntime.beforeRun(ScenarioRuntime.java:372)
- com.intuit.karate.core.ScenarioRuntime.run(ScenarioRuntime.java:391)

- com.intuit.karate.graal.JsEngine.fromJsEvalException(JsEngine.java:224)
- com.intuit.karate.core.ScenarioEngine.evalJs(ScenarioEngine.java:1198)
- com.intuit.karate.core.ScenarioRuntime.evalConfigJs(ScenarioRuntime.java:296)
- com.intuit.karate.core.ScenarioRuntime.beforeRun(ScenarioRuntime.java:372)
- com.intuit.karate.core.ScenarioRuntime.run(ScenarioRuntime.java:391)
- com.intuit.karate.junit5.FeatureNode.lambda$next$1(FeatureNode.java:71)
- org.junit.jupiter.engine.descriptor.DynamicTestTestDescriptor.lambda$execute$0(DynamicTestTestDescriptor.java:53)

classpath:frame/Post.feature:18
classpath:frame/Post.feature:19
classpath:frame/Post.feature:20
classpath:frame/Post.feature:21
classpath:frame/Post.feature:22
classpath:frame/Post.feature:23
</div>   

  

</div>
</div>
        </div>
        <div class="scenario">
          <div class="scenario-heading" id="[3:25]">
            <div class="heading-container">
              <div class="scenario-tags">
                
              </div>
              <div class="scenario-keyword">
                Scenario: <span>[3:25]</span>
                <span class="scenario-name">DEMO 3</span>
                <span></span>
              </div>
            </div>
            <div class="scenario-time failed">
              <span>ms:</span>&nbsp;<span>0</span>
            </div>
          </div>
          
          <div><div>
  

  

  <div class="step-row">
    <div class="step-container" id="0.26">
      <div class="step-ref failed">26</div>
      
      <div class="step-cell failed">
        <span>Given</span>&nbsp;<span>url  &#39;https://reqres.in/api/users&#39;</span>
      </div>
    </div>
    <div class="time-cell failed">0</div>
  </div>

   
  
  

  

  <div class="preformatted" data-parent="0.26">22:25:35.777 classpath:frame/Post.feature:26
Given url  &#39;https://reqres.in/api/users&#39;
&gt;&gt; classpath:frame/Post.feature:25
&gt;&gt; karate-config.js failed
&gt;&gt; js failed:
&gt;&gt;&gt;&gt;
01: ()
&lt;&lt;&lt;&lt;
org.graalvm.polyglot.PolyglotException: SyntaxError: Unnamed:1:2 Expected =&gt; but found eof
()
  ^

- org.graalvm.polyglot.Context.eval(Context.java:425)
- com.intuit.karate.graal.JsEngine.evalForValue(JsEngine.java:139)
- com.intuit.karate.graal.JsEngine.eval(JsEngine.java:135)
- com.intuit.karate.core.ScenarioEngine.evalJs(ScenarioEngine.java:1196)
- com.intuit.karate.core.ScenarioRuntime.evalConfigJs(ScenarioRuntime.java:296)
- com.intuit.karate.core.ScenarioRuntime.beforeRun(ScenarioRuntime.java:372)
- com.intuit.karate.core.ScenarioRuntime.run(ScenarioRuntime.java:391)

js failed:
&gt;&gt;&gt;&gt;
&lt;&lt;&lt;&lt;
com.intuit.karate.KarateException: js failed:
&gt;&gt;&gt;&gt;
01: ()
&lt;&lt;&lt;&lt;
org.graalvm.polyglot.PolyglotException: SyntaxError: Unnamed:1:2 Expected =&gt; but found eof
()
  ^

- org.graalvm.polyglot.Context.eval(Context.java:425)
- com.intuit.karate.graal.JsEngine.evalForValue(JsEngine.java:139)
- com.intuit.karate.graal.JsEngine.eval(JsEngine.java:135)
- com.intuit.karate.core.ScenarioEngine.evalJs(ScenarioEngine.java:1196)
- com.intuit.karate.core.ScenarioRuntime.evalConfigJs(ScenarioRuntime.java:296)
- com.intuit.karate.core.ScenarioRuntime.beforeRun(ScenarioRuntime.java:372)
- com.intuit.karate.core.ScenarioRuntime.run(ScenarioRuntime.java:391)

- com.intuit.karate.graal.JsEngine.fromJsEvalException(JsEngine.java:224)
- com.intuit.karate.core.ScenarioEngine.evalJs(ScenarioEngine.java:1198)
- com.intuit.karate.core.ScenarioRuntime.evalConfigJs(ScenarioRuntime.java:296)
- com.intuit.karate.core.ScenarioRuntime.beforeRun(ScenarioRuntime.java:372)
- com.intuit.karate.core.ScenarioRuntime.run(ScenarioRuntime.java:391)
- com.intuit.karate.junit5.FeatureNode.lambda$next$1(FeatureNode.java:71)
- org.junit.jupiter.engine.descriptor.DynamicTestTestDescriptor.lambda$execute$0(DynamicTestTestDescriptor.java:53)

classpath:frame/Post.feature:26
</div>   

  

</div>
</div>
          <div><div>
  

  

  <div class="step-row">
    <div class="step-container" id="0.27">
      <div class="step-ref failed">27</div>
      
      <div class="step-cell failed">
        <span>And</span>&nbsp;<span>def  body = read(&quot;file.json&quot;)</span>
      </div>
    </div>
    <div class="time-cell failed">0</div>
  </div>

   
  
  

  

  <div class="preformatted" data-parent="0.27">22:25:35.778 classpath:frame/Post.feature:27
And def  body = read(&quot;file.json&quot;)
&gt;&gt; classpath:frame/Post.feature:25
&gt;&gt; karate-config.js failed
&gt;&gt; js failed:
&gt;&gt;&gt;&gt;
01: ()
&lt;&lt;&lt;&lt;
org.graalvm.polyglot.PolyglotException: SyntaxError: Unnamed:1:2 Expected =&gt; but found eof
()
  ^

- org.graalvm.polyglot.Context.eval(Context.java:425)
- com.intuit.karate.graal.JsEngine.evalForValue(JsEngine.java:139)
- com.intuit.karate.graal.JsEngine.eval(JsEngine.java:135)
- com.intuit.karate.core.ScenarioEngine.evalJs(ScenarioEngine.java:1196)
- com.intuit.karate.core.ScenarioRuntime.evalConfigJs(ScenarioRuntime.java:296)
- com.intuit.karate.core.ScenarioRuntime.beforeRun(ScenarioRuntime.java:372)
- com.intuit.karate.core.ScenarioRuntime.run(ScenarioRuntime.java:391)

js failed:
&gt;&gt;&gt;&gt;
&lt;&lt;&lt;&lt;
com.intuit.karate.KarateException: js failed:
&gt;&gt;&gt;&gt;
01: ()
&lt;&lt;&lt;&lt;
org.graalvm.polyglot.PolyglotException: SyntaxError: Unnamed:1:2 Expected =&gt; but found eof
()
  ^

- org.graalvm.polyglot.Context.eval(Context.java:425)
- com.intuit.karate.graal.JsEngine.evalForValue(JsEngine.java:139)
- com.intuit.karate.graal.JsEngine.eval(JsEngine.java:135)
- com.intuit.karate.core.ScenarioEngine.evalJs(ScenarioEngine.java:1196)
- com.intuit.karate.core.ScenarioRuntime.evalConfigJs(ScenarioRuntime.java:296)
- com.intuit.karate.core.ScenarioRuntime.beforeRun(ScenarioRuntime.java:372)
- com.intuit.karate.core.ScenarioRuntime.run(ScenarioRuntime.java:391)

- com.intuit.karate.graal.JsEngine.fromJsEvalException(JsEngine.java:224)
- com.intuit.karate.core.ScenarioEngine.evalJs(ScenarioEngine.java:1198)
- com.intuit.karate.core.ScenarioRuntime.evalConfigJs(ScenarioRuntime.java:296)
- com.intuit.karate.core.ScenarioRuntime.beforeRun(ScenarioRuntime.java:372)
- com.intuit.karate.core.ScenarioRuntime.run(ScenarioRuntime.java:391)
- com.intuit.karate.junit5.FeatureNode.lambda$next$1(FeatureNode.java:71)
- org.junit.jupiter.engine.descriptor.DynamicTestTestDescriptor.lambda$execute$0(DynamicTestTestDescriptor.java:53)

classpath:frame/Post.feature:26
classpath:frame/Post.feature:27
</div>   

  

</div>
</div>
          <div><div>
  

  

  <div class="step-row">
    <div class="step-container" id="0.28">
      <div class="step-ref failed">28</div>
      
      <div class="step-cell failed">
        <span>And</span>&nbsp;<span>request body</span>
      </div>
    </div>
    <div class="time-cell failed">0</div>
  </div>

   
  
  

  

  <div class="preformatted" data-parent="0.28">22:25:35.778 classpath:frame/Post.feature:28
And request body
&gt;&gt; classpath:frame/Post.feature:25
&gt;&gt; karate-config.js failed
&gt;&gt; js failed:
&gt;&gt;&gt;&gt;
01: ()
&lt;&lt;&lt;&lt;
org.graalvm.polyglot.PolyglotException: SyntaxError: Unnamed:1:2 Expected =&gt; but found eof
()
  ^

- org.graalvm.polyglot.Context.eval(Context.java:425)
- com.intuit.karate.graal.JsEngine.evalForValue(JsEngine.java:139)
- com.intuit.karate.graal.JsEngine.eval(JsEngine.java:135)
- com.intuit.karate.core.ScenarioEngine.evalJs(ScenarioEngine.java:1196)
- com.intuit.karate.core.ScenarioRuntime.evalConfigJs(ScenarioRuntime.java:296)
- com.intuit.karate.core.ScenarioRuntime.beforeRun(ScenarioRuntime.java:372)
- com.intuit.karate.core.ScenarioRuntime.run(ScenarioRuntime.java:391)

js failed:
&gt;&gt;&gt;&gt;
&lt;&lt;&lt;&lt;
com.intuit.karate.KarateException: js failed:
&gt;&gt;&gt;&gt;
01: ()
&lt;&lt;&lt;&lt;
org.graalvm.polyglot.PolyglotException: SyntaxError: Unnamed:1:2 Expected =&gt; but found eof
()
  ^

- org.graalvm.polyglot.Context.eval(Context.java:425)
- com.intuit.karate.graal.JsEngine.evalForValue(JsEngine.java:139)
- com.intuit.karate.graal.JsEngine.eval(JsEngine.java:135)
- com.intuit.karate.core.ScenarioEngine.evalJs(ScenarioEngine.java:1196)
- com.intuit.karate.core.ScenarioRuntime.evalConfigJs(ScenarioRuntime.java:296)
- com.intuit.karate.core.ScenarioRuntime.beforeRun(ScenarioRuntime.java:372)
- com.intuit.karate.core.ScenarioRuntime.run(ScenarioRuntime.java:391)

- com.intuit.karate.graal.JsEngine.fromJsEvalException(JsEngine.java:224)
- com.intuit.karate.core.ScenarioEngine.evalJs(ScenarioEngine.java:1198)
- com.intuit.karate.core.ScenarioRuntime.evalConfigJs(ScenarioRuntime.java:296)
- com.intuit.karate.core.ScenarioRuntime.beforeRun(ScenarioRuntime.java:372)
- com.intuit.karate.core.ScenarioRuntime.run(ScenarioRuntime.java:391)
- com.intuit.karate.junit5.FeatureNode.lambda$next$1(FeatureNode.java:71)
- org.junit.jupiter.engine.descriptor.DynamicTestTestDescriptor.lambda$execute$0(DynamicTestTestDescriptor.java:53)

classpath:frame/Post.feature:26
classpath:frame/Post.feature:27
classpath:frame/Post.feature:28
</div>   

  

</div>
</div>
          <div><div>
  

  

  <div class="step-row">
    <div class="step-container" id="0.29">
      <div class="step-ref failed">29</div>
      
      <div class="step-cell failed">
        <span>When</span>&nbsp;<span>method POST</span>
      </div>
    </div>
    <div class="time-cell failed">0</div>
  </div>

   
  
  

  

  <div class="preformatted" data-parent="0.29">22:25:35.778 classpath:frame/Post.feature:29
When method POST
&gt;&gt; classpath:frame/Post.feature:25
&gt;&gt; karate-config.js failed
&gt;&gt; js failed:
&gt;&gt;&gt;&gt;
01: ()
&lt;&lt;&lt;&lt;
org.graalvm.polyglot.PolyglotException: SyntaxError: Unnamed:1:2 Expected =&gt; but found eof
()
  ^

- org.graalvm.polyglot.Context.eval(Context.java:425)
- com.intuit.karate.graal.JsEngine.evalForValue(JsEngine.java:139)
- com.intuit.karate.graal.JsEngine.eval(JsEngine.java:135)
- com.intuit.karate.core.ScenarioEngine.evalJs(ScenarioEngine.java:1196)
- com.intuit.karate.core.ScenarioRuntime.evalConfigJs(ScenarioRuntime.java:296)
- com.intuit.karate.core.ScenarioRuntime.beforeRun(ScenarioRuntime.java:372)
- com.intuit.karate.core.ScenarioRuntime.run(ScenarioRuntime.java:391)

js failed:
&gt;&gt;&gt;&gt;
&lt;&lt;&lt;&lt;
com.intuit.karate.KarateException: js failed:
&gt;&gt;&gt;&gt;
01: ()
&lt;&lt;&lt;&lt;
org.graalvm.polyglot.PolyglotException: SyntaxError: Unnamed:1:2 Expected =&gt; but found eof
()
  ^

- org.graalvm.polyglot.Context.eval(Context.java:425)
- com.intuit.karate.graal.JsEngine.evalForValue(JsEngine.java:139)
- com.intuit.karate.graal.JsEngine.eval(JsEngine.java:135)
- com.intuit.karate.core.ScenarioEngine.evalJs(ScenarioEngine.java:1196)
- com.intuit.karate.core.ScenarioRuntime.evalConfigJs(ScenarioRuntime.java:296)
- com.intuit.karate.core.ScenarioRuntime.beforeRun(ScenarioRuntime.java:372)
- com.intuit.karate.core.ScenarioRuntime.run(ScenarioRuntime.java:391)

- com.intuit.karate.graal.JsEngine.fromJsEvalException(JsEngine.java:224)
- com.intuit.karate.core.ScenarioEngine.evalJs(ScenarioEngine.java:1198)
- com.intuit.karate.core.ScenarioRuntime.evalConfigJs(ScenarioRuntime.java:296)
- com.intuit.karate.core.ScenarioRuntime.beforeRun(ScenarioRuntime.java:372)
- com.intuit.karate.core.ScenarioRuntime.run(ScenarioRuntime.java:391)
- com.intuit.karate.junit5.FeatureNode.lambda$next$1(FeatureNode.java:71)
- org.junit.jupiter.engine.descriptor.DynamicTestTestDescriptor.lambda$execute$0(DynamicTestTestDescriptor.java:53)

classpath:frame/Post.feature:26
classpath:frame/Post.feature:27
classpath:frame/Post.feature:28
classpath:frame/Post.feature:29
</div>   

  

</div>
</div>
          <div><div>
  

  

  <div class="step-row">
    <div class="step-container" id="0.30">
      <div class="step-ref failed">30</div>
      
      <div class="step-cell failed">
        <span>Then</span>&nbsp;<span>status 201</span>
      </div>
    </div>
    <div class="time-cell failed">0</div>
  </div>

   
  
  

  

  <div class="preformatted" data-parent="0.30">22:25:35.778 classpath:frame/Post.feature:30
Then status 201
&gt;&gt; classpath:frame/Post.feature:25
&gt;&gt; karate-config.js failed
&gt;&gt; js failed:
&gt;&gt;&gt;&gt;
01: ()
&lt;&lt;&lt;&lt;
org.graalvm.polyglot.PolyglotException: SyntaxError: Unnamed:1:2 Expected =&gt; but found eof
()
  ^

- org.graalvm.polyglot.Context.eval(Context.java:425)
- com.intuit.karate.graal.JsEngine.evalForValue(JsEngine.java:139)
- com.intuit.karate.graal.JsEngine.eval(JsEngine.java:135)
- com.intuit.karate.core.ScenarioEngine.evalJs(ScenarioEngine.java:1196)
- com.intuit.karate.core.ScenarioRuntime.evalConfigJs(ScenarioRuntime.java:296)
- com.intuit.karate.core.ScenarioRuntime.beforeRun(ScenarioRuntime.java:372)
- com.intuit.karate.core.ScenarioRuntime.run(ScenarioRuntime.java:391)

js failed:
&gt;&gt;&gt;&gt;
&lt;&lt;&lt;&lt;
com.intuit.karate.KarateException: js failed:
&gt;&gt;&gt;&gt;
01: ()
&lt;&lt;&lt;&lt;
org.graalvm.polyglot.PolyglotException: SyntaxError: Unnamed:1:2 Expected =&gt; but found eof
()
  ^

- org.graalvm.polyglot.Context.eval(Context.java:425)
- com.intuit.karate.graal.JsEngine.evalForValue(JsEngine.java:139)
- com.intuit.karate.graal.JsEngine.eval(JsEngine.java:135)
- com.intuit.karate.core.ScenarioEngine.evalJs(ScenarioEngine.java:1196)
- com.intuit.karate.core.ScenarioRuntime.evalConfigJs(ScenarioRuntime.java:296)
- com.intuit.karate.core.ScenarioRuntime.beforeRun(ScenarioRuntime.java:372)
- com.intuit.karate.core.ScenarioRuntime.run(ScenarioRuntime.java:391)

- com.intuit.karate.graal.JsEngine.fromJsEvalException(JsEngine.java:224)
- com.intuit.karate.core.ScenarioEngine.evalJs(ScenarioEngine.java:1198)
- com.intuit.karate.core.ScenarioRuntime.evalConfigJs(ScenarioRuntime.java:296)
- com.intuit.karate.core.ScenarioRuntime.beforeRun(ScenarioRuntime.java:372)
- com.intuit.karate.core.ScenarioRuntime.run(ScenarioRuntime.java:391)
- com.intuit.karate.junit5.FeatureNode.lambda$next$1(FeatureNode.java:71)
- org.junit.jupiter.engine.descriptor.DynamicTestTestDescriptor.lambda$execute$0(DynamicTestTestDescriptor.java:53)

classpath:frame/Post.feature:26
classpath:frame/Post.feature:27
classpath:frame/Post.feature:28
classpath:frame/Post.feature:29
classpath:frame/Post.feature:30
</div>   

  

</div>
</div>
          <div><div>
  

  

  <div class="step-row">
    <div class="step-container" id="0.31">
      <div class="step-ref failed">31</div>
      
      <div class="step-cell failed">
        <span>And</span>&nbsp;<span>print response</span>
      </div>
    </div>
    <div class="time-cell failed">0</div>
  </div>

   
  
  

  

  <div class="preformatted" data-parent="0.31">22:25:35.778 classpath:frame/Post.feature:31
And print response
&gt;&gt; classpath:frame/Post.feature:25
&gt;&gt; karate-config.js failed
&gt;&gt; js failed:
&gt;&gt;&gt;&gt;
01: ()
&lt;&lt;&lt;&lt;
org.graalvm.polyglot.PolyglotException: SyntaxError: Unnamed:1:2 Expected =&gt; but found eof
()
  ^

- org.graalvm.polyglot.Context.eval(Context.java:425)
- com.intuit.karate.graal.JsEngine.evalForValue(JsEngine.java:139)
- com.intuit.karate.graal.JsEngine.eval(JsEngine.java:135)
- com.intuit.karate.core.ScenarioEngine.evalJs(ScenarioEngine.java:1196)
- com.intuit.karate.core.ScenarioRuntime.evalConfigJs(ScenarioRuntime.java:296)
- com.intuit.karate.core.ScenarioRuntime.beforeRun(ScenarioRuntime.java:372)
- com.intuit.karate.core.ScenarioRuntime.run(ScenarioRuntime.java:391)

js failed:
&gt;&gt;&gt;&gt;
&lt;&lt;&lt;&lt;
com.intuit.karate.KarateException: js failed:
&gt;&gt;&gt;&gt;
01: ()
&lt;&lt;&lt;&lt;
org.graalvm.polyglot.PolyglotException: SyntaxError: Unnamed:1:2 Expected =&gt; but found eof
()
  ^

- org.graalvm.polyglot.Context.eval(Context.java:425)
- com.intuit.karate.graal.JsEngine.evalForValue(JsEngine.java:139)
- com.intuit.karate.graal.JsEngine.eval(JsEngine.java:135)
- com.intuit.karate.core.ScenarioEngine.evalJs(ScenarioEngine.java:1196)
- com.intuit.karate.core.ScenarioRuntime.evalConfigJs(ScenarioRuntime.java:296)
- com.intuit.karate.core.ScenarioRuntime.beforeRun(ScenarioRuntime.java:372)
- com.intuit.karate.core.ScenarioRuntime.run(ScenarioRuntime.java:391)

- com.intuit.karate.graal.JsEngine.fromJsEvalException(JsEngine.java:224)
- com.intuit.karate.core.ScenarioEngine.evalJs(ScenarioEngine.java:1198)
- com.intuit.karate.core.ScenarioRuntime.evalConfigJs(ScenarioRuntime.java:296)
- com.intuit.karate.core.ScenarioRuntime.beforeRun(ScenarioRuntime.java:372)
- com.intuit.karate.core.ScenarioRuntime.run(ScenarioRuntime.java:391)
- com.intuit.karate.junit5.FeatureNode.lambda$next$1(FeatureNode.java:71)
- org.junit.jupiter.engine.descriptor.DynamicTestTestDescriptor.lambda$execute$0(DynamicTestTestDescriptor.java:53)

classpath:frame/Post.feature:26
classpath:frame/Post.feature:27
classpath:frame/Post.feature:28
classpath:frame/Post.feature:29
classpath:frame/Post.feature:30
classpath:frame/Post.feature:31
</div>   

  

</div>
</div>
          <div><div>
  

  

  <div class="step-row">
    <div class="step-container" id="0.32">
      <div class="step-ref failed">32</div>
      
      <div class="step-cell failed">
        <span>And</span>&nbsp;<span>match response.name == &quot;morpheus&quot;</span>
      </div>
    </div>
    <div class="time-cell failed">0</div>
  </div>

   
  
  

  

  <div class="preformatted" data-parent="0.32">22:25:35.779 classpath:frame/Post.feature:32
And match response.name == &quot;morpheus&quot;
&gt;&gt; classpath:frame/Post.feature:25
&gt;&gt; karate-config.js failed
&gt;&gt; js failed:
&gt;&gt;&gt;&gt;
01: ()
&lt;&lt;&lt;&lt;
org.graalvm.polyglot.PolyglotException: SyntaxError: Unnamed:1:2 Expected =&gt; but found eof
()
  ^

- org.graalvm.polyglot.Context.eval(Context.java:425)
- com.intuit.karate.graal.JsEngine.evalForValue(JsEngine.java:139)
- com.intuit.karate.graal.JsEngine.eval(JsEngine.java:135)
- com.intuit.karate.core.ScenarioEngine.evalJs(ScenarioEngine.java:1196)
- com.intuit.karate.core.ScenarioRuntime.evalConfigJs(ScenarioRuntime.java:296)
- com.intuit.karate.core.ScenarioRuntime.beforeRun(ScenarioRuntime.java:372)
- com.intuit.karate.core.ScenarioRuntime.run(ScenarioRuntime.java:391)

js failed:
&gt;&gt;&gt;&gt;
&lt;&lt;&lt;&lt;
com.intuit.karate.KarateException: js failed:
&gt;&gt;&gt;&gt;
01: ()
&lt;&lt;&lt;&lt;
org.graalvm.polyglot.PolyglotException: SyntaxError: Unnamed:1:2 Expected =&gt; but found eof
()
  ^

- org.graalvm.polyglot.Context.eval(Context.java:425)
- com.intuit.karate.graal.JsEngine.evalForValue(JsEngine.java:139)
- com.intuit.karate.graal.JsEngine.eval(JsEngine.java:135)
- com.intuit.karate.core.ScenarioEngine.evalJs(ScenarioEngine.java:1196)
- com.intuit.karate.core.ScenarioRuntime.evalConfigJs(ScenarioRuntime.java:296)
- com.intuit.karate.core.ScenarioRuntime.beforeRun(ScenarioRuntime.java:372)
- com.intuit.karate.core.ScenarioRuntime.run(ScenarioRuntime.java:391)

- com.intuit.karate.graal.JsEngine.fromJsEvalException(JsEngine.java:224)
- com.intuit.karate.core.ScenarioEngine.evalJs(ScenarioEngine.java:1198)
- com.intuit.karate.core.ScenarioRuntime.evalConfigJs(ScenarioRuntime.java:296)
- com.intuit.karate.core.ScenarioRuntime.beforeRun(ScenarioRuntime.java:372)
- com.intuit.karate.core.ScenarioRuntime.run(ScenarioRuntime.java:391)
- com.intuit.karate.junit5.FeatureNode.lambda$next$1(FeatureNode.java:71)
- org.junit.jupiter.engine.descriptor.DynamicTestTestDescriptor.lambda$execute$0(DynamicTestTestDescriptor.java:53)

classpath:frame/Post.feature:26
classpath:frame/Post.feature:27
classpath:frame/Post.feature:28
classpath:frame/Post.feature:29
classpath:frame/Post.feature:30
classpath:frame/Post.feature:31
classpath:frame/Post.feature:32
</div>   

  

</div>
</div>
        </div>
        <div class="scenario">
          <div class="scenario-heading" id="[4:34]">
            <div class="heading-container">
              <div class="scenario-tags">
                
              </div>
              <div class="scenario-keyword">
                Scenario: <span>[4:34]</span>
                <span class="scenario-name">DEMO 4</span>
                <span></span>
              </div>
            </div>
            <div class="scenario-time failed">
              <span>ms:</span>&nbsp;<span>0</span>
            </div>
          </div>
          
          <div><div>
  

  

  <div class="step-row">
    <div class="step-container" id="0.35">
      <div class="step-ref failed">35</div>
      
      <div class="step-cell failed">
        <span>*</span>&nbsp;<span>def rew=read(&#39;Mah.json&#39;)</span>
      </div>
    </div>
    <div class="time-cell failed">0</div>
  </div>

   
  
  

  

  <div class="preformatted" data-parent="0.35">22:25:35.793 classpath:frame/Post.feature:35
* def rew=read(&#39;Mah.json&#39;)
&gt;&gt; classpath:frame/Post.feature:34
&gt;&gt; karate-config.js failed
&gt;&gt; js failed:
&gt;&gt;&gt;&gt;
01: ()
&lt;&lt;&lt;&lt;
org.graalvm.polyglot.PolyglotException: SyntaxError: Unnamed:1:2 Expected =&gt; but found eof
()
  ^

- org.graalvm.polyglot.Context.eval(Context.java:425)
- com.intuit.karate.graal.JsEngine.evalForValue(JsEngine.java:139)
- com.intuit.karate.graal.JsEngine.eval(JsEngine.java:135)
- com.intuit.karate.core.ScenarioEngine.evalJs(ScenarioEngine.java:1196)
- com.intuit.karate.core.ScenarioRuntime.evalConfigJs(ScenarioRuntime.java:296)
- com.intuit.karate.core.ScenarioRuntime.beforeRun(ScenarioRuntime.java:372)
- com.intuit.karate.core.ScenarioRuntime.run(ScenarioRuntime.java:391)

js failed:
&gt;&gt;&gt;&gt;
&lt;&lt;&lt;&lt;
com.intuit.karate.KarateException: js failed:
&gt;&gt;&gt;&gt;
01: ()
&lt;&lt;&lt;&lt;
org.graalvm.polyglot.PolyglotException: SyntaxError: Unnamed:1:2 Expected =&gt; but found eof
()
  ^

- org.graalvm.polyglot.Context.eval(Context.java:425)
- com.intuit.karate.graal.JsEngine.evalForValue(JsEngine.java:139)
- com.intuit.karate.graal.JsEngine.eval(JsEngine.java:135)
- com.intuit.karate.core.ScenarioEngine.evalJs(ScenarioEngine.java:1196)
- com.intuit.karate.core.ScenarioRuntime.evalConfigJs(ScenarioRuntime.java:296)
- com.intuit.karate.core.ScenarioRuntime.beforeRun(ScenarioRuntime.java:372)
- com.intuit.karate.core.ScenarioRuntime.run(ScenarioRuntime.java:391)

- com.intuit.karate.graal.JsEngine.fromJsEvalException(JsEngine.java:224)
- com.intuit.karate.core.ScenarioEngine.evalJs(ScenarioEngine.java:1198)
- com.intuit.karate.core.ScenarioRuntime.evalConfigJs(ScenarioRuntime.java:296)
- com.intuit.karate.core.ScenarioRuntime.beforeRun(ScenarioRuntime.java:372)
- com.intuit.karate.core.ScenarioRuntime.run(ScenarioRuntime.java:391)
- com.intuit.karate.junit5.FeatureNode.lambda$next$1(FeatureNode.java:71)
- org.junit.jupiter.engine.descriptor.DynamicTestTestDescriptor.lambda$execute$0(DynamicTestTestDescriptor.java:53)

classpath:frame/Post.feature:35
</div>   

  

</div>
</div>
          <div><div>
  

  

  <div class="step-row">
    <div class="step-container" id="0.36">
      <div class="step-ref failed">36</div>
      
      <div class="step-cell failed">
        <span>Given</span>&nbsp;<span>url  &#39;https://reqres.in/api/users&#39;</span>
      </div>
    </div>
    <div class="time-cell failed">0</div>
  </div>

   
  
  

  

  <div class="preformatted" data-parent="0.36">22:25:35.793 classpath:frame/Post.feature:36
Given url  &#39;https://reqres.in/api/users&#39;
&gt;&gt; classpath:frame/Post.feature:34
&gt;&gt; karate-config.js failed
&gt;&gt; js failed:
&gt;&gt;&gt;&gt;
01: ()
&lt;&lt;&lt;&lt;
org.graalvm.polyglot.PolyglotException: SyntaxError: Unnamed:1:2 Expected =&gt; but found eof
()
  ^

- org.graalvm.polyglot.Context.eval(Context.java:425)
- com.intuit.karate.graal.JsEngine.evalForValue(JsEngine.java:139)
- com.intuit.karate.graal.JsEngine.eval(JsEngine.java:135)
- com.intuit.karate.core.ScenarioEngine.evalJs(ScenarioEngine.java:1196)
- com.intuit.karate.core.ScenarioRuntime.evalConfigJs(ScenarioRuntime.java:296)
- com.intuit.karate.core.ScenarioRuntime.beforeRun(ScenarioRuntime.java:372)
- com.intuit.karate.core.ScenarioRuntime.run(ScenarioRuntime.java:391)

js failed:
&gt;&gt;&gt;&gt;
&lt;&lt;&lt;&lt;
com.intuit.karate.KarateException: js failed:
&gt;&gt;&gt;&gt;
01: ()
&lt;&lt;&lt;&lt;
org.graalvm.polyglot.PolyglotException: SyntaxError: Unnamed:1:2 Expected =&gt; but found eof
()
  ^

- org.graalvm.polyglot.Context.eval(Context.java:425)
- com.intuit.karate.graal.JsEngine.evalForValue(JsEngine.java:139)
- com.intuit.karate.graal.JsEngine.eval(JsEngine.java:135)
- com.intuit.karate.core.ScenarioEngine.evalJs(ScenarioEngine.java:1196)
- com.intuit.karate.core.ScenarioRuntime.evalConfigJs(ScenarioRuntime.java:296)
- com.intuit.karate.core.ScenarioRuntime.beforeRun(ScenarioRuntime.java:372)
- com.intuit.karate.core.ScenarioRuntime.run(ScenarioRuntime.java:391)

- com.intuit.karate.graal.JsEngine.fromJsEvalException(JsEngine.java:224)
- com.intuit.karate.core.ScenarioEngine.evalJs(ScenarioEngine.java:1198)
- com.intuit.karate.core.ScenarioRuntime.evalConfigJs(ScenarioRuntime.java:296)
- com.intuit.karate.core.ScenarioRuntime.beforeRun(ScenarioRuntime.java:372)
- com.intuit.karate.core.ScenarioRuntime.run(ScenarioRuntime.java:391)
- com.intuit.karate.junit5.FeatureNode.lambda$next$1(FeatureNode.java:71)
- org.junit.jupiter.engine.descriptor.DynamicTestTestDescriptor.lambda$execute$0(DynamicTestTestDescriptor.java:53)

classpath:frame/Post.feature:35
classpath:frame/Post.feature:36
</div>   

  

</div>
</div>
          <div><div>
  

  

  <div class="step-row">
    <div class="step-container" id="0.37">
      <div class="step-ref failed">37</div>
      
      <div class="step-cell failed">
        <span>And</span>&nbsp;<span>request { &quot;name&quot;: &quot;morpheus&quot;,&quot;job&quot;: &quot;leader&quot; }</span>
      </div>
    </div>
    <div class="time-cell failed">0</div>
  </div>

   
  
  

  

  <div class="preformatted" data-parent="0.37">22:25:35.793 classpath:frame/Post.feature:37
And request { &quot;name&quot;: &quot;morpheus&quot;,&quot;job&quot;: &quot;leader&quot; }
&gt;&gt; classpath:frame/Post.feature:34
&gt;&gt; karate-config.js failed
&gt;&gt; js failed:
&gt;&gt;&gt;&gt;
01: ()
&lt;&lt;&lt;&lt;
org.graalvm.polyglot.PolyglotException: SyntaxError: Unnamed:1:2 Expected =&gt; but found eof
()
  ^

- org.graalvm.polyglot.Context.eval(Context.java:425)
- com.intuit.karate.graal.JsEngine.evalForValue(JsEngine.java:139)
- com.intuit.karate.graal.JsEngine.eval(JsEngine.java:135)
- com.intuit.karate.core.ScenarioEngine.evalJs(ScenarioEngine.java:1196)
- com.intuit.karate.core.ScenarioRuntime.evalConfigJs(ScenarioRuntime.java:296)
- com.intuit.karate.core.ScenarioRuntime.beforeRun(ScenarioRuntime.java:372)
- com.intuit.karate.core.ScenarioRuntime.run(ScenarioRuntime.java:391)

js failed:
&gt;&gt;&gt;&gt;
&lt;&lt;&lt;&lt;
com.intuit.karate.KarateException: js failed:
&gt;&gt;&gt;&gt;
01: ()
&lt;&lt;&lt;&lt;
org.graalvm.polyglot.PolyglotException: SyntaxError: Unnamed:1:2 Expected =&gt; but found eof
()
  ^

- org.graalvm.polyglot.Context.eval(Context.java:425)
- com.intuit.karate.graal.JsEngine.evalForValue(JsEngine.java:139)
- com.intuit.karate.graal.JsEngine.eval(JsEngine.java:135)
- com.intuit.karate.core.ScenarioEngine.evalJs(ScenarioEngine.java:1196)
- com.intuit.karate.core.ScenarioRuntime.evalConfigJs(ScenarioRuntime.java:296)
- com.intuit.karate.core.ScenarioRuntime.beforeRun(ScenarioRuntime.java:372)
- com.intuit.karate.core.ScenarioRuntime.run(ScenarioRuntime.java:391)

- com.intuit.karate.graal.JsEngine.fromJsEvalException(JsEngine.java:224)
- com.intuit.karate.core.ScenarioEngine.evalJs(ScenarioEngine.java:1198)
- com.intuit.karate.core.ScenarioRuntime.evalConfigJs(ScenarioRuntime.java:296)
- com.intuit.karate.core.ScenarioRuntime.beforeRun(ScenarioRuntime.java:372)
- com.intuit.karate.core.ScenarioRuntime.run(ScenarioRuntime.java:391)
- com.intuit.karate.junit5.FeatureNode.lambda$next$1(FeatureNode.java:71)
- org.junit.jupiter.engine.descriptor.DynamicTestTestDescriptor.lambda$execute$0(DynamicTestTestDescriptor.java:53)

classpath:frame/Post.feature:35
classpath:frame/Post.feature:36
classpath:frame/Post.feature:37
</div>   

  

</div>
</div>
          <div><div>
  

  

  <div class="step-row">
    <div class="step-container" id="0.38">
      <div class="step-ref failed">38</div>
      
      <div class="step-cell failed">
        <span>When</span>&nbsp;<span>method POST</span>
      </div>
    </div>
    <div class="time-cell failed">0</div>
  </div>

   
  
  

  

  <div class="preformatted" data-parent="0.38">22:25:35.794 classpath:frame/Post.feature:38
When method POST
&gt;&gt; classpath:frame/Post.feature:34
&gt;&gt; karate-config.js failed
&gt;&gt; js failed:
&gt;&gt;&gt;&gt;
01: ()
&lt;&lt;&lt;&lt;
org.graalvm.polyglot.PolyglotException: SyntaxError: Unnamed:1:2 Expected =&gt; but found eof
()
  ^

- org.graalvm.polyglot.Context.eval(Context.java:425)
- com.intuit.karate.graal.JsEngine.evalForValue(JsEngine.java:139)
- com.intuit.karate.graal.JsEngine.eval(JsEngine.java:135)
- com.intuit.karate.core.ScenarioEngine.evalJs(ScenarioEngine.java:1196)
- com.intuit.karate.core.ScenarioRuntime.evalConfigJs(ScenarioRuntime.java:296)
- com.intuit.karate.core.ScenarioRuntime.beforeRun(ScenarioRuntime.java:372)
- com.intuit.karate.core.ScenarioRuntime.run(ScenarioRuntime.java:391)

js failed:
&gt;&gt;&gt;&gt;
&lt;&lt;&lt;&lt;
com.intuit.karate.KarateException: js failed:
&gt;&gt;&gt;&gt;
01: ()
&lt;&lt;&lt;&lt;
org.graalvm.polyglot.PolyglotException: SyntaxError: Unnamed:1:2 Expected =&gt; but found eof
()
  ^

- org.graalvm.polyglot.Context.eval(Context.java:425)
- com.intuit.karate.graal.JsEngine.evalForValue(JsEngine.java:139)
- com.intuit.karate.graal.JsEngine.eval(JsEngine.java:135)
- com.intuit.karate.core.ScenarioEngine.evalJs(ScenarioEngine.java:1196)
- com.intuit.karate.core.ScenarioRuntime.evalConfigJs(ScenarioRuntime.java:296)
- com.intuit.karate.core.ScenarioRuntime.beforeRun(ScenarioRuntime.java:372)
- com.intuit.karate.core.ScenarioRuntime.run(ScenarioRuntime.java:391)

- com.intuit.karate.graal.JsEngine.fromJsEvalException(JsEngine.java:224)
- com.intuit.karate.core.ScenarioEngine.evalJs(ScenarioEngine.java:1198)
- com.intuit.karate.core.ScenarioRuntime.evalConfigJs(ScenarioRuntime.java:296)
- com.intuit.karate.core.ScenarioRuntime.beforeRun(ScenarioRuntime.java:372)
- com.intuit.karate.core.ScenarioRuntime.run(ScenarioRuntime.java:391)
- com.intuit.karate.junit5.FeatureNode.lambda$next$1(FeatureNode.java:71)
- org.junit.jupiter.engine.descriptor.DynamicTestTestDescriptor.lambda$execute$0(DynamicTestTestDescriptor.java:53)

classpath:frame/Post.feature:35
classpath:frame/Post.feature:36
classpath:frame/Post.feature:37
classpath:frame/Post.feature:38
</div>   

  

</div>
</div>
          <div><div>
  

  

  <div class="step-row">
    <div class="step-container" id="0.39">
      <div class="step-ref failed">39</div>
      
      <div class="step-cell failed">
        <span>Then</span>&nbsp;<span>status 201</span>
      </div>
    </div>
    <div class="time-cell failed">0</div>
  </div>

   
  
  

  

  <div class="preformatted" data-parent="0.39">22:25:35.794 classpath:frame/Post.feature:39
Then status 201
&gt;&gt; classpath:frame/Post.feature:34
&gt;&gt; karate-config.js failed
&gt;&gt; js failed:
&gt;&gt;&gt;&gt;
01: ()
&lt;&lt;&lt;&lt;
org.graalvm.polyglot.PolyglotException: SyntaxError: Unnamed:1:2 Expected =&gt; but found eof
()
  ^

- org.graalvm.polyglot.Context.eval(Context.java:425)
- com.intuit.karate.graal.JsEngine.evalForValue(JsEngine.java:139)
- com.intuit.karate.graal.JsEngine.eval(JsEngine.java:135)
- com.intuit.karate.core.ScenarioEngine.evalJs(ScenarioEngine.java:1196)
- com.intuit.karate.core.ScenarioRuntime.evalConfigJs(ScenarioRuntime.java:296)
- com.intuit.karate.core.ScenarioRuntime.beforeRun(ScenarioRuntime.java:372)
- com.intuit.karate.core.ScenarioRuntime.run(ScenarioRuntime.java:391)

js failed:
&gt;&gt;&gt;&gt;
&lt;&lt;&lt;&lt;
com.intuit.karate.KarateException: js failed:
&gt;&gt;&gt;&gt;
01: ()
&lt;&lt;&lt;&lt;
org.graalvm.polyglot.PolyglotException: SyntaxError: Unnamed:1:2 Expected =&gt; but found eof
()
  ^

- org.graalvm.polyglot.Context.eval(Context.java:425)
- com.intuit.karate.graal.JsEngine.evalForValue(JsEngine.java:139)
- com.intuit.karate.graal.JsEngine.eval(JsEngine.java:135)
- com.intuit.karate.core.ScenarioEngine.evalJs(ScenarioEngine.java:1196)
- com.intuit.karate.core.ScenarioRuntime.evalConfigJs(ScenarioRuntime.java:296)
- com.intuit.karate.core.ScenarioRuntime.beforeRun(ScenarioRuntime.java:372)
- com.intuit.karate.core.ScenarioRuntime.run(ScenarioRuntime.java:391)

- com.intuit.karate.graal.JsEngine.fromJsEvalException(JsEngine.java:224)
- com.intuit.karate.core.ScenarioEngine.evalJs(ScenarioEngine.java:1198)
- com.intuit.karate.core.ScenarioRuntime.evalConfigJs(ScenarioRuntime.java:296)
- com.intuit.karate.core.ScenarioRuntime.beforeRun(ScenarioRuntime.java:372)
- com.intuit.karate.core.ScenarioRuntime.run(ScenarioRuntime.java:391)
- com.intuit.karate.junit5.FeatureNode.lambda$next$1(FeatureNode.java:71)
- org.junit.jupiter.engine.descriptor.DynamicTestTestDescriptor.lambda$execute$0(DynamicTestTestDescriptor.java:53)

classpath:frame/Post.feature:35
classpath:frame/Post.feature:36
classpath:frame/Post.feature:37
classpath:frame/Post.feature:38
classpath:frame/Post.feature:39
</div>   

  

</div>
</div>
          <div><div>
  

  

  <div class="step-row">
    <div class="step-container" id="0.40">
      <div class="step-ref failed">40</div>
      
      <div class="step-cell failed">
        <span>And</span>&nbsp;<span>print response</span>
      </div>
    </div>
    <div class="time-cell failed">0</div>
  </div>

   
  
  

  

  <div class="preformatted" data-parent="0.40">22:25:35.794 classpath:frame/Post.feature:40
And print response
&gt;&gt; classpath:frame/Post.feature:34
&gt;&gt; karate-config.js failed
&gt;&gt; js failed:
&gt;&gt;&gt;&gt;
01: ()
&lt;&lt;&lt;&lt;
org.graalvm.polyglot.PolyglotException: SyntaxError: Unnamed:1:2 Expected =&gt; but found eof
()
  ^

- org.graalvm.polyglot.Context.eval(Context.java:425)
- com.intuit.karate.graal.JsEngine.evalForValue(JsEngine.java:139)
- com.intuit.karate.graal.JsEngine.eval(JsEngine.java:135)
- com.intuit.karate.core.ScenarioEngine.evalJs(ScenarioEngine.java:1196)
- com.intuit.karate.core.ScenarioRuntime.evalConfigJs(ScenarioRuntime.java:296)
- com.intuit.karate.core.ScenarioRuntime.beforeRun(ScenarioRuntime.java:372)
- com.intuit.karate.core.ScenarioRuntime.run(ScenarioRuntime.java:391)

js failed:
&gt;&gt;&gt;&gt;
&lt;&lt;&lt;&lt;
com.intuit.karate.KarateException: js failed:
&gt;&gt;&gt;&gt;
01: ()
&lt;&lt;&lt;&lt;
org.graalvm.polyglot.PolyglotException: SyntaxError: Unnamed:1:2 Expected =&gt; but found eof
()
  ^

- org.graalvm.polyglot.Context.eval(Context.java:425)
- com.intuit.karate.graal.JsEngine.evalForValue(JsEngine.java:139)
- com.intuit.karate.graal.JsEngine.eval(JsEngine.java:135)
- com.intuit.karate.core.ScenarioEngine.evalJs(ScenarioEngine.java:1196)
- com.intuit.karate.core.ScenarioRuntime.evalConfigJs(ScenarioRuntime.java:296)
- com.intuit.karate.core.ScenarioRuntime.beforeRun(ScenarioRuntime.java:372)
- com.intuit.karate.core.ScenarioRuntime.run(ScenarioRuntime.java:391)

- com.intuit.karate.graal.JsEngine.fromJsEvalException(JsEngine.java:224)
- com.intuit.karate.core.ScenarioEngine.evalJs(ScenarioEngine.java:1198)
- com.intuit.karate.core.ScenarioRuntime.evalConfigJs(ScenarioRuntime.java:296)
- com.intuit.karate.core.ScenarioRuntime.beforeRun(ScenarioRuntime.java:372)
- com.intuit.karate.core.ScenarioRuntime.run(ScenarioRuntime.java:391)
- com.intuit.karate.junit5.FeatureNode.lambda$next$1(FeatureNode.java:71)
- org.junit.jupiter.engine.descriptor.DynamicTestTestDescriptor.lambda$execute$0(DynamicTestTestDescriptor.java:53)

classpath:frame/Post.feature:35
classpath:frame/Post.feature:36
classpath:frame/Post.feature:37
classpath:frame/Post.feature:38
classpath:frame/Post.feature:39
classpath:frame/Post.feature:40
</div>   

  

</div>
</div>
          <div><div>
  

  

  <div class="step-row">
    <div class="step-container" id="0.41">
      <div class="step-ref failed">41</div>
      
      <div class="step-cell failed">
        <span>And</span>&nbsp;<span>match response == rew</span>
      </div>
    </div>
    <div class="time-cell failed">0</div>
  </div>

   
  
  

  

  <div class="preformatted" data-parent="0.41">22:25:35.794 classpath:frame/Post.feature:41
And match response == rew
&gt;&gt; classpath:frame/Post.feature:34
&gt;&gt; karate-config.js failed
&gt;&gt; js failed:
&gt;&gt;&gt;&gt;
01: ()
&lt;&lt;&lt;&lt;
org.graalvm.polyglot.PolyglotException: SyntaxError: Unnamed:1:2 Expected =&gt; but found eof
()
  ^

- org.graalvm.polyglot.Context.eval(Context.java:425)
- com.intuit.karate.graal.JsEngine.evalForValue(JsEngine.java:139)
- com.intuit.karate.graal.JsEngine.eval(JsEngine.java:135)
- com.intuit.karate.core.ScenarioEngine.evalJs(ScenarioEngine.java:1196)
- com.intuit.karate.core.ScenarioRuntime.evalConfigJs(ScenarioRuntime.java:296)
- com.intuit.karate.core.ScenarioRuntime.beforeRun(ScenarioRuntime.java:372)
- com.intuit.karate.core.ScenarioRuntime.run(ScenarioRuntime.java:391)

js failed:
&gt;&gt;&gt;&gt;
&lt;&lt;&lt;&lt;
com.intuit.karate.KarateException: js failed:
&gt;&gt;&gt;&gt;
01: ()
&lt;&lt;&lt;&lt;
org.graalvm.polyglot.PolyglotException: SyntaxError: Unnamed:1:2 Expected =&gt; but found eof
()
  ^

- org.graalvm.polyglot.Context.eval(Context.java:425)
- com.intuit.karate.graal.JsEngine.evalForValue(JsEngine.java:139)
- com.intuit.karate.graal.JsEngine.eval(JsEngine.java:135)
- com.intuit.karate.core.ScenarioEngine.evalJs(ScenarioEngine.java:1196)
- com.intuit.karate.core.ScenarioRuntime.evalConfigJs(ScenarioRuntime.java:296)
- com.intuit.karate.core.ScenarioRuntime.beforeRun(ScenarioRuntime.java:372)
- com.intuit.karate.core.ScenarioRuntime.run(ScenarioRuntime.java:391)

- com.intuit.karate.graal.JsEngine.fromJsEvalException(JsEngine.java:224)
- com.intuit.karate.core.ScenarioEngine.evalJs(ScenarioEngine.java:1198)
- com.intuit.karate.core.ScenarioRuntime.evalConfigJs(ScenarioRuntime.java:296)
- com.intuit.karate.core.ScenarioRuntime.beforeRun(ScenarioRuntime.java:372)
- com.intuit.karate.core.ScenarioRuntime.run(ScenarioRuntime.java:391)
- com.intuit.karate.junit5.FeatureNode.lambda$next$1(FeatureNode.java:71)
- org.junit.jupiter.engine.descriptor.DynamicTestTestDescriptor.lambda$execute$0(DynamicTestTestDescriptor.java:53)

classpath:frame/Post.feature:35
classpath:frame/Post.feature:36
classpath:frame/Post.feature:37
classpath:frame/Post.feature:38
classpath:frame/Post.feature:39
classpath:frame/Post.feature:40
classpath:frame/Post.feature:41
</div>   

  

</div>
</div>
          <div><div>
  

  

  <div class="step-row">
    <div class="step-container" id="0.42">
      <div class="step-ref failed">42</div>
      
      <div class="step-cell failed">
        <span>And</span>&nbsp;<span>match response.name == &quot;morpheus&quot;</span>
      </div>
    </div>
    <div class="time-cell failed">0</div>
  </div>

   
  
  

  

  <div class="preformatted" data-parent="0.42">22:25:35.794 classpath:frame/Post.feature:42
And match response.name == &quot;morpheus&quot;
&gt;&gt; classpath:frame/Post.feature:34
&gt;&gt; karate-config.js failed
&gt;&gt; js failed:
&gt;&gt;&gt;&gt;
01: ()
&lt;&lt;&lt;&lt;
org.graalvm.polyglot.PolyglotException: SyntaxError: Unnamed:1:2 Expected =&gt; but found eof
()
  ^

- org.graalvm.polyglot.Context.eval(Context.java:425)
- com.intuit.karate.graal.JsEngine.evalForValue(JsEngine.java:139)
- com.intuit.karate.graal.JsEngine.eval(JsEngine.java:135)
- com.intuit.karate.core.ScenarioEngine.evalJs(ScenarioEngine.java:1196)
- com.intuit.karate.core.ScenarioRuntime.evalConfigJs(ScenarioRuntime.java:296)
- com.intuit.karate.core.ScenarioRuntime.beforeRun(ScenarioRuntime.java:372)
- com.intuit.karate.core.ScenarioRuntime.run(ScenarioRuntime.java:391)

js failed:
&gt;&gt;&gt;&gt;
&lt;&lt;&lt;&lt;
com.intuit.karate.KarateException: js failed:
&gt;&gt;&gt;&gt;
01: ()
&lt;&lt;&lt;&lt;
org.graalvm.polyglot.PolyglotException: SyntaxError: Unnamed:1:2 Expected =&gt; but found eof
()
  ^

- org.graalvm.polyglot.Context.eval(Context.java:425)
- com.intuit.karate.graal.JsEngine.evalForValue(JsEngine.java:139)
- com.intuit.karate.graal.JsEngine.eval(JsEngine.java:135)
- com.intuit.karate.core.ScenarioEngine.evalJs(ScenarioEngine.java:1196)
- com.intuit.karate.core.ScenarioRuntime.evalConfigJs(ScenarioRuntime.java:296)
- com.intuit.karate.core.ScenarioRuntime.beforeRun(ScenarioRuntime.java:372)
- com.intuit.karate.core.ScenarioRuntime.run(ScenarioRuntime.java:391)

- com.intuit.karate.graal.JsEngine.fromJsEvalException(JsEngine.java:224)
- com.intuit.karate.core.ScenarioEngine.evalJs(ScenarioEngine.java:1198)
- com.intuit.karate.core.ScenarioRuntime.evalConfigJs(ScenarioRuntime.java:296)
- com.intuit.karate.core.ScenarioRuntime.beforeRun(ScenarioRuntime.java:372)
- com.intuit.karate.core.ScenarioRuntime.run(ScenarioRuntime.java:391)
- com.intuit.karate.junit5.FeatureNode.lambda$next$1(FeatureNode.java:71)
- org.junit.jupiter.engine.descriptor.DynamicTestTestDescriptor.lambda$execute$0(DynamicTestTestDescriptor.java:53)

classpath:frame/Post.feature:35
classpath:frame/Post.feature:36
classpath:frame/Post.feature:37
classpath:frame/Post.feature:38
classpath:frame/Post.feature:39
classpath:frame/Post.feature:40
classpath:frame/Post.feature:41
classpath:frame/Post.feature:42
</div>   

  

</div>
</div>
        </div>
        <div class="scenario">
          <div class="scenario-heading" id="[5:44]">
            <div class="heading-container">
              <div class="scenario-tags">
                
              </div>
              <div class="scenario-keyword">
                Scenario: <span>[5:44]</span>
                <span class="scenario-name">DEMO 5</span>
                <span></span>
              </div>
            </div>
            <div class="scenario-time failed">
              <span>ms:</span>&nbsp;<span>0</span>
            </div>
          </div>
          
          <div><div>
  

  

  <div class="step-row">
    <div class="step-container" id="0.45">
      <div class="step-ref failed">45</div>
      
      <div class="step-cell failed">
        <span>Given</span>&nbsp;<span>url  &#39;https://reqres.in/api/users&#39;</span>
      </div>
    </div>
    <div class="time-cell failed">0</div>
  </div>

   
  
  

  

  <div class="preformatted" data-parent="0.45">22:25:35.808 classpath:frame/Post.feature:45
Given url  &#39;https://reqres.in/api/users&#39;
&gt;&gt; classpath:frame/Post.feature:44
&gt;&gt; karate-config.js failed
&gt;&gt; js failed:
&gt;&gt;&gt;&gt;
01: ()
&lt;&lt;&lt;&lt;
org.graalvm.polyglot.PolyglotException: SyntaxError: Unnamed:1:2 Expected =&gt; but found eof
()
  ^

- org.graalvm.polyglot.Context.eval(Context.java:425)
- com.intuit.karate.graal.JsEngine.evalForValue(JsEngine.java:139)
- com.intuit.karate.graal.JsEngine.eval(JsEngine.java:135)
- com.intuit.karate.core.ScenarioEngine.evalJs(ScenarioEngine.java:1196)
- com.intuit.karate.core.ScenarioRuntime.evalConfigJs(ScenarioRuntime.java:296)
- com.intuit.karate.core.ScenarioRuntime.beforeRun(ScenarioRuntime.java:372)
- com.intuit.karate.core.ScenarioRuntime.run(ScenarioRuntime.java:391)

js failed:
&gt;&gt;&gt;&gt;
&lt;&lt;&lt;&lt;
com.intuit.karate.KarateException: js failed:
&gt;&gt;&gt;&gt;
01: ()
&lt;&lt;&lt;&lt;
org.graalvm.polyglot.PolyglotException: SyntaxError: Unnamed:1:2 Expected =&gt; but found eof
()
  ^

- org.graalvm.polyglot.Context.eval(Context.java:425)
- com.intuit.karate.graal.JsEngine.evalForValue(JsEngine.java:139)
- com.intuit.karate.graal.JsEngine.eval(JsEngine.java:135)
- com.intuit.karate.core.ScenarioEngine.evalJs(ScenarioEngine.java:1196)
- com.intuit.karate.core.ScenarioRuntime.evalConfigJs(ScenarioRuntime.java:296)
- com.intuit.karate.core.ScenarioRuntime.beforeRun(ScenarioRuntime.java:372)
- com.intuit.karate.core.ScenarioRuntime.run(ScenarioRuntime.java:391)

- com.intuit.karate.graal.JsEngine.fromJsEvalException(JsEngine.java:224)
- com.intuit.karate.core.ScenarioEngine.evalJs(ScenarioEngine.java:1198)
- com.intuit.karate.core.ScenarioRuntime.evalConfigJs(ScenarioRuntime.java:296)
- com.intuit.karate.core.ScenarioRuntime.beforeRun(ScenarioRuntime.java:372)
- com.intuit.karate.core.ScenarioRuntime.run(ScenarioRuntime.java:391)
- com.intuit.karate.junit5.FeatureNode.lambda$next$1(FeatureNode.java:71)
- org.junit.jupiter.engine.descriptor.DynamicTestTestDescriptor.lambda$execute$0(DynamicTestTestDescriptor.java:53)

classpath:frame/Post.feature:45
</div>   

  

</div>
</div>
          <div><div>
  

  

  <div class="step-row">
    <div class="step-container" id="0.46">
      <div class="step-ref failed">46</div>
      
      <div class="step-cell failed">
        <span>And</span>&nbsp;<span>def  body = read(&quot;file.json&quot;)</span>
      </div>
    </div>
    <div class="time-cell failed">0</div>
  </div>

   
  
  

  

  <div class="preformatted" data-parent="0.46">22:25:35.808 classpath:frame/Post.feature:46
And def  body = read(&quot;file.json&quot;)
&gt;&gt; classpath:frame/Post.feature:44
&gt;&gt; karate-config.js failed
&gt;&gt; js failed:
&gt;&gt;&gt;&gt;
01: ()
&lt;&lt;&lt;&lt;
org.graalvm.polyglot.PolyglotException: SyntaxError: Unnamed:1:2 Expected =&gt; but found eof
()
  ^

- org.graalvm.polyglot.Context.eval(Context.java:425)
- com.intuit.karate.graal.JsEngine.evalForValue(JsEngine.java:139)
- com.intuit.karate.graal.JsEngine.eval(JsEngine.java:135)
- com.intuit.karate.core.ScenarioEngine.evalJs(ScenarioEngine.java:1196)
- com.intuit.karate.core.ScenarioRuntime.evalConfigJs(ScenarioRuntime.java:296)
- com.intuit.karate.core.ScenarioRuntime.beforeRun(ScenarioRuntime.java:372)
- com.intuit.karate.core.ScenarioRuntime.run(ScenarioRuntime.java:391)

js failed:
&gt;&gt;&gt;&gt;
&lt;&lt;&lt;&lt;
com.intuit.karate.KarateException: js failed:
&gt;&gt;&gt;&gt;
01: ()
&lt;&lt;&lt;&lt;
org.graalvm.polyglot.PolyglotException: SyntaxError: Unnamed:1:2 Expected =&gt; but found eof
()
  ^

- org.graalvm.polyglot.Context.eval(Context.java:425)
- com.intuit.karate.graal.JsEngine.evalForValue(JsEngine.java:139)
- com.intuit.karate.graal.JsEngine.eval(JsEngine.java:135)
- com.intuit.karate.core.ScenarioEngine.evalJs(ScenarioEngine.java:1196)
- com.intuit.karate.core.ScenarioRuntime.evalConfigJs(ScenarioRuntime.java:296)
- com.intuit.karate.core.ScenarioRuntime.beforeRun(ScenarioRuntime.java:372)
- com.intuit.karate.core.ScenarioRuntime.run(ScenarioRuntime.java:391)

- com.intuit.karate.graal.JsEngine.fromJsEvalException(JsEngine.java:224)
- com.intuit.karate.core.ScenarioEngine.evalJs(ScenarioEngine.java:1198)
- com.intuit.karate.core.ScenarioRuntime.evalConfigJs(ScenarioRuntime.java:296)
- com.intuit.karate.core.ScenarioRuntime.beforeRun(ScenarioRuntime.java:372)
- com.intuit.karate.core.ScenarioRuntime.run(ScenarioRuntime.java:391)
- com.intuit.karate.junit5.FeatureNode.lambda$next$1(FeatureNode.java:71)
- org.junit.jupiter.engine.descriptor.DynamicTestTestDescriptor.lambda$execute$0(DynamicTestTestDescriptor.java:53)

classpath:frame/Post.feature:45
classpath:frame/Post.feature:46
</div>   

  

</div>
</div>
          <div><div>
  

  

  <div class="step-row">
    <div class="step-container" id="0.47">
      <div class="step-ref failed">47</div>
      
      <div class="step-cell failed">
        <span>And</span>&nbsp;<span>set body.name = &quot;Mahesh&quot;</span>
      </div>
    </div>
    <div class="time-cell failed">0</div>
  </div>

   
  
  

  

  <div class="preformatted" data-parent="0.47">22:25:35.808 classpath:frame/Post.feature:47
And set body.name = &quot;Mahesh&quot;
&gt;&gt; classpath:frame/Post.feature:44
&gt;&gt; karate-config.js failed
&gt;&gt; js failed:
&gt;&gt;&gt;&gt;
01: ()
&lt;&lt;&lt;&lt;
org.graalvm.polyglot.PolyglotException: SyntaxError: Unnamed:1:2 Expected =&gt; but found eof
()
  ^

- org.graalvm.polyglot.Context.eval(Context.java:425)
- com.intuit.karate.graal.JsEngine.evalForValue(JsEngine.java:139)
- com.intuit.karate.graal.JsEngine.eval(JsEngine.java:135)
- com.intuit.karate.core.ScenarioEngine.evalJs(ScenarioEngine.java:1196)
- com.intuit.karate.core.ScenarioRuntime.evalConfigJs(ScenarioRuntime.java:296)
- com.intuit.karate.core.ScenarioRuntime.beforeRun(ScenarioRuntime.java:372)
- com.intuit.karate.core.ScenarioRuntime.run(ScenarioRuntime.java:391)

js failed:
&gt;&gt;&gt;&gt;
&lt;&lt;&lt;&lt;
com.intuit.karate.KarateException: js failed:
&gt;&gt;&gt;&gt;
01: ()
&lt;&lt;&lt;&lt;
org.graalvm.polyglot.PolyglotException: SyntaxError: Unnamed:1:2 Expected =&gt; but found eof
()
  ^

- org.graalvm.polyglot.Context.eval(Context.java:425)
- com.intuit.karate.graal.JsEngine.evalForValue(JsEngine.java:139)
- com.intuit.karate.graal.JsEngine.eval(JsEngine.java:135)
- com.intuit.karate.core.ScenarioEngine.evalJs(ScenarioEngine.java:1196)
- com.intuit.karate.core.ScenarioRuntime.evalConfigJs(ScenarioRuntime.java:296)
- com.intuit.karate.core.ScenarioRuntime.beforeRun(ScenarioRuntime.java:372)
- com.intuit.karate.core.ScenarioRuntime.run(ScenarioRuntime.java:391)

- com.intuit.karate.graal.JsEngine.fromJsEvalException(JsEngine.java:224)
- com.intuit.karate.core.ScenarioEngine.evalJs(ScenarioEngine.java:1198)
- com.intuit.karate.core.ScenarioRuntime.evalConfigJs(ScenarioRuntime.java:296)
- com.intuit.karate.core.ScenarioRuntime.beforeRun(ScenarioRuntime.java:372)
- com.intuit.karate.core.ScenarioRuntime.run(ScenarioRuntime.java:391)
- com.intuit.karate.junit5.FeatureNode.lambda$next$1(FeatureNode.java:71)
- org.junit.jupiter.engine.descriptor.DynamicTestTestDescriptor.lambda$execute$0(DynamicTestTestDescriptor.java:53)

classpath:frame/Post.feature:45
classpath:frame/Post.feature:46
classpath:frame/Post.feature:47
</div>   

  

</div>
</div>
          <div><div>
  

  

  <div class="step-row">
    <div class="step-container" id="0.48">
      <div class="step-ref failed">48</div>
      
      <div class="step-cell failed">
        <span>And</span>&nbsp;<span>request body</span>
      </div>
    </div>
    <div class="time-cell failed">0</div>
  </div>

   
  
  

  

  <div class="preformatted" data-parent="0.48">22:25:35.808 classpath:frame/Post.feature:48
And request body
&gt;&gt; classpath:frame/Post.feature:44
&gt;&gt; karate-config.js failed
&gt;&gt; js failed:
&gt;&gt;&gt;&gt;
01: ()
&lt;&lt;&lt;&lt;
org.graalvm.polyglot.PolyglotException: SyntaxError: Unnamed:1:2 Expected =&gt; but found eof
()
  ^

- org.graalvm.polyglot.Context.eval(Context.java:425)
- com.intuit.karate.graal.JsEngine.evalForValue(JsEngine.java:139)
- com.intuit.karate.graal.JsEngine.eval(JsEngine.java:135)
- com.intuit.karate.core.ScenarioEngine.evalJs(ScenarioEngine.java:1196)
- com.intuit.karate.core.ScenarioRuntime.evalConfigJs(ScenarioRuntime.java:296)
- com.intuit.karate.core.ScenarioRuntime.beforeRun(ScenarioRuntime.java:372)
- com.intuit.karate.core.ScenarioRuntime.run(ScenarioRuntime.java:391)

js failed:
&gt;&gt;&gt;&gt;
&lt;&lt;&lt;&lt;
com.intuit.karate.KarateException: js failed:
&gt;&gt;&gt;&gt;
01: ()
&lt;&lt;&lt;&lt;
org.graalvm.polyglot.PolyglotException: SyntaxError: Unnamed:1:2 Expected =&gt; but found eof
()
  ^

- org.graalvm.polyglot.Context.eval(Context.java:425)
- com.intuit.karate.graal.JsEngine.evalForValue(JsEngine.java:139)
- com.intuit.karate.graal.JsEngine.eval(JsEngine.java:135)
- com.intuit.karate.core.ScenarioEngine.evalJs(ScenarioEngine.java:1196)
- com.intuit.karate.core.ScenarioRuntime.evalConfigJs(ScenarioRuntime.java:296)
- com.intuit.karate.core.ScenarioRuntime.beforeRun(ScenarioRuntime.java:372)
- com.intuit.karate.core.ScenarioRuntime.run(ScenarioRuntime.java:391)

- com.intuit.karate.graal.JsEngine.fromJsEvalException(JsEngine.java:224)
- com.intuit.karate.core.ScenarioEngine.evalJs(ScenarioEngine.java:1198)
- com.intuit.karate.core.ScenarioRuntime.evalConfigJs(ScenarioRuntime.java:296)
- com.intuit.karate.core.ScenarioRuntime.beforeRun(ScenarioRuntime.java:372)
- com.intuit.karate.core.ScenarioRuntime.run(ScenarioRuntime.java:391)
- com.intuit.karate.junit5.FeatureNode.lambda$next$1(FeatureNode.java:71)
- org.junit.jupiter.engine.descriptor.DynamicTestTestDescriptor.lambda$execute$0(DynamicTestTestDescriptor.java:53)

classpath:frame/Post.feature:45
classpath:frame/Post.feature:46
classpath:frame/Post.feature:47
classpath:frame/Post.feature:48
</div>   

  

</div>
</div>
          <div><div>
  

  

  <div class="step-row">
    <div class="step-container" id="0.49">
      <div class="step-ref failed">49</div>
      
      <div class="step-cell failed">
        <span>When</span>&nbsp;<span>method POST</span>
      </div>
    </div>
    <div class="time-cell failed">0</div>
  </div>

   
  
  

  

  <div class="preformatted" data-parent="0.49">22:25:35.809 classpath:frame/Post.feature:49
When method POST
&gt;&gt; classpath:frame/Post.feature:44
&gt;&gt; karate-config.js failed
&gt;&gt; js failed:
&gt;&gt;&gt;&gt;
01: ()
&lt;&lt;&lt;&lt;
org.graalvm.polyglot.PolyglotException: SyntaxError: Unnamed:1:2 Expected =&gt; but found eof
()
  ^

- org.graalvm.polyglot.Context.eval(Context.java:425)
- com.intuit.karate.graal.JsEngine.evalForValue(JsEngine.java:139)
- com.intuit.karate.graal.JsEngine.eval(JsEngine.java:135)
- com.intuit.karate.core.ScenarioEngine.evalJs(ScenarioEngine.java:1196)
- com.intuit.karate.core.ScenarioRuntime.evalConfigJs(ScenarioRuntime.java:296)
- com.intuit.karate.core.ScenarioRuntime.beforeRun(ScenarioRuntime.java:372)
- com.intuit.karate.core.ScenarioRuntime.run(ScenarioRuntime.java:391)

js failed:
&gt;&gt;&gt;&gt;
&lt;&lt;&lt;&lt;
com.intuit.karate.KarateException: js failed:
&gt;&gt;&gt;&gt;
01: ()
&lt;&lt;&lt;&lt;
org.graalvm.polyglot.PolyglotException: SyntaxError: Unnamed:1:2 Expected =&gt; but found eof
()
  ^

- org.graalvm.polyglot.Context.eval(Context.java:425)
- com.intuit.karate.graal.JsEngine.evalForValue(JsEngine.java:139)
- com.intuit.karate.graal.JsEngine.eval(JsEngine.java:135)
- com.intuit.karate.core.ScenarioEngine.evalJs(ScenarioEngine.java:1196)
- com.intuit.karate.core.ScenarioRuntime.evalConfigJs(ScenarioRuntime.java:296)
- com.intuit.karate.core.ScenarioRuntime.beforeRun(ScenarioRuntime.java:372)
- com.intuit.karate.core.ScenarioRuntime.run(ScenarioRuntime.java:391)

- com.intuit.karate.graal.JsEngine.fromJsEvalException(JsEngine.java:224)
- com.intuit.karate.core.ScenarioEngine.evalJs(ScenarioEngine.java:1198)
- com.intuit.karate.core.ScenarioRuntime.evalConfigJs(ScenarioRuntime.java:296)
- com.intuit.karate.core.ScenarioRuntime.beforeRun(ScenarioRuntime.java:372)
- com.intuit.karate.core.ScenarioRuntime.run(ScenarioRuntime.java:391)
- com.intuit.karate.junit5.FeatureNode.lambda$next$1(FeatureNode.java:71)
- org.junit.jupiter.engine.descriptor.DynamicTestTestDescriptor.lambda$execute$0(DynamicTestTestDescriptor.java:53)

classpath:frame/Post.feature:45
classpath:frame/Post.feature:46
classpath:frame/Post.feature:47
classpath:frame/Post.feature:48
classpath:frame/Post.feature:49
</div>   

  

</div>
</div>
          <div><div>
  

  

  <div class="step-row">
    <div class="step-container" id="0.50">
      <div class="step-ref failed">50</div>
      
      <div class="step-cell failed">
        <span>Then</span>&nbsp;<span>status 201</span>
      </div>
    </div>
    <div class="time-cell failed">0</div>
  </div>

   
  
  

  

  <div class="preformatted" data-parent="0.50">22:25:35.809 classpath:frame/Post.feature:50
Then status 201
&gt;&gt; classpath:frame/Post.feature:44
&gt;&gt; karate-config.js failed
&gt;&gt; js failed:
&gt;&gt;&gt;&gt;
01: ()
&lt;&lt;&lt;&lt;
org.graalvm.polyglot.PolyglotException: SyntaxError: Unnamed:1:2 Expected =&gt; but found eof
()
  ^

- org.graalvm.polyglot.Context.eval(Context.java:425)
- com.intuit.karate.graal.JsEngine.evalForValue(JsEngine.java:139)
- com.intuit.karate.graal.JsEngine.eval(JsEngine.java:135)
- com.intuit.karate.core.ScenarioEngine.evalJs(ScenarioEngine.java:1196)
- com.intuit.karate.core.ScenarioRuntime.evalConfigJs(ScenarioRuntime.java:296)
- com.intuit.karate.core.ScenarioRuntime.beforeRun(ScenarioRuntime.java:372)
- com.intuit.karate.core.ScenarioRuntime.run(ScenarioRuntime.java:391)

js failed:
&gt;&gt;&gt;&gt;
&lt;&lt;&lt;&lt;
com.intuit.karate.KarateException: js failed:
&gt;&gt;&gt;&gt;
01: ()
&lt;&lt;&lt;&lt;
org.graalvm.polyglot.PolyglotException: SyntaxError: Unnamed:1:2 Expected =&gt; but found eof
()
  ^

- org.graalvm.polyglot.Context.eval(Context.java:425)
- com.intuit.karate.graal.JsEngine.evalForValue(JsEngine.java:139)
- com.intuit.karate.graal.JsEngine.eval(JsEngine.java:135)
- com.intuit.karate.core.ScenarioEngine.evalJs(ScenarioEngine.java:1196)
- com.intuit.karate.core.ScenarioRuntime.evalConfigJs(ScenarioRuntime.java:296)
- com.intuit.karate.core.ScenarioRuntime.beforeRun(ScenarioRuntime.java:372)
- com.intuit.karate.core.ScenarioRuntime.run(ScenarioRuntime.java:391)

- com.intuit.karate.graal.JsEngine.fromJsEvalException(JsEngine.java:224)
- com.intuit.karate.core.ScenarioEngine.evalJs(ScenarioEngine.java:1198)
- com.intuit.karate.core.ScenarioRuntime.evalConfigJs(ScenarioRuntime.java:296)
- com.intuit.karate.core.ScenarioRuntime.beforeRun(ScenarioRuntime.java:372)
- com.intuit.karate.core.ScenarioRuntime.run(ScenarioRuntime.java:391)
- com.intuit.karate.junit5.FeatureNode.lambda$next$1(FeatureNode.java:71)
- org.junit.jupiter.engine.descriptor.DynamicTestTestDescriptor.lambda$execute$0(DynamicTestTestDescriptor.java:53)

classpath:frame/Post.feature:45
classpath:frame/Post.feature:46
classpath:frame/Post.feature:47
classpath:frame/Post.feature:48
classpath:frame/Post.feature:49
classpath:frame/Post.feature:50
</div>   

  

</div>
</div>
          <div><div>
  

  

  <div class="step-row">
    <div class="step-container" id="0.51">
      <div class="step-ref failed">51</div>
      
      <div class="step-cell failed">
        <span>And</span>&nbsp;<span>set body.name = &quot;Mahesh&quot;</span>
      </div>
    </div>
    <div class="time-cell failed">0</div>
  </div>

   
  
  

  

  <div class="preformatted" data-parent="0.51">22:25:35.809 classpath:frame/Post.feature:51
And set body.name = &quot;Mahesh&quot;
&gt;&gt; classpath:frame/Post.feature:44
&gt;&gt; karate-config.js failed
&gt;&gt; js failed:
&gt;&gt;&gt;&gt;
01: ()
&lt;&lt;&lt;&lt;
org.graalvm.polyglot.PolyglotException: SyntaxError: Unnamed:1:2 Expected =&gt; but found eof
()
  ^

- org.graalvm.polyglot.Context.eval(Context.java:425)
- com.intuit.karate.graal.JsEngine.evalForValue(JsEngine.java:139)
- com.intuit.karate.graal.JsEngine.eval(JsEngine.java:135)
- com.intuit.karate.core.ScenarioEngine.evalJs(ScenarioEngine.java:1196)
- com.intuit.karate.core.ScenarioRuntime.evalConfigJs(ScenarioRuntime.java:296)
- com.intuit.karate.core.ScenarioRuntime.beforeRun(ScenarioRuntime.java:372)
- com.intuit.karate.core.ScenarioRuntime.run(ScenarioRuntime.java:391)

js failed:
&gt;&gt;&gt;&gt;
&lt;&lt;&lt;&lt;
com.intuit.karate.KarateException: js failed:
&gt;&gt;&gt;&gt;
01: ()
&lt;&lt;&lt;&lt;
org.graalvm.polyglot.PolyglotException: SyntaxError: Unnamed:1:2 Expected =&gt; but found eof
()
  ^

- org.graalvm.polyglot.Context.eval(Context.java:425)
- com.intuit.karate.graal.JsEngine.evalForValue(JsEngine.java:139)
- com.intuit.karate.graal.JsEngine.eval(JsEngine.java:135)
- com.intuit.karate.core.ScenarioEngine.evalJs(ScenarioEngine.java:1196)
- com.intuit.karate.core.ScenarioRuntime.evalConfigJs(ScenarioRuntime.java:296)
- com.intuit.karate.core.ScenarioRuntime.beforeRun(ScenarioRuntime.java:372)
- com.intuit.karate.core.ScenarioRuntime.run(ScenarioRuntime.java:391)

- com.intuit.karate.graal.JsEngine.fromJsEvalException(JsEngine.java:224)
- com.intuit.karate.core.ScenarioEngine.evalJs(ScenarioEngine.java:1198)
- com.intuit.karate.core.ScenarioRuntime.evalConfigJs(ScenarioRuntime.java:296)
- com.intuit.karate.core.ScenarioRuntime.beforeRun(ScenarioRuntime.java:372)
- com.intuit.karate.core.ScenarioRuntime.run(ScenarioRuntime.java:391)
- com.intuit.karate.junit5.FeatureNode.lambda$next$1(FeatureNode.java:71)
- org.junit.jupiter.engine.descriptor.DynamicTestTestDescriptor.lambda$execute$0(DynamicTestTestDescriptor.java:53)

classpath:frame/Post.feature:45
classpath:frame/Post.feature:46
classpath:frame/Post.feature:47
classpath:frame/Post.feature:48
classpath:frame/Post.feature:49
classpath:frame/Post.feature:50
classpath:frame/Post.feature:51
</div>   

  

</div>
</div>
          <div><div>
  

  

  <div class="step-row">
    <div class="step-container" id="0.52">
      <div class="step-ref failed">52</div>
      
      <div class="step-cell failed">
        <span>And</span>&nbsp;<span>print response</span>
      </div>
    </div>
    <div class="time-cell failed">0</div>
  </div>

   
  
  

  

  <div class="preformatted" data-parent="0.52">22:25:35.809 classpath:frame/Post.feature:52
And print response
&gt;&gt; classpath:frame/Post.feature:44
&gt;&gt; karate-config.js failed
&gt;&gt; js failed:
&gt;&gt;&gt;&gt;
01: ()
&lt;&lt;&lt;&lt;
org.graalvm.polyglot.PolyglotException: SyntaxError: Unnamed:1:2 Expected =&gt; but found eof
()
  ^

- org.graalvm.polyglot.Context.eval(Context.java:425)
- com.intuit.karate.graal.JsEngine.evalForValue(JsEngine.java:139)
- com.intuit.karate.graal.JsEngine.eval(JsEngine.java:135)
- com.intuit.karate.core.ScenarioEngine.evalJs(ScenarioEngine.java:1196)
- com.intuit.karate.core.ScenarioRuntime.evalConfigJs(ScenarioRuntime.java:296)
- com.intuit.karate.core.ScenarioRuntime.beforeRun(ScenarioRuntime.java:372)
- com.intuit.karate.core.ScenarioRuntime.run(ScenarioRuntime.java:391)

js failed:
&gt;&gt;&gt;&gt;
&lt;&lt;&lt;&lt;
com.intuit.karate.KarateException: js failed:
&gt;&gt;&gt;&gt;
01: ()
&lt;&lt;&lt;&lt;
org.graalvm.polyglot.PolyglotException: SyntaxError: Unnamed:1:2 Expected =&gt; but found eof
()
  ^

- org.graalvm.polyglot.Context.eval(Context.java:425)
- com.intuit.karate.graal.JsEngine.evalForValue(JsEngine.java:139)
- com.intuit.karate.graal.JsEngine.eval(JsEngine.java:135)
- com.intuit.karate.core.ScenarioEngine.evalJs(ScenarioEngine.java:1196)
- com.intuit.karate.core.ScenarioRuntime.evalConfigJs(ScenarioRuntime.java:296)
- com.intuit.karate.core.ScenarioRuntime.beforeRun(ScenarioRuntime.java:372)
- com.intuit.karate.core.ScenarioRuntime.run(ScenarioRuntime.java:391)

- com.intuit.karate.graal.JsEngine.fromJsEvalException(JsEngine.java:224)
- com.intuit.karate.core.ScenarioEngine.evalJs(ScenarioEngine.java:1198)
- com.intuit.karate.core.ScenarioRuntime.evalConfigJs(ScenarioRuntime.java:296)
- com.intuit.karate.core.ScenarioRuntime.beforeRun(ScenarioRuntime.java:372)
- com.intuit.karate.core.ScenarioRuntime.run(ScenarioRuntime.java:391)
- com.intuit.karate.junit5.FeatureNode.lambda$next$1(FeatureNode.java:71)
- org.junit.jupiter.engine.descriptor.DynamicTestTestDescriptor.lambda$execute$0(DynamicTestTestDescriptor.java:53)

classpath:frame/Post.feature:45
classpath:frame/Post.feature:46
classpath:frame/Post.feature:47
classpath:frame/Post.feature:48
classpath:frame/Post.feature:49
classpath:frame/Post.feature:50
classpath:frame/Post.feature:51
classpath:frame/Post.feature:52
</div>   

  

</div>
</div>
          <div><div>
  

  

  <div class="step-row">
    <div class="step-container" id="0.53">
      <div class="step-ref failed">53</div>
      
      <div class="step-cell failed">
        <span>And</span>&nbsp;<span>match response.name == &quot;Mahesh&quot;</span>
      </div>
    </div>
    <div class="time-cell failed">0</div>
  </div>

   
  
  

  

  <div class="preformatted" data-parent="0.53">22:25:35.809 classpath:frame/Post.feature:53
And match response.name == &quot;Mahesh&quot;
&gt;&gt; classpath:frame/Post.feature:44
&gt;&gt; karate-config.js failed
&gt;&gt; js failed:
&gt;&gt;&gt;&gt;
01: ()
&lt;&lt;&lt;&lt;
org.graalvm.polyglot.PolyglotException: SyntaxError: Unnamed:1:2 Expected =&gt; but found eof
()
  ^

- org.graalvm.polyglot.Context.eval(Context.java:425)
- com.intuit.karate.graal.JsEngine.evalForValue(JsEngine.java:139)
- com.intuit.karate.graal.JsEngine.eval(JsEngine.java:135)
- com.intuit.karate.core.ScenarioEngine.evalJs(ScenarioEngine.java:1196)
- com.intuit.karate.core.ScenarioRuntime.evalConfigJs(ScenarioRuntime.java:296)
- com.intuit.karate.core.ScenarioRuntime.beforeRun(ScenarioRuntime.java:372)
- com.intuit.karate.core.ScenarioRuntime.run(ScenarioRuntime.java:391)

js failed:
&gt;&gt;&gt;&gt;
&lt;&lt;&lt;&lt;
com.intuit.karate.KarateException: js failed:
&gt;&gt;&gt;&gt;
01: ()
&lt;&lt;&lt;&lt;
org.graalvm.polyglot.PolyglotException: SyntaxError: Unnamed:1:2 Expected =&gt; but found eof
()
  ^

- org.graalvm.polyglot.Context.eval(Context.java:425)
- com.intuit.karate.graal.JsEngine.evalForValue(JsEngine.java:139)
- com.intuit.karate.graal.JsEngine.eval(JsEngine.java:135)
- com.intuit.karate.core.ScenarioEngine.evalJs(ScenarioEngine.java:1196)
- com.intuit.karate.core.ScenarioRuntime.evalConfigJs(ScenarioRuntime.java:296)
- com.intuit.karate.core.ScenarioRuntime.beforeRun(ScenarioRuntime.java:372)
- com.intuit.karate.core.ScenarioRuntime.run(ScenarioRuntime.java:391)

- com.intuit.karate.graal.JsEngine.fromJsEvalException(JsEngine.java:224)
- com.intuit.karate.core.ScenarioEngine.evalJs(ScenarioEngine.java:1198)
- com.intuit.karate.core.ScenarioRuntime.evalConfigJs(ScenarioRuntime.java:296)
- com.intuit.karate.core.ScenarioRuntime.beforeRun(ScenarioRuntime.java:372)
- com.intuit.karate.core.ScenarioRuntime.run(ScenarioRuntime.java:391)
- com.intuit.karate.junit5.FeatureNode.lambda$next$1(FeatureNode.java:71)
- org.junit.jupiter.engine.descriptor.DynamicTestTestDescriptor.lambda$execute$0(DynamicTestTestDescriptor.java:53)

classpath:frame/Post.feature:45
classpath:frame/Post.feature:46
classpath:frame/Post.feature:47
classpath:frame/Post.feature:48
classpath:frame/Post.feature:49
classpath:frame/Post.feature:50
classpath:frame/Post.feature:51
classpath:frame/Post.feature:52
classpath:frame/Post.feature:53
</div>   

  

</div>
</div>
        </div>
      </div>
    </div>
  </body>
</html>

