<!DOCTYPE html>
<html lang="en">
  <head>
    <meta charset="utf-8"/>
    <meta name="viewport" content="width=device-width, initial-scale=1, shrink-to-fit=no"/>
    <link rel="stylesheet" href="res/bootstrap.min.css" type="text/css"/>
    <link rel="stylesheet" href="res/karate-report.css" type="text/css"/>
    <link rel="shortcut icon" href="favicon.ico"/>
    <script type="text/javascript" src="res/jquery.min.js"></script>
    <script type="text/javascript" src="res/jquery.tablesorter.min.js"></script>
    <script type="text/javascript" src="res/jquery-ui.min.js"></script>
    <script type="text/javascript" src="res/bootstrap.min.js"></script>
    <script type="text/javascript" src="res/karate-report.js"></script>
    <script type="text/javascript" src="res/Resemble.js"></script>
    <script>
!function(t,e){var o,n,p,r;e.__SV||(window.posthog=e,e._i=[],e.init=function(i,s,a){function g(t,e){var o=e.split(".");2==o.length&&(t=t[o[0]],e=o[1]),t[e]=function(){t.push([e].concat(Array.prototype.slice.call(arguments,0)))}}(p=t.createElement("script")).type="text/javascript",p.async=!0,p.src=s.api_host+"/static/array.js",(r=t.getElementsByTagName("script")[0]).parentNode.insertBefore(p,r);var u=e;for(void 0!==a?u=e[a]=[]:a="posthog",u.people=u.people||[],u.toString=function(t){var e="posthog";return"posthog"!==a&&(e+="."+a),t||(e+=" (stub)"),e},u.people.toString=function(){return u.toString(1)+".people (stub)"},o="capture identify alias people.set people.set_once set_config register register_once unregister opt_out_capturing has_opted_out_capturing opt_in_capturing reset isFeatureEnabled onFeatureFlags".split(" "),n=0;n<o.length;n++)g(u,o[n]);e._i.push([i,s,a])},e.__SV=1)}(document,window.posthog||[]);
posthog.init('phc_M6fKk3dSX9HjglkqPSybauGas45NINb7EgsPGU8N9g1',{
  api_host:'https://app.posthog.com',
  persistence:'localStorage',
  autocapture:false,
  capture_pageview:false,
  api_transport:'sendBeacon',
  loaded: function(posthog) { 
    posthog.identify("31484baf-b2a7-4dee-bf8f-51df658e6bab",{name:"pc"});
    posthog.capture("report_feature",{karate_version:"1.4.0.RC3",karate_meta:null});
  }
});
</script>

    <title>frame.get</title>
  </head>
  <body>
    <div id="root-container">
      <div id="leftnav">
        
        <div>
  <div class="nav-logo">
    <a href="https://karatelabs.io">
      <img src="karate-labs-logo-ring.svg" alt="Karate Labs"/>
    </a>
    <div class="nav-count">
      <div id="nav-pass" class="bg-success">0</div>
      <div id="nav-fail" class="bg-danger">2</div>
    </div>
  </div>
  <div id="nav-env">
    <div></div>
  </div>
  <div id="nav-type">
    <div>Scenarios</div>
  </div>
  <div id="nav-date">
    <div>2024-02-10 10:25:37 pm</div>
  </div>
</div>

        <div class="nav-container">
          <div class="nav-item failed">
            <a href="#[1:6]"><span>[1:6]</span> <span>Test a sample Get API</span></a>
          </div>
          <div class="nav-item failed">
            <a href="#[2:16]"><span>[2:16]</span> <span>Test a sample get data</span></a>
          </div>
        </div>
      </div>
      <div id="content">
        <div class="page-heading alert alert-primary">
          <a href="karate-summary.html">Summary</a><span class="feature-label">|</span>
          <a href="karate-tags.html">Tags</a><span class="feature-label">|</span>
          <span class="feature-label">Feature:</span>
          <span class="feature-path">frame/get.feature</span><span class="feature-label">|</span>
          <span class="feature-name">To test Get Request</span>
          <span class="feature-description"></span>
        </div>
        <div class="scenario">
          <div class="scenario-heading" id="[1:6]">
            <div class="heading-container">
              <div class="scenario-tags">
                
              </div>
              <div class="scenario-keyword">
                Scenario: <span>[1:6]</span>
                <span class="scenario-name">Test a sample Get API</span>
                <span></span>
              </div>
            </div>
            <div class="scenario-time failed">
              <span>ms:</span>&nbsp;<span>0</span>
            </div>
          </div>
          <div class="step-row">
            <div class="step-container" id="[1:6]bg">
              <div class="step-ref bg-step">&gt;&gt;</div>
              <div class="step-cell passed">Background:</div>
            </div>
            <div class="time-cell passed"></div>
          </div>
          <div data-parent="[1:6]bg"><div>
  

  

  <div class="step-row">
    <div class="step-container" id="0.4">
      <div class="step-ref bg-step">4</div>
      
      <div class="step-cell failed">
        <span>Given</span>&nbsp;<span>url &#39;https://reqres.in/api/&#39;</span>
      </div>
    </div>
    <div class="time-cell failed">0</div>
  </div>

   
  
  

  

  <div class="preformatted" data-parent="0.4">22:25:37.512 classpath:frame/get.feature:4
Given url &#39;https://reqres.in/api/&#39;
&gt;&gt; classpath:frame/get.feature:6
&gt;&gt; karate-config.js failed
&gt;&gt; js failed:
&gt;&gt;&gt;&gt;
01: ()
&lt;&lt;&lt;&lt;
org.graalvm.polyglot.PolyglotException: SyntaxError: Unnamed:1:2 Expected =&gt; but found eof
()
  ^

- org.graalvm.polyglot.Context.eval(Context.java:425)
- com.intuit.karate.graal.JsEngine.evalForValue(JsEngine.java:139)
- com.intuit.karate.graal.JsEngine.eval(JsEngine.java:135)
- com.intuit.karate.core.ScenarioEngine.evalJs(ScenarioEngine.java:1196)
- com.intuit.karate.core.ScenarioRuntime.evalConfigJs(ScenarioRuntime.java:296)
- com.intuit.karate.core.ScenarioRuntime.beforeRun(ScenarioRuntime.java:372)
- com.intuit.karate.core.ScenarioRuntime.run(ScenarioRuntime.java:391)

js failed:
&gt;&gt;&gt;&gt;
&lt;&lt;&lt;&lt;
com.intuit.karate.KarateException: js failed:
&gt;&gt;&gt;&gt;
01: ()
&lt;&lt;&lt;&lt;
org.graalvm.polyglot.PolyglotException: SyntaxError: Unnamed:1:2 Expected =&gt; but found eof
()
  ^

- org.graalvm.polyglot.Context.eval(Context.java:425)
- com.intuit.karate.graal.JsEngine.evalForValue(JsEngine.java:139)
- com.intuit.karate.graal.JsEngine.eval(JsEngine.java:135)
- com.intuit.karate.core.ScenarioEngine.evalJs(ScenarioEngine.java:1196)
- com.intuit.karate.core.ScenarioRuntime.evalConfigJs(ScenarioRuntime.java:296)
- com.intuit.karate.core.ScenarioRuntime.beforeRun(ScenarioRuntime.java:372)
- com.intuit.karate.core.ScenarioRuntime.run(ScenarioRuntime.java:391)

- com.intuit.karate.graal.JsEngine.fromJsEvalException(JsEngine.java:224)
- com.intuit.karate.core.ScenarioEngine.evalJs(ScenarioEngine.java:1198)
- com.intuit.karate.core.ScenarioRuntime.evalConfigJs(ScenarioRuntime.java:296)
- com.intuit.karate.core.ScenarioRuntime.beforeRun(ScenarioRuntime.java:372)
- com.intuit.karate.core.ScenarioRuntime.run(ScenarioRuntime.java:391)
- com.intuit.karate.junit5.FeatureNode.lambda$next$1(FeatureNode.java:71)
- org.junit.jupiter.engine.descriptor.DynamicTestTestDescriptor.lambda$execute$0(DynamicTestTestDescriptor.java:53)

classpath:frame/get.feature:4
</div>   

  

</div>
</div>
          <div><div>
  

  

  <div class="step-row">
    <div class="step-container" id="0.7">
      <div class="step-ref failed">7</div>
      
      <div class="step-cell failed">
        <span>Given</span>&nbsp;<span>path &#39;unknown&#39;</span>
      </div>
    </div>
    <div class="time-cell failed">0</div>
  </div>

   
  
  

  

  <div class="preformatted" data-parent="0.7">22:25:37.512 classpath:frame/get.feature:7
Given path &#39;unknown&#39;
&gt;&gt; classpath:frame/get.feature:6
&gt;&gt; karate-config.js failed
&gt;&gt; js failed:
&gt;&gt;&gt;&gt;
01: ()
&lt;&lt;&lt;&lt;
org.graalvm.polyglot.PolyglotException: SyntaxError: Unnamed:1:2 Expected =&gt; but found eof
()
  ^

- org.graalvm.polyglot.Context.eval(Context.java:425)
- com.intuit.karate.graal.JsEngine.evalForValue(JsEngine.java:139)
- com.intuit.karate.graal.JsEngine.eval(JsEngine.java:135)
- com.intuit.karate.core.ScenarioEngine.evalJs(ScenarioEngine.java:1196)
- com.intuit.karate.core.ScenarioRuntime.evalConfigJs(ScenarioRuntime.java:296)
- com.intuit.karate.core.ScenarioRuntime.beforeRun(ScenarioRuntime.java:372)
- com.intuit.karate.core.ScenarioRuntime.run(ScenarioRuntime.java:391)

js failed:
&gt;&gt;&gt;&gt;
&lt;&lt;&lt;&lt;
com.intuit.karate.KarateException: js failed:
&gt;&gt;&gt;&gt;
01: ()
&lt;&lt;&lt;&lt;
org.graalvm.polyglot.PolyglotException: SyntaxError: Unnamed:1:2 Expected =&gt; but found eof
()
  ^

- org.graalvm.polyglot.Context.eval(Context.java:425)
- com.intuit.karate.graal.JsEngine.evalForValue(JsEngine.java:139)
- com.intuit.karate.graal.JsEngine.eval(JsEngine.java:135)
- com.intuit.karate.core.ScenarioEngine.evalJs(ScenarioEngine.java:1196)
- com.intuit.karate.core.ScenarioRuntime.evalConfigJs(ScenarioRuntime.java:296)
- com.intuit.karate.core.ScenarioRuntime.beforeRun(ScenarioRuntime.java:372)
- com.intuit.karate.core.ScenarioRuntime.run(ScenarioRuntime.java:391)

- com.intuit.karate.graal.JsEngine.fromJsEvalException(JsEngine.java:224)
- com.intuit.karate.core.ScenarioEngine.evalJs(ScenarioEngine.java:1198)
- com.intuit.karate.core.ScenarioRuntime.evalConfigJs(ScenarioRuntime.java:296)
- com.intuit.karate.core.ScenarioRuntime.beforeRun(ScenarioRuntime.java:372)
- com.intuit.karate.core.ScenarioRuntime.run(ScenarioRuntime.java:391)
- com.intuit.karate.junit5.FeatureNode.lambda$next$1(FeatureNode.java:71)
- org.junit.jupiter.engine.descriptor.DynamicTestTestDescriptor.lambda$execute$0(DynamicTestTestDescriptor.java:53)

classpath:frame/get.feature:4
classpath:frame/get.feature:7
</div>   

  

</div>
</div>
          <div><div>
  

  

  <div class="step-row">
    <div class="step-container" id="0.8">
      <div class="step-ref failed">8</div>
      
      <div class="step-cell failed">
        <span>Given</span>&nbsp;<span>param id = 2</span>
      </div>
    </div>
    <div class="time-cell failed">0</div>
  </div>

   
  
  

  

  <div class="preformatted" data-parent="0.8">22:25:37.512 classpath:frame/get.feature:8
Given param id = 2
&gt;&gt; classpath:frame/get.feature:6
&gt;&gt; karate-config.js failed
&gt;&gt; js failed:
&gt;&gt;&gt;&gt;
01: ()
&lt;&lt;&lt;&lt;
org.graalvm.polyglot.PolyglotException: SyntaxError: Unnamed:1:2 Expected =&gt; but found eof
()
  ^

- org.graalvm.polyglot.Context.eval(Context.java:425)
- com.intuit.karate.graal.JsEngine.evalForValue(JsEngine.java:139)
- com.intuit.karate.graal.JsEngine.eval(JsEngine.java:135)
- com.intuit.karate.core.ScenarioEngine.evalJs(ScenarioEngine.java:1196)
- com.intuit.karate.core.ScenarioRuntime.evalConfigJs(ScenarioRuntime.java:296)
- com.intuit.karate.core.ScenarioRuntime.beforeRun(ScenarioRuntime.java:372)
- com.intuit.karate.core.ScenarioRuntime.run(ScenarioRuntime.java:391)

js failed:
&gt;&gt;&gt;&gt;
&lt;&lt;&lt;&lt;
com.intuit.karate.KarateException: js failed:
&gt;&gt;&gt;&gt;
01: ()
&lt;&lt;&lt;&lt;
org.graalvm.polyglot.PolyglotException: SyntaxError: Unnamed:1:2 Expected =&gt; but found eof
()
  ^

- org.graalvm.polyglot.Context.eval(Context.java:425)
- com.intuit.karate.graal.JsEngine.evalForValue(JsEngine.java:139)
- com.intuit.karate.graal.JsEngine.eval(JsEngine.java:135)
- com.intuit.karate.core.ScenarioEngine.evalJs(ScenarioEngine.java:1196)
- com.intuit.karate.core.ScenarioRuntime.evalConfigJs(ScenarioRuntime.java:296)
- com.intuit.karate.core.ScenarioRuntime.beforeRun(ScenarioRuntime.java:372)
- com.intuit.karate.core.ScenarioRuntime.run(ScenarioRuntime.java:391)

- com.intuit.karate.graal.JsEngine.fromJsEvalException(JsEngine.java:224)
- com.intuit.karate.core.ScenarioEngine.evalJs(ScenarioEngine.java:1198)
- com.intuit.karate.core.ScenarioRuntime.evalConfigJs(ScenarioRuntime.java:296)
- com.intuit.karate.core.ScenarioRuntime.beforeRun(ScenarioRuntime.java:372)
- com.intuit.karate.core.ScenarioRuntime.run(ScenarioRuntime.java:391)
- com.intuit.karate.junit5.FeatureNode.lambda$next$1(FeatureNode.java:71)
- org.junit.jupiter.engine.descriptor.DynamicTestTestDescriptor.lambda$execute$0(DynamicTestTestDescriptor.java:53)

classpath:frame/get.feature:4
classpath:frame/get.feature:7
classpath:frame/get.feature:8
</div>   

  

</div>
</div>
          <div><div>
  

  

  <div class="step-row">
    <div class="step-container" id="0.9">
      <div class="step-ref failed">9</div>
      
      <div class="step-cell failed">
        <span>When</span>&nbsp;<span>method GET</span>
      </div>
    </div>
    <div class="time-cell failed">0</div>
  </div>

   
  
  

  

  <div class="preformatted" data-parent="0.9">22:25:37.513 classpath:frame/get.feature:9
When method GET
&gt;&gt; classpath:frame/get.feature:6
&gt;&gt; karate-config.js failed
&gt;&gt; js failed:
&gt;&gt;&gt;&gt;
01: ()
&lt;&lt;&lt;&lt;
org.graalvm.polyglot.PolyglotException: SyntaxError: Unnamed:1:2 Expected =&gt; but found eof
()
  ^

- org.graalvm.polyglot.Context.eval(Context.java:425)
- com.intuit.karate.graal.JsEngine.evalForValue(JsEngine.java:139)
- com.intuit.karate.graal.JsEngine.eval(JsEngine.java:135)
- com.intuit.karate.core.ScenarioEngine.evalJs(ScenarioEngine.java:1196)
- com.intuit.karate.core.ScenarioRuntime.evalConfigJs(ScenarioRuntime.java:296)
- com.intuit.karate.core.ScenarioRuntime.beforeRun(ScenarioRuntime.java:372)
- com.intuit.karate.core.ScenarioRuntime.run(ScenarioRuntime.java:391)

js failed:
&gt;&gt;&gt;&gt;
&lt;&lt;&lt;&lt;
com.intuit.karate.KarateException: js failed:
&gt;&gt;&gt;&gt;
01: ()
&lt;&lt;&lt;&lt;
org.graalvm.polyglot.PolyglotException: SyntaxError: Unnamed:1:2 Expected =&gt; but found eof
()
  ^

- org.graalvm.polyglot.Context.eval(Context.java:425)
- com.intuit.karate.graal.JsEngine.evalForValue(JsEngine.java:139)
- com.intuit.karate.graal.JsEngine.eval(JsEngine.java:135)
- com.intuit.karate.core.ScenarioEngine.evalJs(ScenarioEngine.java:1196)
- com.intuit.karate.core.ScenarioRuntime.evalConfigJs(ScenarioRuntime.java:296)
- com.intuit.karate.core.ScenarioRuntime.beforeRun(ScenarioRuntime.java:372)
- com.intuit.karate.core.ScenarioRuntime.run(ScenarioRuntime.java:391)

- com.intuit.karate.graal.JsEngine.fromJsEvalException(JsEngine.java:224)
- com.intuit.karate.core.ScenarioEngine.evalJs(ScenarioEngine.java:1198)
- com.intuit.karate.core.ScenarioRuntime.evalConfigJs(ScenarioRuntime.java:296)
- com.intuit.karate.core.ScenarioRuntime.beforeRun(ScenarioRuntime.java:372)
- com.intuit.karate.core.ScenarioRuntime.run(ScenarioRuntime.java:391)
- com.intuit.karate.junit5.FeatureNode.lambda$next$1(FeatureNode.java:71)
- org.junit.jupiter.engine.descriptor.DynamicTestTestDescriptor.lambda$execute$0(DynamicTestTestDescriptor.java:53)

classpath:frame/get.feature:4
classpath:frame/get.feature:7
classpath:frame/get.feature:8
classpath:frame/get.feature:9
</div>   

  

</div>
</div>
          <div><div>
  

  

  <div class="step-row">
    <div class="step-container" id="0.10">
      <div class="step-ref failed">10</div>
      
      <div class="step-cell failed">
        <span>Then</span>&nbsp;<span>status 200</span>
      </div>
    </div>
    <div class="time-cell failed">0</div>
  </div>

   
  
  

  

  <div class="preformatted" data-parent="0.10">22:25:37.513 classpath:frame/get.feature:10
Then status 200
&gt;&gt; classpath:frame/get.feature:6
&gt;&gt; karate-config.js failed
&gt;&gt; js failed:
&gt;&gt;&gt;&gt;
01: ()
&lt;&lt;&lt;&lt;
org.graalvm.polyglot.PolyglotException: SyntaxError: Unnamed:1:2 Expected =&gt; but found eof
()
  ^

- org.graalvm.polyglot.Context.eval(Context.java:425)
- com.intuit.karate.graal.JsEngine.evalForValue(JsEngine.java:139)
- com.intuit.karate.graal.JsEngine.eval(JsEngine.java:135)
- com.intuit.karate.core.ScenarioEngine.evalJs(ScenarioEngine.java:1196)
- com.intuit.karate.core.ScenarioRuntime.evalConfigJs(ScenarioRuntime.java:296)
- com.intuit.karate.core.ScenarioRuntime.beforeRun(ScenarioRuntime.java:372)
- com.intuit.karate.core.ScenarioRuntime.run(ScenarioRuntime.java:391)

js failed:
&gt;&gt;&gt;&gt;
&lt;&lt;&lt;&lt;
com.intuit.karate.KarateException: js failed:
&gt;&gt;&gt;&gt;
01: ()
&lt;&lt;&lt;&lt;
org.graalvm.polyglot.PolyglotException: SyntaxError: Unnamed:1:2 Expected =&gt; but found eof
()
  ^

- org.graalvm.polyglot.Context.eval(Context.java:425)
- com.intuit.karate.graal.JsEngine.evalForValue(JsEngine.java:139)
- com.intuit.karate.graal.JsEngine.eval(JsEngine.java:135)
- com.intuit.karate.core.ScenarioEngine.evalJs(ScenarioEngine.java:1196)
- com.intuit.karate.core.ScenarioRuntime.evalConfigJs(ScenarioRuntime.java:296)
- com.intuit.karate.core.ScenarioRuntime.beforeRun(ScenarioRuntime.java:372)
- com.intuit.karate.core.ScenarioRuntime.run(ScenarioRuntime.java:391)

- com.intuit.karate.graal.JsEngine.fromJsEvalException(JsEngine.java:224)
- com.intuit.karate.core.ScenarioEngine.evalJs(ScenarioEngine.java:1198)
- com.intuit.karate.core.ScenarioRuntime.evalConfigJs(ScenarioRuntime.java:296)
- com.intuit.karate.core.ScenarioRuntime.beforeRun(ScenarioRuntime.java:372)
- com.intuit.karate.core.ScenarioRuntime.run(ScenarioRuntime.java:391)
- com.intuit.karate.junit5.FeatureNode.lambda$next$1(FeatureNode.java:71)
- org.junit.jupiter.engine.descriptor.DynamicTestTestDescriptor.lambda$execute$0(DynamicTestTestDescriptor.java:53)

classpath:frame/get.feature:4
classpath:frame/get.feature:7
classpath:frame/get.feature:8
classpath:frame/get.feature:9
classpath:frame/get.feature:10
</div>   

  

</div>
</div>
          <div><div>
  

  

  <div class="step-row">
    <div class="step-container" id="0.11">
      <div class="step-ref failed">11</div>
      
      <div class="step-cell failed">
        <span>And</span>&nbsp;<span>print  response</span>
      </div>
    </div>
    <div class="time-cell failed">0</div>
  </div>

   
  
  

  

  <div class="preformatted" data-parent="0.11">22:25:37.513 classpath:frame/get.feature:11
And print  response
&gt;&gt; classpath:frame/get.feature:6
&gt;&gt; karate-config.js failed
&gt;&gt; js failed:
&gt;&gt;&gt;&gt;
01: ()
&lt;&lt;&lt;&lt;
org.graalvm.polyglot.PolyglotException: SyntaxError: Unnamed:1:2 Expected =&gt; but found eof
()
  ^

- org.graalvm.polyglot.Context.eval(Context.java:425)
- com.intuit.karate.graal.JsEngine.evalForValue(JsEngine.java:139)
- com.intuit.karate.graal.JsEngine.eval(JsEngine.java:135)
- com.intuit.karate.core.ScenarioEngine.evalJs(ScenarioEngine.java:1196)
- com.intuit.karate.core.ScenarioRuntime.evalConfigJs(ScenarioRuntime.java:296)
- com.intuit.karate.core.ScenarioRuntime.beforeRun(ScenarioRuntime.java:372)
- com.intuit.karate.core.ScenarioRuntime.run(ScenarioRuntime.java:391)

js failed:
&gt;&gt;&gt;&gt;
&lt;&lt;&lt;&lt;
com.intuit.karate.KarateException: js failed:
&gt;&gt;&gt;&gt;
01: ()
&lt;&lt;&lt;&lt;
org.graalvm.polyglot.PolyglotException: SyntaxError: Unnamed:1:2 Expected =&gt; but found eof
()
  ^

- org.graalvm.polyglot.Context.eval(Context.java:425)
- com.intuit.karate.graal.JsEngine.evalForValue(JsEngine.java:139)
- com.intuit.karate.graal.JsEngine.eval(JsEngine.java:135)
- com.intuit.karate.core.ScenarioEngine.evalJs(ScenarioEngine.java:1196)
- com.intuit.karate.core.ScenarioRuntime.evalConfigJs(ScenarioRuntime.java:296)
- com.intuit.karate.core.ScenarioRuntime.beforeRun(ScenarioRuntime.java:372)
- com.intuit.karate.core.ScenarioRuntime.run(ScenarioRuntime.java:391)

- com.intuit.karate.graal.JsEngine.fromJsEvalException(JsEngine.java:224)
- com.intuit.karate.core.ScenarioEngine.evalJs(ScenarioEngine.java:1198)
- com.intuit.karate.core.ScenarioRuntime.evalConfigJs(ScenarioRuntime.java:296)
- com.intuit.karate.core.ScenarioRuntime.beforeRun(ScenarioRuntime.java:372)
- com.intuit.karate.core.ScenarioRuntime.run(ScenarioRuntime.java:391)
- com.intuit.karate.junit5.FeatureNode.lambda$next$1(FeatureNode.java:71)
- org.junit.jupiter.engine.descriptor.DynamicTestTestDescriptor.lambda$execute$0(DynamicTestTestDescriptor.java:53)

classpath:frame/get.feature:4
classpath:frame/get.feature:7
classpath:frame/get.feature:8
classpath:frame/get.feature:9
classpath:frame/get.feature:10
classpath:frame/get.feature:11
</div>   

  

</div>
</div>
          <div><div>
  

  <div class="step-row">
    <div class="step-container">
      <div class="step-ref passed"></div>
      
      <div class="step-cell comment"># And match response.data[0].name ==&#39;cerulean&#39;</div>
    </div>
    <div class="time-cell comment"></div>            
  </div>

  <div class="step-row">
    <div class="step-container" id="0.13">
      <div class="step-ref failed">13</div>
      
      <div class="step-cell failed">
        <span>And</span>&nbsp;<span>match response.data.color == &#39;#C74375&#39;</span>
      </div>
    </div>
    <div class="time-cell failed">0</div>
  </div>

   
  
  

  

  <div class="preformatted" data-parent="0.13">22:25:37.513 classpath:frame/get.feature:13
And match response.data.color == &#39;#C74375&#39;
&gt;&gt; classpath:frame/get.feature:6
&gt;&gt; karate-config.js failed
&gt;&gt; js failed:
&gt;&gt;&gt;&gt;
01: ()
&lt;&lt;&lt;&lt;
org.graalvm.polyglot.PolyglotException: SyntaxError: Unnamed:1:2 Expected =&gt; but found eof
()
  ^

- org.graalvm.polyglot.Context.eval(Context.java:425)
- com.intuit.karate.graal.JsEngine.evalForValue(JsEngine.java:139)
- com.intuit.karate.graal.JsEngine.eval(JsEngine.java:135)
- com.intuit.karate.core.ScenarioEngine.evalJs(ScenarioEngine.java:1196)
- com.intuit.karate.core.ScenarioRuntime.evalConfigJs(ScenarioRuntime.java:296)
- com.intuit.karate.core.ScenarioRuntime.beforeRun(ScenarioRuntime.java:372)
- com.intuit.karate.core.ScenarioRuntime.run(ScenarioRuntime.java:391)

js failed:
&gt;&gt;&gt;&gt;
&lt;&lt;&lt;&lt;
com.intuit.karate.KarateException: js failed:
&gt;&gt;&gt;&gt;
01: ()
&lt;&lt;&lt;&lt;
org.graalvm.polyglot.PolyglotException: SyntaxError: Unnamed:1:2 Expected =&gt; but found eof
()
  ^

- org.graalvm.polyglot.Context.eval(Context.java:425)
- com.intuit.karate.graal.JsEngine.evalForValue(JsEngine.java:139)
- com.intuit.karate.graal.JsEngine.eval(JsEngine.java:135)
- com.intuit.karate.core.ScenarioEngine.evalJs(ScenarioEngine.java:1196)
- com.intuit.karate.core.ScenarioRuntime.evalConfigJs(ScenarioRuntime.java:296)
- com.intuit.karate.core.ScenarioRuntime.beforeRun(ScenarioRuntime.java:372)
- com.intuit.karate.core.ScenarioRuntime.run(ScenarioRuntime.java:391)

- com.intuit.karate.graal.JsEngine.fromJsEvalException(JsEngine.java:224)
- com.intuit.karate.core.ScenarioEngine.evalJs(ScenarioEngine.java:1198)
- com.intuit.karate.core.ScenarioRuntime.evalConfigJs(ScenarioRuntime.java:296)
- com.intuit.karate.core.ScenarioRuntime.beforeRun(ScenarioRuntime.java:372)
- com.intuit.karate.core.ScenarioRuntime.run(ScenarioRuntime.java:391)
- com.intuit.karate.junit5.FeatureNode.lambda$next$1(FeatureNode.java:71)
- org.junit.jupiter.engine.descriptor.DynamicTestTestDescriptor.lambda$execute$0(DynamicTestTestDescriptor.java:53)

classpath:frame/get.feature:4
classpath:frame/get.feature:7
classpath:frame/get.feature:8
classpath:frame/get.feature:9
classpath:frame/get.feature:10
classpath:frame/get.feature:11
classpath:frame/get.feature:13
</div>   

  

</div>
</div>
        </div>
        <div class="scenario">
          <div class="scenario-heading" id="[2:16]">
            <div class="heading-container">
              <div class="scenario-tags">
                <a class="badge badge-primary" href="karate-tags.html">second</a>
              </div>
              <div class="scenario-keyword">
                Scenario: <span>[2:16]</span>
                <span class="scenario-name">Test a sample get data</span>
                <span></span>
              </div>
            </div>
            <div class="scenario-time failed">
              <span>ms:</span>&nbsp;<span>0</span>
            </div>
          </div>
          <div class="step-row">
            <div class="step-container" id="[2:16]bg">
              <div class="step-ref bg-step">&gt;&gt;</div>
              <div class="step-cell passed">Background:</div>
            </div>
            <div class="time-cell passed"></div>
          </div>
          <div data-parent="[2:16]bg"><div>
  

  

  <div class="step-row">
    <div class="step-container" id="0.4">
      <div class="step-ref bg-step">4</div>
      
      <div class="step-cell failed">
        <span>Given</span>&nbsp;<span>url &#39;https://reqres.in/api/&#39;</span>
      </div>
    </div>
    <div class="time-cell failed">0</div>
  </div>

   
  
  

  

  <div class="preformatted" data-parent="0.4">22:25:37.529 classpath:frame/get.feature:4
Given url &#39;https://reqres.in/api/&#39;
&gt;&gt; classpath:frame/get.feature:16
&gt;&gt; karate-config.js failed
&gt;&gt; js failed:
&gt;&gt;&gt;&gt;
01: ()
&lt;&lt;&lt;&lt;
org.graalvm.polyglot.PolyglotException: SyntaxError: Unnamed:1:2 Expected =&gt; but found eof
()
  ^

- org.graalvm.polyglot.Context.eval(Context.java:425)
- com.intuit.karate.graal.JsEngine.evalForValue(JsEngine.java:139)
- com.intuit.karate.graal.JsEngine.eval(JsEngine.java:135)
- com.intuit.karate.core.ScenarioEngine.evalJs(ScenarioEngine.java:1196)
- com.intuit.karate.core.ScenarioRuntime.evalConfigJs(ScenarioRuntime.java:296)
- com.intuit.karate.core.ScenarioRuntime.beforeRun(ScenarioRuntime.java:372)
- com.intuit.karate.core.ScenarioRuntime.run(ScenarioRuntime.java:391)

js failed:
&gt;&gt;&gt;&gt;
&lt;&lt;&lt;&lt;
com.intuit.karate.KarateException: js failed:
&gt;&gt;&gt;&gt;
01: ()
&lt;&lt;&lt;&lt;
org.graalvm.polyglot.PolyglotException: SyntaxError: Unnamed:1:2 Expected =&gt; but found eof
()
  ^

- org.graalvm.polyglot.Context.eval(Context.java:425)
- com.intuit.karate.graal.JsEngine.evalForValue(JsEngine.java:139)
- com.intuit.karate.graal.JsEngine.eval(JsEngine.java:135)
- com.intuit.karate.core.ScenarioEngine.evalJs(ScenarioEngine.java:1196)
- com.intuit.karate.core.ScenarioRuntime.evalConfigJs(ScenarioRuntime.java:296)
- com.intuit.karate.core.ScenarioRuntime.beforeRun(ScenarioRuntime.java:372)
- com.intuit.karate.core.ScenarioRuntime.run(ScenarioRuntime.java:391)

- com.intuit.karate.graal.JsEngine.fromJsEvalException(JsEngine.java:224)
- com.intuit.karate.core.ScenarioEngine.evalJs(ScenarioEngine.java:1198)
- com.intuit.karate.core.ScenarioRuntime.evalConfigJs(ScenarioRuntime.java:296)
- com.intuit.karate.core.ScenarioRuntime.beforeRun(ScenarioRuntime.java:372)
- com.intuit.karate.core.ScenarioRuntime.run(ScenarioRuntime.java:391)
- com.intuit.karate.junit5.FeatureNode.lambda$next$1(FeatureNode.java:71)
- org.junit.jupiter.engine.descriptor.DynamicTestTestDescriptor.lambda$execute$0(DynamicTestTestDescriptor.java:53)

classpath:frame/get.feature:4
</div>   

  

</div>
</div>
          <div><div>
  

  

  <div class="step-row">
    <div class="step-container" id="0.17">
      <div class="step-ref failed">17</div>
      
      <div class="step-cell failed">
        <span>Given</span>&nbsp;<span>path &#39;users&#39;</span>
      </div>
    </div>
    <div class="time-cell failed">0</div>
  </div>

   
  
  

  

  <div class="preformatted" data-parent="0.17">22:25:37.529 classpath:frame/get.feature:17
Given path &#39;users&#39;
&gt;&gt; classpath:frame/get.feature:16
&gt;&gt; karate-config.js failed
&gt;&gt; js failed:
&gt;&gt;&gt;&gt;
01: ()
&lt;&lt;&lt;&lt;
org.graalvm.polyglot.PolyglotException: SyntaxError: Unnamed:1:2 Expected =&gt; but found eof
()
  ^

- org.graalvm.polyglot.Context.eval(Context.java:425)
- com.intuit.karate.graal.JsEngine.evalForValue(JsEngine.java:139)
- com.intuit.karate.graal.JsEngine.eval(JsEngine.java:135)
- com.intuit.karate.core.ScenarioEngine.evalJs(ScenarioEngine.java:1196)
- com.intuit.karate.core.ScenarioRuntime.evalConfigJs(ScenarioRuntime.java:296)
- com.intuit.karate.core.ScenarioRuntime.beforeRun(ScenarioRuntime.java:372)
- com.intuit.karate.core.ScenarioRuntime.run(ScenarioRuntime.java:391)

js failed:
&gt;&gt;&gt;&gt;
&lt;&lt;&lt;&lt;
com.intuit.karate.KarateException: js failed:
&gt;&gt;&gt;&gt;
01: ()
&lt;&lt;&lt;&lt;
org.graalvm.polyglot.PolyglotException: SyntaxError: Unnamed:1:2 Expected =&gt; but found eof
()
  ^

- org.graalvm.polyglot.Context.eval(Context.java:425)
- com.intuit.karate.graal.JsEngine.evalForValue(JsEngine.java:139)
- com.intuit.karate.graal.JsEngine.eval(JsEngine.java:135)
- com.intuit.karate.core.ScenarioEngine.evalJs(ScenarioEngine.java:1196)
- com.intuit.karate.core.ScenarioRuntime.evalConfigJs(ScenarioRuntime.java:296)
- com.intuit.karate.core.ScenarioRuntime.beforeRun(ScenarioRuntime.java:372)
- com.intuit.karate.core.ScenarioRuntime.run(ScenarioRuntime.java:391)

- com.intuit.karate.graal.JsEngine.fromJsEvalException(JsEngine.java:224)
- com.intuit.karate.core.ScenarioEngine.evalJs(ScenarioEngine.java:1198)
- com.intuit.karate.core.ScenarioRuntime.evalConfigJs(ScenarioRuntime.java:296)
- com.intuit.karate.core.ScenarioRuntime.beforeRun(ScenarioRuntime.java:372)
- com.intuit.karate.core.ScenarioRuntime.run(ScenarioRuntime.java:391)
- com.intuit.karate.junit5.FeatureNode.lambda$next$1(FeatureNode.java:71)
- org.junit.jupiter.engine.descriptor.DynamicTestTestDescriptor.lambda$execute$0(DynamicTestTestDescriptor.java:53)

classpath:frame/get.feature:4
classpath:frame/get.feature:17
</div>   

  

</div>
</div>
          <div><div>
  

  <div class="step-row">
    <div class="step-container">
      <div class="step-ref passed"></div>
      
      <div class="step-cell comment">#Given param  id = 2</div>
    </div>
    <div class="time-cell comment"></div>            
  </div>

  <div class="step-row">
    <div class="step-container" id="0.19">
      <div class="step-ref failed">19</div>
      
      <div class="step-cell failed">
        <span>When</span>&nbsp;<span>method GET</span>
      </div>
    </div>
    <div class="time-cell failed">0</div>
  </div>

   
  
  

  

  <div class="preformatted" data-parent="0.19">22:25:37.530 classpath:frame/get.feature:19
When method GET
&gt;&gt; classpath:frame/get.feature:16
&gt;&gt; karate-config.js failed
&gt;&gt; js failed:
&gt;&gt;&gt;&gt;
01: ()
&lt;&lt;&lt;&lt;
org.graalvm.polyglot.PolyglotException: SyntaxError: Unnamed:1:2 Expected =&gt; but found eof
()
  ^

- org.graalvm.polyglot.Context.eval(Context.java:425)
- com.intuit.karate.graal.JsEngine.evalForValue(JsEngine.java:139)
- com.intuit.karate.graal.JsEngine.eval(JsEngine.java:135)
- com.intuit.karate.core.ScenarioEngine.evalJs(ScenarioEngine.java:1196)
- com.intuit.karate.core.ScenarioRuntime.evalConfigJs(ScenarioRuntime.java:296)
- com.intuit.karate.core.ScenarioRuntime.beforeRun(ScenarioRuntime.java:372)
- com.intuit.karate.core.ScenarioRuntime.run(ScenarioRuntime.java:391)

js failed:
&gt;&gt;&gt;&gt;
&lt;&lt;&lt;&lt;
com.intuit.karate.KarateException: js failed:
&gt;&gt;&gt;&gt;
01: ()
&lt;&lt;&lt;&lt;
org.graalvm.polyglot.PolyglotException: SyntaxError: Unnamed:1:2 Expected =&gt; but found eof
()
  ^

- org.graalvm.polyglot.Context.eval(Context.java:425)
- com.intuit.karate.graal.JsEngine.evalForValue(JsEngine.java:139)
- com.intuit.karate.graal.JsEngine.eval(JsEngine.java:135)
- com.intuit.karate.core.ScenarioEngine.evalJs(ScenarioEngine.java:1196)
- com.intuit.karate.core.ScenarioRuntime.evalConfigJs(ScenarioRuntime.java:296)
- com.intuit.karate.core.ScenarioRuntime.beforeRun(ScenarioRuntime.java:372)
- com.intuit.karate.core.ScenarioRuntime.run(ScenarioRuntime.java:391)

- com.intuit.karate.graal.JsEngine.fromJsEvalException(JsEngine.java:224)
- com.intuit.karate.core.ScenarioEngine.evalJs(ScenarioEngine.java:1198)
- com.intuit.karate.core.ScenarioRuntime.evalConfigJs(ScenarioRuntime.java:296)
- com.intuit.karate.core.ScenarioRuntime.beforeRun(ScenarioRuntime.java:372)
- com.intuit.karate.core.ScenarioRuntime.run(ScenarioRuntime.java:391)
- com.intuit.karate.junit5.FeatureNode.lambda$next$1(FeatureNode.java:71)
- org.junit.jupiter.engine.descriptor.DynamicTestTestDescriptor.lambda$execute$0(DynamicTestTestDescriptor.java:53)

classpath:frame/get.feature:4
classpath:frame/get.feature:17
classpath:frame/get.feature:19
</div>   

  

</div>
</div>
          <div><div>
  

  

  <div class="step-row">
    <div class="step-container" id="0.20">
      <div class="step-ref failed">20</div>
      
      <div class="step-cell failed">
        <span>Then</span>&nbsp;<span>status 200</span>
      </div>
    </div>
    <div class="time-cell failed">0</div>
  </div>

   
  
  

  

  <div class="preformatted" data-parent="0.20">22:25:37.531 classpath:frame/get.feature:20
Then status 200
&gt;&gt; classpath:frame/get.feature:16
&gt;&gt; karate-config.js failed
&gt;&gt; js failed:
&gt;&gt;&gt;&gt;
01: ()
&lt;&lt;&lt;&lt;
org.graalvm.polyglot.PolyglotException: SyntaxError: Unnamed:1:2 Expected =&gt; but found eof
()
  ^

- org.graalvm.polyglot.Context.eval(Context.java:425)
- com.intuit.karate.graal.JsEngine.evalForValue(JsEngine.java:139)
- com.intuit.karate.graal.JsEngine.eval(JsEngine.java:135)
- com.intuit.karate.core.ScenarioEngine.evalJs(ScenarioEngine.java:1196)
- com.intuit.karate.core.ScenarioRuntime.evalConfigJs(ScenarioRuntime.java:296)
- com.intuit.karate.core.ScenarioRuntime.beforeRun(ScenarioRuntime.java:372)
- com.intuit.karate.core.ScenarioRuntime.run(ScenarioRuntime.java:391)

js failed:
&gt;&gt;&gt;&gt;
&lt;&lt;&lt;&lt;
com.intuit.karate.KarateException: js failed:
&gt;&gt;&gt;&gt;
01: ()
&lt;&lt;&lt;&lt;
org.graalvm.polyglot.PolyglotException: SyntaxError: Unnamed:1:2 Expected =&gt; but found eof
()
  ^

- org.graalvm.polyglot.Context.eval(Context.java:425)
- com.intuit.karate.graal.JsEngine.evalForValue(JsEngine.java:139)
- com.intuit.karate.graal.JsEngine.eval(JsEngine.java:135)
- com.intuit.karate.core.ScenarioEngine.evalJs(ScenarioEngine.java:1196)
- com.intuit.karate.core.ScenarioRuntime.evalConfigJs(ScenarioRuntime.java:296)
- com.intuit.karate.core.ScenarioRuntime.beforeRun(ScenarioRuntime.java:372)
- com.intuit.karate.core.ScenarioRuntime.run(ScenarioRuntime.java:391)

- com.intuit.karate.graal.JsEngine.fromJsEvalException(JsEngine.java:224)
- com.intuit.karate.core.ScenarioEngine.evalJs(ScenarioEngine.java:1198)
- com.intuit.karate.core.ScenarioRuntime.evalConfigJs(ScenarioRuntime.java:296)
- com.intuit.karate.core.ScenarioRuntime.beforeRun(ScenarioRuntime.java:372)
- com.intuit.karate.core.ScenarioRuntime.run(ScenarioRuntime.java:391)
- com.intuit.karate.junit5.FeatureNode.lambda$next$1(FeatureNode.java:71)
- org.junit.jupiter.engine.descriptor.DynamicTestTestDescriptor.lambda$execute$0(DynamicTestTestDescriptor.java:53)

classpath:frame/get.feature:4
classpath:frame/get.feature:17
classpath:frame/get.feature:19
classpath:frame/get.feature:20
</div>   

  

</div>
</div>
          <div><div>
  

  

  <div class="step-row">
    <div class="step-container" id="0.21">
      <div class="step-ref failed">21</div>
      
      <div class="step-cell failed">
        <span>And</span>&nbsp;<span>print  response</span>
      </div>
    </div>
    <div class="time-cell failed">0</div>
  </div>

   
  
  

  

  <div class="preformatted" data-parent="0.21">22:25:37.532 classpath:frame/get.feature:21
And print  response
&gt;&gt; classpath:frame/get.feature:16
&gt;&gt; karate-config.js failed
&gt;&gt; js failed:
&gt;&gt;&gt;&gt;
01: ()
&lt;&lt;&lt;&lt;
org.graalvm.polyglot.PolyglotException: SyntaxError: Unnamed:1:2 Expected =&gt; but found eof
()
  ^

- org.graalvm.polyglot.Context.eval(Context.java:425)
- com.intuit.karate.graal.JsEngine.evalForValue(JsEngine.java:139)
- com.intuit.karate.graal.JsEngine.eval(JsEngine.java:135)
- com.intuit.karate.core.ScenarioEngine.evalJs(ScenarioEngine.java:1196)
- com.intuit.karate.core.ScenarioRuntime.evalConfigJs(ScenarioRuntime.java:296)
- com.intuit.karate.core.ScenarioRuntime.beforeRun(ScenarioRuntime.java:372)
- com.intuit.karate.core.ScenarioRuntime.run(ScenarioRuntime.java:391)

js failed:
&gt;&gt;&gt;&gt;
&lt;&lt;&lt;&lt;
com.intuit.karate.KarateException: js failed:
&gt;&gt;&gt;&gt;
01: ()
&lt;&lt;&lt;&lt;
org.graalvm.polyglot.PolyglotException: SyntaxError: Unnamed:1:2 Expected =&gt; but found eof
()
  ^

- org.graalvm.polyglot.Context.eval(Context.java:425)
- com.intuit.karate.graal.JsEngine.evalForValue(JsEngine.java:139)
- com.intuit.karate.graal.JsEngine.eval(JsEngine.java:135)
- com.intuit.karate.core.ScenarioEngine.evalJs(ScenarioEngine.java:1196)
- com.intuit.karate.core.ScenarioRuntime.evalConfigJs(ScenarioRuntime.java:296)
- com.intuit.karate.core.ScenarioRuntime.beforeRun(ScenarioRuntime.java:372)
- com.intuit.karate.core.ScenarioRuntime.run(ScenarioRuntime.java:391)

- com.intuit.karate.graal.JsEngine.fromJsEvalException(JsEngine.java:224)
- com.intuit.karate.core.ScenarioEngine.evalJs(ScenarioEngine.java:1198)
- com.intuit.karate.core.ScenarioRuntime.evalConfigJs(ScenarioRuntime.java:296)
- com.intuit.karate.core.ScenarioRuntime.beforeRun(ScenarioRuntime.java:372)
- com.intuit.karate.core.ScenarioRuntime.run(ScenarioRuntime.java:391)
- com.intuit.karate.junit5.FeatureNode.lambda$next$1(FeatureNode.java:71)
- org.junit.jupiter.engine.descriptor.DynamicTestTestDescriptor.lambda$execute$0(DynamicTestTestDescriptor.java:53)

classpath:frame/get.feature:4
classpath:frame/get.feature:17
classpath:frame/get.feature:19
classpath:frame/get.feature:20
classpath:frame/get.feature:21
</div>   

  

</div>
</div>
          <div><div>
  

  

  <div class="step-row">
    <div class="step-container" id="0.22">
      <div class="step-ref failed">22</div>
      
      <div class="step-cell failed">
        <span>And</span>&nbsp;<span>match response.data[5].first_name ==&quot;Tracey&quot;</span>
      </div>
    </div>
    <div class="time-cell failed">0</div>
  </div>

   
  
  

  

  <div class="preformatted" data-parent="0.22">22:25:37.532 classpath:frame/get.feature:22
And match response.data[5].first_name ==&quot;Tracey&quot;
&gt;&gt; classpath:frame/get.feature:16
&gt;&gt; karate-config.js failed
&gt;&gt; js failed:
&gt;&gt;&gt;&gt;
01: ()
&lt;&lt;&lt;&lt;
org.graalvm.polyglot.PolyglotException: SyntaxError: Unnamed:1:2 Expected =&gt; but found eof
()
  ^

- org.graalvm.polyglot.Context.eval(Context.java:425)
- com.intuit.karate.graal.JsEngine.evalForValue(JsEngine.java:139)
- com.intuit.karate.graal.JsEngine.eval(JsEngine.java:135)
- com.intuit.karate.core.ScenarioEngine.evalJs(ScenarioEngine.java:1196)
- com.intuit.karate.core.ScenarioRuntime.evalConfigJs(ScenarioRuntime.java:296)
- com.intuit.karate.core.ScenarioRuntime.beforeRun(ScenarioRuntime.java:372)
- com.intuit.karate.core.ScenarioRuntime.run(ScenarioRuntime.java:391)

js failed:
&gt;&gt;&gt;&gt;
&lt;&lt;&lt;&lt;
com.intuit.karate.KarateException: js failed:
&gt;&gt;&gt;&gt;
01: ()
&lt;&lt;&lt;&lt;
org.graalvm.polyglot.PolyglotException: SyntaxError: Unnamed:1:2 Expected =&gt; but found eof
()
  ^

- org.graalvm.polyglot.Context.eval(Context.java:425)
- com.intuit.karate.graal.JsEngine.evalForValue(JsEngine.java:139)
- com.intuit.karate.graal.JsEngine.eval(JsEngine.java:135)
- com.intuit.karate.core.ScenarioEngine.evalJs(ScenarioEngine.java:1196)
- com.intuit.karate.core.ScenarioRuntime.evalConfigJs(ScenarioRuntime.java:296)
- com.intuit.karate.core.ScenarioRuntime.beforeRun(ScenarioRuntime.java:372)
- com.intuit.karate.core.ScenarioRuntime.run(ScenarioRuntime.java:391)

- com.intuit.karate.graal.JsEngine.fromJsEvalException(JsEngine.java:224)
- com.intuit.karate.core.ScenarioEngine.evalJs(ScenarioEngine.java:1198)
- com.intuit.karate.core.ScenarioRuntime.evalConfigJs(ScenarioRuntime.java:296)
- com.intuit.karate.core.ScenarioRuntime.beforeRun(ScenarioRuntime.java:372)
- com.intuit.karate.core.ScenarioRuntime.run(ScenarioRuntime.java:391)
- com.intuit.karate.junit5.FeatureNode.lambda$next$1(FeatureNode.java:71)
- org.junit.jupiter.engine.descriptor.DynamicTestTestDescriptor.lambda$execute$0(DynamicTestTestDescriptor.java:53)

classpath:frame/get.feature:4
classpath:frame/get.feature:17
classpath:frame/get.feature:19
classpath:frame/get.feature:20
classpath:frame/get.feature:21
classpath:frame/get.feature:22
</div>   

  

</div>
</div>
        </div>
      </div>
    </div>
  </body>
</html>

