{"failedCount":1,"prefixedPath":"src\/test\/java\/frame\/get.feature","packageQualifiedName":"src.test.java.frame.get","loopIndex":-1,"relativePath":"src\/test\/java\/frame\/get.feature","scenarioResults":[{"sectionIndex":0,"stepResults":[{"result":{"nanos":59894699,"millis":59.894699,"status":"passed"},"step":{"line":4,"prefix":"Given","index":0,"text":"url ' https:\/\/reqres.in\/api\/users\/'"}},{"result":{"nanos":2490199,"errorMessage":"java.net.URISyntaxException: Illegal character in scheme name at index 0:  https:\/\/reqres.in\/api\/users\/\nsrc\/test\/java\/frame\/get.feature:5","millis":2.490199,"status":"failed"},"step":{"line":5,"prefix":"When","index":1,"text":"method GET"},"stepLog":"12:41:13.090 src\/test\/java\/frame\/get.feature:5\nWhen method GET\njava.net.URISyntaxException: Illegal character in scheme name at index 0:  https:\/\/reqres.in\/api\/users\/\nsrc\/test\/java\/frame\/get.feature:5\n"},{"result":{"nanos":0,"millis":0.0,"status":"skipped"},"step":{"line":6,"prefix":"Then","index":2,"text":"status 200"}}],"line":3,"description":"","durationMillis":62.384898,"failed":true,"error":"java.net.URISyntaxException: Illegal character in scheme name at index 0:  https:\/\/reqres.in\/api\/users\/\nsrc\/test\/java\/frame\/get.feature:5","executorName":"main","name":"To test application response","startTime":1707289873012,"refId":"[1:3]","endTime":1707289873090,"exampleIndex":-1}],"callDepth":0,"name":"To test Get Request","description":"","resultDate":"2024-02-07 12:41:13 pm","durationMillis":62.384898,"passedCount":0}