{"failedCount":1,"prefixedPath":"src\/test\/java\/frame\/get.feature","packageQualifiedName":"src.test.java.frame.get","loopIndex":-1,"relativePath":"src\/test\/java\/frame\/get.feature","scenarioResults":[{"sectionIndex":0,"stepResults":[{"result":{"nanos":63866099,"millis":63.866099,"status":"passed"},"step":{"line":4,"prefix":"Given","index":0,"text":"url ' https:\/\/reqres.in\/api\/users\/2'"}},{"result":{"nanos":3043500,"errorMessage":"java.net.URISyntaxException: Illegal character in scheme name at index 0:  https:\/\/reqres.in\/api\/users\/2\nsrc\/test\/java\/frame\/get.feature:5","millis":3.0435,"status":"failed"},"step":{"line":5,"prefix":"When","index":1,"text":"method get"},"stepLog":"12:35:46.747 src\/test\/java\/frame\/get.feature:5\nWhen method get\njava.net.URISyntaxException: Illegal character in scheme name at index 0:  https:\/\/reqres.in\/api\/users\/2\nsrc\/test\/java\/frame\/get.feature:5\n"},{"result":{"nanos":0,"millis":0.0,"status":"skipped"},"step":{"line":6,"prefix":"Then","index":2,"text":"status 200"}}],"line":3,"description":"","durationMillis":66.909599,"failed":true,"error":"java.net.URISyntaxException: Illegal character in scheme name at index 0:  https:\/\/reqres.in\/api\/users\/2\nsrc\/test\/java\/frame\/get.feature:5","executorName":"main","name":"To test application response","startTime":1707289546663,"refId":"[1:3]","endTime":1707289546747,"exampleIndex":-1}],"callDepth":0,"name":"To test Get Request","description":"","resultDate":"2024-02-07 12:35:46 pm","durationMillis":66.909599,"passedCount":0}