{"failedCount":1,"prefixedPath":"src\/test\/java\/frame\/get.feature","packageQualifiedName":"src.test.java.frame.get","loopIndex":-1,"relativePath":"src\/test\/java\/frame\/get.feature","scenarioResults":[{"sectionIndex":0,"stepResults":[{"result":{"nanos":65203201,"millis":65.203201,"status":"passed"},"step":{"line":4,"prefix":"Given","index":0,"text":"url ' https:\/\/reqres.in\/api\/users'"}},{"result":{"nanos":2512700,"errorMessage":"java.net.URISyntaxException: Illegal character in scheme name at index 0:  https:\/\/reqres.in\/api\/users\nsrc\/test\/java\/frame\/get.feature:5","millis":2.5127,"status":"failed"},"step":{"line":5,"prefix":"When","index":1,"text":"method GET"},"stepLog":"12:42:41.759 src\/test\/java\/frame\/get.feature:5\nWhen method GET\njava.net.URISyntaxException: Illegal character in scheme name at index 0:  https:\/\/reqres.in\/api\/users\nsrc\/test\/java\/frame\/get.feature:5\n"},{"result":{"nanos":0,"millis":0.0,"status":"skipped"},"step":{"line":6,"prefix":"Then","index":2,"text":"status 200"}}],"line":3,"description":"","durationMillis":67.715901,"failed":true,"error":"java.net.URISyntaxException: Illegal character in scheme name at index 0:  https:\/\/reqres.in\/api\/users\nsrc\/test\/java\/frame\/get.feature:5","executorName":"main","name":"To test application response","startTime":1707289961675,"refId":"[1:3]","endTime":1707289961759,"exampleIndex":-1}],"callDepth":0,"name":"To test Get Request","description":"","resultDate":"2024-02-07 12:42:41 pm","durationMillis":67.715901,"passedCount":0}