{"failedCount":1,"prefixedPath":"src\/test\/java\/frame\/get.feature","packageQualifiedName":"src.test.java.frame.get","loopIndex":-1,"relativePath":"src\/test\/java\/frame\/get.feature","scenarioResults":[{"sectionIndex":0,"stepResults":[{"result":{"nanos":66402500,"millis":66.4025,"status":"passed"},"step":{"line":4,"prefix":"Given","index":0,"text":"url ' https:\/\/reqres.in\/api\/users\/2'"}},{"result":{"nanos":2702801,"errorMessage":"java.net.URISyntaxException: Illegal character in scheme name at index 0:  https:\/\/reqres.in\/api\/users\/2\nsrc\/test\/java\/frame\/get.feature:5","millis":2.702801,"status":"failed"},"step":{"line":5,"prefix":"When","index":1,"text":"method GET"},"stepLog":"12:38:02.441 src\/test\/java\/frame\/get.feature:5\nWhen method GET\njava.net.URISyntaxException: Illegal character in scheme name at index 0:  https:\/\/reqres.in\/api\/users\/2\nsrc\/test\/java\/frame\/get.feature:5\n"},{"result":{"nanos":0,"millis":0.0,"status":"skipped"},"step":{"line":6,"prefix":"Then","index":2,"text":"status 200"}}],"line":3,"description":"","durationMillis":69.105301,"failed":true,"error":"java.net.URISyntaxException: Illegal character in scheme name at index 0:  https:\/\/reqres.in\/api\/users\/2\nsrc\/test\/java\/frame\/get.feature:5","executorName":"main","name":"To test application response","startTime":1707289682357,"refId":"[1:3]","endTime":1707289682441,"exampleIndex":-1}],"callDepth":0,"name":"To test Get Request","description":"","resultDate":"2024-02-07 12:38:02 pm","durationMillis":69.105301,"passedCount":0}