{"failedCount":2,"prefixedPath":"src\/test\/java\/frame\/get.feature","packageQualifiedName":"src.test.java.frame.get","loopIndex":-1,"relativePath":"src\/test\/java\/frame\/get.feature","scenarioResults":[{"sectionIndex":0,"stepResults":[{"result":{"nanos":0,"errorMessage":">> src\/test\/java\/frame\/get.feature:6\n>> karate-config.js failed\n>> js failed:\n>>>>\n01: ()\n<<<<\norg.graalvm.polyglot.PolyglotException: SyntaxError: Unnamed:1:2 Expected => but found eof\r\n()\r\n  ^\n\n- org.graalvm.polyglot.Context.eval(Context.java:425)\n- com.intuit.karate.graal.JsEngine.evalForValue(JsEngine.java:139)\n- com.intuit.karate.graal.JsEngine.eval(JsEngine.java:135)\n- com.intuit.karate.core.ScenarioEngine.evalJs(ScenarioEngine.java:1196)\n- com.intuit.karate.core.ScenarioRuntime.evalConfigJs(ScenarioRuntime.java:296)\n- com.intuit.karate.core.ScenarioRuntime.beforeRun(ScenarioRuntime.java:372)\n- com.intuit.karate.core.ScenarioRuntime.run(ScenarioRuntime.java:391)\n\njs failed:\n>>>>\n<<<<\ncom.intuit.karate.KarateException: js failed:\n>>>>\n01: ()\n<<<<\norg.graalvm.polyglot.PolyglotException: SyntaxError: Unnamed:1:2 Expected => but found eof\r\n()\r\n  ^\n\n- org.graalvm.polyglot.Context.eval(Context.java:425)\n- com.intuit.karate.graal.JsEngine.evalForValue(JsEngine.java:139)\n- com.intuit.karate.graal.JsEngine.eval(JsEngine.java:135)\n- com.intuit.karate.core.ScenarioEngine.evalJs(ScenarioEngine.java:1196)\n- com.intuit.karate.core.ScenarioRuntime.evalConfigJs(ScenarioRuntime.java:296)\n- com.intuit.karate.core.ScenarioRuntime.beforeRun(ScenarioRuntime.java:372)\n- com.intuit.karate.core.ScenarioRuntime.run(ScenarioRuntime.java:391)\n\n- com.intuit.karate.graal.JsEngine.fromJsEvalException(JsEngine.java:224)\n- com.intuit.karate.core.ScenarioEngine.evalJs(ScenarioEngine.java:1198)\n- com.intuit.karate.core.ScenarioRuntime.evalConfigJs(ScenarioRuntime.java:296)\n- com.intuit.karate.core.ScenarioRuntime.beforeRun(ScenarioRuntime.java:372)\n- com.intuit.karate.core.ScenarioRuntime.run(ScenarioRuntime.java:391)\n- com.intuit.karate.core.FeatureRuntime.processScenario(FeatureRuntime.java:199)\n- java.base\/java.util.stream.ReferencePipeline$2$1.accept(ReferencePipeline.java:179)\n\nsrc\/test\/java\/frame\/get.feature:4","millis":0.0,"status":"failed"},"step":{"background":true,"line":4,"prefix":"Given","index":0,"text":"url 'https:\/\/reqres.in\/api\/'"},"stepLog":"17:53:26.348 src\/test\/java\/frame\/get.feature:4\nGiven url 'https:\/\/reqres.in\/api\/'\n>> src\/test\/java\/frame\/get.feature:6\n>> karate-config.js failed\n>> js failed:\n>>>>\n01: ()\n<<<<\norg.graalvm.polyglot.PolyglotException: SyntaxError: Unnamed:1:2 Expected => but found eof\r\n()\r\n  ^\n\n- org.graalvm.polyglot.Context.eval(Context.java:425)\n- com.intuit.karate.graal.JsEngine.evalForValue(JsEngine.java:139)\n- com.intuit.karate.graal.JsEngine.eval(JsEngine.java:135)\n- com.intuit.karate.core.ScenarioEngine.evalJs(ScenarioEngine.java:1196)\n- com.intuit.karate.core.ScenarioRuntime.evalConfigJs(ScenarioRuntime.java:296)\n- com.intuit.karate.core.ScenarioRuntime.beforeRun(ScenarioRuntime.java:372)\n- com.intuit.karate.core.ScenarioRuntime.run(ScenarioRuntime.java:391)\n\njs failed:\n>>>>\n<<<<\ncom.intuit.karate.KarateException: js failed:\n>>>>\n01: ()\n<<<<\norg.graalvm.polyglot.PolyglotException: SyntaxError: Unnamed:1:2 Expected => but found eof\r\n()\r\n  ^\n\n- org.graalvm.polyglot.Context.eval(Context.java:425)\n- com.intuit.karate.graal.JsEngine.evalForValue(JsEngine.java:139)\n- com.intuit.karate.graal.JsEngine.eval(JsEngine.java:135)\n- com.intuit.karate.core.ScenarioEngine.evalJs(ScenarioEngine.java:1196)\n- com.intuit.karate.core.ScenarioRuntime.evalConfigJs(ScenarioRuntime.java:296)\n- com.intuit.karate.core.ScenarioRuntime.beforeRun(ScenarioRuntime.java:372)\n- com.intuit.karate.core.ScenarioRuntime.run(ScenarioRuntime.java:391)\n\n- com.intuit.karate.graal.JsEngine.fromJsEvalException(JsEngine.java:224)\n- com.intuit.karate.core.ScenarioEngine.evalJs(ScenarioEngine.java:1198)\n- com.intuit.karate.core.ScenarioRuntime.evalConfigJs(ScenarioRuntime.java:296)\n- com.intuit.karate.core.ScenarioRuntime.beforeRun(ScenarioRuntime.java:372)\n- com.intuit.karate.core.ScenarioRuntime.run(ScenarioRuntime.java:391)\n- com.intuit.karate.core.FeatureRuntime.processScenario(FeatureRuntime.java:199)\n- java.base\/java.util.stream.ReferencePipeline$2$1.accept(ReferencePipeline.java:179)\n\nsrc\/test\/java\/frame\/get.feature:4\n"},{"result":{"nanos":0,"errorMessage":">> src\/test\/java\/frame\/get.feature:6\n>> karate-config.js failed\n>> js failed:\n>>>>\n01: ()\n<<<<\norg.graalvm.polyglot.PolyglotException: SyntaxError: Unnamed:1:2 Expected => but found eof\r\n()\r\n  ^\n\n- org.graalvm.polyglot.Context.eval(Context.java:425)\n- com.intuit.karate.graal.JsEngine.evalForValue(JsEngine.java:139)\n- com.intuit.karate.graal.JsEngine.eval(JsEngine.java:135)\n- com.intuit.karate.core.ScenarioEngine.evalJs(ScenarioEngine.java:1196)\n- com.intuit.karate.core.ScenarioRuntime.evalConfigJs(ScenarioRuntime.java:296)\n- com.intuit.karate.core.ScenarioRuntime.beforeRun(ScenarioRuntime.java:372)\n- com.intuit.karate.core.ScenarioRuntime.run(ScenarioRuntime.java:391)\n\njs failed:\n>>>>\n<<<<\ncom.intuit.karate.KarateException: js failed:\n>>>>\n01: ()\n<<<<\norg.graalvm.polyglot.PolyglotException: SyntaxError: Unnamed:1:2 Expected => but found eof\r\n()\r\n  ^\n\n- org.graalvm.polyglot.Context.eval(Context.java:425)\n- com.intuit.karate.graal.JsEngine.evalForValue(JsEngine.java:139)\n- com.intuit.karate.graal.JsEngine.eval(JsEngine.java:135)\n- com.intuit.karate.core.ScenarioEngine.evalJs(ScenarioEngine.java:1196)\n- com.intuit.karate.core.ScenarioRuntime.evalConfigJs(ScenarioRuntime.java:296)\n- com.intuit.karate.core.ScenarioRuntime.beforeRun(ScenarioRuntime.java:372)\n- com.intuit.karate.core.ScenarioRuntime.run(ScenarioRuntime.java:391)\n\n- com.intuit.karate.graal.JsEngine.fromJsEvalException(JsEngine.java:224)\n- com.intuit.karate.core.ScenarioEngine.evalJs(ScenarioEngine.java:1198)\n- com.intuit.karate.core.ScenarioRuntime.evalConfigJs(ScenarioRuntime.java:296)\n- com.intuit.karate.core.ScenarioRuntime.beforeRun(ScenarioRuntime.java:372)\n- com.intuit.karate.core.ScenarioRuntime.run(ScenarioRuntime.java:391)\n- com.intuit.karate.core.FeatureRuntime.processScenario(FeatureRuntime.java:199)\n- java.base\/java.util.stream.ReferencePipeline$2$1.accept(ReferencePipeline.java:179)\n\nsrc\/test\/java\/frame\/get.feature:4\nsrc\/test\/java\/frame\/get.feature:7","millis":0.0,"status":"failed"},"step":{"line":7,"prefix":"Given","index":0,"text":"path 'unknown'"},"stepLog":"17:53:26.348 src\/test\/java\/frame\/get.feature:7\nGiven path 'unknown'\n>> src\/test\/java\/frame\/get.feature:6\n>> karate-config.js failed\n>> js failed:\n>>>>\n01: ()\n<<<<\norg.graalvm.polyglot.PolyglotException: SyntaxError: Unnamed:1:2 Expected => but found eof\r\n()\r\n  ^\n\n- org.graalvm.polyglot.Context.eval(Context.java:425)\n- com.intuit.karate.graal.JsEngine.evalForValue(JsEngine.java:139)\n- com.intuit.karate.graal.JsEngine.eval(JsEngine.java:135)\n- com.intuit.karate.core.ScenarioEngine.evalJs(ScenarioEngine.java:1196)\n- com.intuit.karate.core.ScenarioRuntime.evalConfigJs(ScenarioRuntime.java:296)\n- com.intuit.karate.core.ScenarioRuntime.beforeRun(ScenarioRuntime.java:372)\n- com.intuit.karate.core.ScenarioRuntime.run(ScenarioRuntime.java:391)\n\njs failed:\n>>>>\n<<<<\ncom.intuit.karate.KarateException: js failed:\n>>>>\n01: ()\n<<<<\norg.graalvm.polyglot.PolyglotException: SyntaxError: Unnamed:1:2 Expected => but found eof\r\n()\r\n  ^\n\n- org.graalvm.polyglot.Context.eval(Context.java:425)\n- com.intuit.karate.graal.JsEngine.evalForValue(JsEngine.java:139)\n- com.intuit.karate.graal.JsEngine.eval(JsEngine.java:135)\n- com.intuit.karate.core.ScenarioEngine.evalJs(ScenarioEngine.java:1196)\n- com.intuit.karate.core.ScenarioRuntime.evalConfigJs(ScenarioRuntime.java:296)\n- com.intuit.karate.core.ScenarioRuntime.beforeRun(ScenarioRuntime.java:372)\n- com.intuit.karate.core.ScenarioRuntime.run(ScenarioRuntime.java:391)\n\n- com.intuit.karate.graal.JsEngine.fromJsEvalException(JsEngine.java:224)\n- com.intuit.karate.core.ScenarioEngine.evalJs(ScenarioEngine.java:1198)\n- com.intuit.karate.core.ScenarioRuntime.evalConfigJs(ScenarioRuntime.java:296)\n- com.intuit.karate.core.ScenarioRuntime.beforeRun(ScenarioRuntime.java:372)\n- com.intuit.karate.core.ScenarioRuntime.run(ScenarioRuntime.java:391)\n- com.intuit.karate.core.FeatureRuntime.processScenario(FeatureRuntime.java:199)\n- java.base\/java.util.stream.ReferencePipeline$2$1.accept(ReferencePipeline.java:179)\n\nsrc\/test\/java\/frame\/get.feature:4\nsrc\/test\/java\/frame\/get.feature:7\n"},{"result":{"nanos":0,"errorMessage":">> src\/test\/java\/frame\/get.feature:6\n>> karate-config.js failed\n>> js failed:\n>>>>\n01: ()\n<<<<\norg.graalvm.polyglot.PolyglotException: SyntaxError: Unnamed:1:2 Expected => but found eof\r\n()\r\n  ^\n\n- org.graalvm.polyglot.Context.eval(Context.java:425)\n- com.intuit.karate.graal.JsEngine.evalForValue(JsEngine.java:139)\n- com.intuit.karate.graal.JsEngine.eval(JsEngine.java:135)\n- com.intuit.karate.core.ScenarioEngine.evalJs(ScenarioEngine.java:1196)\n- com.intuit.karate.core.ScenarioRuntime.evalConfigJs(ScenarioRuntime.java:296)\n- com.intuit.karate.core.ScenarioRuntime.beforeRun(ScenarioRuntime.java:372)\n- com.intuit.karate.core.ScenarioRuntime.run(ScenarioRuntime.java:391)\n\njs failed:\n>>>>\n<<<<\ncom.intuit.karate.KarateException: js failed:\n>>>>\n01: ()\n<<<<\norg.graalvm.polyglot.PolyglotException: SyntaxError: Unnamed:1:2 Expected => but found eof\r\n()\r\n  ^\n\n- org.graalvm.polyglot.Context.eval(Context.java:425)\n- com.intuit.karate.graal.JsEngine.evalForValue(JsEngine.java:139)\n- com.intuit.karate.graal.JsEngine.eval(JsEngine.java:135)\n- com.intuit.karate.core.ScenarioEngine.evalJs(ScenarioEngine.java:1196)\n- com.intuit.karate.core.ScenarioRuntime.evalConfigJs(ScenarioRuntime.java:296)\n- com.intuit.karate.core.ScenarioRuntime.beforeRun(ScenarioRuntime.java:372)\n- com.intuit.karate.core.ScenarioRuntime.run(ScenarioRuntime.java:391)\n\n- com.intuit.karate.graal.JsEngine.fromJsEvalException(JsEngine.java:224)\n- com.intuit.karate.core.ScenarioEngine.evalJs(ScenarioEngine.java:1198)\n- com.intuit.karate.core.ScenarioRuntime.evalConfigJs(ScenarioRuntime.java:296)\n- com.intuit.karate.core.ScenarioRuntime.beforeRun(ScenarioRuntime.java:372)\n- com.intuit.karate.core.ScenarioRuntime.run(ScenarioRuntime.java:391)\n- com.intuit.karate.core.FeatureRuntime.processScenario(FeatureRuntime.java:199)\n- java.base\/java.util.stream.ReferencePipeline$2$1.accept(ReferencePipeline.java:179)\n\nsrc\/test\/java\/frame\/get.feature:4\nsrc\/test\/java\/frame\/get.feature:7\nsrc\/test\/java\/frame\/get.feature:8","millis":0.0,"status":"failed"},"step":{"line":8,"prefix":"Given","index":1,"text":"param id = 2"},"stepLog":"17:53:26.348 src\/test\/java\/frame\/get.feature:8\nGiven param id = 2\n>> src\/test\/java\/frame\/get.feature:6\n>> karate-config.js failed\n>> js failed:\n>>>>\n01: ()\n<<<<\norg.graalvm.polyglot.PolyglotException: SyntaxError: Unnamed:1:2 Expected => but found eof\r\n()\r\n  ^\n\n- org.graalvm.polyglot.Context.eval(Context.java:425)\n- com.intuit.karate.graal.JsEngine.evalForValue(JsEngine.java:139)\n- com.intuit.karate.graal.JsEngine.eval(JsEngine.java:135)\n- com.intuit.karate.core.ScenarioEngine.evalJs(ScenarioEngine.java:1196)\n- com.intuit.karate.core.ScenarioRuntime.evalConfigJs(ScenarioRuntime.java:296)\n- com.intuit.karate.core.ScenarioRuntime.beforeRun(ScenarioRuntime.java:372)\n- com.intuit.karate.core.ScenarioRuntime.run(ScenarioRuntime.java:391)\n\njs failed:\n>>>>\n<<<<\ncom.intuit.karate.KarateException: js failed:\n>>>>\n01: ()\n<<<<\norg.graalvm.polyglot.PolyglotException: SyntaxError: Unnamed:1:2 Expected => but found eof\r\n()\r\n  ^\n\n- org.graalvm.polyglot.Context.eval(Context.java:425)\n- com.intuit.karate.graal.JsEngine.evalForValue(JsEngine.java:139)\n- com.intuit.karate.graal.JsEngine.eval(JsEngine.java:135)\n- com.intuit.karate.core.ScenarioEngine.evalJs(ScenarioEngine.java:1196)\n- com.intuit.karate.core.ScenarioRuntime.evalConfigJs(ScenarioRuntime.java:296)\n- com.intuit.karate.core.ScenarioRuntime.beforeRun(ScenarioRuntime.java:372)\n- com.intuit.karate.core.ScenarioRuntime.run(ScenarioRuntime.java:391)\n\n- com.intuit.karate.graal.JsEngine.fromJsEvalException(JsEngine.java:224)\n- com.intuit.karate.core.ScenarioEngine.evalJs(ScenarioEngine.java:1198)\n- com.intuit.karate.core.ScenarioRuntime.evalConfigJs(ScenarioRuntime.java:296)\n- com.intuit.karate.core.ScenarioRuntime.beforeRun(ScenarioRuntime.java:372)\n- com.intuit.karate.core.ScenarioRuntime.run(ScenarioRuntime.java:391)\n- com.intuit.karate.core.FeatureRuntime.processScenario(FeatureRuntime.java:199)\n- java.base\/java.util.stream.ReferencePipeline$2$1.accept(ReferencePipeline.java:179)\n\nsrc\/test\/java\/frame\/get.feature:4\nsrc\/test\/java\/frame\/get.feature:7\nsrc\/test\/java\/frame\/get.feature:8\n"},{"result":{"nanos":0,"errorMessage":">> src\/test\/java\/frame\/get.feature:6\n>> karate-config.js failed\n>> js failed:\n>>>>\n01: ()\n<<<<\norg.graalvm.polyglot.PolyglotException: SyntaxError: Unnamed:1:2 Expected => but found eof\r\n()\r\n  ^\n\n- org.graalvm.polyglot.Context.eval(Context.java:425)\n- com.intuit.karate.graal.JsEngine.evalForValue(JsEngine.java:139)\n- com.intuit.karate.graal.JsEngine.eval(JsEngine.java:135)\n- com.intuit.karate.core.ScenarioEngine.evalJs(ScenarioEngine.java:1196)\n- com.intuit.karate.core.ScenarioRuntime.evalConfigJs(ScenarioRuntime.java:296)\n- com.intuit.karate.core.ScenarioRuntime.beforeRun(ScenarioRuntime.java:372)\n- com.intuit.karate.core.ScenarioRuntime.run(ScenarioRuntime.java:391)\n\njs failed:\n>>>>\n<<<<\ncom.intuit.karate.KarateException: js failed:\n>>>>\n01: ()\n<<<<\norg.graalvm.polyglot.PolyglotException: SyntaxError: Unnamed:1:2 Expected => but found eof\r\n()\r\n  ^\n\n- org.graalvm.polyglot.Context.eval(Context.java:425)\n- com.intuit.karate.graal.JsEngine.evalForValue(JsEngine.java:139)\n- com.intuit.karate.graal.JsEngine.eval(JsEngine.java:135)\n- com.intuit.karate.core.ScenarioEngine.evalJs(ScenarioEngine.java:1196)\n- com.intuit.karate.core.ScenarioRuntime.evalConfigJs(ScenarioRuntime.java:296)\n- com.intuit.karate.core.ScenarioRuntime.beforeRun(ScenarioRuntime.java:372)\n- com.intuit.karate.core.ScenarioRuntime.run(ScenarioRuntime.java:391)\n\n- com.intuit.karate.graal.JsEngine.fromJsEvalException(JsEngine.java:224)\n- com.intuit.karate.core.ScenarioEngine.evalJs(ScenarioEngine.java:1198)\n- com.intuit.karate.core.ScenarioRuntime.evalConfigJs(ScenarioRuntime.java:296)\n- com.intuit.karate.core.ScenarioRuntime.beforeRun(ScenarioRuntime.java:372)\n- com.intuit.karate.core.ScenarioRuntime.run(ScenarioRuntime.java:391)\n- com.intuit.karate.core.FeatureRuntime.processScenario(FeatureRuntime.java:199)\n- java.base\/java.util.stream.ReferencePipeline$2$1.accept(ReferencePipeline.java:179)\n\nsrc\/test\/java\/frame\/get.feature:4\nsrc\/test\/java\/frame\/get.feature:7\nsrc\/test\/java\/frame\/get.feature:8\nsrc\/test\/java\/frame\/get.feature:9","millis":0.0,"status":"failed"},"step":{"line":9,"prefix":"When","index":2,"text":"method GET"},"stepLog":"17:53:26.348 src\/test\/java\/frame\/get.feature:9\nWhen method GET\n>> src\/test\/java\/frame\/get.feature:6\n>> karate-config.js failed\n>> js failed:\n>>>>\n01: ()\n<<<<\norg.graalvm.polyglot.PolyglotException: SyntaxError: Unnamed:1:2 Expected => but found eof\r\n()\r\n  ^\n\n- org.graalvm.polyglot.Context.eval(Context.java:425)\n- com.intuit.karate.graal.JsEngine.evalForValue(JsEngine.java:139)\n- com.intuit.karate.graal.JsEngine.eval(JsEngine.java:135)\n- com.intuit.karate.core.ScenarioEngine.evalJs(ScenarioEngine.java:1196)\n- com.intuit.karate.core.ScenarioRuntime.evalConfigJs(ScenarioRuntime.java:296)\n- com.intuit.karate.core.ScenarioRuntime.beforeRun(ScenarioRuntime.java:372)\n- com.intuit.karate.core.ScenarioRuntime.run(ScenarioRuntime.java:391)\n\njs failed:\n>>>>\n<<<<\ncom.intuit.karate.KarateException: js failed:\n>>>>\n01: ()\n<<<<\norg.graalvm.polyglot.PolyglotException: SyntaxError: Unnamed:1:2 Expected => but found eof\r\n()\r\n  ^\n\n- org.graalvm.polyglot.Context.eval(Context.java:425)\n- com.intuit.karate.graal.JsEngine.evalForValue(JsEngine.java:139)\n- com.intuit.karate.graal.JsEngine.eval(JsEngine.java:135)\n- com.intuit.karate.core.ScenarioEngine.evalJs(ScenarioEngine.java:1196)\n- com.intuit.karate.core.ScenarioRuntime.evalConfigJs(ScenarioRuntime.java:296)\n- com.intuit.karate.core.ScenarioRuntime.beforeRun(ScenarioRuntime.java:372)\n- com.intuit.karate.core.ScenarioRuntime.run(ScenarioRuntime.java:391)\n\n- com.intuit.karate.graal.JsEngine.fromJsEvalException(JsEngine.java:224)\n- com.intuit.karate.core.ScenarioEngine.evalJs(ScenarioEngine.java:1198)\n- com.intuit.karate.core.ScenarioRuntime.evalConfigJs(ScenarioRuntime.java:296)\n- com.intuit.karate.core.ScenarioRuntime.beforeRun(ScenarioRuntime.java:372)\n- com.intuit.karate.core.ScenarioRuntime.run(ScenarioRuntime.java:391)\n- com.intuit.karate.core.FeatureRuntime.processScenario(FeatureRuntime.java:199)\n- java.base\/java.util.stream.ReferencePipeline$2$1.accept(ReferencePipeline.java:179)\n\nsrc\/test\/java\/frame\/get.feature:4\nsrc\/test\/java\/frame\/get.feature:7\nsrc\/test\/java\/frame\/get.feature:8\nsrc\/test\/java\/frame\/get.feature:9\n"},{"result":{"nanos":0,"errorMessage":">> src\/test\/java\/frame\/get.feature:6\n>> karate-config.js failed\n>> js failed:\n>>>>\n01: ()\n<<<<\norg.graalvm.polyglot.PolyglotException: SyntaxError: Unnamed:1:2 Expected => but found eof\r\n()\r\n  ^\n\n- org.graalvm.polyglot.Context.eval(Context.java:425)\n- com.intuit.karate.graal.JsEngine.evalForValue(JsEngine.java:139)\n- com.intuit.karate.graal.JsEngine.eval(JsEngine.java:135)\n- com.intuit.karate.core.ScenarioEngine.evalJs(ScenarioEngine.java:1196)\n- com.intuit.karate.core.ScenarioRuntime.evalConfigJs(ScenarioRuntime.java:296)\n- com.intuit.karate.core.ScenarioRuntime.beforeRun(ScenarioRuntime.java:372)\n- com.intuit.karate.core.ScenarioRuntime.run(ScenarioRuntime.java:391)\n\njs failed:\n>>>>\n<<<<\ncom.intuit.karate.KarateException: js failed:\n>>>>\n01: ()\n<<<<\norg.graalvm.polyglot.PolyglotException: SyntaxError: Unnamed:1:2 Expected => but found eof\r\n()\r\n  ^\n\n- org.graalvm.polyglot.Context.eval(Context.java:425)\n- com.intuit.karate.graal.JsEngine.evalForValue(JsEngine.java:139)\n- com.intuit.karate.graal.JsEngine.eval(JsEngine.java:135)\n- com.intuit.karate.core.ScenarioEngine.evalJs(ScenarioEngine.java:1196)\n- com.intuit.karate.core.ScenarioRuntime.evalConfigJs(ScenarioRuntime.java:296)\n- com.intuit.karate.core.ScenarioRuntime.beforeRun(ScenarioRuntime.java:372)\n- com.intuit.karate.core.ScenarioRuntime.run(ScenarioRuntime.java:391)\n\n- com.intuit.karate.graal.JsEngine.fromJsEvalException(JsEngine.java:224)\n- com.intuit.karate.core.ScenarioEngine.evalJs(ScenarioEngine.java:1198)\n- com.intuit.karate.core.ScenarioRuntime.evalConfigJs(ScenarioRuntime.java:296)\n- com.intuit.karate.core.ScenarioRuntime.beforeRun(ScenarioRuntime.java:372)\n- com.intuit.karate.core.ScenarioRuntime.run(ScenarioRuntime.java:391)\n- com.intuit.karate.core.FeatureRuntime.processScenario(FeatureRuntime.java:199)\n- java.base\/java.util.stream.ReferencePipeline$2$1.accept(ReferencePipeline.java:179)\n\nsrc\/test\/java\/frame\/get.feature:4\nsrc\/test\/java\/frame\/get.feature:7\nsrc\/test\/java\/frame\/get.feature:8\nsrc\/test\/java\/frame\/get.feature:9\nsrc\/test\/java\/frame\/get.feature:10","millis":0.0,"status":"failed"},"step":{"line":10,"prefix":"Then","index":3,"text":"status 200"},"stepLog":"17:53:26.348 src\/test\/java\/frame\/get.feature:10\nThen status 200\n>> src\/test\/java\/frame\/get.feature:6\n>> karate-config.js failed\n>> js failed:\n>>>>\n01: ()\n<<<<\norg.graalvm.polyglot.PolyglotException: SyntaxError: Unnamed:1:2 Expected => but found eof\r\n()\r\n  ^\n\n- org.graalvm.polyglot.Context.eval(Context.java:425)\n- com.intuit.karate.graal.JsEngine.evalForValue(JsEngine.java:139)\n- com.intuit.karate.graal.JsEngine.eval(JsEngine.java:135)\n- com.intuit.karate.core.ScenarioEngine.evalJs(ScenarioEngine.java:1196)\n- com.intuit.karate.core.ScenarioRuntime.evalConfigJs(ScenarioRuntime.java:296)\n- com.intuit.karate.core.ScenarioRuntime.beforeRun(ScenarioRuntime.java:372)\n- com.intuit.karate.core.ScenarioRuntime.run(ScenarioRuntime.java:391)\n\njs failed:\n>>>>\n<<<<\ncom.intuit.karate.KarateException: js failed:\n>>>>\n01: ()\n<<<<\norg.graalvm.polyglot.PolyglotException: SyntaxError: Unnamed:1:2 Expected => but found eof\r\n()\r\n  ^\n\n- org.graalvm.polyglot.Context.eval(Context.java:425)\n- com.intuit.karate.graal.JsEngine.evalForValue(JsEngine.java:139)\n- com.intuit.karate.graal.JsEngine.eval(JsEngine.java:135)\n- com.intuit.karate.core.ScenarioEngine.evalJs(ScenarioEngine.java:1196)\n- com.intuit.karate.core.ScenarioRuntime.evalConfigJs(ScenarioRuntime.java:296)\n- com.intuit.karate.core.ScenarioRuntime.beforeRun(ScenarioRuntime.java:372)\n- com.intuit.karate.core.ScenarioRuntime.run(ScenarioRuntime.java:391)\n\n- com.intuit.karate.graal.JsEngine.fromJsEvalException(JsEngine.java:224)\n- com.intuit.karate.core.ScenarioEngine.evalJs(ScenarioEngine.java:1198)\n- com.intuit.karate.core.ScenarioRuntime.evalConfigJs(ScenarioRuntime.java:296)\n- com.intuit.karate.core.ScenarioRuntime.beforeRun(ScenarioRuntime.java:372)\n- com.intuit.karate.core.ScenarioRuntime.run(ScenarioRuntime.java:391)\n- com.intuit.karate.core.FeatureRuntime.processScenario(FeatureRuntime.java:199)\n- java.base\/java.util.stream.ReferencePipeline$2$1.accept(ReferencePipeline.java:179)\n\nsrc\/test\/java\/frame\/get.feature:4\nsrc\/test\/java\/frame\/get.feature:7\nsrc\/test\/java\/frame\/get.feature:8\nsrc\/test\/java\/frame\/get.feature:9\nsrc\/test\/java\/frame\/get.feature:10\n"},{"result":{"nanos":0,"errorMessage":">> src\/test\/java\/frame\/get.feature:6\n>> karate-config.js failed\n>> js failed:\n>>>>\n01: ()\n<<<<\norg.graalvm.polyglot.PolyglotException: SyntaxError: Unnamed:1:2 Expected => but found eof\r\n()\r\n  ^\n\n- org.graalvm.polyglot.Context.eval(Context.java:425)\n- com.intuit.karate.graal.JsEngine.evalForValue(JsEngine.java:139)\n- com.intuit.karate.graal.JsEngine.eval(JsEngine.java:135)\n- com.intuit.karate.core.ScenarioEngine.evalJs(ScenarioEngine.java:1196)\n- com.intuit.karate.core.ScenarioRuntime.evalConfigJs(ScenarioRuntime.java:296)\n- com.intuit.karate.core.ScenarioRuntime.beforeRun(ScenarioRuntime.java:372)\n- com.intuit.karate.core.ScenarioRuntime.run(ScenarioRuntime.java:391)\n\njs failed:\n>>>>\n<<<<\ncom.intuit.karate.KarateException: js failed:\n>>>>\n01: ()\n<<<<\norg.graalvm.polyglot.PolyglotException: SyntaxError: Unnamed:1:2 Expected => but found eof\r\n()\r\n  ^\n\n- org.graalvm.polyglot.Context.eval(Context.java:425)\n- com.intuit.karate.graal.JsEngine.evalForValue(JsEngine.java:139)\n- com.intuit.karate.graal.JsEngine.eval(JsEngine.java:135)\n- com.intuit.karate.core.ScenarioEngine.evalJs(ScenarioEngine.java:1196)\n- com.intuit.karate.core.ScenarioRuntime.evalConfigJs(ScenarioRuntime.java:296)\n- com.intuit.karate.core.ScenarioRuntime.beforeRun(ScenarioRuntime.java:372)\n- com.intuit.karate.core.ScenarioRuntime.run(ScenarioRuntime.java:391)\n\n- com.intuit.karate.graal.JsEngine.fromJsEvalException(JsEngine.java:224)\n- com.intuit.karate.core.ScenarioEngine.evalJs(ScenarioEngine.java:1198)\n- com.intuit.karate.core.ScenarioRuntime.evalConfigJs(ScenarioRuntime.java:296)\n- com.intuit.karate.core.ScenarioRuntime.beforeRun(ScenarioRuntime.java:372)\n- com.intuit.karate.core.ScenarioRuntime.run(ScenarioRuntime.java:391)\n- com.intuit.karate.core.FeatureRuntime.processScenario(FeatureRuntime.java:199)\n- java.base\/java.util.stream.ReferencePipeline$2$1.accept(ReferencePipeline.java:179)\n\nsrc\/test\/java\/frame\/get.feature:4\nsrc\/test\/java\/frame\/get.feature:7\nsrc\/test\/java\/frame\/get.feature:8\nsrc\/test\/java\/frame\/get.feature:9\nsrc\/test\/java\/frame\/get.feature:10\nsrc\/test\/java\/frame\/get.feature:11","millis":0.0,"status":"failed"},"step":{"line":11,"prefix":"And","index":4,"text":"print  response"},"stepLog":"17:53:26.349 src\/test\/java\/frame\/get.feature:11\nAnd print  response\n>> src\/test\/java\/frame\/get.feature:6\n>> karate-config.js failed\n>> js failed:\n>>>>\n01: ()\n<<<<\norg.graalvm.polyglot.PolyglotException: SyntaxError: Unnamed:1:2 Expected => but found eof\r\n()\r\n  ^\n\n- org.graalvm.polyglot.Context.eval(Context.java:425)\n- com.intuit.karate.graal.JsEngine.evalForValue(JsEngine.java:139)\n- com.intuit.karate.graal.JsEngine.eval(JsEngine.java:135)\n- com.intuit.karate.core.ScenarioEngine.evalJs(ScenarioEngine.java:1196)\n- com.intuit.karate.core.ScenarioRuntime.evalConfigJs(ScenarioRuntime.java:296)\n- com.intuit.karate.core.ScenarioRuntime.beforeRun(ScenarioRuntime.java:372)\n- com.intuit.karate.core.ScenarioRuntime.run(ScenarioRuntime.java:391)\n\njs failed:\n>>>>\n<<<<\ncom.intuit.karate.KarateException: js failed:\n>>>>\n01: ()\n<<<<\norg.graalvm.polyglot.PolyglotException: SyntaxError: Unnamed:1:2 Expected => but found eof\r\n()\r\n  ^\n\n- org.graalvm.polyglot.Context.eval(Context.java:425)\n- com.intuit.karate.graal.JsEngine.evalForValue(JsEngine.java:139)\n- com.intuit.karate.graal.JsEngine.eval(JsEngine.java:135)\n- com.intuit.karate.core.ScenarioEngine.evalJs(ScenarioEngine.java:1196)\n- com.intuit.karate.core.ScenarioRuntime.evalConfigJs(ScenarioRuntime.java:296)\n- com.intuit.karate.core.ScenarioRuntime.beforeRun(ScenarioRuntime.java:372)\n- com.intuit.karate.core.ScenarioRuntime.run(ScenarioRuntime.java:391)\n\n- com.intuit.karate.graal.JsEngine.fromJsEvalException(JsEngine.java:224)\n- com.intuit.karate.core.ScenarioEngine.evalJs(ScenarioEngine.java:1198)\n- com.intuit.karate.core.ScenarioRuntime.evalConfigJs(ScenarioRuntime.java:296)\n- com.intuit.karate.core.ScenarioRuntime.beforeRun(ScenarioRuntime.java:372)\n- com.intuit.karate.core.ScenarioRuntime.run(ScenarioRuntime.java:391)\n- com.intuit.karate.core.FeatureRuntime.processScenario(FeatureRuntime.java:199)\n- java.base\/java.util.stream.ReferencePipeline$2$1.accept(ReferencePipeline.java:179)\n\nsrc\/test\/java\/frame\/get.feature:4\nsrc\/test\/java\/frame\/get.feature:7\nsrc\/test\/java\/frame\/get.feature:8\nsrc\/test\/java\/frame\/get.feature:9\nsrc\/test\/java\/frame\/get.feature:10\nsrc\/test\/java\/frame\/get.feature:11\n"},{"result":{"nanos":0,"errorMessage":">> src\/test\/java\/frame\/get.feature:6\n>> karate-config.js failed\n>> js failed:\n>>>>\n01: ()\n<<<<\norg.graalvm.polyglot.PolyglotException: SyntaxError: Unnamed:1:2 Expected => but found eof\r\n()\r\n  ^\n\n- org.graalvm.polyglot.Context.eval(Context.java:425)\n- com.intuit.karate.graal.JsEngine.evalForValue(JsEngine.java:139)\n- com.intuit.karate.graal.JsEngine.eval(JsEngine.java:135)\n- com.intuit.karate.core.ScenarioEngine.evalJs(ScenarioEngine.java:1196)\n- com.intuit.karate.core.ScenarioRuntime.evalConfigJs(ScenarioRuntime.java:296)\n- com.intuit.karate.core.ScenarioRuntime.beforeRun(ScenarioRuntime.java:372)\n- com.intuit.karate.core.ScenarioRuntime.run(ScenarioRuntime.java:391)\n\njs failed:\n>>>>\n<<<<\ncom.intuit.karate.KarateException: js failed:\n>>>>\n01: ()\n<<<<\norg.graalvm.polyglot.PolyglotException: SyntaxError: Unnamed:1:2 Expected => but found eof\r\n()\r\n  ^\n\n- org.graalvm.polyglot.Context.eval(Context.java:425)\n- com.intuit.karate.graal.JsEngine.evalForValue(JsEngine.java:139)\n- com.intuit.karate.graal.JsEngine.eval(JsEngine.java:135)\n- com.intuit.karate.core.ScenarioEngine.evalJs(ScenarioEngine.java:1196)\n- com.intuit.karate.core.ScenarioRuntime.evalConfigJs(ScenarioRuntime.java:296)\n- com.intuit.karate.core.ScenarioRuntime.beforeRun(ScenarioRuntime.java:372)\n- com.intuit.karate.core.ScenarioRuntime.run(ScenarioRuntime.java:391)\n\n- com.intuit.karate.graal.JsEngine.fromJsEvalException(JsEngine.java:224)\n- com.intuit.karate.core.ScenarioEngine.evalJs(ScenarioEngine.java:1198)\n- com.intuit.karate.core.ScenarioRuntime.evalConfigJs(ScenarioRuntime.java:296)\n- com.intuit.karate.core.ScenarioRuntime.beforeRun(ScenarioRuntime.java:372)\n- com.intuit.karate.core.ScenarioRuntime.run(ScenarioRuntime.java:391)\n- com.intuit.karate.core.FeatureRuntime.processScenario(FeatureRuntime.java:199)\n- java.base\/java.util.stream.ReferencePipeline$2$1.accept(ReferencePipeline.java:179)\n\nsrc\/test\/java\/frame\/get.feature:4\nsrc\/test\/java\/frame\/get.feature:7\nsrc\/test\/java\/frame\/get.feature:8\nsrc\/test\/java\/frame\/get.feature:9\nsrc\/test\/java\/frame\/get.feature:10\nsrc\/test\/java\/frame\/get.feature:11\nsrc\/test\/java\/frame\/get.feature:13","millis":0.0,"status":"failed"},"step":{"comments":["# And match response.data[0].name =='cerulean'"],"line":13,"prefix":"And","index":5,"text":"match response.data.color == '#C74375'"},"stepLog":"17:53:26.349 src\/test\/java\/frame\/get.feature:13\nAnd match response.data.color == '#C74375'\n>> src\/test\/java\/frame\/get.feature:6\n>> karate-config.js failed\n>> js failed:\n>>>>\n01: ()\n<<<<\norg.graalvm.polyglot.PolyglotException: SyntaxError: Unnamed:1:2 Expected => but found eof\r\n()\r\n  ^\n\n- org.graalvm.polyglot.Context.eval(Context.java:425)\n- com.intuit.karate.graal.JsEngine.evalForValue(JsEngine.java:139)\n- com.intuit.karate.graal.JsEngine.eval(JsEngine.java:135)\n- com.intuit.karate.core.ScenarioEngine.evalJs(ScenarioEngine.java:1196)\n- com.intuit.karate.core.ScenarioRuntime.evalConfigJs(ScenarioRuntime.java:296)\n- com.intuit.karate.core.ScenarioRuntime.beforeRun(ScenarioRuntime.java:372)\n- com.intuit.karate.core.ScenarioRuntime.run(ScenarioRuntime.java:391)\n\njs failed:\n>>>>\n<<<<\ncom.intuit.karate.KarateException: js failed:\n>>>>\n01: ()\n<<<<\norg.graalvm.polyglot.PolyglotException: SyntaxError: Unnamed:1:2 Expected => but found eof\r\n()\r\n  ^\n\n- org.graalvm.polyglot.Context.eval(Context.java:425)\n- com.intuit.karate.graal.JsEngine.evalForValue(JsEngine.java:139)\n- com.intuit.karate.graal.JsEngine.eval(JsEngine.java:135)\n- com.intuit.karate.core.ScenarioEngine.evalJs(ScenarioEngine.java:1196)\n- com.intuit.karate.core.ScenarioRuntime.evalConfigJs(ScenarioRuntime.java:296)\n- com.intuit.karate.core.ScenarioRuntime.beforeRun(ScenarioRuntime.java:372)\n- com.intuit.karate.core.ScenarioRuntime.run(ScenarioRuntime.java:391)\n\n- com.intuit.karate.graal.JsEngine.fromJsEvalException(JsEngine.java:224)\n- com.intuit.karate.core.ScenarioEngine.evalJs(ScenarioEngine.java:1198)\n- com.intuit.karate.core.ScenarioRuntime.evalConfigJs(ScenarioRuntime.java:296)\n- com.intuit.karate.core.ScenarioRuntime.beforeRun(ScenarioRuntime.java:372)\n- com.intuit.karate.core.ScenarioRuntime.run(ScenarioRuntime.java:391)\n- com.intuit.karate.core.FeatureRuntime.processScenario(FeatureRuntime.java:199)\n- java.base\/java.util.stream.ReferencePipeline$2$1.accept(ReferencePipeline.java:179)\n\nsrc\/test\/java\/frame\/get.feature:4\nsrc\/test\/java\/frame\/get.feature:7\nsrc\/test\/java\/frame\/get.feature:8\nsrc\/test\/java\/frame\/get.feature:9\nsrc\/test\/java\/frame\/get.feature:10\nsrc\/test\/java\/frame\/get.feature:11\nsrc\/test\/java\/frame\/get.feature:13\n"}],"line":6,"description":"","durationMillis":0.0,"failed":true,"error":">> src\/test\/java\/frame\/get.feature:6\n>> karate-config.js failed\n>> js failed:\n>>>>\n01: ()\n<<<<\norg.graalvm.polyglot.PolyglotException: SyntaxError: Unnamed:1:2 Expected => but found eof\r\n()\r\n  ^\n\n- org.graalvm.polyglot.Context.eval(Context.java:425)\n- com.intuit.karate.graal.JsEngine.evalForValue(JsEngine.java:139)\n- com.intuit.karate.graal.JsEngine.eval(JsEngine.java:135)\n- com.intuit.karate.core.ScenarioEngine.evalJs(ScenarioEngine.java:1196)\n- com.intuit.karate.core.ScenarioRuntime.evalConfigJs(ScenarioRuntime.java:296)\n- com.intuit.karate.core.ScenarioRuntime.beforeRun(ScenarioRuntime.java:372)\n- com.intuit.karate.core.ScenarioRuntime.run(ScenarioRuntime.java:391)\n\njs failed:\n>>>>\n<<<<\ncom.intuit.karate.KarateException: js failed:\n>>>>\n01: ()\n<<<<\norg.graalvm.polyglot.PolyglotException: SyntaxError: Unnamed:1:2 Expected => but found eof\r\n()\r\n  ^\n\n- org.graalvm.polyglot.Context.eval(Context.java:425)\n- com.intuit.karate.graal.JsEngine.evalForValue(JsEngine.java:139)\n- com.intuit.karate.graal.JsEngine.eval(JsEngine.java:135)\n- com.intuit.karate.core.ScenarioEngine.evalJs(ScenarioEngine.java:1196)\n- com.intuit.karate.core.ScenarioRuntime.evalConfigJs(ScenarioRuntime.java:296)\n- com.intuit.karate.core.ScenarioRuntime.beforeRun(ScenarioRuntime.java:372)\n- com.intuit.karate.core.ScenarioRuntime.run(ScenarioRuntime.java:391)\n\n- com.intuit.karate.graal.JsEngine.fromJsEvalException(JsEngine.java:224)\n- com.intuit.karate.core.ScenarioEngine.evalJs(ScenarioEngine.java:1198)\n- com.intuit.karate.core.ScenarioRuntime.evalConfigJs(ScenarioRuntime.java:296)\n- com.intuit.karate.core.ScenarioRuntime.beforeRun(ScenarioRuntime.java:372)\n- com.intuit.karate.core.ScenarioRuntime.run(ScenarioRuntime.java:391)\n- com.intuit.karate.core.FeatureRuntime.processScenario(FeatureRuntime.java:199)\n- java.base\/java.util.stream.ReferencePipeline$2$1.accept(ReferencePipeline.java:179)\n\nsrc\/test\/java\/frame\/get.feature:4\nsrc\/test\/java\/frame\/get.feature:7\nsrc\/test\/java\/frame\/get.feature:8\nsrc\/test\/java\/frame\/get.feature:9\nsrc\/test\/java\/frame\/get.feature:10\nsrc\/test\/java\/frame\/get.feature:11\nsrc\/test\/java\/frame\/get.feature:13","executorName":"main","name":"Test a sample Get API","startTime":1707567806276,"refId":"[1:6]","endTime":1707567806349,"exampleIndex":-1},{"sectionIndex":1,"stepResults":[{"result":{"nanos":0,"errorMessage":">> src\/test\/java\/frame\/get.feature:16\n>> karate-config.js failed\n>> js failed:\n>>>>\n01: ()\n<<<<\norg.graalvm.polyglot.PolyglotException: SyntaxError: Unnamed:1:2 Expected => but found eof\r\n()\r\n  ^\n\n- org.graalvm.polyglot.Context.eval(Context.java:425)\n- com.intuit.karate.graal.JsEngine.evalForValue(JsEngine.java:139)\n- com.intuit.karate.graal.JsEngine.eval(JsEngine.java:135)\n- com.intuit.karate.core.ScenarioEngine.evalJs(ScenarioEngine.java:1196)\n- com.intuit.karate.core.ScenarioRuntime.evalConfigJs(ScenarioRuntime.java:296)\n- com.intuit.karate.core.ScenarioRuntime.beforeRun(ScenarioRuntime.java:372)\n- com.intuit.karate.core.ScenarioRuntime.run(ScenarioRuntime.java:391)\n\njs failed:\n>>>>\n<<<<\ncom.intuit.karate.KarateException: js failed:\n>>>>\n01: ()\n<<<<\norg.graalvm.polyglot.PolyglotException: SyntaxError: Unnamed:1:2 Expected => but found eof\r\n()\r\n  ^\n\n- org.graalvm.polyglot.Context.eval(Context.java:425)\n- com.intuit.karate.graal.JsEngine.evalForValue(JsEngine.java:139)\n- com.intuit.karate.graal.JsEngine.eval(JsEngine.java:135)\n- com.intuit.karate.core.ScenarioEngine.evalJs(ScenarioEngine.java:1196)\n- com.intuit.karate.core.ScenarioRuntime.evalConfigJs(ScenarioRuntime.java:296)\n- com.intuit.karate.core.ScenarioRuntime.beforeRun(ScenarioRuntime.java:372)\n- com.intuit.karate.core.ScenarioRuntime.run(ScenarioRuntime.java:391)\n\n- com.intuit.karate.graal.JsEngine.fromJsEvalException(JsEngine.java:224)\n- com.intuit.karate.core.ScenarioEngine.evalJs(ScenarioEngine.java:1198)\n- com.intuit.karate.core.ScenarioRuntime.evalConfigJs(ScenarioRuntime.java:296)\n- com.intuit.karate.core.ScenarioRuntime.beforeRun(ScenarioRuntime.java:372)\n- com.intuit.karate.core.ScenarioRuntime.run(ScenarioRuntime.java:391)\n- com.intuit.karate.core.FeatureRuntime.processScenario(FeatureRuntime.java:199)\n- java.base\/java.util.stream.ReferencePipeline$2$1.accept(ReferencePipeline.java:179)\n\nsrc\/test\/java\/frame\/get.feature:4","millis":0.0,"status":"failed"},"step":{"background":true,"line":4,"prefix":"Given","index":0,"text":"url 'https:\/\/reqres.in\/api\/'"},"stepLog":"17:53:26.362 src\/test\/java\/frame\/get.feature:4\nGiven url 'https:\/\/reqres.in\/api\/'\n>> src\/test\/java\/frame\/get.feature:16\n>> karate-config.js failed\n>> js failed:\n>>>>\n01: ()\n<<<<\norg.graalvm.polyglot.PolyglotException: SyntaxError: Unnamed:1:2 Expected => but found eof\r\n()\r\n  ^\n\n- org.graalvm.polyglot.Context.eval(Context.java:425)\n- com.intuit.karate.graal.JsEngine.evalForValue(JsEngine.java:139)\n- com.intuit.karate.graal.JsEngine.eval(JsEngine.java:135)\n- com.intuit.karate.core.ScenarioEngine.evalJs(ScenarioEngine.java:1196)\n- com.intuit.karate.core.ScenarioRuntime.evalConfigJs(ScenarioRuntime.java:296)\n- com.intuit.karate.core.ScenarioRuntime.beforeRun(ScenarioRuntime.java:372)\n- com.intuit.karate.core.ScenarioRuntime.run(ScenarioRuntime.java:391)\n\njs failed:\n>>>>\n<<<<\ncom.intuit.karate.KarateException: js failed:\n>>>>\n01: ()\n<<<<\norg.graalvm.polyglot.PolyglotException: SyntaxError: Unnamed:1:2 Expected => but found eof\r\n()\r\n  ^\n\n- org.graalvm.polyglot.Context.eval(Context.java:425)\n- com.intuit.karate.graal.JsEngine.evalForValue(JsEngine.java:139)\n- com.intuit.karate.graal.JsEngine.eval(JsEngine.java:135)\n- com.intuit.karate.core.ScenarioEngine.evalJs(ScenarioEngine.java:1196)\n- com.intuit.karate.core.ScenarioRuntime.evalConfigJs(ScenarioRuntime.java:296)\n- com.intuit.karate.core.ScenarioRuntime.beforeRun(ScenarioRuntime.java:372)\n- com.intuit.karate.core.ScenarioRuntime.run(ScenarioRuntime.java:391)\n\n- com.intuit.karate.graal.JsEngine.fromJsEvalException(JsEngine.java:224)\n- com.intuit.karate.core.ScenarioEngine.evalJs(ScenarioEngine.java:1198)\n- com.intuit.karate.core.ScenarioRuntime.evalConfigJs(ScenarioRuntime.java:296)\n- com.intuit.karate.core.ScenarioRuntime.beforeRun(ScenarioRuntime.java:372)\n- com.intuit.karate.core.ScenarioRuntime.run(ScenarioRuntime.java:391)\n- com.intuit.karate.core.FeatureRuntime.processScenario(FeatureRuntime.java:199)\n- java.base\/java.util.stream.ReferencePipeline$2$1.accept(ReferencePipeline.java:179)\n\nsrc\/test\/java\/frame\/get.feature:4\n"},{"result":{"nanos":0,"errorMessage":">> src\/test\/java\/frame\/get.feature:16\n>> karate-config.js failed\n>> js failed:\n>>>>\n01: ()\n<<<<\norg.graalvm.polyglot.PolyglotException: SyntaxError: Unnamed:1:2 Expected => but found eof\r\n()\r\n  ^\n\n- org.graalvm.polyglot.Context.eval(Context.java:425)\n- com.intuit.karate.graal.JsEngine.evalForValue(JsEngine.java:139)\n- com.intuit.karate.graal.JsEngine.eval(JsEngine.java:135)\n- com.intuit.karate.core.ScenarioEngine.evalJs(ScenarioEngine.java:1196)\n- com.intuit.karate.core.ScenarioRuntime.evalConfigJs(ScenarioRuntime.java:296)\n- com.intuit.karate.core.ScenarioRuntime.beforeRun(ScenarioRuntime.java:372)\n- com.intuit.karate.core.ScenarioRuntime.run(ScenarioRuntime.java:391)\n\njs failed:\n>>>>\n<<<<\ncom.intuit.karate.KarateException: js failed:\n>>>>\n01: ()\n<<<<\norg.graalvm.polyglot.PolyglotException: SyntaxError: Unnamed:1:2 Expected => but found eof\r\n()\r\n  ^\n\n- org.graalvm.polyglot.Context.eval(Context.java:425)\n- com.intuit.karate.graal.JsEngine.evalForValue(JsEngine.java:139)\n- com.intuit.karate.graal.JsEngine.eval(JsEngine.java:135)\n- com.intuit.karate.core.ScenarioEngine.evalJs(ScenarioEngine.java:1196)\n- com.intuit.karate.core.ScenarioRuntime.evalConfigJs(ScenarioRuntime.java:296)\n- com.intuit.karate.core.ScenarioRuntime.beforeRun(ScenarioRuntime.java:372)\n- com.intuit.karate.core.ScenarioRuntime.run(ScenarioRuntime.java:391)\n\n- com.intuit.karate.graal.JsEngine.fromJsEvalException(JsEngine.java:224)\n- com.intuit.karate.core.ScenarioEngine.evalJs(ScenarioEngine.java:1198)\n- com.intuit.karate.core.ScenarioRuntime.evalConfigJs(ScenarioRuntime.java:296)\n- com.intuit.karate.core.ScenarioRuntime.beforeRun(ScenarioRuntime.java:372)\n- com.intuit.karate.core.ScenarioRuntime.run(ScenarioRuntime.java:391)\n- com.intuit.karate.core.FeatureRuntime.processScenario(FeatureRuntime.java:199)\n- java.base\/java.util.stream.ReferencePipeline$2$1.accept(ReferencePipeline.java:179)\n\nsrc\/test\/java\/frame\/get.feature:4\nsrc\/test\/java\/frame\/get.feature:17","millis":0.0,"status":"failed"},"step":{"line":17,"prefix":"Given","index":0,"text":"path 'users'"},"stepLog":"17:53:26.362 src\/test\/java\/frame\/get.feature:17\nGiven path 'users'\n>> src\/test\/java\/frame\/get.feature:16\n>> karate-config.js failed\n>> js failed:\n>>>>\n01: ()\n<<<<\norg.graalvm.polyglot.PolyglotException: SyntaxError: Unnamed:1:2 Expected => but found eof\r\n()\r\n  ^\n\n- org.graalvm.polyglot.Context.eval(Context.java:425)\n- com.intuit.karate.graal.JsEngine.evalForValue(JsEngine.java:139)\n- com.intuit.karate.graal.JsEngine.eval(JsEngine.java:135)\n- com.intuit.karate.core.ScenarioEngine.evalJs(ScenarioEngine.java:1196)\n- com.intuit.karate.core.ScenarioRuntime.evalConfigJs(ScenarioRuntime.java:296)\n- com.intuit.karate.core.ScenarioRuntime.beforeRun(ScenarioRuntime.java:372)\n- com.intuit.karate.core.ScenarioRuntime.run(ScenarioRuntime.java:391)\n\njs failed:\n>>>>\n<<<<\ncom.intuit.karate.KarateException: js failed:\n>>>>\n01: ()\n<<<<\norg.graalvm.polyglot.PolyglotException: SyntaxError: Unnamed:1:2 Expected => but found eof\r\n()\r\n  ^\n\n- org.graalvm.polyglot.Context.eval(Context.java:425)\n- com.intuit.karate.graal.JsEngine.evalForValue(JsEngine.java:139)\n- com.intuit.karate.graal.JsEngine.eval(JsEngine.java:135)\n- com.intuit.karate.core.ScenarioEngine.evalJs(ScenarioEngine.java:1196)\n- com.intuit.karate.core.ScenarioRuntime.evalConfigJs(ScenarioRuntime.java:296)\n- com.intuit.karate.core.ScenarioRuntime.beforeRun(ScenarioRuntime.java:372)\n- com.intuit.karate.core.ScenarioRuntime.run(ScenarioRuntime.java:391)\n\n- com.intuit.karate.graal.JsEngine.fromJsEvalException(JsEngine.java:224)\n- com.intuit.karate.core.ScenarioEngine.evalJs(ScenarioEngine.java:1198)\n- com.intuit.karate.core.ScenarioRuntime.evalConfigJs(ScenarioRuntime.java:296)\n- com.intuit.karate.core.ScenarioRuntime.beforeRun(ScenarioRuntime.java:372)\n- com.intuit.karate.core.ScenarioRuntime.run(ScenarioRuntime.java:391)\n- com.intuit.karate.core.FeatureRuntime.processScenario(FeatureRuntime.java:199)\n- java.base\/java.util.stream.ReferencePipeline$2$1.accept(ReferencePipeline.java:179)\n\nsrc\/test\/java\/frame\/get.feature:4\nsrc\/test\/java\/frame\/get.feature:17\n"},{"result":{"nanos":0,"errorMessage":">> src\/test\/java\/frame\/get.feature:16\n>> karate-config.js failed\n>> js failed:\n>>>>\n01: ()\n<<<<\norg.graalvm.polyglot.PolyglotException: SyntaxError: Unnamed:1:2 Expected => but found eof\r\n()\r\n  ^\n\n- org.graalvm.polyglot.Context.eval(Context.java:425)\n- com.intuit.karate.graal.JsEngine.evalForValue(JsEngine.java:139)\n- com.intuit.karate.graal.JsEngine.eval(JsEngine.java:135)\n- com.intuit.karate.core.ScenarioEngine.evalJs(ScenarioEngine.java:1196)\n- com.intuit.karate.core.ScenarioRuntime.evalConfigJs(ScenarioRuntime.java:296)\n- com.intuit.karate.core.ScenarioRuntime.beforeRun(ScenarioRuntime.java:372)\n- com.intuit.karate.core.ScenarioRuntime.run(ScenarioRuntime.java:391)\n\njs failed:\n>>>>\n<<<<\ncom.intuit.karate.KarateException: js failed:\n>>>>\n01: ()\n<<<<\norg.graalvm.polyglot.PolyglotException: SyntaxError: Unnamed:1:2 Expected => but found eof\r\n()\r\n  ^\n\n- org.graalvm.polyglot.Context.eval(Context.java:425)\n- com.intuit.karate.graal.JsEngine.evalForValue(JsEngine.java:139)\n- com.intuit.karate.graal.JsEngine.eval(JsEngine.java:135)\n- com.intuit.karate.core.ScenarioEngine.evalJs(ScenarioEngine.java:1196)\n- com.intuit.karate.core.ScenarioRuntime.evalConfigJs(ScenarioRuntime.java:296)\n- com.intuit.karate.core.ScenarioRuntime.beforeRun(ScenarioRuntime.java:372)\n- com.intuit.karate.core.ScenarioRuntime.run(ScenarioRuntime.java:391)\n\n- com.intuit.karate.graal.JsEngine.fromJsEvalException(JsEngine.java:224)\n- com.intuit.karate.core.ScenarioEngine.evalJs(ScenarioEngine.java:1198)\n- com.intuit.karate.core.ScenarioRuntime.evalConfigJs(ScenarioRuntime.java:296)\n- com.intuit.karate.core.ScenarioRuntime.beforeRun(ScenarioRuntime.java:372)\n- com.intuit.karate.core.ScenarioRuntime.run(ScenarioRuntime.java:391)\n- com.intuit.karate.core.FeatureRuntime.processScenario(FeatureRuntime.java:199)\n- java.base\/java.util.stream.ReferencePipeline$2$1.accept(ReferencePipeline.java:179)\n\nsrc\/test\/java\/frame\/get.feature:4\nsrc\/test\/java\/frame\/get.feature:17\nsrc\/test\/java\/frame\/get.feature:19","millis":0.0,"status":"failed"},"step":{"comments":["#Given param  id = 2"],"line":19,"prefix":"When","index":1,"text":"method GET"},"stepLog":"17:53:26.362 src\/test\/java\/frame\/get.feature:19\nWhen method GET\n>> src\/test\/java\/frame\/get.feature:16\n>> karate-config.js failed\n>> js failed:\n>>>>\n01: ()\n<<<<\norg.graalvm.polyglot.PolyglotException: SyntaxError: Unnamed:1:2 Expected => but found eof\r\n()\r\n  ^\n\n- org.graalvm.polyglot.Context.eval(Context.java:425)\n- com.intuit.karate.graal.JsEngine.evalForValue(JsEngine.java:139)\n- com.intuit.karate.graal.JsEngine.eval(JsEngine.java:135)\n- com.intuit.karate.core.ScenarioEngine.evalJs(ScenarioEngine.java:1196)\n- com.intuit.karate.core.ScenarioRuntime.evalConfigJs(ScenarioRuntime.java:296)\n- com.intuit.karate.core.ScenarioRuntime.beforeRun(ScenarioRuntime.java:372)\n- com.intuit.karate.core.ScenarioRuntime.run(ScenarioRuntime.java:391)\n\njs failed:\n>>>>\n<<<<\ncom.intuit.karate.KarateException: js failed:\n>>>>\n01: ()\n<<<<\norg.graalvm.polyglot.PolyglotException: SyntaxError: Unnamed:1:2 Expected => but found eof\r\n()\r\n  ^\n\n- org.graalvm.polyglot.Context.eval(Context.java:425)\n- com.intuit.karate.graal.JsEngine.evalForValue(JsEngine.java:139)\n- com.intuit.karate.graal.JsEngine.eval(JsEngine.java:135)\n- com.intuit.karate.core.ScenarioEngine.evalJs(ScenarioEngine.java:1196)\n- com.intuit.karate.core.ScenarioRuntime.evalConfigJs(ScenarioRuntime.java:296)\n- com.intuit.karate.core.ScenarioRuntime.beforeRun(ScenarioRuntime.java:372)\n- com.intuit.karate.core.ScenarioRuntime.run(ScenarioRuntime.java:391)\n\n- com.intuit.karate.graal.JsEngine.fromJsEvalException(JsEngine.java:224)\n- com.intuit.karate.core.ScenarioEngine.evalJs(ScenarioEngine.java:1198)\n- com.intuit.karate.core.ScenarioRuntime.evalConfigJs(ScenarioRuntime.java:296)\n- com.intuit.karate.core.ScenarioRuntime.beforeRun(ScenarioRuntime.java:372)\n- com.intuit.karate.core.ScenarioRuntime.run(ScenarioRuntime.java:391)\n- com.intuit.karate.core.FeatureRuntime.processScenario(FeatureRuntime.java:199)\n- java.base\/java.util.stream.ReferencePipeline$2$1.accept(ReferencePipeline.java:179)\n\nsrc\/test\/java\/frame\/get.feature:4\nsrc\/test\/java\/frame\/get.feature:17\nsrc\/test\/java\/frame\/get.feature:19\n"},{"result":{"nanos":0,"errorMessage":">> src\/test\/java\/frame\/get.feature:16\n>> karate-config.js failed\n>> js failed:\n>>>>\n01: ()\n<<<<\norg.graalvm.polyglot.PolyglotException: SyntaxError: Unnamed:1:2 Expected => but found eof\r\n()\r\n  ^\n\n- org.graalvm.polyglot.Context.eval(Context.java:425)\n- com.intuit.karate.graal.JsEngine.evalForValue(JsEngine.java:139)\n- com.intuit.karate.graal.JsEngine.eval(JsEngine.java:135)\n- com.intuit.karate.core.ScenarioEngine.evalJs(ScenarioEngine.java:1196)\n- com.intuit.karate.core.ScenarioRuntime.evalConfigJs(ScenarioRuntime.java:296)\n- com.intuit.karate.core.ScenarioRuntime.beforeRun(ScenarioRuntime.java:372)\n- com.intuit.karate.core.ScenarioRuntime.run(ScenarioRuntime.java:391)\n\njs failed:\n>>>>\n<<<<\ncom.intuit.karate.KarateException: js failed:\n>>>>\n01: ()\n<<<<\norg.graalvm.polyglot.PolyglotException: SyntaxError: Unnamed:1:2 Expected => but found eof\r\n()\r\n  ^\n\n- org.graalvm.polyglot.Context.eval(Context.java:425)\n- com.intuit.karate.graal.JsEngine.evalForValue(JsEngine.java:139)\n- com.intuit.karate.graal.JsEngine.eval(JsEngine.java:135)\n- com.intuit.karate.core.ScenarioEngine.evalJs(ScenarioEngine.java:1196)\n- com.intuit.karate.core.ScenarioRuntime.evalConfigJs(ScenarioRuntime.java:296)\n- com.intuit.karate.core.ScenarioRuntime.beforeRun(ScenarioRuntime.java:372)\n- com.intuit.karate.core.ScenarioRuntime.run(ScenarioRuntime.java:391)\n\n- com.intuit.karate.graal.JsEngine.fromJsEvalException(JsEngine.java:224)\n- com.intuit.karate.core.ScenarioEngine.evalJs(ScenarioEngine.java:1198)\n- com.intuit.karate.core.ScenarioRuntime.evalConfigJs(ScenarioRuntime.java:296)\n- com.intuit.karate.core.ScenarioRuntime.beforeRun(ScenarioRuntime.java:372)\n- com.intuit.karate.core.ScenarioRuntime.run(ScenarioRuntime.java:391)\n- com.intuit.karate.core.FeatureRuntime.processScenario(FeatureRuntime.java:199)\n- java.base\/java.util.stream.ReferencePipeline$2$1.accept(ReferencePipeline.java:179)\n\nsrc\/test\/java\/frame\/get.feature:4\nsrc\/test\/java\/frame\/get.feature:17\nsrc\/test\/java\/frame\/get.feature:19\nsrc\/test\/java\/frame\/get.feature:20","millis":0.0,"status":"failed"},"step":{"line":20,"prefix":"Then","index":2,"text":"status 200"},"stepLog":"17:53:26.362 src\/test\/java\/frame\/get.feature:20\nThen status 200\n>> src\/test\/java\/frame\/get.feature:16\n>> karate-config.js failed\n>> js failed:\n>>>>\n01: ()\n<<<<\norg.graalvm.polyglot.PolyglotException: SyntaxError: Unnamed:1:2 Expected => but found eof\r\n()\r\n  ^\n\n- org.graalvm.polyglot.Context.eval(Context.java:425)\n- com.intuit.karate.graal.JsEngine.evalForValue(JsEngine.java:139)\n- com.intuit.karate.graal.JsEngine.eval(JsEngine.java:135)\n- com.intuit.karate.core.ScenarioEngine.evalJs(ScenarioEngine.java:1196)\n- com.intuit.karate.core.ScenarioRuntime.evalConfigJs(ScenarioRuntime.java:296)\n- com.intuit.karate.core.ScenarioRuntime.beforeRun(ScenarioRuntime.java:372)\n- com.intuit.karate.core.ScenarioRuntime.run(ScenarioRuntime.java:391)\n\njs failed:\n>>>>\n<<<<\ncom.intuit.karate.KarateException: js failed:\n>>>>\n01: ()\n<<<<\norg.graalvm.polyglot.PolyglotException: SyntaxError: Unnamed:1:2 Expected => but found eof\r\n()\r\n  ^\n\n- org.graalvm.polyglot.Context.eval(Context.java:425)\n- com.intuit.karate.graal.JsEngine.evalForValue(JsEngine.java:139)\n- com.intuit.karate.graal.JsEngine.eval(JsEngine.java:135)\n- com.intuit.karate.core.ScenarioEngine.evalJs(ScenarioEngine.java:1196)\n- com.intuit.karate.core.ScenarioRuntime.evalConfigJs(ScenarioRuntime.java:296)\n- com.intuit.karate.core.ScenarioRuntime.beforeRun(ScenarioRuntime.java:372)\n- com.intuit.karate.core.ScenarioRuntime.run(ScenarioRuntime.java:391)\n\n- com.intuit.karate.graal.JsEngine.fromJsEvalException(JsEngine.java:224)\n- com.intuit.karate.core.ScenarioEngine.evalJs(ScenarioEngine.java:1198)\n- com.intuit.karate.core.ScenarioRuntime.evalConfigJs(ScenarioRuntime.java:296)\n- com.intuit.karate.core.ScenarioRuntime.beforeRun(ScenarioRuntime.java:372)\n- com.intuit.karate.core.ScenarioRuntime.run(ScenarioRuntime.java:391)\n- com.intuit.karate.core.FeatureRuntime.processScenario(FeatureRuntime.java:199)\n- java.base\/java.util.stream.ReferencePipeline$2$1.accept(ReferencePipeline.java:179)\n\nsrc\/test\/java\/frame\/get.feature:4\nsrc\/test\/java\/frame\/get.feature:17\nsrc\/test\/java\/frame\/get.feature:19\nsrc\/test\/java\/frame\/get.feature:20\n"},{"result":{"nanos":0,"errorMessage":">> src\/test\/java\/frame\/get.feature:16\n>> karate-config.js failed\n>> js failed:\n>>>>\n01: ()\n<<<<\norg.graalvm.polyglot.PolyglotException: SyntaxError: Unnamed:1:2 Expected => but found eof\r\n()\r\n  ^\n\n- org.graalvm.polyglot.Context.eval(Context.java:425)\n- com.intuit.karate.graal.JsEngine.evalForValue(JsEngine.java:139)\n- com.intuit.karate.graal.JsEngine.eval(JsEngine.java:135)\n- com.intuit.karate.core.ScenarioEngine.evalJs(ScenarioEngine.java:1196)\n- com.intuit.karate.core.ScenarioRuntime.evalConfigJs(ScenarioRuntime.java:296)\n- com.intuit.karate.core.ScenarioRuntime.beforeRun(ScenarioRuntime.java:372)\n- com.intuit.karate.core.ScenarioRuntime.run(ScenarioRuntime.java:391)\n\njs failed:\n>>>>\n<<<<\ncom.intuit.karate.KarateException: js failed:\n>>>>\n01: ()\n<<<<\norg.graalvm.polyglot.PolyglotException: SyntaxError: Unnamed:1:2 Expected => but found eof\r\n()\r\n  ^\n\n- org.graalvm.polyglot.Context.eval(Context.java:425)\n- com.intuit.karate.graal.JsEngine.evalForValue(JsEngine.java:139)\n- com.intuit.karate.graal.JsEngine.eval(JsEngine.java:135)\n- com.intuit.karate.core.ScenarioEngine.evalJs(ScenarioEngine.java:1196)\n- com.intuit.karate.core.ScenarioRuntime.evalConfigJs(ScenarioRuntime.java:296)\n- com.intuit.karate.core.ScenarioRuntime.beforeRun(ScenarioRuntime.java:372)\n- com.intuit.karate.core.ScenarioRuntime.run(ScenarioRuntime.java:391)\n\n- com.intuit.karate.graal.JsEngine.fromJsEvalException(JsEngine.java:224)\n- com.intuit.karate.core.ScenarioEngine.evalJs(ScenarioEngine.java:1198)\n- com.intuit.karate.core.ScenarioRuntime.evalConfigJs(ScenarioRuntime.java:296)\n- com.intuit.karate.core.ScenarioRuntime.beforeRun(ScenarioRuntime.java:372)\n- com.intuit.karate.core.ScenarioRuntime.run(ScenarioRuntime.java:391)\n- com.intuit.karate.core.FeatureRuntime.processScenario(FeatureRuntime.java:199)\n- java.base\/java.util.stream.ReferencePipeline$2$1.accept(ReferencePipeline.java:179)\n\nsrc\/test\/java\/frame\/get.feature:4\nsrc\/test\/java\/frame\/get.feature:17\nsrc\/test\/java\/frame\/get.feature:19\nsrc\/test\/java\/frame\/get.feature:20\nsrc\/test\/java\/frame\/get.feature:21","millis":0.0,"status":"failed"},"step":{"line":21,"prefix":"And","index":3,"text":"print  response"},"stepLog":"17:53:26.362 src\/test\/java\/frame\/get.feature:21\nAnd print  response\n>> src\/test\/java\/frame\/get.feature:16\n>> karate-config.js failed\n>> js failed:\n>>>>\n01: ()\n<<<<\norg.graalvm.polyglot.PolyglotException: SyntaxError: Unnamed:1:2 Expected => but found eof\r\n()\r\n  ^\n\n- org.graalvm.polyglot.Context.eval(Context.java:425)\n- com.intuit.karate.graal.JsEngine.evalForValue(JsEngine.java:139)\n- com.intuit.karate.graal.JsEngine.eval(JsEngine.java:135)\n- com.intuit.karate.core.ScenarioEngine.evalJs(ScenarioEngine.java:1196)\n- com.intuit.karate.core.ScenarioRuntime.evalConfigJs(ScenarioRuntime.java:296)\n- com.intuit.karate.core.ScenarioRuntime.beforeRun(ScenarioRuntime.java:372)\n- com.intuit.karate.core.ScenarioRuntime.run(ScenarioRuntime.java:391)\n\njs failed:\n>>>>\n<<<<\ncom.intuit.karate.KarateException: js failed:\n>>>>\n01: ()\n<<<<\norg.graalvm.polyglot.PolyglotException: SyntaxError: Unnamed:1:2 Expected => but found eof\r\n()\r\n  ^\n\n- org.graalvm.polyglot.Context.eval(Context.java:425)\n- com.intuit.karate.graal.JsEngine.evalForValue(JsEngine.java:139)\n- com.intuit.karate.graal.JsEngine.eval(JsEngine.java:135)\n- com.intuit.karate.core.ScenarioEngine.evalJs(ScenarioEngine.java:1196)\n- com.intuit.karate.core.ScenarioRuntime.evalConfigJs(ScenarioRuntime.java:296)\n- com.intuit.karate.core.ScenarioRuntime.beforeRun(ScenarioRuntime.java:372)\n- com.intuit.karate.core.ScenarioRuntime.run(ScenarioRuntime.java:391)\n\n- com.intuit.karate.graal.JsEngine.fromJsEvalException(JsEngine.java:224)\n- com.intuit.karate.core.ScenarioEngine.evalJs(ScenarioEngine.java:1198)\n- com.intuit.karate.core.ScenarioRuntime.evalConfigJs(ScenarioRuntime.java:296)\n- com.intuit.karate.core.ScenarioRuntime.beforeRun(ScenarioRuntime.java:372)\n- com.intuit.karate.core.ScenarioRuntime.run(ScenarioRuntime.java:391)\n- com.intuit.karate.core.FeatureRuntime.processScenario(FeatureRuntime.java:199)\n- java.base\/java.util.stream.ReferencePipeline$2$1.accept(ReferencePipeline.java:179)\n\nsrc\/test\/java\/frame\/get.feature:4\nsrc\/test\/java\/frame\/get.feature:17\nsrc\/test\/java\/frame\/get.feature:19\nsrc\/test\/java\/frame\/get.feature:20\nsrc\/test\/java\/frame\/get.feature:21\n"},{"result":{"nanos":0,"errorMessage":">> src\/test\/java\/frame\/get.feature:16\n>> karate-config.js failed\n>> js failed:\n>>>>\n01: ()\n<<<<\norg.graalvm.polyglot.PolyglotException: SyntaxError: Unnamed:1:2 Expected => but found eof\r\n()\r\n  ^\n\n- org.graalvm.polyglot.Context.eval(Context.java:425)\n- com.intuit.karate.graal.JsEngine.evalForValue(JsEngine.java:139)\n- com.intuit.karate.graal.JsEngine.eval(JsEngine.java:135)\n- com.intuit.karate.core.ScenarioEngine.evalJs(ScenarioEngine.java:1196)\n- com.intuit.karate.core.ScenarioRuntime.evalConfigJs(ScenarioRuntime.java:296)\n- com.intuit.karate.core.ScenarioRuntime.beforeRun(ScenarioRuntime.java:372)\n- com.intuit.karate.core.ScenarioRuntime.run(ScenarioRuntime.java:391)\n\njs failed:\n>>>>\n<<<<\ncom.intuit.karate.KarateException: js failed:\n>>>>\n01: ()\n<<<<\norg.graalvm.polyglot.PolyglotException: SyntaxError: Unnamed:1:2 Expected => but found eof\r\n()\r\n  ^\n\n- org.graalvm.polyglot.Context.eval(Context.java:425)\n- com.intuit.karate.graal.JsEngine.evalForValue(JsEngine.java:139)\n- com.intuit.karate.graal.JsEngine.eval(JsEngine.java:135)\n- com.intuit.karate.core.ScenarioEngine.evalJs(ScenarioEngine.java:1196)\n- com.intuit.karate.core.ScenarioRuntime.evalConfigJs(ScenarioRuntime.java:296)\n- com.intuit.karate.core.ScenarioRuntime.beforeRun(ScenarioRuntime.java:372)\n- com.intuit.karate.core.ScenarioRuntime.run(ScenarioRuntime.java:391)\n\n- com.intuit.karate.graal.JsEngine.fromJsEvalException(JsEngine.java:224)\n- com.intuit.karate.core.ScenarioEngine.evalJs(ScenarioEngine.java:1198)\n- com.intuit.karate.core.ScenarioRuntime.evalConfigJs(ScenarioRuntime.java:296)\n- com.intuit.karate.core.ScenarioRuntime.beforeRun(ScenarioRuntime.java:372)\n- com.intuit.karate.core.ScenarioRuntime.run(ScenarioRuntime.java:391)\n- com.intuit.karate.core.FeatureRuntime.processScenario(FeatureRuntime.java:199)\n- java.base\/java.util.stream.ReferencePipeline$2$1.accept(ReferencePipeline.java:179)\n\nsrc\/test\/java\/frame\/get.feature:4\nsrc\/test\/java\/frame\/get.feature:17\nsrc\/test\/java\/frame\/get.feature:19\nsrc\/test\/java\/frame\/get.feature:20\nsrc\/test\/java\/frame\/get.feature:21\nsrc\/test\/java\/frame\/get.feature:22","millis":0.0,"status":"failed"},"step":{"line":22,"prefix":"And","index":4,"text":"match response.data[5].first_name ==\"Tracey\""},"stepLog":"17:53:26.362 src\/test\/java\/frame\/get.feature:22\nAnd match response.data[5].first_name ==\"Tracey\"\n>> src\/test\/java\/frame\/get.feature:16\n>> karate-config.js failed\n>> js failed:\n>>>>\n01: ()\n<<<<\norg.graalvm.polyglot.PolyglotException: SyntaxError: Unnamed:1:2 Expected => but found eof\r\n()\r\n  ^\n\n- org.graalvm.polyglot.Context.eval(Context.java:425)\n- com.intuit.karate.graal.JsEngine.evalForValue(JsEngine.java:139)\n- com.intuit.karate.graal.JsEngine.eval(JsEngine.java:135)\n- com.intuit.karate.core.ScenarioEngine.evalJs(ScenarioEngine.java:1196)\n- com.intuit.karate.core.ScenarioRuntime.evalConfigJs(ScenarioRuntime.java:296)\n- com.intuit.karate.core.ScenarioRuntime.beforeRun(ScenarioRuntime.java:372)\n- com.intuit.karate.core.ScenarioRuntime.run(ScenarioRuntime.java:391)\n\njs failed:\n>>>>\n<<<<\ncom.intuit.karate.KarateException: js failed:\n>>>>\n01: ()\n<<<<\norg.graalvm.polyglot.PolyglotException: SyntaxError: Unnamed:1:2 Expected => but found eof\r\n()\r\n  ^\n\n- org.graalvm.polyglot.Context.eval(Context.java:425)\n- com.intuit.karate.graal.JsEngine.evalForValue(JsEngine.java:139)\n- com.intuit.karate.graal.JsEngine.eval(JsEngine.java:135)\n- com.intuit.karate.core.ScenarioEngine.evalJs(ScenarioEngine.java:1196)\n- com.intuit.karate.core.ScenarioRuntime.evalConfigJs(ScenarioRuntime.java:296)\n- com.intuit.karate.core.ScenarioRuntime.beforeRun(ScenarioRuntime.java:372)\n- com.intuit.karate.core.ScenarioRuntime.run(ScenarioRuntime.java:391)\n\n- com.intuit.karate.graal.JsEngine.fromJsEvalException(JsEngine.java:224)\n- com.intuit.karate.core.ScenarioEngine.evalJs(ScenarioEngine.java:1198)\n- com.intuit.karate.core.ScenarioRuntime.evalConfigJs(ScenarioRuntime.java:296)\n- com.intuit.karate.core.ScenarioRuntime.beforeRun(ScenarioRuntime.java:372)\n- com.intuit.karate.core.ScenarioRuntime.run(ScenarioRuntime.java:391)\n- com.intuit.karate.core.FeatureRuntime.processScenario(FeatureRuntime.java:199)\n- java.base\/java.util.stream.ReferencePipeline$2$1.accept(ReferencePipeline.java:179)\n\nsrc\/test\/java\/frame\/get.feature:4\nsrc\/test\/java\/frame\/get.feature:17\nsrc\/test\/java\/frame\/get.feature:19\nsrc\/test\/java\/frame\/get.feature:20\nsrc\/test\/java\/frame\/get.feature:21\nsrc\/test\/java\/frame\/get.feature:22\n"}],"line":16,"description":"","durationMillis":0.0,"failed":true,"error":">> src\/test\/java\/frame\/get.feature:16\n>> karate-config.js failed\n>> js failed:\n>>>>\n01: ()\n<<<<\norg.graalvm.polyglot.PolyglotException: SyntaxError: Unnamed:1:2 Expected => but found eof\r\n()\r\n  ^\n\n- org.graalvm.polyglot.Context.eval(Context.java:425)\n- com.intuit.karate.graal.JsEngine.evalForValue(JsEngine.java:139)\n- com.intuit.karate.graal.JsEngine.eval(JsEngine.java:135)\n- com.intuit.karate.core.ScenarioEngine.evalJs(ScenarioEngine.java:1196)\n- com.intuit.karate.core.ScenarioRuntime.evalConfigJs(ScenarioRuntime.java:296)\n- com.intuit.karate.core.ScenarioRuntime.beforeRun(ScenarioRuntime.java:372)\n- com.intuit.karate.core.ScenarioRuntime.run(ScenarioRuntime.java:391)\n\njs failed:\n>>>>\n<<<<\ncom.intuit.karate.KarateException: js failed:\n>>>>\n01: ()\n<<<<\norg.graalvm.polyglot.PolyglotException: SyntaxError: Unnamed:1:2 Expected => but found eof\r\n()\r\n  ^\n\n- org.graalvm.polyglot.Context.eval(Context.java:425)\n- com.intuit.karate.graal.JsEngine.evalForValue(JsEngine.java:139)\n- com.intuit.karate.graal.JsEngine.eval(JsEngine.java:135)\n- com.intuit.karate.core.ScenarioEngine.evalJs(ScenarioEngine.java:1196)\n- com.intuit.karate.core.ScenarioRuntime.evalConfigJs(ScenarioRuntime.java:296)\n- com.intuit.karate.core.ScenarioRuntime.beforeRun(ScenarioRuntime.java:372)\n- com.intuit.karate.core.ScenarioRuntime.run(ScenarioRuntime.java:391)\n\n- com.intuit.karate.graal.JsEngine.fromJsEvalException(JsEngine.java:224)\n- com.intuit.karate.core.ScenarioEngine.evalJs(ScenarioEngine.java:1198)\n- com.intuit.karate.core.ScenarioRuntime.evalConfigJs(ScenarioRuntime.java:296)\n- com.intuit.karate.core.ScenarioRuntime.beforeRun(ScenarioRuntime.java:372)\n- com.intuit.karate.core.ScenarioRuntime.run(ScenarioRuntime.java:391)\n- com.intuit.karate.core.FeatureRuntime.processScenario(FeatureRuntime.java:199)\n- java.base\/java.util.stream.ReferencePipeline$2$1.accept(ReferencePipeline.java:179)\n\nsrc\/test\/java\/frame\/get.feature:4\nsrc\/test\/java\/frame\/get.feature:17\nsrc\/test\/java\/frame\/get.feature:19\nsrc\/test\/java\/frame\/get.feature:20\nsrc\/test\/java\/frame\/get.feature:21\nsrc\/test\/java\/frame\/get.feature:22","tags":["second"],"executorName":"main","name":"Test a sample get data","startTime":1707567806360,"refId":"[2:16]","endTime":1707567806362,"exampleIndex":-1}],"callDepth":0,"name":"To test Get Request","description":"","resultDate":"2024-02-10 05:53:26 pm","durationMillis":0.0,"passedCount":0}